[1.808s] Invoking command in '/home/meta/ros2_ws/src/python_parameters': DEBUGINFOD_URLS=https://debuginfod.ubuntu.com PYTHONPATH=/home/meta/ros2_ws/build/python_parameters/prefix_override:/usr/lib/python3/dist-packages/colcon_core/task/python/colcon_distutils_commands:/home/meta/ros2_ws/install/python_parameters/lib/python3.12/site-packages:${PYTHONPATH} /usr/bin/python3 -W ignore:setup.py install is deprecated setup.py egg_info --egg-base ../../build/python_parameters build --build-base /home/meta/ros2_ws/build/python_parameters/build install --record /home/meta/ros2_ws/build/python_parameters/install.log --single-version-externally-managed install_data
[2.396s] running egg_info
[2.444s] writing ../../build/python_parameters/python_parameters.egg-info/PKG-INFO
[2.445s] writing dependency_links to ../../build/python_parameters/python_parameters.egg-info/dependency_links.txt
[2.445s] writing entry points to ../../build/python_parameters/python_parameters.egg-info/entry_points.txt
[2.445s] writing requirements to ../../build/python_parameters/python_parameters.egg-info/requires.txt
[2.446s] writing top-level names to ../../build/python_parameters/python_parameters.egg-info/top_level.txt
[2.539s] reading manifest file '../../build/python_parameters/python_parameters.egg-info/SOURCES.txt'
[2.540s] adding license file 'LICENSE'
[2.541s] writing manifest file '../../build/python_parameters/python_parameters.egg-info/SOURCES.txt'
[2.541s] running build
[2.542s] running build_py
[2.542s] running install
[2.554s] running install_lib
[2.603s] running install_data
[2.603s] running install_egg_info
[2.653s] removing '/home/meta/ros2_ws/install/python_parameters/lib/python3.12/site-packages/python_parameters-0.0.0-py3.12.egg-info' (and everything under it)
[2.653s] Copying ../../build/python_parameters/python_parameters.egg-info to /home/meta/ros2_ws/install/python_parameters/lib/python3.12/site-packages/python_parameters-0.0.0-py3.12.egg-info
[2.656s] running install_scripts
[2.950s] Installing param_node script to /home/meta/ros2_ws/install/python_parameters/lib/python_parameters
[2.951s] writing list of installed files to '/home/meta/ros2_ws/build/python_parameters/install.log'
[3.011s] Invoked command in '/home/meta/ros2_ws/src/python_parameters' returned '0': DEBUGINFOD_URLS=https://debuginfod.ubuntu.com PYTHONPATH=/home/meta/ros2_ws/build/python_parameters/prefix_override:/usr/lib/python3/dist-packages/colcon_core/task/python/colcon_distutils_commands:/home/meta/ros2_ws/install/python_parameters/lib/python3.12/site-packages:${PYTHONPATH} /usr/bin/python3 -W ignore:setup.py install is deprecated setup.py egg_info --egg-base ../../build/python_parameters build --build-base /home/meta/ros2_ws/build/python_parameters/build install --record /home/meta/ros2_ws/build/python_parameters/install.log --single-version-externally-managed install_data
