[0.891s] DEBUG:colcon:Command line arguments: ['/usr/bin/colcon', 'build', '--packages-select', 'python_parameter_event_handler']
[0.891s] DEBUG:colcon:Parsed command line arguments: Namespace(log_base=None, log_level=None, verb_name='build', build_base='build', install_base='install', merge_install=False, symlink_install=False, test_result_base=None, continue_on_error=False, executor='parallel', parallel_workers=4, event_handlers=None, ignore_user_meta=False, metas=['./colcon.meta'], base_paths=['.'], packages_ignore=None, packages_ignore_regex=None, paths=None, packages_up_to=None, packages_up_to_regex=None, packages_above=None, packages_above_and_dependencies=None, packages_above_depth=None, packages_select_by_dep=None, packages_skip_by_dep=None, packages_skip_up_to=None, packages_select_build_failed=False, packages_skip_build_finished=False, packages_select_test_failures=False, packages_skip_test_passed=False, packages_select=['python_parameter_event_handler'], packages_skip=None, packages_select_regex=None, packages_skip_regex=None, packages_start=None, packages_end=None, allow_overriding=[], cmake_args=None, cmake_target=None, cmake_target_skip_unavailable=False, cmake_clean_cache=False, cmake_clean_first=False, cmake_force_configure=False, ament_cmake_args=None, catkin_cmake_args=None, catkin_skip_building_tests=False, mixin_files=None, mixin=None, verb_parser=<colcon_mixin.mixin.mixin_argument.MixinArgumentDecorator object at 0x73243bca08c0>, verb_extension=<colcon_core.verb.build.BuildVerb object at 0x73243bca0530>, main=<bound method BuildVerb.main of <colcon_core.verb.build.BuildVerb object at 0x73243bca0530>>, mixin_verb=('build',))
[1.341s] Level 1:colcon.colcon_core.package_discovery:discover_packages(colcon_meta) check parameters
[1.342s] Level 1:colcon.colcon_core.package_discovery:discover_packages(recursive) check parameters
[1.342s] Level 1:colcon.colcon_core.package_discovery:discover_packages(ignore) check parameters
[1.342s] Level 1:colcon.colcon_core.package_discovery:discover_packages(path) check parameters
[1.342s] Level 1:colcon.colcon_core.package_discovery:discover_packages(colcon_meta) discover
[1.343s] Level 1:colcon.colcon_core.package_discovery:discover_packages(recursive) discover
[1.343s] INFO:colcon.colcon_core.package_discovery:Crawling recursively for packages in '/home/meta/ros2_ws'
[1.343s] Level 1:colcon.colcon_core.package_identification:_identify(.) by extensions ['ignore', 'ignore_ament_install']
[1.344s] Level 1:colcon.colcon_core.package_identification:_identify(.) by extension 'ignore'
[1.344s] Level 1:colcon.colcon_core.package_identification:_identify(.) by extension 'ignore_ament_install'
[1.344s] Level 1:colcon.colcon_core.package_identification:_identify(.) by extensions ['colcon_pkg']
[1.345s] Level 1:colcon.colcon_core.package_identification:_identify(.) by extension 'colcon_pkg'
[1.345s] Level 1:colcon.colcon_core.package_identification:_identify(.) by extensions ['colcon_meta']
[1.345s] Level 1:colcon.colcon_core.package_identification:_identify(.) by extension 'colcon_meta'
[1.345s] Level 1:colcon.colcon_core.package_identification:_identify(.) by extensions ['ros']
[1.345s] Level 1:colcon.colcon_core.package_identification:_identify(.) by extension 'ros'
[1.561s] Level 1:colcon.colcon_core.package_identification:_identify(.) by extensions ['cmake', 'python']
[1.562s] Level 1:colcon.colcon_core.package_identification:_identify(.) by extension 'cmake'
[1.562s] Level 1:colcon.colcon_core.package_identification:_identify(.) by extension 'python'
[1.562s] Level 1:colcon.colcon_core.package_identification:_identify(.) by extensions ['python_setup_py']
[1.562s] Level 1:colcon.colcon_core.package_identification:_identify(.) by extension 'python_setup_py'
[1.563s] Level 1:colcon.colcon_core.package_identification:_identify(build) by extensions ['ignore', 'ignore_ament_install']
[1.563s] Level 1:colcon.colcon_core.package_identification:_identify(build) by extension 'ignore'
[1.563s] Level 1:colcon.colcon_core.package_identification:_identify(build) ignored
[1.564s] Level 1:colcon.colcon_core.package_identification:_identify(install) by extensions ['ignore', 'ignore_ament_install']
[1.564s] Level 1:colcon.colcon_core.package_identification:_identify(install) by extension 'ignore'
[1.564s] Level 1:colcon.colcon_core.package_identification:_identify(install) ignored
[1.565s] Level 1:colcon.colcon_core.package_identification:_identify(log) by extensions ['ignore', 'ignore_ament_install']
[1.565s] Level 1:colcon.colcon_core.package_identification:_identify(log) by extension 'ignore'
[1.565s] Level 1:colcon.colcon_core.package_identification:_identify(log) ignored
[1.566s] Level 1:colcon.colcon_core.package_identification:_identify(src) by extensions ['ignore', 'ignore_ament_install']
[1.566s] Level 1:colcon.colcon_core.package_identification:_identify(src) by extension 'ignore'
[1.566s] Level 1:colcon.colcon_core.package_identification:_identify(src) by extension 'ignore_ament_install'
[1.566s] Level 1:colcon.colcon_core.package_identification:_identify(src) by extensions ['colcon_pkg']
[1.566s] Level 1:colcon.colcon_core.package_identification:_identify(src) by extension 'colcon_pkg'
[1.567s] Level 1:colcon.colcon_core.package_identification:_identify(src) by extensions ['colcon_meta']
[1.567s] Level 1:colcon.colcon_core.package_identification:_identify(src) by extension 'colcon_meta'
[1.567s] Level 1:colcon.colcon_core.package_identification:_identify(src) by extensions ['ros']
[1.567s] Level 1:colcon.colcon_core.package_identification:_identify(src) by extension 'ros'
[1.567s] Level 1:colcon.colcon_core.package_identification:_identify(src) by extensions ['cmake', 'python']
[1.567s] Level 1:colcon.colcon_core.package_identification:_identify(src) by extension 'cmake'
[1.568s] Level 1:colcon.colcon_core.package_identification:_identify(src) by extension 'python'
[1.568s] Level 1:colcon.colcon_core.package_identification:_identify(src) by extensions ['python_setup_py']
[1.568s] Level 1:colcon.colcon_core.package_identification:_identify(src) by extension 'python_setup_py'
[1.568s] Level 1:colcon.colcon_core.package_identification:_identify(src/custom_action_interfaces) by extensions ['ignore', 'ignore_ament_install']
[1.569s] Level 1:colcon.colcon_core.package_identification:_identify(src/custom_action_interfaces) by extension 'ignore'
[1.569s] Level 1:colcon.colcon_core.package_identification:_identify(src/custom_action_interfaces) by extension 'ignore_ament_install'
[1.569s] Level 1:colcon.colcon_core.package_identification:_identify(src/custom_action_interfaces) by extensions ['colcon_pkg']
[1.569s] Level 1:colcon.colcon_core.package_identification:_identify(src/custom_action_interfaces) by extension 'colcon_pkg'
[1.569s] Level 1:colcon.colcon_core.package_identification:_identify(src/custom_action_interfaces) by extensions ['colcon_meta']
[1.569s] Level 1:colcon.colcon_core.package_identification:_identify(src/custom_action_interfaces) by extension 'colcon_meta'
[1.570s] Level 1:colcon.colcon_core.package_identification:_identify(src/custom_action_interfaces) by extensions ['ros']
[1.570s] Level 1:colcon.colcon_core.package_identification:_identify(src/custom_action_interfaces) by extension 'ros'
[1.612s] DEBUG:colcon.colcon_core.package_identification:Package 'src/custom_action_interfaces' with type 'ros.ament_cmake' and name 'custom_action_interfaces'
[1.612s] Level 1:colcon.colcon_core.package_identification:_identify(src/more_interfaces) by extensions ['ignore', 'ignore_ament_install']
[1.613s] Level 1:colcon.colcon_core.package_identification:_identify(src/more_interfaces) by extension 'ignore'
[1.613s] Level 1:colcon.colcon_core.package_identification:_identify(src/more_interfaces) by extension 'ignore_ament_install'
[1.613s] Level 1:colcon.colcon_core.package_identification:_identify(src/more_interfaces) by extensions ['colcon_pkg']
[1.613s] Level 1:colcon.colcon_core.package_identification:_identify(src/more_interfaces) by extension 'colcon_pkg'
[1.614s] Level 1:colcon.colcon_core.package_identification:_identify(src/more_interfaces) by extensions ['colcon_meta']
[1.614s] Level 1:colcon.colcon_core.package_identification:_identify(src/more_interfaces) by extension 'colcon_meta'
[1.614s] Level 1:colcon.colcon_core.package_identification:_identify(src/more_interfaces) by extensions ['ros']
[1.614s] Level 1:colcon.colcon_core.package_identification:_identify(src/more_interfaces) by extension 'ros'
[1.631s] DEBUG:colcon.colcon_core.package_identification:Package 'src/more_interfaces' with type 'ros.ament_cmake' and name 'more_interfaces'
[1.632s] Level 1:colcon.colcon_core.package_identification:_identify(src/my_package) by extensions ['ignore', 'ignore_ament_install']
[1.632s] Level 1:colcon.colcon_core.package_identification:_identify(src/my_package) by extension 'ignore'
[1.632s] Level 1:colcon.colcon_core.package_identification:_identify(src/my_package) by extension 'ignore_ament_install'
[1.633s] Level 1:colcon.colcon_core.package_identification:_identify(src/my_package) by extensions ['colcon_pkg']
[1.633s] Level 1:colcon.colcon_core.package_identification:_identify(src/my_package) by extension 'colcon_pkg'
[1.633s] Level 1:colcon.colcon_core.package_identification:_identify(src/my_package) by extensions ['colcon_meta']
[1.633s] Level 1:colcon.colcon_core.package_identification:_identify(src/my_package) by extension 'colcon_meta'
[1.633s] Level 1:colcon.colcon_core.package_identification:_identify(src/my_package) by extensions ['ros']
[1.634s] Level 1:colcon.colcon_core.package_identification:_identify(src/my_package) by extension 'ros'
[1.660s] DEBUG:colcon.colcon_core.package_identification:Package 'src/my_package' with type 'ros.ament_python' and name 'my_package'
[1.661s] Level 1:colcon.colcon_core.package_identification:_identify(src/py_publisher_subscriber) by extensions ['ignore', 'ignore_ament_install']
[1.661s] Level 1:colcon.colcon_core.package_identification:_identify(src/py_publisher_subscriber) by extension 'ignore'
[1.662s] Level 1:colcon.colcon_core.package_identification:_identify(src/py_publisher_subscriber) by extension 'ignore_ament_install'
[1.662s] Level 1:colcon.colcon_core.package_identification:_identify(src/py_publisher_subscriber) by extensions ['colcon_pkg']
[1.662s] Level 1:colcon.colcon_core.package_identification:_identify(src/py_publisher_subscriber) by extension 'colcon_pkg'
[1.662s] Level 1:colcon.colcon_core.package_identification:_identify(src/py_publisher_subscriber) by extensions ['colcon_meta']
[1.663s] Level 1:colcon.colcon_core.package_identification:_identify(src/py_publisher_subscriber) by extension 'colcon_meta'
[1.663s] Level 1:colcon.colcon_core.package_identification:_identify(src/py_publisher_subscriber) by extensions ['ros']
[1.663s] Level 1:colcon.colcon_core.package_identification:_identify(src/py_publisher_subscriber) by extension 'ros'
[1.694s] DEBUG:colcon.colcon_core.package_identification:Package 'src/py_publisher_subscriber' with type 'ros.ament_python' and name 'py_publisher_subscriber'
[1.695s] Level 1:colcon.colcon_core.package_identification:_identify(src/py_pubsub) by extensions ['ignore', 'ignore_ament_install']
[1.695s] Level 1:colcon.colcon_core.package_identification:_identify(src/py_pubsub) by extension 'ignore'
[1.695s] Level 1:colcon.colcon_core.package_identification:_identify(src/py_pubsub) by extension 'ignore_ament_install'
[1.696s] Level 1:colcon.colcon_core.package_identification:_identify(src/py_pubsub) by extensions ['colcon_pkg']
[1.696s] Level 1:colcon.colcon_core.package_identification:_identify(src/py_pubsub) by extension 'colcon_pkg'
[1.696s] Level 1:colcon.colcon_core.package_identification:_identify(src/py_pubsub) by extensions ['colcon_meta']
[1.696s] Level 1:colcon.colcon_core.package_identification:_identify(src/py_pubsub) by extension 'colcon_meta'
[1.696s] Level 1:colcon.colcon_core.package_identification:_identify(src/py_pubsub) by extensions ['ros']
[1.697s] Level 1:colcon.colcon_core.package_identification:_identify(src/py_pubsub) by extension 'ros'
[1.732s] DEBUG:colcon.colcon_core.package_identification:Package 'src/py_pubsub' with type 'ros.ament_python' and name 'py_pubsub'
[1.732s] Level 1:colcon.colcon_core.package_identification:_identify(src/py_srvcli) by extensions ['ignore', 'ignore_ament_install']
[1.733s] Level 1:colcon.colcon_core.package_identification:_identify(src/py_srvcli) by extension 'ignore'
[1.733s] Level 1:colcon.colcon_core.package_identification:_identify(src/py_srvcli) by extension 'ignore_ament_install'
[1.733s] Level 1:colcon.colcon_core.package_identification:_identify(src/py_srvcli) by extensions ['colcon_pkg']
[1.734s] Level 1:colcon.colcon_core.package_identification:_identify(src/py_srvcli) by extension 'colcon_pkg'
[1.734s] Level 1:colcon.colcon_core.package_identification:_identify(src/py_srvcli) by extensions ['colcon_meta']
[1.734s] Level 1:colcon.colcon_core.package_identification:_identify(src/py_srvcli) by extension 'colcon_meta'
[1.734s] Level 1:colcon.colcon_core.package_identification:_identify(src/py_srvcli) by extensions ['ros']
[1.734s] Level 1:colcon.colcon_core.package_identification:_identify(src/py_srvcli) by extension 'ros'
[1.752s] DEBUG:colcon.colcon_core.package_identification:Package 'src/py_srvcli' with type 'ros.ament_python' and name 'py_srvcli'
[1.752s] Level 1:colcon.colcon_core.package_identification:_identify(src/python_parameter_event_handler) by extensions ['ignore', 'ignore_ament_install']
[1.753s] Level 1:colcon.colcon_core.package_identification:_identify(src/python_parameter_event_handler) by extension 'ignore'
[1.753s] Level 1:colcon.colcon_core.package_identification:_identify(src/python_parameter_event_handler) by extension 'ignore_ament_install'
[1.753s] Level 1:colcon.colcon_core.package_identification:_identify(src/python_parameter_event_handler) by extensions ['colcon_pkg']
[1.753s] Level 1:colcon.colcon_core.package_identification:_identify(src/python_parameter_event_handler) by extension 'colcon_pkg'
[1.754s] Level 1:colcon.colcon_core.package_identification:_identify(src/python_parameter_event_handler) by extensions ['colcon_meta']
[1.754s] Level 1:colcon.colcon_core.package_identification:_identify(src/python_parameter_event_handler) by extension 'colcon_meta'
[1.754s] Level 1:colcon.colcon_core.package_identification:_identify(src/python_parameter_event_handler) by extensions ['ros']
[1.754s] Level 1:colcon.colcon_core.package_identification:_identify(src/python_parameter_event_handler) by extension 'ros'
[1.756s] DEBUG:colcon.colcon_core.package_identification:Package 'src/python_parameter_event_handler' with type 'ros.ament_python' and name 'python_parameter_event_handler'
[1.757s] Level 1:colcon.colcon_core.package_identification:_identify(src/python_parameters) by extensions ['ignore', 'ignore_ament_install']
[1.757s] Level 1:colcon.colcon_core.package_identification:_identify(src/python_parameters) by extension 'ignore'
[1.757s] Level 1:colcon.colcon_core.package_identification:_identify(src/python_parameters) by extension 'ignore_ament_install'
[1.758s] Level 1:colcon.colcon_core.package_identification:_identify(src/python_parameters) by extensions ['colcon_pkg']
[1.758s] Level 1:colcon.colcon_core.package_identification:_identify(src/python_parameters) by extension 'colcon_pkg'
[1.758s] Level 1:colcon.colcon_core.package_identification:_identify(src/python_parameters) by extensions ['colcon_meta']
[1.758s] Level 1:colcon.colcon_core.package_identification:_identify(src/python_parameters) by extension 'colcon_meta'
[1.759s] Level 1:colcon.colcon_core.package_identification:_identify(src/python_parameters) by extensions ['ros']
[1.759s] Level 1:colcon.colcon_core.package_identification:_identify(src/python_parameters) by extension 'ros'
[1.774s] DEBUG:colcon.colcon_core.package_identification:Package 'src/python_parameters' with type 'ros.ament_python' and name 'python_parameters'
[1.775s] Level 1:colcon.colcon_core.package_identification:_identify(src/ros_tutorials) by extensions ['ignore', 'ignore_ament_install']
[1.775s] Level 1:colcon.colcon_core.package_identification:_identify(src/ros_tutorials) by extension 'ignore'
[1.775s] Level 1:colcon.colcon_core.package_identification:_identify(src/ros_tutorials) by extension 'ignore_ament_install'
[1.776s] Level 1:colcon.colcon_core.package_identification:_identify(src/ros_tutorials) by extensions ['colcon_pkg']
[1.776s] Level 1:colcon.colcon_core.package_identification:_identify(src/ros_tutorials) by extension 'colcon_pkg'
[1.776s] Level 1:colcon.colcon_core.package_identification:_identify(src/ros_tutorials) by extensions ['colcon_meta']
[1.776s] Level 1:colcon.colcon_core.package_identification:_identify(src/ros_tutorials) by extension 'colcon_meta'
[1.777s] Level 1:colcon.colcon_core.package_identification:_identify(src/ros_tutorials) by extensions ['ros']
[1.777s] Level 1:colcon.colcon_core.package_identification:_identify(src/ros_tutorials) by extension 'ros'
[1.777s] Level 1:colcon.colcon_core.package_identification:_identify(src/ros_tutorials) by extensions ['cmake', 'python']
[1.777s] Level 1:colcon.colcon_core.package_identification:_identify(src/ros_tutorials) by extension 'cmake'
[1.778s] Level 1:colcon.colcon_core.package_identification:_identify(src/ros_tutorials) by extension 'python'
[1.778s] Level 1:colcon.colcon_core.package_identification:_identify(src/ros_tutorials) by extensions ['python_setup_py']
[1.778s] Level 1:colcon.colcon_core.package_identification:_identify(src/ros_tutorials) by extension 'python_setup_py'
[1.778s] Level 1:colcon.colcon_core.package_identification:_identify(src/ros_tutorials/turtlesim) by extensions ['ignore', 'ignore_ament_install']
[1.779s] Level 1:colcon.colcon_core.package_identification:_identify(src/ros_tutorials/turtlesim) by extension 'ignore'
[1.779s] Level 1:colcon.colcon_core.package_identification:_identify(src/ros_tutorials/turtlesim) by extension 'ignore_ament_install'
[1.779s] Level 1:colcon.colcon_core.package_identification:_identify(src/ros_tutorials/turtlesim) by extensions ['colcon_pkg']
[1.780s] Level 1:colcon.colcon_core.package_identification:_identify(src/ros_tutorials/turtlesim) by extension 'colcon_pkg'
[1.780s] Level 1:colcon.colcon_core.package_identification:_identify(src/ros_tutorials/turtlesim) by extensions ['colcon_meta']
[1.780s] Level 1:colcon.colcon_core.package_identification:_identify(src/ros_tutorials/turtlesim) by extension 'colcon_meta'
[1.780s] Level 1:colcon.colcon_core.package_identification:_identify(src/ros_tutorials/turtlesim) by extensions ['ros']
[1.780s] Level 1:colcon.colcon_core.package_identification:_identify(src/ros_tutorials/turtlesim) by extension 'ros'
[1.785s] DEBUG:colcon.colcon_core.package_identification:Package 'src/ros_tutorials/turtlesim' with type 'ros.ament_cmake' and name 'turtlesim'
[1.785s] Level 1:colcon.colcon_core.package_identification:_identify(src/tutorial_interfaces) by extensions ['ignore', 'ignore_ament_install']
[1.786s] Level 1:colcon.colcon_core.package_identification:_identify(src/tutorial_interfaces) by extension 'ignore'
[1.786s] Level 1:colcon.colcon_core.package_identification:_identify(src/tutorial_interfaces) by extension 'ignore_ament_install'
[1.787s] Level 1:colcon.colcon_core.package_identification:_identify(src/tutorial_interfaces) by extensions ['colcon_pkg']
[1.787s] Level 1:colcon.colcon_core.package_identification:_identify(src/tutorial_interfaces) by extension 'colcon_pkg'
[1.787s] Level 1:colcon.colcon_core.package_identification:_identify(src/tutorial_interfaces) by extensions ['colcon_meta']
[1.787s] Level 1:colcon.colcon_core.package_identification:_identify(src/tutorial_interfaces) by extension 'colcon_meta'
[1.787s] Level 1:colcon.colcon_core.package_identification:_identify(src/tutorial_interfaces) by extensions ['ros']
[1.787s] Level 1:colcon.colcon_core.package_identification:_identify(src/tutorial_interfaces) by extension 'ros'
[1.805s] DEBUG:colcon.colcon_core.package_identification:Package 'src/tutorial_interfaces' with type 'ros.ament_cmake' and name 'tutorial_interfaces'
[1.806s] Level 1:colcon.colcon_core.package_discovery:discover_packages(recursive) using defaults
[1.806s] Level 1:colcon.colcon_core.package_discovery:discover_packages(ignore) discover
[1.806s] Level 1:colcon.colcon_core.package_discovery:discover_packages(ignore) using defaults
[1.806s] Level 1:colcon.colcon_core.package_discovery:discover_packages(path) discover
[1.806s] Level 1:colcon.colcon_core.package_discovery:discover_packages(path) using defaults
[2.026s] INFO:colcon.colcon_core.package_selection:Skipping not selected package 'custom_action_interfaces' in 'src/custom_action_interfaces'
[2.026s] INFO:colcon.colcon_core.package_selection:Skipping not selected package 'more_interfaces' in 'src/more_interfaces'
[2.026s] INFO:colcon.colcon_core.package_selection:Skipping not selected package 'my_package' in 'src/my_package'
[2.026s] INFO:colcon.colcon_core.package_selection:Skipping not selected package 'python_parameters' in 'src/python_parameters'
[2.026s] INFO:colcon.colcon_core.package_selection:Skipping not selected package 'turtlesim' in 'src/ros_tutorials/turtlesim'
[2.026s] INFO:colcon.colcon_core.package_selection:Skipping not selected package 'tutorial_interfaces' in 'src/tutorial_interfaces'
[2.026s] INFO:colcon.colcon_core.package_selection:Skipping not selected package 'py_publisher_subscriber' in 'src/py_publisher_subscriber'
[2.026s] INFO:colcon.colcon_core.package_selection:Skipping not selected package 'py_pubsub' in 'src/py_pubsub'
[2.027s] INFO:colcon.colcon_core.package_selection:Skipping not selected package 'py_srvcli' in 'src/py_srvcli'
[2.028s] Level 1:colcon.colcon_core.package_discovery:discover_packages(prefix_path) check parameters
[2.029s] Level 1:colcon.colcon_core.package_discovery:discover_packages(prefix_path) discover
[2.050s] DEBUG:colcon.colcon_installed_package_information.package_discovery:Found 9 installed packages in /home/meta/ros2_ws/install
[2.057s] DEBUG:colcon.colcon_installed_package_information.package_discovery:Found 308 installed packages in /opt/ros/jazzy
[2.063s] Level 1:colcon.colcon_core.package_discovery:discover_packages(prefix_path) using defaults
[2.457s] Level 5:colcon.colcon_core.verb:set package 'python_parameter_event_handler' build argument 'cmake_args' from command line to 'None'
[2.457s] Level 5:colcon.colcon_core.verb:set package 'python_parameter_event_handler' build argument 'cmake_target' from command line to 'None'
[2.457s] Level 5:colcon.colcon_core.verb:set package 'python_parameter_event_handler' build argument 'cmake_target_skip_unavailable' from command line to 'False'
[2.458s] Level 5:colcon.colcon_core.verb:set package 'python_parameter_event_handler' build argument 'cmake_clean_cache' from command line to 'False'
[2.458s] Level 5:colcon.colcon_core.verb:set package 'python_parameter_event_handler' build argument 'cmake_clean_first' from command line to 'False'
[2.458s] Level 5:colcon.colcon_core.verb:set package 'python_parameter_event_handler' build argument 'cmake_force_configure' from command line to 'False'
[2.458s] Level 5:colcon.colcon_core.verb:set package 'python_parameter_event_handler' build argument 'ament_cmake_args' from command line to 'None'
[2.458s] Level 5:colcon.colcon_core.verb:set package 'python_parameter_event_handler' build argument 'catkin_cmake_args' from command line to 'None'
[2.458s] Level 5:colcon.colcon_core.verb:set package 'python_parameter_event_handler' build argument 'catkin_skip_building_tests' from command line to 'False'
[2.458s] DEBUG:colcon.colcon_core.verb:Building package 'python_parameter_event_handler' with the following arguments: {'ament_cmake_args': None, 'build_base': '/home/meta/ros2_ws/build/python_parameter_event_handler', 'catkin_cmake_args': None, 'catkin_skip_building_tests': False, 'cmake_args': None, 'cmake_clean_cache': False, 'cmake_clean_first': False, 'cmake_force_configure': False, 'cmake_target': None, 'cmake_target_skip_unavailable': False, 'install_base': '/home/meta/ros2_ws/install/python_parameter_event_handler', 'merge_install': False, 'path': '/home/meta/ros2_ws/src/python_parameter_event_handler', 'symlink_install': False, 'test_result_base': None}
[2.458s] INFO:colcon.colcon_core.executor:Executing jobs using 'parallel' executor
[2.459s] DEBUG:colcon.colcon_parallel_executor.executor.parallel:run_until_complete
[2.460s] INFO:colcon.colcon_ros.task.ament_python.build:Building ROS package in '/home/meta/ros2_ws/src/python_parameter_event_handler' with build type 'ament_python'
[2.460s] Level 1:colcon.colcon_core.shell:create_environment_hook('python_parameter_event_handler', 'ament_prefix_path')
[2.494s] INFO:colcon.colcon_core.plugin_system:Skipping extension 'colcon_core.shell.bat': Not used on non-Windows systems
[2.494s] INFO:colcon.colcon_core.shell:Creating environment hook '/home/meta/ros2_ws/install/python_parameter_event_handler/share/python_parameter_event_handler/hook/ament_prefix_path.ps1'
[2.502s] INFO:colcon.colcon_core.shell:Creating environment descriptor '/home/meta/ros2_ws/install/python_parameter_event_handler/share/python_parameter_event_handler/hook/ament_prefix_path.dsv'
[2.522s] INFO:colcon.colcon_core.shell:Creating environment hook '/home/meta/ros2_ws/install/python_parameter_event_handler/share/python_parameter_event_handler/hook/ament_prefix_path.sh'
[2.525s] INFO:colcon.colcon_core.shell:Skip shell extension 'powershell' for command environment: Not usable outside of PowerShell
[2.525s] DEBUG:colcon.colcon_core.shell:Skip shell extension 'dsv' for command environment
[3.085s] INFO:colcon.colcon_core.task.python.build:Building Python package in '/home/meta/ros2_ws/src/python_parameter_event_handler'
[3.086s] INFO:colcon.colcon_core.shell:Skip shell extension 'powershell' for command environment: Not usable outside of PowerShell
[3.086s] DEBUG:colcon.colcon_core.shell:Skip shell extension 'dsv' for command environment
[9.037s] DEBUG:colcon.colcon_core.event_handler.log_command:Invoking command in '/home/meta/ros2_ws/src/python_parameter_event_handler': DEBUGINFOD_URLS=https://debuginfod.ubuntu.com PYTHONPATH=/home/meta/ros2_ws/build/python_parameter_event_handler/prefix_override:/usr/lib/python3/dist-packages/colcon_core/task/python/colcon_distutils_commands:/home/meta/ros2_ws/install/python_parameter_event_handler/lib/python3.12/site-packages:${PYTHONPATH} /usr/bin/python3 -W ignore:setup.py install is deprecated setup.py egg_info --egg-base ../../build/python_parameter_event_handler build --build-base /home/meta/ros2_ws/build/python_parameter_event_handler/build install --record /home/meta/ros2_ws/build/python_parameter_event_handler/install.log --single-version-externally-managed install_data
[10.251s] DEBUG:colcon.colcon_core.event_handler.log_command:Invoked command in '/home/meta/ros2_ws/src/python_parameter_event_handler' returned '0': DEBUGINFOD_URLS=https://debuginfod.ubuntu.com PYTHONPATH=/home/meta/ros2_ws/build/python_parameter_event_handler/prefix_override:/usr/lib/python3/dist-packages/colcon_core/task/python/colcon_distutils_commands:/home/meta/ros2_ws/install/python_parameter_event_handler/lib/python3.12/site-packages:${PYTHONPATH} /usr/bin/python3 -W ignore:setup.py install is deprecated setup.py egg_info --egg-base ../../build/python_parameter_event_handler build --build-base /home/meta/ros2_ws/build/python_parameter_event_handler/build install --record /home/meta/ros2_ws/build/python_parameter_event_handler/install.log --single-version-externally-managed install_data
[10.317s] Level 1:colcon.colcon_core.environment:checking '/home/meta/ros2_ws/install/python_parameter_event_handler' for CMake module files
[10.318s] Level 1:colcon.colcon_core.environment:checking '/home/meta/ros2_ws/install/python_parameter_event_handler' for CMake config files
[10.319s] Level 1:colcon.colcon_core.environment:checking '/home/meta/ros2_ws/install/python_parameter_event_handler/lib'
[10.320s] Level 1:colcon.colcon_core.environment:checking '/home/meta/ros2_ws/install/python_parameter_event_handler/bin'
[10.320s] Level 1:colcon.colcon_core.environment:checking '/home/meta/ros2_ws/install/python_parameter_event_handler/lib/pkgconfig/python_parameter_event_handler.pc'
[10.320s] Level 1:colcon.colcon_core.environment:checking '/home/meta/ros2_ws/install/python_parameter_event_handler/lib/python3.12/site-packages'
[10.320s] Level 1:colcon.colcon_core.shell:create_environment_hook('python_parameter_event_handler', 'pythonpath')
[10.321s] INFO:colcon.colcon_core.shell:Creating environment hook '/home/meta/ros2_ws/install/python_parameter_event_handler/share/python_parameter_event_handler/hook/pythonpath.ps1'
[10.321s] INFO:colcon.colcon_core.shell:Creating environment descriptor '/home/meta/ros2_ws/install/python_parameter_event_handler/share/python_parameter_event_handler/hook/pythonpath.dsv'
[10.322s] INFO:colcon.colcon_core.shell:Creating environment hook '/home/meta/ros2_ws/install/python_parameter_event_handler/share/python_parameter_event_handler/hook/pythonpath.sh'
[10.323s] Level 1:colcon.colcon_core.environment:checking '/home/meta/ros2_ws/install/python_parameter_event_handler/bin'
[10.323s] Level 1:colcon.colcon_core.environment:create_environment_scripts_only(python_parameter_event_handler)
[10.324s] INFO:colcon.colcon_core.shell:Creating package script '/home/meta/ros2_ws/install/python_parameter_event_handler/share/python_parameter_event_handler/package.ps1'
[10.336s] INFO:colcon.colcon_core.shell:Creating package descriptor '/home/meta/ros2_ws/install/python_parameter_event_handler/share/python_parameter_event_handler/package.dsv'
[10.367s] INFO:colcon.colcon_core.shell:Creating package script '/home/meta/ros2_ws/install/python_parameter_event_handler/share/python_parameter_event_handler/package.sh'
[10.370s] INFO:colcon.colcon_core.shell:Creating package script '/home/meta/ros2_ws/install/python_parameter_event_handler/share/python_parameter_event_handler/package.bash'
[10.378s] INFO:colcon.colcon_core.shell:Creating package script '/home/meta/ros2_ws/install/python_parameter_event_handler/share/python_parameter_event_handler/package.zsh'
[10.398s] Level 1:colcon.colcon_core.environment:create_file_with_runtime_dependencies(/home/meta/ros2_ws/install/python_parameter_event_handler/share/colcon-core/packages/python_parameter_event_handler)
[10.400s] DEBUG:colcon.colcon_parallel_executor.executor.parallel:closing loop
[10.402s] DEBUG:colcon.colcon_parallel_executor.executor.parallel:loop closed
[10.402s] DEBUG:colcon.colcon_parallel_executor.executor.parallel:run_until_complete finished with '0'
[10.402s] DEBUG:colcon.colcon_core.event_reactor:joining thread
[10.518s] INFO:colcon.colcon_core.plugin_system:Skipping extension 'colcon_notification.desktop_notification.terminal_notifier': Not used on non-Darwin systems
[10.518s] INFO:colcon.colcon_core.plugin_system:Skipping extension 'colcon_notification.desktop_notification.win32': Not used on non-Windows systems
[10.519s] INFO:colcon.colcon_notification.desktop_notification:Sending desktop notification using 'notify2'
[11.220s] DEBUG:colcon.colcon_core.event_reactor:joined thread
[11.221s] INFO:colcon.colcon_core.shell:Creating prefix script '/home/meta/ros2_ws/install/local_setup.ps1'
[11.301s] INFO:colcon.colcon_core.shell:Creating prefix util module '/home/meta/ros2_ws/install/_local_setup_util_ps1.py'
[11.357s] INFO:colcon.colcon_core.shell:Creating prefix chain script '/home/meta/ros2_ws/install/setup.ps1'
[11.401s] INFO:colcon.colcon_core.shell:Creating prefix script '/home/meta/ros2_ws/install/local_setup.sh'
[11.467s] INFO:colcon.colcon_core.shell:Creating prefix util module '/home/meta/ros2_ws/install/_local_setup_util_sh.py'
[11.469s] INFO:colcon.colcon_core.shell:Creating prefix chain script '/home/meta/ros2_ws/install/setup.sh'
[11.486s] INFO:colcon.colcon_core.shell:Creating prefix script '/home/meta/ros2_ws/install/local_setup.bash'
[11.520s] INFO:colcon.colcon_core.shell:Creating prefix chain script '/home/meta/ros2_ws/install/setup.bash'
[11.587s] INFO:colcon.colcon_core.shell:Creating prefix script '/home/meta/ros2_ws/install/local_setup.zsh'
[11.619s] INFO:colcon.colcon_core.shell:Creating prefix chain script '/home/meta/ros2_ws/install/setup.zsh'
