[6.270s] Invoking command in '/home/meta/ros2_ws/src/learning_tf2_py': AMENT_PREFIX_PATH=/home/meta/ros2_ws/install/turtlesim:${AMENT_PREFIX_PATH} CMAKE_PREFIX_PATH=/home/meta/ros2_ws/install/turtlesim:${CMAKE_PREFIX_PATH} DEBUGINFOD_URLS=https://debuginfod.ubuntu.com LD_LIBRARY_PATH=/home/meta/ros2_ws/install/turtlesim/lib:${LD_LIBRARY_PATH} PYTHONPATH=/home/meta/ros2_ws/build/learning_tf2_py/prefix_override:/usr/lib/python3/dist-packages/colcon_core/task/python/colcon_distutils_commands:/home/meta/ros2_ws/install/learning_tf2_py/lib/python3.12/site-packages:/home/meta/ros2_ws/install/turtlesim/lib/python3.12/site-packages:${PYTHONPATH} /usr/bin/python3 -W ignore:setup.py install is deprecated setup.py egg_info --egg-base ../../build/learning_tf2_py build --build-base /home/meta/ros2_ws/build/learning_tf2_py/build install --record /home/meta/ros2_ws/build/learning_tf2_py/install.log --single-version-externally-managed install_data
[6.889s] running egg_info
[6.958s] writing ../../build/learning_tf2_py/learning_tf2_py.egg-info/PKG-INFO
[6.958s] writing dependency_links to ../../build/learning_tf2_py/learning_tf2_py.egg-info/dependency_links.txt
[6.959s] writing entry points to ../../build/learning_tf2_py/learning_tf2_py.egg-info/entry_points.txt
[6.959s] writing requirements to ../../build/learning_tf2_py/learning_tf2_py.egg-info/requires.txt
[6.960s] writing top-level names to ../../build/learning_tf2_py/learning_tf2_py.egg-info/top_level.txt
[7.050s] reading manifest file '../../build/learning_tf2_py/learning_tf2_py.egg-info/SOURCES.txt'
[7.061s] adding license file 'LICENSE'
[7.062s] writing manifest file '../../build/learning_tf2_py/learning_tf2_py.egg-info/SOURCES.txt'
[7.063s] running build
[7.063s] running build_py
[7.063s] copying learning_tf2_py/fixed_frame_tf2_broadcaster.py -> /home/meta/ros2_ws/build/learning_tf2_py/build/lib/learning_tf2_py
[7.064s] running install
[7.077s] running install_lib
[7.122s] copying /home/meta/ros2_ws/build/learning_tf2_py/build/lib/learning_tf2_py/fixed_frame_tf2_broadcaster.py -> /home/meta/ros2_ws/install/learning_tf2_py/lib/python3.12/site-packages/learning_tf2_py
[7.123s] byte-compiling /home/meta/ros2_ws/install/learning_tf2_py/lib/python3.12/site-packages/learning_tf2_py/fixed_frame_tf2_broadcaster.py to fixed_frame_tf2_broadcaster.cpython-312.pyc
[7.124s] running install_data
[7.125s] running install_egg_info
[7.172s] removing '/home/meta/ros2_ws/install/learning_tf2_py/lib/python3.12/site-packages/learning_tf2_py-0.0.0-py3.12.egg-info' (and everything under it)
[7.195s] Copying ../../build/learning_tf2_py/learning_tf2_py.egg-info to /home/meta/ros2_ws/install/learning_tf2_py/lib/python3.12/site-packages/learning_tf2_py-0.0.0-py3.12.egg-info
[7.206s] running install_scripts
[7.499s] Installing fixed_frame_tf2_broadcaster script to /home/meta/ros2_ws/install/learning_tf2_py/lib/learning_tf2_py
[7.500s] Installing static_turtle_tf2_broadcaster script to /home/meta/ros2_ws/install/learning_tf2_py/lib/learning_tf2_py
[7.500s] Installing turtle_tf2_broadcaster script to /home/meta/ros2_ws/install/learning_tf2_py/lib/learning_tf2_py
[7.501s] Installing turtle_tf2_listener script to /home/meta/ros2_ws/install/learning_tf2_py/lib/learning_tf2_py
[7.501s] writing list of installed files to '/home/meta/ros2_ws/build/learning_tf2_py/install.log'
[7.559s] Invoked command in '/home/meta/ros2_ws/src/learning_tf2_py' returned '0': AMENT_PREFIX_PATH=/home/meta/ros2_ws/install/turtlesim:${AMENT_PREFIX_PATH} CMAKE_PREFIX_PATH=/home/meta/ros2_ws/install/turtlesim:${CMAKE_PREFIX_PATH} DEBUGINFOD_URLS=https://debuginfod.ubuntu.com LD_LIBRARY_PATH=/home/meta/ros2_ws/install/turtlesim/lib:${LD_LIBRARY_PATH} PYTHONPATH=/home/meta/ros2_ws/build/learning_tf2_py/prefix_override:/usr/lib/python3/dist-packages/colcon_core/task/python/colcon_distutils_commands:/home/meta/ros2_ws/install/learning_tf2_py/lib/python3.12/site-packages:/home/meta/ros2_ws/install/turtlesim/lib/python3.12/site-packages:${PYTHONPATH} /usr/bin/python3 -W ignore:setup.py install is deprecated setup.py egg_info --egg-base ../../build/learning_tf2_py build --build-base /home/meta/ros2_ws/build/learning_tf2_py/build install --record /home/meta/ros2_ws/build/learning_tf2_py/install.log --single-version-externally-managed install_data
