[6.594s] Invoking command in '/home/meta/ros2_ws/src/py_srvcli': AMENT_PREFIX_PATH=/home/meta/ros2_ws/install/tutorial_interfaces:${AMENT_PREFIX_PATH} CMAKE_PREFIX_PATH=/home/meta/ros2_ws/install/tutorial_interfaces:${CMAKE_PREFIX_PATH} DEBUGINFOD_URLS=https://debuginfod.ubuntu.com LD_LIBRARY_PATH=/home/meta/ros2_ws/install/tutorial_interfaces/lib:${LD_LIBRARY_PATH} PYTHONPATH=/home/meta/ros2_ws/build/py_srvcli/prefix_override:/usr/lib/python3/dist-packages/colcon_core/task/python/colcon_distutils_commands:/home/meta/ros2_ws/install/py_srvcli/lib/python3.12/site-packages:/home/meta/ros2_ws/install/tutorial_interfaces/lib/python3.12/site-packages:${PYTHONPATH} /usr/bin/python3 -W ignore:setup.py install is deprecated setup.py egg_info --egg-base ../../build/py_srvcli build --build-base /home/meta/ros2_ws/build/py_srvcli/build install --record /home/meta/ros2_ws/build/py_srvcli/install.log --single-version-externally-managed install_data
[7.170s] running egg_info
[7.214s] writing ../../build/py_srvcli/py_srvcli.egg-info/PKG-INFO
[7.239s] writing dependency_links to ../../build/py_srvcli/py_srvcli.egg-info/dependency_links.txt
[7.239s] writing entry points to ../../build/py_srvcli/py_srvcli.egg-info/entry_points.txt
[7.240s] writing requirements to ../../build/py_srvcli/py_srvcli.egg-info/requires.txt
[7.240s] writing top-level names to ../../build/py_srvcli/py_srvcli.egg-info/top_level.txt
[7.330s] reading manifest file '../../build/py_srvcli/py_srvcli.egg-info/SOURCES.txt'
[7.350s] adding license file 'LICENSE'
[7.351s] writing manifest file '../../build/py_srvcli/py_srvcli.egg-info/SOURCES.txt'
[7.351s] running build
[7.351s] running build_py
[7.352s] copying py_srvcli/client_member_function.py -> /home/meta/ros2_ws/build/py_srvcli/build/lib/py_srvcli
[7.353s] copying py_srvcli/service_member_function.py -> /home/meta/ros2_ws/build/py_srvcli/build/lib/py_srvcli
[7.353s] running install
[7.366s] running install_lib
[7.410s] copying /home/meta/ros2_ws/build/py_srvcli/build/lib/py_srvcli/client_member_function.py -> /home/meta/ros2_ws/install/py_srvcli/lib/python3.12/site-packages/py_srvcli
[7.411s] copying /home/meta/ros2_ws/build/py_srvcli/build/lib/py_srvcli/service_member_function.py -> /home/meta/ros2_ws/install/py_srvcli/lib/python3.12/site-packages/py_srvcli
[7.412s] byte-compiling /home/meta/ros2_ws/install/py_srvcli/lib/python3.12/site-packages/py_srvcli/client_member_function.py to client_member_function.cpython-312.pyc
[7.414s] byte-compiling /home/meta/ros2_ws/install/py_srvcli/lib/python3.12/site-packages/py_srvcli/service_member_function.py to service_member_function.cpython-312.pyc
[7.415s] running install_data
[7.438s] copying package.xml -> /home/meta/ros2_ws/install/py_srvcli/share/py_srvcli
[7.438s] running install_egg_info
[7.485s] removing '/home/meta/ros2_ws/install/py_srvcli/lib/python3.12/site-packages/py_srvcli-0.0.0-py3.12.egg-info' (and everything under it)
[7.486s] Copying ../../build/py_srvcli/py_srvcli.egg-info to /home/meta/ros2_ws/install/py_srvcli/lib/python3.12/site-packages/py_srvcli-0.0.0-py3.12.egg-info
[7.513s] running install_scripts
[8.496s] Installing client script to /home/meta/ros2_ws/install/py_srvcli/lib/py_srvcli
[9.691s] Installing service script to /home/meta/ros2_ws/install/py_srvcli/lib/py_srvcli
[9.692s] writing list of installed files to '/home/meta/ros2_ws/build/py_srvcli/install.log'
[9.761s] Invoked command in '/home/meta/ros2_ws/src/py_srvcli' returned '0': AMENT_PREFIX_PATH=/home/meta/ros2_ws/install/tutorial_interfaces:${AMENT_PREFIX_PATH} CMAKE_PREFIX_PATH=/home/meta/ros2_ws/install/tutorial_interfaces:${CMAKE_PREFIX_PATH} DEBUGINFOD_URLS=https://debuginfod.ubuntu.com LD_LIBRARY_PATH=/home/meta/ros2_ws/install/tutorial_interfaces/lib:${LD_LIBRARY_PATH} PYTHONPATH=/home/meta/ros2_ws/build/py_srvcli/prefix_override:/usr/lib/python3/dist-packages/colcon_core/task/python/colcon_distutils_commands:/home/meta/ros2_ws/install/py_srvcli/lib/python3.12/site-packages:/home/meta/ros2_ws/install/tutorial_interfaces/lib/python3.12/site-packages:${PYTHONPATH} /usr/bin/python3 -W ignore:setup.py install is deprecated setup.py egg_info --egg-base ../../build/py_srvcli build --build-base /home/meta/ros2_ws/build/py_srvcli/build install --record /home/meta/ros2_ws/build/py_srvcli/install.log --single-version-externally-managed install_data
