[0.481s] DEBUG:colcon:Command line arguments: ['/usr/bin/colcon', 'build', '--packages-select', 'nodic_launcher']
[0.481s] DEBUG:colcon:Parsed command line arguments: Namespace(log_base=None, log_level=None, verb_name='build', build_base='build', install_base='install', merge_install=False, symlink_install=False, test_result_base=None, continue_on_error=False, executor='parallel', parallel_workers=4, event_handlers=None, ignore_user_meta=False, metas=['./colcon.meta'], base_paths=['.'], packages_ignore=None, packages_ignore_regex=None, paths=None, packages_up_to=None, packages_up_to_regex=None, packages_above=None, packages_above_and_dependencies=None, packages_above_depth=None, packages_select_by_dep=None, packages_skip_by_dep=None, packages_skip_up_to=None, packages_select_build_failed=False, packages_skip_build_finished=False, packages_select_test_failures=False, packages_skip_test_passed=False, packages_select=['nodic_launcher'], packages_skip=None, packages_select_regex=None, packages_skip_regex=None, packages_start=None, packages_end=None, allow_overriding=[], cmake_args=None, cmake_target=None, cmake_target_skip_unavailable=False, cmake_clean_cache=False, cmake_clean_first=False, cmake_force_configure=False, ament_cmake_args=None, catkin_cmake_args=None, catkin_skip_building_tests=False, mixin_files=None, mixin=None, verb_parser=<colcon_mixin.mixin.mixin_argument.MixinArgumentDecorator object at 0x797dae1b8fb0>, verb_extension=<colcon_core.verb.build.BuildVerb object at 0x797dae1b8b90>, main=<bound method BuildVerb.main of <colcon_core.verb.build.BuildVerb object at 0x797dae1b8b90>>, mixin_verb=('build',))
[0.576s] Level 1:colcon.colcon_core.package_discovery:discover_packages(colcon_meta) check parameters
[0.576s] Level 1:colcon.colcon_core.package_discovery:discover_packages(recursive) check parameters
[0.576s] Level 1:colcon.colcon_core.package_discovery:discover_packages(ignore) check parameters
[0.576s] Level 1:colcon.colcon_core.package_discovery:discover_packages(path) check parameters
[0.576s] Level 1:colcon.colcon_core.package_discovery:discover_packages(colcon_meta) discover
[0.577s] Level 1:colcon.colcon_core.package_discovery:discover_packages(recursive) discover
[0.577s] INFO:colcon.colcon_core.package_discovery:Crawling recursively for packages in '/home/meta/ros2_ws'
[0.577s] Level 1:colcon.colcon_core.package_identification:_identify(.) by extensions ['ignore', 'ignore_ament_install']
[0.577s] Level 1:colcon.colcon_core.package_identification:_identify(.) by extension 'ignore'
[0.577s] Level 1:colcon.colcon_core.package_identification:_identify(.) by extension 'ignore_ament_install'
[0.577s] Level 1:colcon.colcon_core.package_identification:_identify(.) by extensions ['colcon_pkg']
[0.577s] Level 1:colcon.colcon_core.package_identification:_identify(.) by extension 'colcon_pkg'
[0.578s] Level 1:colcon.colcon_core.package_identification:_identify(.) by extensions ['colcon_meta']
[0.578s] Level 1:colcon.colcon_core.package_identification:_identify(.) by extension 'colcon_meta'
[0.578s] Level 1:colcon.colcon_core.package_identification:_identify(.) by extensions ['ros']
[0.578s] Level 1:colcon.colcon_core.package_identification:_identify(.) by extension 'ros'
[0.674s] Level 1:colcon.colcon_core.package_identification:_identify(.) by extensions ['cmake', 'python']
[0.674s] Level 1:colcon.colcon_core.package_identification:_identify(.) by extension 'cmake'
[0.674s] Level 1:colcon.colcon_core.package_identification:_identify(.) by extension 'python'
[0.674s] Level 1:colcon.colcon_core.package_identification:_identify(.) by extensions ['python_setup_py']
[0.675s] Level 1:colcon.colcon_core.package_identification:_identify(.) by extension 'python_setup_py'
[0.675s] Level 1:colcon.colcon_core.package_identification:_identify(build) by extensions ['ignore', 'ignore_ament_install']
[0.675s] Level 1:colcon.colcon_core.package_identification:_identify(build) by extension 'ignore'
[0.675s] Level 1:colcon.colcon_core.package_identification:_identify(build) ignored
[0.675s] Level 1:colcon.colcon_core.package_identification:_identify(install) by extensions ['ignore', 'ignore_ament_install']
[0.676s] Level 1:colcon.colcon_core.package_identification:_identify(install) by extension 'ignore'
[0.676s] Level 1:colcon.colcon_core.package_identification:_identify(install) ignored
[0.676s] Level 1:colcon.colcon_core.package_identification:_identify(launch) by extensions ['ignore', 'ignore_ament_install']
[0.676s] Level 1:colcon.colcon_core.package_identification:_identify(launch) by extension 'ignore'
[0.676s] Level 1:colcon.colcon_core.package_identification:_identify(launch) by extension 'ignore_ament_install'
[0.676s] Level 1:colcon.colcon_core.package_identification:_identify(launch) by extensions ['colcon_pkg']
[0.677s] Level 1:colcon.colcon_core.package_identification:_identify(launch) by extension 'colcon_pkg'
[0.677s] Level 1:colcon.colcon_core.package_identification:_identify(launch) by extensions ['colcon_meta']
[0.677s] Level 1:colcon.colcon_core.package_identification:_identify(launch) by extension 'colcon_meta'
[0.677s] Level 1:colcon.colcon_core.package_identification:_identify(launch) by extensions ['ros']
[0.677s] Level 1:colcon.colcon_core.package_identification:_identify(launch) by extension 'ros'
[0.677s] Level 1:colcon.colcon_core.package_identification:_identify(launch) by extensions ['cmake', 'python']
[0.677s] Level 1:colcon.colcon_core.package_identification:_identify(launch) by extension 'cmake'
[0.677s] Level 1:colcon.colcon_core.package_identification:_identify(launch) by extension 'python'
[0.677s] Level 1:colcon.colcon_core.package_identification:_identify(launch) by extensions ['python_setup_py']
[0.677s] Level 1:colcon.colcon_core.package_identification:_identify(launch) by extension 'python_setup_py'
[0.678s] Level 1:colcon.colcon_core.package_identification:_identify(log) by extensions ['ignore', 'ignore_ament_install']
[0.678s] Level 1:colcon.colcon_core.package_identification:_identify(log) by extension 'ignore'
[0.678s] Level 1:colcon.colcon_core.package_identification:_identify(log) ignored
[0.678s] Level 1:colcon.colcon_core.package_identification:_identify(src) by extensions ['ignore', 'ignore_ament_install']
[0.678s] Level 1:colcon.colcon_core.package_identification:_identify(src) by extension 'ignore'
[0.679s] Level 1:colcon.colcon_core.package_identification:_identify(src) by extension 'ignore_ament_install'
[0.679s] Level 1:colcon.colcon_core.package_identification:_identify(src) by extensions ['colcon_pkg']
[0.679s] Level 1:colcon.colcon_core.package_identification:_identify(src) by extension 'colcon_pkg'
[0.679s] Level 1:colcon.colcon_core.package_identification:_identify(src) by extensions ['colcon_meta']
[0.679s] Level 1:colcon.colcon_core.package_identification:_identify(src) by extension 'colcon_meta'
[0.679s] Level 1:colcon.colcon_core.package_identification:_identify(src) by extensions ['ros']
[0.679s] Level 1:colcon.colcon_core.package_identification:_identify(src) by extension 'ros'
[0.679s] Level 1:colcon.colcon_core.package_identification:_identify(src) by extensions ['cmake', 'python']
[0.679s] Level 1:colcon.colcon_core.package_identification:_identify(src) by extension 'cmake'
[0.680s] Level 1:colcon.colcon_core.package_identification:_identify(src) by extension 'python'
[0.680s] Level 1:colcon.colcon_core.package_identification:_identify(src) by extensions ['python_setup_py']
[0.680s] Level 1:colcon.colcon_core.package_identification:_identify(src) by extension 'python_setup_py'
[0.680s] Level 1:colcon.colcon_core.package_identification:_identify(src/custom_action_interfaces) by extensions ['ignore', 'ignore_ament_install']
[0.680s] Level 1:colcon.colcon_core.package_identification:_identify(src/custom_action_interfaces) by extension 'ignore'
[0.680s] Level 1:colcon.colcon_core.package_identification:_identify(src/custom_action_interfaces) by extension 'ignore_ament_install'
[0.680s] Level 1:colcon.colcon_core.package_identification:_identify(src/custom_action_interfaces) by extensions ['colcon_pkg']
[0.681s] Level 1:colcon.colcon_core.package_identification:_identify(src/custom_action_interfaces) by extension 'colcon_pkg'
[0.681s] Level 1:colcon.colcon_core.package_identification:_identify(src/custom_action_interfaces) by extensions ['colcon_meta']
[0.681s] Level 1:colcon.colcon_core.package_identification:_identify(src/custom_action_interfaces) by extension 'colcon_meta'
[0.681s] Level 1:colcon.colcon_core.package_identification:_identify(src/custom_action_interfaces) by extensions ['ros']
[0.681s] Level 1:colcon.colcon_core.package_identification:_identify(src/custom_action_interfaces) by extension 'ros'
[0.709s] DEBUG:colcon.colcon_core.package_identification:Package 'src/custom_action_interfaces' with type 'ros.ament_cmake' and name 'custom_action_interfaces'
[0.710s] Level 1:colcon.colcon_core.package_identification:_identify(src/learning_tf2_py) by extensions ['ignore', 'ignore_ament_install']
[0.710s] Level 1:colcon.colcon_core.package_identification:_identify(src/learning_tf2_py) by extension 'ignore'
[0.710s] Level 1:colcon.colcon_core.package_identification:_identify(src/learning_tf2_py) by extension 'ignore_ament_install'
[0.711s] Level 1:colcon.colcon_core.package_identification:_identify(src/learning_tf2_py) by extensions ['colcon_pkg']
[0.711s] Level 1:colcon.colcon_core.package_identification:_identify(src/learning_tf2_py) by extension 'colcon_pkg'
[0.711s] Level 1:colcon.colcon_core.package_identification:_identify(src/learning_tf2_py) by extensions ['colcon_meta']
[0.711s] Level 1:colcon.colcon_core.package_identification:_identify(src/learning_tf2_py) by extension 'colcon_meta'
[0.711s] Level 1:colcon.colcon_core.package_identification:_identify(src/learning_tf2_py) by extensions ['ros']
[0.711s] Level 1:colcon.colcon_core.package_identification:_identify(src/learning_tf2_py) by extension 'ros'
[0.723s] DEBUG:colcon.colcon_core.package_identification:Package 'src/learning_tf2_py' with type 'ros.ament_python' and name 'learning_tf2_py'
[0.723s] Level 1:colcon.colcon_core.package_identification:_identify(src/more_interfaces) by extensions ['ignore', 'ignore_ament_install']
[0.724s] Level 1:colcon.colcon_core.package_identification:_identify(src/more_interfaces) by extension 'ignore'
[0.724s] Level 1:colcon.colcon_core.package_identification:_identify(src/more_interfaces) by extension 'ignore_ament_install'
[0.724s] Level 1:colcon.colcon_core.package_identification:_identify(src/more_interfaces) by extensions ['colcon_pkg']
[0.724s] Level 1:colcon.colcon_core.package_identification:_identify(src/more_interfaces) by extension 'colcon_pkg'
[0.724s] Level 1:colcon.colcon_core.package_identification:_identify(src/more_interfaces) by extensions ['colcon_meta']
[0.725s] Level 1:colcon.colcon_core.package_identification:_identify(src/more_interfaces) by extension 'colcon_meta'
[0.725s] Level 1:colcon.colcon_core.package_identification:_identify(src/more_interfaces) by extensions ['ros']
[0.725s] Level 1:colcon.colcon_core.package_identification:_identify(src/more_interfaces) by extension 'ros'
[0.733s] DEBUG:colcon.colcon_core.package_identification:Package 'src/more_interfaces' with type 'ros.ament_cmake' and name 'more_interfaces'
[0.733s] Level 1:colcon.colcon_core.package_identification:_identify(src/my_package) by extensions ['ignore', 'ignore_ament_install']
[0.734s] Level 1:colcon.colcon_core.package_identification:_identify(src/my_package) by extension 'ignore'
[0.734s] Level 1:colcon.colcon_core.package_identification:_identify(src/my_package) by extension 'ignore_ament_install'
[0.734s] Level 1:colcon.colcon_core.package_identification:_identify(src/my_package) by extensions ['colcon_pkg']
[0.734s] Level 1:colcon.colcon_core.package_identification:_identify(src/my_package) by extension 'colcon_pkg'
[0.734s] Level 1:colcon.colcon_core.package_identification:_identify(src/my_package) by extensions ['colcon_meta']
[0.735s] Level 1:colcon.colcon_core.package_identification:_identify(src/my_package) by extension 'colcon_meta'
[0.735s] Level 1:colcon.colcon_core.package_identification:_identify(src/my_package) by extensions ['ros']
[0.735s] Level 1:colcon.colcon_core.package_identification:_identify(src/my_package) by extension 'ros'
[0.762s] DEBUG:colcon.colcon_core.package_identification:Package 'src/my_package' with type 'ros.ament_python' and name 'my_package'
[0.763s] Level 1:colcon.colcon_core.package_identification:_identify(src/nodic_launcher) by extensions ['ignore', 'ignore_ament_install']
[0.764s] Level 1:colcon.colcon_core.package_identification:_identify(src/nodic_launcher) by extension 'ignore'
[0.764s] Level 1:colcon.colcon_core.package_identification:_identify(src/nodic_launcher) by extension 'ignore_ament_install'
[0.764s] Level 1:colcon.colcon_core.package_identification:_identify(src/nodic_launcher) by extensions ['colcon_pkg']
[0.764s] Level 1:colcon.colcon_core.package_identification:_identify(src/nodic_launcher) by extension 'colcon_pkg'
[0.765s] Level 1:colcon.colcon_core.package_identification:_identify(src/nodic_launcher) by extensions ['colcon_meta']
[0.765s] Level 1:colcon.colcon_core.package_identification:_identify(src/nodic_launcher) by extension 'colcon_meta'
[0.765s] Level 1:colcon.colcon_core.package_identification:_identify(src/nodic_launcher) by extensions ['ros']
[0.765s] Level 1:colcon.colcon_core.package_identification:_identify(src/nodic_launcher) by extension 'ros'
[0.790s] DEBUG:colcon.colcon_core.package_identification:Package 'src/nodic_launcher' with type 'ros.ament_python' and name 'nodic_launcher'
[0.790s] Level 1:colcon.colcon_core.package_identification:_identify(src/py_publisher_subscriber) by extensions ['ignore', 'ignore_ament_install']
[0.791s] Level 1:colcon.colcon_core.package_identification:_identify(src/py_publisher_subscriber) by extension 'ignore'
[0.791s] Level 1:colcon.colcon_core.package_identification:_identify(src/py_publisher_subscriber) by extension 'ignore_ament_install'
[0.791s] Level 1:colcon.colcon_core.package_identification:_identify(src/py_publisher_subscriber) by extensions ['colcon_pkg']
[0.792s] Level 1:colcon.colcon_core.package_identification:_identify(src/py_publisher_subscriber) by extension 'colcon_pkg'
[0.792s] Level 1:colcon.colcon_core.package_identification:_identify(src/py_publisher_subscriber) by extensions ['colcon_meta']
[0.792s] Level 1:colcon.colcon_core.package_identification:_identify(src/py_publisher_subscriber) by extension 'colcon_meta'
[0.792s] Level 1:colcon.colcon_core.package_identification:_identify(src/py_publisher_subscriber) by extensions ['ros']
[0.792s] Level 1:colcon.colcon_core.package_identification:_identify(src/py_publisher_subscriber) by extension 'ros'
[0.814s] DEBUG:colcon.colcon_core.package_identification:Package 'src/py_publisher_subscriber' with type 'ros.ament_python' and name 'py_publisher_subscriber'
[0.815s] Level 1:colcon.colcon_core.package_identification:_identify(src/py_pubsub) by extensions ['ignore', 'ignore_ament_install']
[0.815s] Level 1:colcon.colcon_core.package_identification:_identify(src/py_pubsub) by extension 'ignore'
[0.816s] Level 1:colcon.colcon_core.package_identification:_identify(src/py_pubsub) by extension 'ignore_ament_install'
[0.816s] Level 1:colcon.colcon_core.package_identification:_identify(src/py_pubsub) by extensions ['colcon_pkg']
[0.816s] Level 1:colcon.colcon_core.package_identification:_identify(src/py_pubsub) by extension 'colcon_pkg'
[0.817s] Level 1:colcon.colcon_core.package_identification:_identify(src/py_pubsub) by extensions ['colcon_meta']
[0.817s] Level 1:colcon.colcon_core.package_identification:_identify(src/py_pubsub) by extension 'colcon_meta'
[0.817s] Level 1:colcon.colcon_core.package_identification:_identify(src/py_pubsub) by extensions ['ros']
[0.817s] Level 1:colcon.colcon_core.package_identification:_identify(src/py_pubsub) by extension 'ros'
[0.834s] DEBUG:colcon.colcon_core.package_identification:Package 'src/py_pubsub' with type 'ros.ament_python' and name 'py_pubsub'
[0.835s] Level 1:colcon.colcon_core.package_identification:_identify(src/py_srvcli) by extensions ['ignore', 'ignore_ament_install']
[0.835s] Level 1:colcon.colcon_core.package_identification:_identify(src/py_srvcli) by extension 'ignore'
[0.836s] Level 1:colcon.colcon_core.package_identification:_identify(src/py_srvcli) by extension 'ignore_ament_install'
[0.836s] Level 1:colcon.colcon_core.package_identification:_identify(src/py_srvcli) by extensions ['colcon_pkg']
[0.837s] Level 1:colcon.colcon_core.package_identification:_identify(src/py_srvcli) by extension 'colcon_pkg'
[0.837s] Level 1:colcon.colcon_core.package_identification:_identify(src/py_srvcli) by extensions ['colcon_meta']
[0.837s] Level 1:colcon.colcon_core.package_identification:_identify(src/py_srvcli) by extension 'colcon_meta'
[0.838s] Level 1:colcon.colcon_core.package_identification:_identify(src/py_srvcli) by extensions ['ros']
[0.838s] Level 1:colcon.colcon_core.package_identification:_identify(src/py_srvcli) by extension 'ros'
[0.855s] DEBUG:colcon.colcon_core.package_identification:Package 'src/py_srvcli' with type 'ros.ament_python' and name 'py_srvcli'
[0.855s] Level 1:colcon.colcon_core.package_identification:_identify(src/python_parameter_event_handler) by extensions ['ignore', 'ignore_ament_install']
[0.856s] Level 1:colcon.colcon_core.package_identification:_identify(src/python_parameter_event_handler) by extension 'ignore'
[0.856s] Level 1:colcon.colcon_core.package_identification:_identify(src/python_parameter_event_handler) by extension 'ignore_ament_install'
[0.857s] Level 1:colcon.colcon_core.package_identification:_identify(src/python_parameter_event_handler) by extensions ['colcon_pkg']
[0.857s] Level 1:colcon.colcon_core.package_identification:_identify(src/python_parameter_event_handler) by extension 'colcon_pkg'
[0.858s] Level 1:colcon.colcon_core.package_identification:_identify(src/python_parameter_event_handler) by extensions ['colcon_meta']
[0.858s] Level 1:colcon.colcon_core.package_identification:_identify(src/python_parameter_event_handler) by extension 'colcon_meta'
[0.858s] Level 1:colcon.colcon_core.package_identification:_identify(src/python_parameter_event_handler) by extensions ['ros']
[0.858s] Level 1:colcon.colcon_core.package_identification:_identify(src/python_parameter_event_handler) by extension 'ros'
[0.871s] DEBUG:colcon.colcon_core.package_identification:Package 'src/python_parameter_event_handler' with type 'ros.ament_python' and name 'python_parameter_event_handler'
[0.871s] Level 1:colcon.colcon_core.package_identification:_identify(src/python_parameters) by extensions ['ignore', 'ignore_ament_install']
[0.872s] Level 1:colcon.colcon_core.package_identification:_identify(src/python_parameters) by extension 'ignore'
[0.873s] Level 1:colcon.colcon_core.package_identification:_identify(src/python_parameters) by extension 'ignore_ament_install'
[0.873s] Level 1:colcon.colcon_core.package_identification:_identify(src/python_parameters) by extensions ['colcon_pkg']
[0.873s] Level 1:colcon.colcon_core.package_identification:_identify(src/python_parameters) by extension 'colcon_pkg'
[0.874s] Level 1:colcon.colcon_core.package_identification:_identify(src/python_parameters) by extensions ['colcon_meta']
[0.874s] Level 1:colcon.colcon_core.package_identification:_identify(src/python_parameters) by extension 'colcon_meta'
[0.874s] Level 1:colcon.colcon_core.package_identification:_identify(src/python_parameters) by extensions ['ros']
[0.875s] Level 1:colcon.colcon_core.package_identification:_identify(src/python_parameters) by extension 'ros'
[0.888s] DEBUG:colcon.colcon_core.package_identification:Package 'src/python_parameters' with type 'ros.ament_python' and name 'python_parameters'
[0.889s] Level 1:colcon.colcon_core.package_identification:_identify(src/ros_tutorials) by extensions ['ignore', 'ignore_ament_install']
[0.889s] Level 1:colcon.colcon_core.package_identification:_identify(src/ros_tutorials) by extension 'ignore'
[0.890s] Level 1:colcon.colcon_core.package_identification:_identify(src/ros_tutorials) by extension 'ignore_ament_install'
[0.890s] Level 1:colcon.colcon_core.package_identification:_identify(src/ros_tutorials) by extensions ['colcon_pkg']
[0.891s] Level 1:colcon.colcon_core.package_identification:_identify(src/ros_tutorials) by extension 'colcon_pkg'
[0.891s] Level 1:colcon.colcon_core.package_identification:_identify(src/ros_tutorials) by extensions ['colcon_meta']
[0.891s] Level 1:colcon.colcon_core.package_identification:_identify(src/ros_tutorials) by extension 'colcon_meta'
[0.892s] Level 1:colcon.colcon_core.package_identification:_identify(src/ros_tutorials) by extensions ['ros']
[0.892s] Level 1:colcon.colcon_core.package_identification:_identify(src/ros_tutorials) by extension 'ros'
[0.892s] Level 1:colcon.colcon_core.package_identification:_identify(src/ros_tutorials) by extensions ['cmake', 'python']
[0.893s] Level 1:colcon.colcon_core.package_identification:_identify(src/ros_tutorials) by extension 'cmake'
[0.893s] Level 1:colcon.colcon_core.package_identification:_identify(src/ros_tutorials) by extension 'python'
[0.893s] Level 1:colcon.colcon_core.package_identification:_identify(src/ros_tutorials) by extensions ['python_setup_py']
[0.894s] Level 1:colcon.colcon_core.package_identification:_identify(src/ros_tutorials) by extension 'python_setup_py'
[0.894s] Level 1:colcon.colcon_core.package_identification:_identify(src/ros_tutorials/turtlesim) by extensions ['ignore', 'ignore_ament_install']
[0.895s] Level 1:colcon.colcon_core.package_identification:_identify(src/ros_tutorials/turtlesim) by extension 'ignore'
[0.895s] Level 1:colcon.colcon_core.package_identification:_identify(src/ros_tutorials/turtlesim) by extension 'ignore_ament_install'
[0.896s] Level 1:colcon.colcon_core.package_identification:_identify(src/ros_tutorials/turtlesim) by extensions ['colcon_pkg']
[0.896s] Level 1:colcon.colcon_core.package_identification:_identify(src/ros_tutorials/turtlesim) by extension 'colcon_pkg'
[0.897s] Level 1:colcon.colcon_core.package_identification:_identify(src/ros_tutorials/turtlesim) by extensions ['colcon_meta']
[0.897s] Level 1:colcon.colcon_core.package_identification:_identify(src/ros_tutorials/turtlesim) by extension 'colcon_meta'
[0.897s] Level 1:colcon.colcon_core.package_identification:_identify(src/ros_tutorials/turtlesim) by extensions ['ros']
[0.897s] Level 1:colcon.colcon_core.package_identification:_identify(src/ros_tutorials/turtlesim) by extension 'ros'
[0.925s] DEBUG:colcon.colcon_core.package_identification:Package 'src/ros_tutorials/turtlesim' with type 'ros.ament_cmake' and name 'turtlesim'
[0.926s] Level 1:colcon.colcon_core.package_identification:_identify(src/tutorial_interfaces) by extensions ['ignore', 'ignore_ament_install']
[0.926s] Level 1:colcon.colcon_core.package_identification:_identify(src/tutorial_interfaces) by extension 'ignore'
[0.927s] Level 1:colcon.colcon_core.package_identification:_identify(src/tutorial_interfaces) by extension 'ignore_ament_install'
[0.927s] Level 1:colcon.colcon_core.package_identification:_identify(src/tutorial_interfaces) by extensions ['colcon_pkg']
[0.928s] Level 1:colcon.colcon_core.package_identification:_identify(src/tutorial_interfaces) by extension 'colcon_pkg'
[0.928s] Level 1:colcon.colcon_core.package_identification:_identify(src/tutorial_interfaces) by extensions ['colcon_meta']
[0.928s] Level 1:colcon.colcon_core.package_identification:_identify(src/tutorial_interfaces) by extension 'colcon_meta'
[0.928s] Level 1:colcon.colcon_core.package_identification:_identify(src/tutorial_interfaces) by extensions ['ros']
[0.929s] Level 1:colcon.colcon_core.package_identification:_identify(src/tutorial_interfaces) by extension 'ros'
[0.963s] DEBUG:colcon.colcon_core.package_identification:Package 'src/tutorial_interfaces' with type 'ros.ament_cmake' and name 'tutorial_interfaces'
[0.963s] Level 1:colcon.colcon_core.package_discovery:discover_packages(recursive) using defaults
[0.963s] Level 1:colcon.colcon_core.package_discovery:discover_packages(ignore) discover
[0.964s] Level 1:colcon.colcon_core.package_discovery:discover_packages(ignore) using defaults
[0.964s] Level 1:colcon.colcon_core.package_discovery:discover_packages(path) discover
[0.964s] Level 1:colcon.colcon_core.package_discovery:discover_packages(path) using defaults
[1.343s] INFO:colcon.colcon_core.package_selection:Skipping not selected package 'custom_action_interfaces' in 'src/custom_action_interfaces'
[1.343s] INFO:colcon.colcon_core.package_selection:Skipping not selected package 'more_interfaces' in 'src/more_interfaces'
[1.343s] INFO:colcon.colcon_core.package_selection:Skipping not selected package 'my_package' in 'src/my_package'
[1.343s] INFO:colcon.colcon_core.package_selection:Skipping not selected package 'python_parameter_event_handler' in 'src/python_parameter_event_handler'
[1.344s] INFO:colcon.colcon_core.package_selection:Skipping not selected package 'python_parameters' in 'src/python_parameters'
[1.344s] INFO:colcon.colcon_core.package_selection:Skipping not selected package 'turtlesim' in 'src/ros_tutorials/turtlesim'
[1.344s] INFO:colcon.colcon_core.package_selection:Skipping not selected package 'tutorial_interfaces' in 'src/tutorial_interfaces'
[1.344s] INFO:colcon.colcon_core.package_selection:Skipping not selected package 'learning_tf2_py' in 'src/learning_tf2_py'
[1.344s] INFO:colcon.colcon_core.package_selection:Skipping not selected package 'py_publisher_subscriber' in 'src/py_publisher_subscriber'
[1.344s] INFO:colcon.colcon_core.package_selection:Skipping not selected package 'py_pubsub' in 'src/py_pubsub'
[1.344s] INFO:colcon.colcon_core.package_selection:Skipping not selected package 'py_srvcli' in 'src/py_srvcli'
[1.346s] Level 1:colcon.colcon_core.package_discovery:discover_packages(prefix_path) check parameters
[1.346s] Level 1:colcon.colcon_core.package_discovery:discover_packages(prefix_path) discover
[1.359s] DEBUG:colcon.colcon_installed_package_information.package_discovery:Found 12 installed packages in /home/meta/ros2_ws/install
[1.366s] DEBUG:colcon.colcon_installed_package_information.package_discovery:Found 309 installed packages in /opt/ros/jazzy
[1.370s] Level 1:colcon.colcon_core.package_discovery:discover_packages(prefix_path) using defaults
[1.584s] Level 5:colcon.colcon_core.verb:set package 'nodic_launcher' build argument 'cmake_args' from command line to 'None'
[1.584s] Level 5:colcon.colcon_core.verb:set package 'nodic_launcher' build argument 'cmake_target' from command line to 'None'
[1.584s] Level 5:colcon.colcon_core.verb:set package 'nodic_launcher' build argument 'cmake_target_skip_unavailable' from command line to 'False'
[1.584s] Level 5:colcon.colcon_core.verb:set package 'nodic_launcher' build argument 'cmake_clean_cache' from command line to 'False'
[1.584s] Level 5:colcon.colcon_core.verb:set package 'nodic_launcher' build argument 'cmake_clean_first' from command line to 'False'
[1.584s] Level 5:colcon.colcon_core.verb:set package 'nodic_launcher' build argument 'cmake_force_configure' from command line to 'False'
[1.584s] Level 5:colcon.colcon_core.verb:set package 'nodic_launcher' build argument 'ament_cmake_args' from command line to 'None'
[1.584s] Level 5:colcon.colcon_core.verb:set package 'nodic_launcher' build argument 'catkin_cmake_args' from command line to 'None'
[1.584s] Level 5:colcon.colcon_core.verb:set package 'nodic_launcher' build argument 'catkin_skip_building_tests' from command line to 'False'
[1.584s] DEBUG:colcon.colcon_core.verb:Building package 'nodic_launcher' with the following arguments: {'ament_cmake_args': None, 'build_base': '/home/meta/ros2_ws/build/nodic_launcher', 'catkin_cmake_args': None, 'catkin_skip_building_tests': False, 'cmake_args': None, 'cmake_clean_cache': False, 'cmake_clean_first': False, 'cmake_force_configure': False, 'cmake_target': None, 'cmake_target_skip_unavailable': False, 'install_base': '/home/meta/ros2_ws/install/nodic_launcher', 'merge_install': False, 'path': '/home/meta/ros2_ws/src/nodic_launcher', 'symlink_install': False, 'test_result_base': None}
[1.584s] INFO:colcon.colcon_core.executor:Executing jobs using 'parallel' executor
[1.586s] DEBUG:colcon.colcon_parallel_executor.executor.parallel:run_until_complete
[1.586s] INFO:colcon.colcon_ros.task.ament_python.build:Building ROS package in '/home/meta/ros2_ws/src/nodic_launcher' with build type 'ament_python'
[1.587s] Level 1:colcon.colcon_core.shell:create_environment_hook('nodic_launcher', 'ament_prefix_path')
[1.640s] INFO:colcon.colcon_core.plugin_system:Skipping extension 'colcon_core.shell.bat': Not used on non-Windows systems
[1.641s] INFO:colcon.colcon_core.shell:Creating environment hook '/home/meta/ros2_ws/install/nodic_launcher/share/nodic_launcher/hook/ament_prefix_path.ps1'
[1.642s] INFO:colcon.colcon_core.shell:Creating environment descriptor '/home/meta/ros2_ws/install/nodic_launcher/share/nodic_launcher/hook/ament_prefix_path.dsv'
[1.643s] INFO:colcon.colcon_core.shell:Creating environment hook '/home/meta/ros2_ws/install/nodic_launcher/share/nodic_launcher/hook/ament_prefix_path.sh'
[1.645s] INFO:colcon.colcon_core.shell:Skip shell extension 'powershell' for command environment: Not usable outside of PowerShell
[1.645s] DEBUG:colcon.colcon_core.shell:Skip shell extension 'dsv' for command environment
[2.150s] INFO:colcon.colcon_core.task.python.build:Building Python package in '/home/meta/ros2_ws/src/nodic_launcher'
[2.150s] INFO:colcon.colcon_core.shell:Skip shell extension 'powershell' for command environment: Not usable outside of PowerShell
[2.150s] DEBUG:colcon.colcon_core.shell:Skip shell extension 'dsv' for command environment
[4.336s] DEBUG:colcon.colcon_core.event_handler.log_command:Invoking command in '/home/meta/ros2_ws/src/nodic_launcher': DEBUGINFOD_URLS=https://debuginfod.ubuntu.com PYTHONPATH=/home/meta/ros2_ws/build/nodic_launcher/prefix_override:/usr/lib/python3/dist-packages/colcon_core/task/python/colcon_distutils_commands:/home/meta/ros2_ws/install/nodic_launcher/lib/python3.12/site-packages:${PYTHONPATH} /usr/bin/python3 -W ignore:setup.py install is deprecated setup.py egg_info --egg-base ../../build/nodic_launcher build --build-base /home/meta/ros2_ws/build/nodic_launcher/build install --record /home/meta/ros2_ws/build/nodic_launcher/install.log --single-version-externally-managed install_data
[5.648s] DEBUG:colcon.colcon_core.event_handler.log_command:Invoked command in '/home/meta/ros2_ws/src/nodic_launcher' returned '0': DEBUGINFOD_URLS=https://debuginfod.ubuntu.com PYTHONPATH=/home/meta/ros2_ws/build/nodic_launcher/prefix_override:/usr/lib/python3/dist-packages/colcon_core/task/python/colcon_distutils_commands:/home/meta/ros2_ws/install/nodic_launcher/lib/python3.12/site-packages:${PYTHONPATH} /usr/bin/python3 -W ignore:setup.py install is deprecated setup.py egg_info --egg-base ../../build/nodic_launcher build --build-base /home/meta/ros2_ws/build/nodic_launcher/build install --record /home/meta/ros2_ws/build/nodic_launcher/install.log --single-version-externally-managed install_data
[5.685s] Level 1:colcon.colcon_core.environment:checking '/home/meta/ros2_ws/install/nodic_launcher' for CMake module files
[5.688s] Level 1:colcon.colcon_core.environment:checking '/home/meta/ros2_ws/install/nodic_launcher' for CMake config files
[5.691s] Level 1:colcon.colcon_core.environment:checking '/home/meta/ros2_ws/install/nodic_launcher/lib'
[5.692s] Level 1:colcon.colcon_core.environment:checking '/home/meta/ros2_ws/install/nodic_launcher/bin'
[5.692s] Level 1:colcon.colcon_core.environment:checking '/home/meta/ros2_ws/install/nodic_launcher/lib/pkgconfig/nodic_launcher.pc'
[5.693s] Level 1:colcon.colcon_core.environment:checking '/home/meta/ros2_ws/install/nodic_launcher/lib/python3.12/site-packages'
[5.694s] Level 1:colcon.colcon_core.shell:create_environment_hook('nodic_launcher', 'pythonpath')
[5.695s] INFO:colcon.colcon_core.shell:Creating environment hook '/home/meta/ros2_ws/install/nodic_launcher/share/nodic_launcher/hook/pythonpath.ps1'
[5.697s] INFO:colcon.colcon_core.shell:Creating environment descriptor '/home/meta/ros2_ws/install/nodic_launcher/share/nodic_launcher/hook/pythonpath.dsv'
[5.699s] INFO:colcon.colcon_core.shell:Creating environment hook '/home/meta/ros2_ws/install/nodic_launcher/share/nodic_launcher/hook/pythonpath.sh'
[5.702s] Level 1:colcon.colcon_core.environment:checking '/home/meta/ros2_ws/install/nodic_launcher/bin'
[5.703s] Level 1:colcon.colcon_core.environment:create_environment_scripts_only(nodic_launcher)
[5.704s] INFO:colcon.colcon_core.shell:Creating package script '/home/meta/ros2_ws/install/nodic_launcher/share/nodic_launcher/package.ps1'
[5.708s] INFO:colcon.colcon_core.shell:Creating package descriptor '/home/meta/ros2_ws/install/nodic_launcher/share/nodic_launcher/package.dsv'
[5.711s] INFO:colcon.colcon_core.shell:Creating package script '/home/meta/ros2_ws/install/nodic_launcher/share/nodic_launcher/package.sh'
[5.712s] INFO:colcon.colcon_core.shell:Creating package script '/home/meta/ros2_ws/install/nodic_launcher/share/nodic_launcher/package.bash'
[5.714s] INFO:colcon.colcon_core.shell:Creating package script '/home/meta/ros2_ws/install/nodic_launcher/share/nodic_launcher/package.zsh'
[5.715s] Level 1:colcon.colcon_core.environment:create_file_with_runtime_dependencies(/home/meta/ros2_ws/install/nodic_launcher/share/colcon-core/packages/nodic_launcher)
[5.716s] DEBUG:colcon.colcon_parallel_executor.executor.parallel:closing loop
[5.717s] DEBUG:colcon.colcon_parallel_executor.executor.parallel:loop closed
[5.718s] DEBUG:colcon.colcon_parallel_executor.executor.parallel:run_until_complete finished with '0'
[5.718s] DEBUG:colcon.colcon_core.event_reactor:joining thread
[5.741s] INFO:colcon.colcon_core.plugin_system:Skipping extension 'colcon_notification.desktop_notification.terminal_notifier': Not used on non-Darwin systems
[5.741s] INFO:colcon.colcon_core.plugin_system:Skipping extension 'colcon_notification.desktop_notification.win32': Not used on non-Windows systems
[5.742s] INFO:colcon.colcon_notification.desktop_notification:Sending desktop notification using 'notify2'
[5.863s] DEBUG:colcon.colcon_core.event_reactor:joined thread
[5.864s] INFO:colcon.colcon_core.shell:Creating prefix script '/home/meta/ros2_ws/install/local_setup.ps1'
[5.904s] INFO:colcon.colcon_core.shell:Creating prefix util module '/home/meta/ros2_ws/install/_local_setup_util_ps1.py'
[5.909s] INFO:colcon.colcon_core.shell:Creating prefix chain script '/home/meta/ros2_ws/install/setup.ps1'
[5.915s] INFO:colcon.colcon_core.shell:Creating prefix script '/home/meta/ros2_ws/install/local_setup.sh'
[5.917s] INFO:colcon.colcon_core.shell:Creating prefix util module '/home/meta/ros2_ws/install/_local_setup_util_sh.py'
[5.919s] INFO:colcon.colcon_core.shell:Creating prefix chain script '/home/meta/ros2_ws/install/setup.sh'
[5.925s] INFO:colcon.colcon_core.shell:Creating prefix script '/home/meta/ros2_ws/install/local_setup.bash'
[5.929s] INFO:colcon.colcon_core.shell:Creating prefix chain script '/home/meta/ros2_ws/install/setup.bash'
[5.934s] INFO:colcon.colcon_core.shell:Creating prefix script '/home/meta/ros2_ws/install/local_setup.zsh'
[5.935s] INFO:colcon.colcon_core.shell:Creating prefix chain script '/home/meta/ros2_ws/install/setup.zsh'
