[8.242s] Invoking command in '/home/meta/ros2_ws/src/nodic_launcher': DEBUGINFOD_URLS=https://debuginfod.ubuntu.com PYTHONPATH=/home/meta/ros2_ws/build/nodic_launcher/prefix_override:/usr/lib/python3/dist-packages/colcon_core/task/python/colcon_distutils_commands:/home/meta/ros2_ws/install/nodic_launcher/lib/python3.12/site-packages:${PYTHONPATH} /usr/bin/python3 -W ignore:setup.py install is deprecated setup.py egg_info --egg-base ../../build/nodic_launcher build --build-base /home/meta/ros2_ws/build/nodic_launcher/build install --record /home/meta/ros2_ws/build/nodic_launcher/install.log --single-version-externally-managed install_data
[8.854s] running egg_info
[8.855s] creating ../../build/nodic_launcher/nodic_launcher.egg-info
[8.901s] writing ../../build/nodic_launcher/nodic_launcher.egg-info/PKG-INFO
[8.902s] writing dependency_links to ../../build/nodic_launcher/nodic_launcher.egg-info/dependency_links.txt
[8.902s] writing requirements to ../../build/nodic_launcher/nodic_launcher.egg-info/requires.txt
[8.903s] writing top-level names to ../../build/nodic_launcher/nodic_launcher.egg-info/top_level.txt
[8.903s] writing manifest file '../../build/nodic_launcher/nodic_launcher.egg-info/SOURCES.txt'
[9.001s] reading manifest file '../../build/nodic_launcher/nodic_launcher.egg-info/SOURCES.txt'
[9.001s] adding license file 'LICENSE'
[9.003s] writing manifest file '../../build/nodic_launcher/nodic_launcher.egg-info/SOURCES.txt'
[9.003s] running build
[9.003s] running build_py
[9.003s] creating /home/meta/ros2_ws/build/nodic_launcher/build
[9.004s] creating /home/meta/ros2_ws/build/nodic_launcher/build/lib
[9.004s] creating /home/meta/ros2_ws/build/nodic_launcher/build/lib/nodic_launcher
[9.004s] copying nodic_launcher/__init__.py -> /home/meta/ros2_ws/build/nodic_launcher/build/lib/nodic_launcher
[9.004s] running install
[9.020s] running install_lib
[9.067s] creating /home/meta/ros2_ws/install/nodic_launcher/lib/python3.12/site-packages/nodic_launcher
[9.067s] copying /home/meta/ros2_ws/build/nodic_launcher/build/lib/nodic_launcher/__init__.py -> /home/meta/ros2_ws/install/nodic_launcher/lib/python3.12/site-packages/nodic_launcher
[9.069s] byte-compiling /home/meta/ros2_ws/install/nodic_launcher/lib/python3.12/site-packages/nodic_launcher/__init__.py to __init__.cpython-312.pyc
[9.069s] running install_data
[9.070s] creating /home/meta/ros2_ws/install/nodic_launcher/share/ament_index
[9.070s] creating /home/meta/ros2_ws/install/nodic_launcher/share/ament_index/resource_index
[9.070s] creating /home/meta/ros2_ws/install/nodic_launcher/share/ament_index/resource_index/packages
[9.070s] copying resource/nodic_launcher -> /home/meta/ros2_ws/install/nodic_launcher/share/ament_index/resource_index/packages
[9.071s] copying package.xml -> /home/meta/ros2_ws/install/nodic_launcher/share/nodic_launcher
[9.071s] creating /home/meta/ros2_ws/install/nodic_launcher/share/nodic_launcher/launch
[9.071s] copying launch/_launch.xml -> /home/meta/ros2_ws/install/nodic_launcher/share/nodic_launcher/launch
[9.071s] running install_egg_info
[9.123s] Copying ../../build/nodic_launcher/nodic_launcher.egg-info to /home/meta/ros2_ws/install/nodic_launcher/lib/python3.12/site-packages/nodic_launcher-0.0.0-py3.12.egg-info
[9.124s] running install_scripts
[9.429s] writing list of installed files to '/home/meta/ros2_ws/build/nodic_launcher/install.log'
[9.489s] Invoked command in '/home/meta/ros2_ws/src/nodic_launcher' returned '0': DEBUGINFOD_URLS=https://debuginfod.ubuntu.com PYTHONPATH=/home/meta/ros2_ws/build/nodic_launcher/prefix_override:/usr/lib/python3/dist-packages/colcon_core/task/python/colcon_distutils_commands:/home/meta/ros2_ws/install/nodic_launcher/lib/python3.12/site-packages:${PYTHONPATH} /usr/bin/python3 -W ignore:setup.py install is deprecated setup.py egg_info --egg-base ../../build/nodic_launcher build --build-base /home/meta/ros2_ws/build/nodic_launcher/build install --record /home/meta/ros2_ws/build/nodic_launcher/install.log --single-version-externally-managed install_data
