[6.658s] Invoking command in '/home/meta/ros2_ws/src/py_pubsub': DEBUGINFOD_URLS=https://debuginfod.ubuntu.com PYTHONPATH=/home/meta/ros2_ws/build/py_pubsub/prefix_override:/usr/lib/python3/dist-packages/colcon_core/task/python/colcon_distutils_commands:/home/meta/ros2_ws/install/py_pubsub/lib/python3.12/site-packages:${PYTHONPATH} /usr/bin/python3 -W ignore:setup.py install is deprecated setup.py egg_info --egg-base ../../build/py_pubsub build --build-base /home/meta/ros2_ws/build/py_pubsub/build install --record /home/meta/ros2_ws/build/py_pubsub/install.log --single-version-externally-managed install_data
[7.276s] running egg_info
[7.324s] writing ../../build/py_pubsub/py_pubsub.egg-info/PKG-INFO
[7.347s] writing dependency_links to ../../build/py_pubsub/py_pubsub.egg-info/dependency_links.txt
[7.347s] writing entry points to ../../build/py_pubsub/py_pubsub.egg-info/entry_points.txt
[7.348s] writing requirements to ../../build/py_pubsub/py_pubsub.egg-info/requires.txt
[7.348s] writing top-level names to ../../build/py_pubsub/py_pubsub.egg-info/top_level.txt
[7.445s] reading manifest file '../../build/py_pubsub/py_pubsub.egg-info/SOURCES.txt'
[7.463s] adding license file 'LICENSE'
[7.464s] writing manifest file '../../build/py_pubsub/py_pubsub.egg-info/SOURCES.txt'
[7.464s] running build
[7.464s] running build_py
[7.465s] copying py_pubsub/subscriber_member_function.py -> /home/meta/ros2_ws/build/py_pubsub/build/lib/py_pubsub
[7.466s] copying py_pubsub/publisher_member_function.py -> /home/meta/ros2_ws/build/py_pubsub/build/lib/py_pubsub
[7.466s] running install
[7.480s] running install_lib
[7.528s] copying /home/meta/ros2_ws/build/py_pubsub/build/lib/py_pubsub/subscriber_member_function.py -> /home/meta/ros2_ws/install/py_pubsub/lib/python3.12/site-packages/py_pubsub
[7.529s] copying /home/meta/ros2_ws/build/py_pubsub/build/lib/py_pubsub/publisher_member_function.py -> /home/meta/ros2_ws/install/py_pubsub/lib/python3.12/site-packages/py_pubsub
[7.530s] byte-compiling /home/meta/ros2_ws/install/py_pubsub/lib/python3.12/site-packages/py_pubsub/subscriber_member_function.py to subscriber_member_function.cpython-312.pyc
[7.531s] byte-compiling /home/meta/ros2_ws/install/py_pubsub/lib/python3.12/site-packages/py_pubsub/publisher_member_function.py to publisher_member_function.cpython-312.pyc
[7.532s] running install_data
[7.533s] running install_egg_info
[7.585s] removing '/home/meta/ros2_ws/install/py_pubsub/lib/python3.12/site-packages/py_pubsub-0.0.0-py3.12.egg-info' (and everything under it)
[7.586s] Copying ../../build/py_pubsub/py_pubsub.egg-info to /home/meta/ros2_ws/install/py_pubsub/lib/python3.12/site-packages/py_pubsub-0.0.0-py3.12.egg-info
[7.620s] running install_scripts
[7.928s] Installing listener script to /home/meta/ros2_ws/install/py_pubsub/lib/py_pubsub
[7.928s] Installing talker script to /home/meta/ros2_ws/install/py_pubsub/lib/py_pubsub
[7.929s] writing list of installed files to '/home/meta/ros2_ws/build/py_pubsub/install.log'
[7.991s] Invoked command in '/home/meta/ros2_ws/src/py_pubsub' returned '0': DEBUGINFOD_URLS=https://debuginfod.ubuntu.com PYTHONPATH=/home/meta/ros2_ws/build/py_pubsub/prefix_override:/usr/lib/python3/dist-packages/colcon_core/task/python/colcon_distutils_commands:/home/meta/ros2_ws/install/py_pubsub/lib/python3.12/site-packages:${PYTHONPATH} /usr/bin/python3 -W ignore:setup.py install is deprecated setup.py egg_info --egg-base ../../build/py_pubsub build --build-base /home/meta/ros2_ws/build/py_pubsub/build install --record /home/meta/ros2_ws/build/py_pubsub/install.log --single-version-externally-managed install_data
