[0.351s] Invoking command in '/home/meta/ros2_ws/build/turtlesim': CMAKE_PREFIX_PATH=${CMAKE_PREFIX_PATH}:/opt/ros/jazzy DEBUGINFOD_URLS=https://debuginfod.ubuntu.com /usr/bin/cmake /home/meta/ros2_ws/src/ros_tutorials/turtlesim -DCMAKE_INSTALL_PREFIX=/home/meta/ros2_ws/install/turtlesim
[0.665s] -- The C compiler identification is GNU 13.2.0
[0.779s] -- The CXX compiler identification is GNU 13.2.0
[0.850s] -- Detecting C compiler ABI info
[1.118s] -- Detecting C compiler ABI info - done
[1.137s] -- Check for working C compiler: /usr/bin/cc - skipped
[1.137s] -- Detecting C compile features
[1.138s] -- Detecting C compile features - done
[1.158s] -- Detecting CXX compiler ABI info
[1.331s] -- Detecting CXX compiler ABI info - done
[1.350s] -- Check for working CXX compiler: /usr/bin/c++ - skipped
[1.351s] -- Detecting CXX compile features
[1.353s] -- Detecting CXX compile features - done
[1.462s] -- Found ament_cmake: 2.5.0 (/opt/ros/jazzy/share/ament_cmake/cmake)
[1.884s] -- Found Python3: /usr/bin/python3 (found version "3.12.3") found components: Interpreter 
[2.311s] -- Found ament_index_cpp: 1.8.1 (/opt/ros/jazzy/share/ament_index_cpp/cmake)
[2.353s] -- Found geometry_msgs: 5.3.5 (/opt/ros/jazzy/share/geometry_msgs/cmake)
[2.828s] -- Found rosidl_generator_c: 4.6.2 (/opt/ros/jazzy/share/rosidl_generator_c/cmake)
[2.939s] -- Found rosidl_generator_cpp: 4.6.2 (/opt/ros/jazzy/share/rosidl_generator_cpp/cmake)
[3.079s] -- Using all available rosidl_typesupport_c: rosidl_typesupport_fastrtps_c;rosidl_typesupport_introspection_c
[3.180s] -- Using all available rosidl_typesupport_cpp: rosidl_typesupport_fastrtps_cpp;rosidl_typesupport_introspection_cpp
[3.538s] -- Found rcl_interfaces: 2.0.2 (/opt/ros/jazzy/share/rcl_interfaces/cmake)
[3.721s] -- Found rclcpp: 28.1.2 (/opt/ros/jazzy/share/rclcpp/cmake)
[3.931s] -- Found rmw_implementation_cmake: 7.3.1 (/opt/ros/jazzy/share/rmw_implementation_cmake/cmake)
[3.977s] -- Found rmw_fastrtps_cpp: 8.4.0 (/opt/ros/jazzy/share/rmw_fastrtps_cpp/cmake)
[4.523s] -- Found OpenSSL: /usr/lib/x86_64-linux-gnu/libcrypto.so (found version "3.0.13")  
[4.620s] -- Found FastRTPS: /opt/ros/jazzy/include (Required is at least version "2.13") 
[4.686s] -- Using RMW implementation 'rmw_fastrtps_cpp' as default
[4.927s] -- Found rclcpp_action: 28.1.2 (/opt/ros/jazzy/share/rclcpp_action/cmake)
[5.121s] -- Found rosidl_default_generators: 1.6.0 (/opt/ros/jazzy/share/rosidl_default_generators/cmake)
[5.259s] -- Found rosidl_adapter: 4.6.2 (/opt/ros/jazzy/share/rosidl_adapter/cmake)
[5.297s] -- Found std_srvs: 5.3.5 (/opt/ros/jazzy/share/std_srvs/cmake)
[6.716s] -- Found ament_cmake_ros: 0.12.0 (/opt/ros/jazzy/share/ament_cmake_ros/cmake)
[8.212s] -- Using all available rosidl_typesupport_c: rosidl_typesupport_fastrtps_c;rosidl_typesupport_introspection_c
[8.762s] -- Using all available rosidl_typesupport_cpp: rosidl_typesupport_fastrtps_cpp;rosidl_typesupport_introspection_cpp
[8.833s] -- Found python_cmake_module: 0.11.1 (/opt/ros/jazzy/share/python_cmake_module/cmake)
[9.097s] -- Found PythonExtra: /usr/bin/python3  
[10.791s] -- Found Python3: /usr/bin/python3 (found version "3.12.3") found components: Interpreter Development NumPy Development.Module Development.Embed 
[10.967s] -- Found ament_lint_auto: 0.17.0 (/opt/ros/jazzy/share/ament_lint_auto/cmake)
[11.172s] -- Added test 'copyright' to check source files copyright and LICENSE
[11.212s] -- Added test 'cppcheck' to perform static code analysis on C / C++ code
[11.221s] -- Configured cppcheck include dirs: /home/meta/ros2_ws/src/ros_tutorials/turtlesim/include
[11.222s] -- Configured cppcheck exclude dirs and/or files: 
[11.231s] -- Added test 'cpplint' to check C / C++ code against the Google style
[11.232s] -- Configured cpplint exclude dirs and/or files: 
[11.235s] -- Added test 'flake8' to check Python code syntax and style conventions
[11.236s] -- Configured 'flake8' exclude dirs and/or files: 
[11.240s] -- Added test 'lint_cmake' to check CMake code style
[11.243s] -- Added test 'pep257' to check Python code against some of the docstring style conventions in PEP 257
[11.255s] -- Added test 'uncrustify' to check C / C++ code style
[11.256s] -- Configured uncrustify additional arguments: 
[11.260s] -- Added test 'xmllint' to check XML markup files
[11.296s] -- Configuring done (10.9s)
[11.492s] -- Generating done (0.1s)
[11.498s] -- Build files have been written to: /home/meta/ros2_ws/build/turtlesim
[11.522s] Invoked command in '/home/meta/ros2_ws/build/turtlesim' returned '0': CMAKE_PREFIX_PATH=${CMAKE_PREFIX_PATH}:/opt/ros/jazzy DEBUGINFOD_URLS=https://debuginfod.ubuntu.com /usr/bin/cmake /home/meta/ros2_ws/src/ros_tutorials/turtlesim -DCMAKE_INSTALL_PREFIX=/home/meta/ros2_ws/install/turtlesim
[11.525s] Invoking command in '/home/meta/ros2_ws/build/turtlesim': CMAKE_PREFIX_PATH=${CMAKE_PREFIX_PATH}:/opt/ros/jazzy DEBUGINFOD_URLS=https://debuginfod.ubuntu.com /usr/bin/cmake --build /home/meta/ros2_ws/build/turtlesim -- -j4 -l4
[11.621s] [  0%] [34m[1mGenerating type hashes for ROS interfaces[0m
[11.634s] [  0%] Built target ament_cmake_python_copy_turtlesim
[12.306s] running egg_info
[12.309s] creating turtlesim.egg-info
[12.384s] writing turtlesim.egg-info/PKG-INFO
[12.385s] writing dependency_links to turtlesim.egg-info/dependency_links.txt
[12.385s] writing top-level names to turtlesim.egg-info/top_level.txt
[12.389s] writing manifest file 'turtlesim.egg-info/SOURCES.txt'
[12.421s] [  0%] Built target turtlesim__rosidl_generator_type_description
[12.448s] [  1%] [34m[1mGenerating C code for ROS interfaces[0m
[12.460s] [  2%] [34m[1mGenerating C++ code for ROS interfaces[0m
[12.595s] reading manifest file 'turtlesim.egg-info/SOURCES.txt'
[12.596s] writing manifest file 'turtlesim.egg-info/SOURCES.txt'
[12.683s] [  2%] Built target ament_cmake_python_build_turtlesim_egg
[14.621s] [  2%] Built target turtlesim__cpp
[15.010s] [  5%] [32mBuilding C object CMakeFiles/turtlesim__rosidl_generator_c.dir/rosidl_generator_c/turtlesim/action/detail/rotate_absolute__description.c.o[0m
[15.010s] [  5%] [32mBuilding C object CMakeFiles/turtlesim__rosidl_generator_c.dir/rosidl_generator_c/turtlesim/action/detail/rotate_absolute__type_support.c.o[0m
[15.011s] [  5%] [32mBuilding C object CMakeFiles/turtlesim__rosidl_generator_c.dir/rosidl_generator_c/turtlesim/action/detail/rotate_absolute__functions.c.o[0m
[15.011s] [  6%] [32mBuilding C object CMakeFiles/turtlesim__rosidl_generator_c.dir/rosidl_generator_c/turtlesim/msg/detail/color__description.c.o[0m
[15.136s] [  7%] [32mBuilding C object CMakeFiles/turtlesim__rosidl_generator_c.dir/rosidl_generator_c/turtlesim/msg/detail/color__functions.c.o[0m
[15.140s] [  7%] [32mBuilding C object CMakeFiles/turtlesim__rosidl_generator_c.dir/rosidl_generator_c/turtlesim/msg/detail/color__type_support.c.o[0m
[15.244s] [  8%] [32mBuilding C object CMakeFiles/turtlesim__rosidl_generator_c.dir/rosidl_generator_c/turtlesim/msg/detail/pose__description.c.o[0m
[15.310s] [  9%] [32mBuilding C object CMakeFiles/turtlesim__rosidl_generator_c.dir/rosidl_generator_c/turtlesim/msg/detail/pose__functions.c.o[0m
[15.332s] [ 10%] [32mBuilding C object CMakeFiles/turtlesim__rosidl_generator_c.dir/rosidl_generator_c/turtlesim/msg/detail/pose__type_support.c.o[0m
[15.380s] [ 11%] [32mBuilding C object CMakeFiles/turtlesim__rosidl_generator_c.dir/rosidl_generator_c/turtlesim/srv/detail/kill__description.c.o[0m
[15.438s] [ 12%] [32mBuilding C object CMakeFiles/turtlesim__rosidl_generator_c.dir/rosidl_generator_c/turtlesim/srv/detail/kill__functions.c.o[0m
[15.482s] [ 13%] [32mBuilding C object CMakeFiles/turtlesim__rosidl_generator_c.dir/rosidl_generator_c/turtlesim/srv/detail/kill__type_support.c.o[0m
[15.548s] [ 13%] [32mBuilding C object CMakeFiles/turtlesim__rosidl_generator_c.dir/rosidl_generator_c/turtlesim/srv/detail/set_pen__description.c.o[0m
[15.591s] [ 14%] [32mBuilding C object CMakeFiles/turtlesim__rosidl_generator_c.dir/rosidl_generator_c/turtlesim/srv/detail/set_pen__functions.c.o[0m
[15.620s] [ 15%] [32mBuilding C object CMakeFiles/turtlesim__rosidl_generator_c.dir/rosidl_generator_c/turtlesim/srv/detail/set_pen__type_support.c.o[0m
[15.706s] [ 16%] [32mBuilding C object CMakeFiles/turtlesim__rosidl_generator_c.dir/rosidl_generator_c/turtlesim/srv/detail/spawn__description.c.o[0m
[15.723s] [ 17%] [32mBuilding C object CMakeFiles/turtlesim__rosidl_generator_c.dir/rosidl_generator_c/turtlesim/srv/detail/spawn__functions.c.o[0m
[15.752s] [ 18%] [32mBuilding C object CMakeFiles/turtlesim__rosidl_generator_c.dir/rosidl_generator_c/turtlesim/srv/detail/spawn__type_support.c.o[0m
[15.844s] [ 19%] [32mBuilding C object CMakeFiles/turtlesim__rosidl_generator_c.dir/rosidl_generator_c/turtlesim/srv/detail/teleport_absolute__description.c.o[0m
[15.885s] [ 20%] [32mBuilding C object CMakeFiles/turtlesim__rosidl_generator_c.dir/rosidl_generator_c/turtlesim/srv/detail/teleport_absolute__functions.c.o[0m
[15.894s] [ 20%] [32mBuilding C object CMakeFiles/turtlesim__rosidl_generator_c.dir/rosidl_generator_c/turtlesim/srv/detail/teleport_absolute__type_support.c.o[0m
[15.991s] [ 21%] [32mBuilding C object CMakeFiles/turtlesim__rosidl_generator_c.dir/rosidl_generator_c/turtlesim/srv/detail/teleport_relative__description.c.o[0m
[16.012s] [ 22%] [32mBuilding C object CMakeFiles/turtlesim__rosidl_generator_c.dir/rosidl_generator_c/turtlesim/srv/detail/teleport_relative__functions.c.o[0m
[16.021s] [ 23%] [32mBuilding C object CMakeFiles/turtlesim__rosidl_generator_c.dir/rosidl_generator_c/turtlesim/srv/detail/teleport_relative__type_support.c.o[0m
[16.209s] [ 24%] [32m[1mLinking C shared library libturtlesim__rosidl_generator_c.so[0m
[16.288s] [ 24%] Built target turtlesim__rosidl_generator_c
[16.315s] [ 27%] [34m[1mGenerating C++ type support for eProsima Fast-RTPS[0m
[16.316s] [ 27%] [34m[1mGenerating C++ type support dispatch for ROS interfaces[0m
[16.316s] [ 28%] [34m[1mGenerating C introspection for ROS interfaces[0m
[16.316s] [ 27%] [34m[1mGenerating C type support for eProsima Fast-RTPS[0m
[18.420s] [ 29%] [32mBuilding CXX object CMakeFiles/turtlesim__rosidl_typesupport_cpp.dir/rosidl_typesupport_cpp/turtlesim/action/rotate_absolute__type_support.cpp.o[0m
[19.377s] [ 30%] [32mBuilding C object CMakeFiles/turtlesim__rosidl_typesupport_introspection_c.dir/rosidl_typesupport_introspection_c/turtlesim/action/detail/rotate_absolute__type_support.c.o[0m
[19.615s] [ 31%] [32mBuilding C object CMakeFiles/turtlesim__rosidl_typesupport_introspection_c.dir/rosidl_typesupport_introspection_c/turtlesim/msg/detail/color__type_support.c.o[0m
[19.738s] [ 31%] [32mBuilding C object CMakeFiles/turtlesim__rosidl_typesupport_introspection_c.dir/rosidl_typesupport_introspection_c/turtlesim/msg/detail/pose__type_support.c.o[0m
[19.862s] [ 32%] [32mBuilding C object CMakeFiles/turtlesim__rosidl_typesupport_introspection_c.dir/rosidl_typesupport_introspection_c/turtlesim/srv/detail/kill__type_support.c.o[0m
[20.023s] [ 33%] [32mBuilding C object CMakeFiles/turtlesim__rosidl_typesupport_introspection_c.dir/rosidl_typesupport_introspection_c/turtlesim/srv/detail/set_pen__type_support.c.o[0m
[20.184s] [ 34%] [32mBuilding C object CMakeFiles/turtlesim__rosidl_typesupport_introspection_c.dir/rosidl_typesupport_introspection_c/turtlesim/srv/detail/spawn__type_support.c.o[0m
[20.353s] [ 35%] [32mBuilding C object CMakeFiles/turtlesim__rosidl_typesupport_introspection_c.dir/rosidl_typesupport_introspection_c/turtlesim/srv/detail/teleport_absolute__type_support.c.o[0m
[20.520s] [ 36%] [32mBuilding C object CMakeFiles/turtlesim__rosidl_typesupport_introspection_c.dir/rosidl_typesupport_introspection_c/turtlesim/srv/detail/teleport_relative__type_support.c.o[0m
[20.681s] [ 37%] [32m[1mLinking C shared library libturtlesim__rosidl_typesupport_introspection_c.so[0m
[20.774s] [ 38%] [32mBuilding CXX object CMakeFiles/turtlesim__rosidl_typesupport_fastrtps_cpp.dir/rosidl_typesupport_fastrtps_cpp/turtlesim/action/detail/dds_fastrtps/rotate_absolute__type_support.cpp.o[0m
[20.780s] [ 38%] Built target turtlesim__rosidl_typesupport_introspection_c
[20.804s] [ 39%] [32mBuilding CXX object CMakeFiles/turtlesim__rosidl_typesupport_cpp.dir/rosidl_typesupport_cpp/turtlesim/msg/color__type_support.cpp.o[0m
[21.061s] [ 40%] [32mBuilding CXX object CMakeFiles/turtlesim__rosidl_typesupport_fastrtps_c.dir/rosidl_typesupport_fastrtps_c/turtlesim/action/detail/rotate_absolute__type_support_c.cpp.o[0m
[21.063s] [ 40%] [32mBuilding CXX object CMakeFiles/turtlesim__rosidl_typesupport_fastrtps_cpp.dir/rosidl_typesupport_fastrtps_cpp/turtlesim/msg/detail/dds_fastrtps/color__type_support.cpp.o[0m
[22.034s] [ 41%] [32mBuilding CXX object CMakeFiles/turtlesim__rosidl_typesupport_cpp.dir/rosidl_typesupport_cpp/turtlesim/msg/pose__type_support.cpp.o[0m
[22.912s] [ 42%] [32mBuilding CXX object CMakeFiles/turtlesim__rosidl_typesupport_fastrtps_c.dir/rosidl_typesupport_fastrtps_c/turtlesim/msg/detail/color__type_support_c.cpp.o[0m
[23.276s] [ 42%] [32mBuilding CXX object CMakeFiles/turtlesim__rosidl_typesupport_cpp.dir/rosidl_typesupport_cpp/turtlesim/srv/kill__type_support.cpp.o[0m
[23.519s] [ 43%] [32mBuilding CXX object CMakeFiles/turtlesim__rosidl_typesupport_cpp.dir/rosidl_typesupport_cpp/turtlesim/srv/set_pen__type_support.cpp.o[0m
[24.771s] [ 44%] [32mBuilding CXX object CMakeFiles/turtlesim__rosidl_typesupport_fastrtps_c.dir/rosidl_typesupport_fastrtps_c/turtlesim/msg/detail/pose__type_support_c.cpp.o[0m
[24.848s] [ 45%] [34m[1mGenerating C type support dispatch for ROS interfaces[0m
[24.873s] [ 46%] [32mBuilding CXX object CMakeFiles/turtlesim__rosidl_typesupport_fastrtps_cpp.dir/rosidl_typesupport_fastrtps_cpp/turtlesim/msg/detail/dds_fastrtps/pose__type_support.cpp.o[0m
[25.098s] [ 47%] [32mBuilding CXX object CMakeFiles/turtlesim__rosidl_typesupport_cpp.dir/rosidl_typesupport_cpp/turtlesim/srv/spawn__type_support.cpp.o[0m
[26.554s] [ 48%] [32mBuilding CXX object CMakeFiles/turtlesim__rosidl_typesupport_fastrtps_c.dir/rosidl_typesupport_fastrtps_c/turtlesim/srv/detail/kill__type_support_c.cpp.o[0m
[26.714s] [ 49%] [32mBuilding CXX object CMakeFiles/turtlesim__rosidl_typesupport_cpp.dir/rosidl_typesupport_cpp/turtlesim/srv/teleport_absolute__type_support.cpp.o[0m
[26.795s] [ 50%] [32mBuilding CXX object CMakeFiles/turtlesim__rosidl_typesupport_fastrtps_cpp.dir/rosidl_typesupport_fastrtps_cpp/turtlesim/srv/detail/dds_fastrtps/kill__type_support.cpp.o[0m
[26.922s] [ 51%] [32mBuilding CXX object CMakeFiles/turtlesim__rosidl_typesupport_c.dir/rosidl_typesupport_c/turtlesim/action/rotate_absolute__type_support.cpp.o[0m
[27.153s] [ 52%] [32mBuilding CXX object CMakeFiles/turtlesim__rosidl_typesupport_c.dir/rosidl_typesupport_c/turtlesim/msg/color__type_support.cpp.o[0m
[27.302s] [ 53%] [32mBuilding CXX object CMakeFiles/turtlesim__rosidl_typesupport_c.dir/rosidl_typesupport_c/turtlesim/msg/pose__type_support.cpp.o[0m
[27.451s] [ 54%] [32mBuilding CXX object CMakeFiles/turtlesim__rosidl_typesupport_c.dir/rosidl_typesupport_c/turtlesim/srv/kill__type_support.cpp.o[0m
[27.623s] [ 55%] [32mBuilding CXX object CMakeFiles/turtlesim__rosidl_typesupport_c.dir/rosidl_typesupport_c/turtlesim/srv/set_pen__type_support.cpp.o[0m
[27.788s] [ 55%] [32mBuilding CXX object CMakeFiles/turtlesim__rosidl_typesupport_c.dir/rosidl_typesupport_c/turtlesim/srv/spawn__type_support.cpp.o[0m
[27.957s] [ 56%] [32mBuilding CXX object CMakeFiles/turtlesim__rosidl_typesupport_c.dir/rosidl_typesupport_c/turtlesim/srv/teleport_absolute__type_support.cpp.o[0m
[28.130s] [ 57%] [32mBuilding CXX object CMakeFiles/turtlesim__rosidl_typesupport_c.dir/rosidl_typesupport_c/turtlesim/srv/teleport_relative__type_support.cpp.o[0m
[28.294s] [ 58%] [32m[1mLinking CXX shared library libturtlesim__rosidl_typesupport_c.so[0m
[28.361s] [ 59%] [32mBuilding CXX object CMakeFiles/turtlesim__rosidl_typesupport_cpp.dir/rosidl_typesupport_cpp/turtlesim/srv/teleport_relative__type_support.cpp.o[0m
[28.437s] [ 59%] Built target turtlesim__rosidl_typesupport_c
[28.461s] [ 60%] [32mBuilding CXX object CMakeFiles/turtlesim__rosidl_typesupport_fastrtps_c.dir/rosidl_typesupport_fastrtps_c/turtlesim/srv/detail/set_pen__type_support_c.cpp.o[0m
[28.534s] [ 61%] [32mBuilding CXX object CMakeFiles/turtlesim__rosidl_typesupport_fastrtps_c.dir/rosidl_typesupport_fastrtps_c/turtlesim/srv/detail/spawn__type_support_c.cpp.o[0m
[29.311s] [ 61%] [32mBuilding CXX object CMakeFiles/turtlesim__rosidl_typesupport_fastrtps_cpp.dir/rosidl_typesupport_fastrtps_cpp/turtlesim/srv/detail/dds_fastrtps/set_pen__type_support.cpp.o[0m
[29.901s] [ 62%] [32m[1mLinking CXX shared library libturtlesim__rosidl_typesupport_cpp.so[0m
[30.152s] [ 62%] Built target turtlesim__rosidl_typesupport_cpp
[30.177s] [ 63%] [32mBuilding CXX object CMakeFiles/turtlesim__rosidl_typesupport_fastrtps_cpp.dir/rosidl_typesupport_fastrtps_cpp/turtlesim/srv/detail/dds_fastrtps/spawn__type_support.cpp.o[0m
[30.517s] [ 64%] [32mBuilding CXX object CMakeFiles/turtlesim__rosidl_typesupport_fastrtps_cpp.dir/rosidl_typesupport_fastrtps_cpp/turtlesim/srv/detail/dds_fastrtps/teleport_absolute__type_support.cpp.o[0m
[30.609s] [ 65%] [32mBuilding CXX object CMakeFiles/turtlesim__rosidl_typesupport_fastrtps_c.dir/rosidl_typesupport_fastrtps_c/turtlesim/srv/detail/teleport_absolute__type_support_c.cpp.o[0m
[31.784s] [ 65%] [32mBuilding CXX object CMakeFiles/turtlesim__rosidl_typesupport_fastrtps_c.dir/rosidl_typesupport_fastrtps_c/turtlesim/srv/detail/teleport_relative__type_support_c.cpp.o[0m
[32.660s] [ 65%] [34m[1mGenerating C++ introspection for ROS interfaces[0m
[32.670s] [ 66%] [32mBuilding CXX object CMakeFiles/turtlesim__rosidl_typesupport_fastrtps_cpp.dir/rosidl_typesupport_fastrtps_cpp/turtlesim/srv/detail/dds_fastrtps/teleport_relative__type_support.cpp.o[0m
[33.029s] [ 67%] [34m[1mGenerating include/turtlesim/moc_turtle_frame.cpp[0m
[33.272s] [ 68%] [32mBuilding CXX object CMakeFiles/turtlesim_node.dir/src/turtlesim.cpp.o[0m
[33.778s] [ 69%] [32m[1mLinking CXX shared library libturtlesim__rosidl_typesupport_fastrtps_c.so[0m
[34.001s] [ 69%] Built target turtlesim__rosidl_typesupport_fastrtps_c
[34.024s] [ 70%] [32mBuilding CXX object CMakeFiles/turtlesim_node.dir/src/turtle.cpp.o[0m
[35.045s] [ 71%] [32m[1mLinking CXX shared library libturtlesim__rosidl_typesupport_fastrtps_cpp.so[0m
[35.318s] [ 71%] Built target turtlesim__rosidl_typesupport_fastrtps_cpp
[35.343s] [ 72%] [32mBuilding CXX object CMakeFiles/turtlesim_node.dir/src/turtle_frame.cpp.o[0m
[35.447s] [ 73%] [32mBuilding CXX object CMakeFiles/turtlesim__rosidl_typesupport_introspection_cpp.dir/rosidl_typesupport_introspection_cpp/turtlesim/action/detail/rotate_absolute__type_support.cpp.o[0m
[38.300s] [ 74%] [32mBuilding CXX object CMakeFiles/turtlesim__rosidl_typesupport_introspection_cpp.dir/rosidl_typesupport_introspection_cpp/turtlesim/msg/detail/color__type_support.cpp.o[0m
[39.550s] [ 75%] [32mBuilding CXX object CMakeFiles/turtlesim__rosidl_typesupport_introspection_cpp.dir/rosidl_typesupport_introspection_cpp/turtlesim/msg/detail/pose__type_support.cpp.o[0m
[40.819s] [ 76%] [32mBuilding CXX object CMakeFiles/turtlesim__rosidl_typesupport_introspection_cpp.dir/rosidl_typesupport_introspection_cpp/turtlesim/srv/detail/kill__type_support.cpp.o[0m
[42.495s] [ 77%] [32mBuilding CXX object CMakeFiles/turtlesim__rosidl_typesupport_introspection_cpp.dir/rosidl_typesupport_introspection_cpp/turtlesim/srv/detail/set_pen__type_support.cpp.o[0m
[44.037s] [ 78%] [32mBuilding CXX object CMakeFiles/turtlesim__rosidl_typesupport_introspection_cpp.dir/rosidl_typesupport_introspection_cpp/turtlesim/srv/detail/spawn__type_support.cpp.o[0m
[45.745s] [ 78%] [32mBuilding CXX object CMakeFiles/turtlesim__rosidl_typesupport_introspection_cpp.dir/rosidl_typesupport_introspection_cpp/turtlesim/srv/detail/teleport_absolute__type_support.cpp.o[0m
[47.359s] [ 79%] [32mBuilding CXX object CMakeFiles/turtlesim__rosidl_typesupport_introspection_cpp.dir/rosidl_typesupport_introspection_cpp/turtlesim/srv/detail/teleport_relative__type_support.cpp.o[0m
[49.008s] [ 80%] [32m[1mLinking CXX shared library libturtlesim__rosidl_typesupport_introspection_cpp.so[0m
[49.273s] [ 80%] Built target turtlesim__rosidl_typesupport_introspection_cpp
[49.299s] [ 80%] [32mBuilding CXX object CMakeFiles/turtlesim_node.dir/include/turtlesim/moc_turtle_frame.cpp.o[0m
[51.814s] [ 81%] [32mBuilding CXX object CMakeFiles/turtle_teleop_key.dir/tutorials/teleop_turtle_key.cpp.o[0m
[71.432s] [ 81%] [32mBuilding CXX object CMakeFiles/draw_square.dir/tutorials/draw_square.cpp.o[0m
[74.244s] [ 82%] [32m[1mLinking CXX executable turtle_teleop_key[0m
[74.851s] [ 83%] [32mBuilding CXX object CMakeFiles/mimic.dir/tutorials/mimic.cpp.o[0m
[77.751s] [ 83%] Built target turtle_teleop_key
[77.842s] [ 83%] Built target turtlesim
[77.920s] [ 83%] [34m[1mGenerating Python code for ROS interfaces[0m
[79.143s] [ 84%] [32m[1mLinking CXX executable turtlesim_node[0m
[84.481s] [ 84%] Built target turtlesim_node
[84.569s] [ 84%] Built target turtlesim__py
[84.637s] [ 86%] [32mBuilding C object CMakeFiles/turtlesim__rosidl_generator_py.dir/rosidl_generator_py/turtlesim/msg/_color_s.c.o[0m
[84.638s] [ 86%] [32mBuilding C object CMakeFiles/turtlesim__rosidl_generator_py.dir/rosidl_generator_py/turtlesim/action/_rotate_absolute_s.c.o[0m
[86.264s] [ 86%] [32mBuilding C object CMakeFiles/turtlesim__rosidl_generator_py.dir/rosidl_generator_py/turtlesim/msg/_pose_s.c.o[0m
[86.516s] [ 87%] [32mBuilding C object CMakeFiles/turtlesim__rosidl_generator_py.dir/rosidl_generator_py/turtlesim/srv/_kill_s.c.o[0m
[86.803s] [ 88%] [32mBuilding C object CMakeFiles/turtlesim__rosidl_generator_py.dir/rosidl_generator_py/turtlesim/srv/_set_pen_s.c.o[0m
[87.084s] [ 89%] [32mBuilding C object CMakeFiles/turtlesim__rosidl_generator_py.dir/rosidl_generator_py/turtlesim/srv/_spawn_s.c.o[0m
[87.444s] [ 90%] [32mBuilding C object CMakeFiles/turtlesim__rosidl_generator_py.dir/rosidl_generator_py/turtlesim/srv/_teleport_absolute_s.c.o[0m
[87.686s] [ 91%] [32mBuilding C object CMakeFiles/turtlesim__rosidl_generator_py.dir/rosidl_generator_py/turtlesim/srv/_teleport_relative_s.c.o[0m
[88.256s] [ 92%] [32m[1mLinking C shared library libturtlesim__rosidl_generator_py.so[0m
[88.496s] [ 92%] Built target turtlesim__rosidl_generator_py
[88.566s] [ 93%] [32mBuilding C object CMakeFiles/turtlesim_s__rosidl_typesupport_fastrtps_c.dir/rosidl_generator_py/turtlesim/_turtlesim_s.ep.rosidl_typesupport_fastrtps_c.c.o[0m
[88.567s] [ 94%] [32mBuilding C object CMakeFiles/turtlesim_s__rosidl_typesupport_introspection_c.dir/rosidl_generator_py/turtlesim/_turtlesim_s.ep.rosidl_typesupport_introspection_c.c.o[0m
[89.321s] [ 95%] [32m[1mLinking C shared module rosidl_generator_py/turtlesim/turtlesim_s__rosidl_typesupport_fastrtps_c.so[0m
[89.389s] [ 96%] [32m[1mLinking C shared module rosidl_generator_py/turtlesim/turtlesim_s__rosidl_typesupport_introspection_c.so[0m
[89.457s] [ 96%] Built target turtlesim_s__rosidl_typesupport_fastrtps_c
[89.498s] [ 96%] Built target turtlesim_s__rosidl_typesupport_introspection_c
[89.525s] [ 97%] [32mBuilding C object CMakeFiles/turtlesim_s__rosidl_typesupport_c.dir/rosidl_generator_py/turtlesim/_turtlesim_s.ep.rosidl_typesupport_c.c.o[0m
[90.240s] [ 98%] [32m[1mLinking C shared module rosidl_generator_py/turtlesim/turtlesim_s__rosidl_typesupport_c.so[0m
[90.327s] [ 98%] Built target turtlesim_s__rosidl_typesupport_c
[99.939s] [ 99%] [32m[1mLinking CXX executable mimic[0m
[100.591s] [ 99%] Built target mimic
[101.347s] [100%] [32m[1mLinking CXX executable draw_square[0m
[102.064s] [100%] Built target draw_square
[102.095s] Invoked command in '/home/meta/ros2_ws/build/turtlesim' returned '0': CMAKE_PREFIX_PATH=${CMAKE_PREFIX_PATH}:/opt/ros/jazzy DEBUGINFOD_URLS=https://debuginfod.ubuntu.com /usr/bin/cmake --build /home/meta/ros2_ws/build/turtlesim -- -j4 -l4
[102.561s] Invoking command in '/home/meta/ros2_ws/build/turtlesim': CMAKE_PREFIX_PATH=${CMAKE_PREFIX_PATH}:/opt/ros/jazzy DEBUGINFOD_URLS=https://debuginfod.ubuntu.com /usr/bin/cmake --install /home/meta/ros2_ws/build/turtlesim
[102.654s] -- Install configuration: ""
[102.661s] -- Installing: /home/meta/ros2_ws/install/turtlesim/share/ament_index/resource_index/rosidl_interfaces/turtlesim
[102.673s] -- Installing: /home/meta/ros2_ws/install/turtlesim/share/turtlesim/action/RotateAbsolute.json
[102.674s] -- Installing: /home/meta/ros2_ws/install/turtlesim/share/turtlesim/msg/Color.json
[102.675s] -- Installing: /home/meta/ros2_ws/install/turtlesim/share/turtlesim/msg/Pose.json
[102.676s] -- Installing: /home/meta/ros2_ws/install/turtlesim/share/turtlesim/srv/Kill.json
[102.677s] -- Installing: /home/meta/ros2_ws/install/turtlesim/share/turtlesim/srv/SetPen.json
[102.678s] -- Installing: /home/meta/ros2_ws/install/turtlesim/share/turtlesim/srv/Spawn.json
[102.679s] -- Installing: /home/meta/ros2_ws/install/turtlesim/share/turtlesim/srv/TeleportAbsolute.json
[102.680s] -- Installing: /home/meta/ros2_ws/install/turtlesim/share/turtlesim/srv/TeleportRelative.json
[102.681s] -- Installing: /home/meta/ros2_ws/install/turtlesim/include/turtlesim/turtlesim
[102.682s] -- Installing: /home/meta/ros2_ws/install/turtlesim/include/turtlesim/turtlesim/srv
[102.683s] -- Installing: /home/meta/ros2_ws/install/turtlesim/include/turtlesim/turtlesim/srv/teleport_relative.h
[102.683s] -- Installing: /home/meta/ros2_ws/install/turtlesim/include/turtlesim/turtlesim/srv/teleport_absolute.h
[102.684s] -- Installing: /home/meta/ros2_ws/install/turtlesim/include/turtlesim/turtlesim/srv/detail
[102.684s] -- Installing: /home/meta/ros2_ws/install/turtlesim/include/turtlesim/turtlesim/srv/detail/teleport_relative__type_support.c
[102.710s] -- Installing: /home/meta/ros2_ws/install/turtlesim/include/turtlesim/turtlesim/srv/detail/spawn__functions.c
[102.711s] -- Installing: /home/meta/ros2_ws/install/turtlesim/include/turtlesim/turtlesim/srv/detail/teleport_relative__functions.h
[102.712s] -- Installing: /home/meta/ros2_ws/install/turtlesim/include/turtlesim/turtlesim/srv/detail/set_pen__type_support.h
[102.713s] -- Installing: /home/meta/ros2_ws/install/turtlesim/include/turtlesim/turtlesim/srv/detail/set_pen__struct.h
[102.713s] -- Installing: /home/meta/ros2_ws/install/turtlesim/include/turtlesim/turtlesim/srv/detail/kill__description.c
[102.714s] -- Installing: /home/meta/ros2_ws/install/turtlesim/include/turtlesim/turtlesim/srv/detail/teleport_relative__type_support.h
[102.715s] -- Installing: /home/meta/ros2_ws/install/turtlesim/include/turtlesim/turtlesim/srv/detail/teleport_relative__struct.h
[102.715s] -- Installing: /home/meta/ros2_ws/install/turtlesim/include/turtlesim/turtlesim/srv/detail/set_pen__description.c
[102.716s] -- Installing: /home/meta/ros2_ws/install/turtlesim/include/turtlesim/turtlesim/srv/detail/teleport_relative__functions.c
[102.716s] -- Installing: /home/meta/ros2_ws/install/turtlesim/include/turtlesim/turtlesim/srv/detail/kill__functions.h
[102.717s] -- Installing: /home/meta/ros2_ws/install/turtlesim/include/turtlesim/turtlesim/srv/detail/teleport_absolute__type_support.h
[102.717s] -- Installing: /home/meta/ros2_ws/install/turtlesim/include/turtlesim/turtlesim/srv/detail/spawn__functions.h
[102.718s] -- Installing: /home/meta/ros2_ws/install/turtlesim/include/turtlesim/turtlesim/srv/detail/kill__struct.h
[102.718s] -- Installing: /home/meta/ros2_ws/install/turtlesim/include/turtlesim/turtlesim/srv/detail/spawn__type_support.c
[102.719s] -- Installing: /home/meta/ros2_ws/install/turtlesim/include/turtlesim/turtlesim/srv/detail/teleport_relative__description.c
[102.720s] -- Installing: /home/meta/ros2_ws/install/turtlesim/include/turtlesim/turtlesim/srv/detail/teleport_absolute__struct.h
[102.720s] -- Installing: /home/meta/ros2_ws/install/turtlesim/include/turtlesim/turtlesim/srv/detail/kill__type_support.h
[102.721s] -- Installing: /home/meta/ros2_ws/install/turtlesim/include/turtlesim/turtlesim/srv/detail/spawn__type_support.h
[102.721s] -- Installing: /home/meta/ros2_ws/install/turtlesim/include/turtlesim/turtlesim/srv/detail/set_pen__type_support.c
[102.722s] -- Installing: /home/meta/ros2_ws/install/turtlesim/include/turtlesim/turtlesim/srv/detail/teleport_absolute__type_support.c
[102.723s] -- Installing: /home/meta/ros2_ws/install/turtlesim/include/turtlesim/turtlesim/srv/detail/teleport_absolute__functions.h
[102.724s] -- Installing: /home/meta/ros2_ws/install/turtlesim/include/turtlesim/turtlesim/srv/detail/teleport_absolute__functions.c
[102.731s] -- Installing: /home/meta/ros2_ws/install/turtlesim/include/turtlesim/turtlesim/srv/detail/kill__type_support.c
[102.732s] -- Installing: /home/meta/ros2_ws/install/turtlesim/include/turtlesim/turtlesim/srv/detail/set_pen__functions.c
[102.732s] -- Installing: /home/meta/ros2_ws/install/turtlesim/include/turtlesim/turtlesim/srv/detail/kill__functions.c
[102.733s] -- Installing: /home/meta/ros2_ws/install/turtlesim/include/turtlesim/turtlesim/srv/detail/set_pen__functions.h
[102.734s] -- Installing: /home/meta/ros2_ws/install/turtlesim/include/turtlesim/turtlesim/srv/detail/spawn__struct.h
[102.734s] -- Installing: /home/meta/ros2_ws/install/turtlesim/include/turtlesim/turtlesim/srv/detail/spawn__description.c
[102.736s] -- Installing: /home/meta/ros2_ws/install/turtlesim/include/turtlesim/turtlesim/srv/detail/teleport_absolute__description.c
[102.738s] -- Installing: /home/meta/ros2_ws/install/turtlesim/include/turtlesim/turtlesim/srv/set_pen.h
[102.738s] -- Installing: /home/meta/ros2_ws/install/turtlesim/include/turtlesim/turtlesim/srv/kill.h
[102.738s] -- Installing: /home/meta/ros2_ws/install/turtlesim/include/turtlesim/turtlesim/srv/spawn.h
[102.739s] -- Installing: /home/meta/ros2_ws/install/turtlesim/include/turtlesim/turtlesim/action
[102.739s] -- Installing: /home/meta/ros2_ws/install/turtlesim/include/turtlesim/turtlesim/action/detail
[102.739s] -- Installing: /home/meta/ros2_ws/install/turtlesim/include/turtlesim/turtlesim/action/detail/rotate_absolute__type_support.c
[102.739s] -- Installing: /home/meta/ros2_ws/install/turtlesim/include/turtlesim/turtlesim/action/detail/rotate_absolute__struct.h
[102.739s] -- Installing: /home/meta/ros2_ws/install/turtlesim/include/turtlesim/turtlesim/action/detail/rotate_absolute__functions.c
[102.751s] -- Installing: /home/meta/ros2_ws/install/turtlesim/include/turtlesim/turtlesim/action/detail/rotate_absolute__functions.h
[102.752s] -- Installing: /home/meta/ros2_ws/install/turtlesim/include/turtlesim/turtlesim/action/detail/rotate_absolute__description.c
[102.757s] -- Installing: /home/meta/ros2_ws/install/turtlesim/include/turtlesim/turtlesim/action/detail/rotate_absolute__type_support.h
[102.758s] -- Installing: /home/meta/ros2_ws/install/turtlesim/include/turtlesim/turtlesim/action/rotate_absolute.h
[102.759s] -- Installing: /home/meta/ros2_ws/install/turtlesim/include/turtlesim/turtlesim/msg
[102.759s] -- Installing: /home/meta/ros2_ws/install/turtlesim/include/turtlesim/turtlesim/msg/pose.h
[102.760s] -- Installing: /home/meta/ros2_ws/install/turtlesim/include/turtlesim/turtlesim/msg/color.h
[102.760s] -- Installing: /home/meta/ros2_ws/install/turtlesim/include/turtlesim/turtlesim/msg/detail
[102.761s] -- Installing: /home/meta/ros2_ws/install/turtlesim/include/turtlesim/turtlesim/msg/detail/pose__type_support.c
[102.761s] -- Installing: /home/meta/ros2_ws/install/turtlesim/include/turtlesim/turtlesim/msg/detail/color__description.c
[102.762s] -- Installing: /home/meta/ros2_ws/install/turtlesim/include/turtlesim/turtlesim/msg/detail/pose__struct.h
[102.762s] -- Installing: /home/meta/ros2_ws/install/turtlesim/include/turtlesim/turtlesim/msg/detail/pose__functions.c
[102.763s] -- Installing: /home/meta/ros2_ws/install/turtlesim/include/turtlesim/turtlesim/msg/detail/color__type_support.c
[102.763s] -- Installing: /home/meta/ros2_ws/install/turtlesim/include/turtlesim/turtlesim/msg/detail/color__type_support.h
[102.764s] -- Installing: /home/meta/ros2_ws/install/turtlesim/include/turtlesim/turtlesim/msg/detail/pose__type_support.h
[102.765s] -- Installing: /home/meta/ros2_ws/install/turtlesim/include/turtlesim/turtlesim/msg/detail/pose__functions.h
[102.765s] -- Installing: /home/meta/ros2_ws/install/turtlesim/include/turtlesim/turtlesim/msg/detail/pose__description.c
[102.766s] -- Installing: /home/meta/ros2_ws/install/turtlesim/include/turtlesim/turtlesim/msg/detail/color__functions.h
[102.767s] -- Installing: /home/meta/ros2_ws/install/turtlesim/include/turtlesim/turtlesim/msg/detail/color__functions.c
[102.767s] -- Installing: /home/meta/ros2_ws/install/turtlesim/include/turtlesim/turtlesim/msg/detail/color__struct.h
[102.768s] -- Installing: /home/meta/ros2_ws/install/turtlesim/include/turtlesim/turtlesim/msg/rosidl_generator_c__visibility_control.h
[102.769s] -- Installing: /home/meta/ros2_ws/install/turtlesim/share/turtlesim/environment/library_path.sh
[102.769s] -- Installing: /home/meta/ros2_ws/install/turtlesim/share/turtlesim/environment/library_path.dsv
[102.770s] -- Installing: /home/meta/ros2_ws/install/turtlesim/lib/libturtlesim__rosidl_generator_c.so
[102.785s] -- Set non-toolchain portion of runtime path of "/home/meta/ros2_ws/install/turtlesim/lib/libturtlesim__rosidl_generator_c.so" to ""
[102.785s] -- Up-to-date: /home/meta/ros2_ws/install/turtlesim/include/turtlesim/turtlesim
[102.786s] -- Up-to-date: /home/meta/ros2_ws/install/turtlesim/include/turtlesim/turtlesim/srv
[102.786s] -- Up-to-date: /home/meta/ros2_ws/install/turtlesim/include/turtlesim/turtlesim/srv/detail
[102.786s] -- Installing: /home/meta/ros2_ws/install/turtlesim/include/turtlesim/turtlesim/srv/detail/kill__rosidl_typesupport_fastrtps_c.h
[102.795s] -- Installing: /home/meta/ros2_ws/install/turtlesim/include/turtlesim/turtlesim/srv/detail/teleport_relative__rosidl_typesupport_fastrtps_c.h
[102.799s] -- Installing: /home/meta/ros2_ws/install/turtlesim/include/turtlesim/turtlesim/srv/detail/set_pen__rosidl_typesupport_fastrtps_c.h
[102.800s] -- Installing: /home/meta/ros2_ws/install/turtlesim/include/turtlesim/turtlesim/srv/detail/spawn__rosidl_typesupport_fastrtps_c.h
[102.800s] -- Installing: /home/meta/ros2_ws/install/turtlesim/include/turtlesim/turtlesim/srv/detail/teleport_absolute__rosidl_typesupport_fastrtps_c.h
[102.801s] -- Up-to-date: /home/meta/ros2_ws/install/turtlesim/include/turtlesim/turtlesim/action
[102.802s] -- Up-to-date: /home/meta/ros2_ws/install/turtlesim/include/turtlesim/turtlesim/action/detail
[102.802s] -- Installing: /home/meta/ros2_ws/install/turtlesim/include/turtlesim/turtlesim/action/detail/rotate_absolute__rosidl_typesupport_fastrtps_c.h
[102.814s] -- Up-to-date: /home/meta/ros2_ws/install/turtlesim/include/turtlesim/turtlesim/msg
[102.814s] -- Up-to-date: /home/meta/ros2_ws/install/turtlesim/include/turtlesim/turtlesim/msg/detail
[102.815s] -- Installing: /home/meta/ros2_ws/install/turtlesim/include/turtlesim/turtlesim/msg/detail/pose__rosidl_typesupport_fastrtps_c.h
[102.815s] -- Installing: /home/meta/ros2_ws/install/turtlesim/include/turtlesim/turtlesim/msg/detail/color__rosidl_typesupport_fastrtps_c.h
[102.816s] -- Installing: /home/meta/ros2_ws/install/turtlesim/include/turtlesim/turtlesim/msg/rosidl_typesupport_fastrtps_c__visibility_control.h
[102.817s] -- Installing: /home/meta/ros2_ws/install/turtlesim/lib/libturtlesim__rosidl_typesupport_fastrtps_c.so
[102.829s] -- Set non-toolchain portion of runtime path of "/home/meta/ros2_ws/install/turtlesim/lib/libturtlesim__rosidl_typesupport_fastrtps_c.so" to ""
[102.830s] -- Up-to-date: /home/meta/ros2_ws/install/turtlesim/include/turtlesim/turtlesim
[102.830s] -- Up-to-date: /home/meta/ros2_ws/install/turtlesim/include/turtlesim/turtlesim/srv
[102.830s] -- Installing: /home/meta/ros2_ws/install/turtlesim/include/turtlesim/turtlesim/srv/kill.hpp
[102.830s] -- Up-to-date: /home/meta/ros2_ws/install/turtlesim/include/turtlesim/turtlesim/srv/detail
[102.830s] -- Installing: /home/meta/ros2_ws/install/turtlesim/include/turtlesim/turtlesim/srv/detail/set_pen__builder.hpp
[102.831s] -- Installing: /home/meta/ros2_ws/install/turtlesim/include/turtlesim/turtlesim/srv/detail/teleport_relative__type_support.hpp
[102.831s] -- Installing: /home/meta/ros2_ws/install/turtlesim/include/turtlesim/turtlesim/srv/detail/kill__type_support.hpp
[102.831s] -- Installing: /home/meta/ros2_ws/install/turtlesim/include/turtlesim/turtlesim/srv/detail/set_pen__traits.hpp
[102.831s] -- Installing: /home/meta/ros2_ws/install/turtlesim/include/turtlesim/turtlesim/srv/detail/teleport_relative__builder.hpp
[102.831s] -- Installing: /home/meta/ros2_ws/install/turtlesim/include/turtlesim/turtlesim/srv/detail/spawn__struct.hpp
[102.832s] -- Installing: /home/meta/ros2_ws/install/turtlesim/include/turtlesim/turtlesim/srv/detail/teleport_relative__struct.hpp
[102.832s] -- Installing: /home/meta/ros2_ws/install/turtlesim/include/turtlesim/turtlesim/srv/detail/kill__traits.hpp
[102.832s] -- Installing: /home/meta/ros2_ws/install/turtlesim/include/turtlesim/turtlesim/srv/detail/teleport_relative__traits.hpp
[102.832s] -- Installing: /home/meta/ros2_ws/install/turtlesim/include/turtlesim/turtlesim/srv/detail/set_pen__struct.hpp
[102.832s] -- Installing: /home/meta/ros2_ws/install/turtlesim/include/turtlesim/turtlesim/srv/detail/kill__struct.hpp
[102.833s] -- Installing: /home/meta/ros2_ws/install/turtlesim/include/turtlesim/turtlesim/srv/detail/teleport_absolute__type_support.hpp
[102.833s] -- Installing: /home/meta/ros2_ws/install/turtlesim/include/turtlesim/turtlesim/srv/detail/kill__builder.hpp
[102.833s] -- Installing: /home/meta/ros2_ws/install/turtlesim/include/turtlesim/turtlesim/srv/detail/teleport_absolute__traits.hpp
[102.833s] -- Installing: /home/meta/ros2_ws/install/turtlesim/include/turtlesim/turtlesim/srv/detail/teleport_absolute__builder.hpp
[102.833s] -- Installing: /home/meta/ros2_ws/install/turtlesim/include/turtlesim/turtlesim/srv/detail/set_pen__type_support.hpp
[102.834s] -- Installing: /home/meta/ros2_ws/install/turtlesim/include/turtlesim/turtlesim/srv/detail/spawn__builder.hpp
[102.834s] -- Installing: /home/meta/ros2_ws/install/turtlesim/include/turtlesim/turtlesim/srv/detail/spawn__type_support.hpp
[102.834s] -- Installing: /home/meta/ros2_ws/install/turtlesim/include/turtlesim/turtlesim/srv/detail/teleport_absolute__struct.hpp
[102.834s] -- Installing: /home/meta/ros2_ws/install/turtlesim/include/turtlesim/turtlesim/srv/detail/spawn__traits.hpp
[102.834s] -- Installing: /home/meta/ros2_ws/install/turtlesim/include/turtlesim/turtlesim/srv/set_pen.hpp
[102.835s] -- Installing: /home/meta/ros2_ws/install/turtlesim/include/turtlesim/turtlesim/srv/teleport_absolute.hpp
[102.835s] -- Installing: /home/meta/ros2_ws/install/turtlesim/include/turtlesim/turtlesim/srv/spawn.hpp
[102.835s] -- Installing: /home/meta/ros2_ws/install/turtlesim/include/turtlesim/turtlesim/srv/teleport_relative.hpp
[102.835s] -- Up-to-date: /home/meta/ros2_ws/install/turtlesim/include/turtlesim/turtlesim/action
[102.835s] -- Up-to-date: /home/meta/ros2_ws/install/turtlesim/include/turtlesim/turtlesim/action/detail
[102.836s] -- Installing: /home/meta/ros2_ws/install/turtlesim/include/turtlesim/turtlesim/action/detail/rotate_absolute__traits.hpp
[102.836s] -- Installing: /home/meta/ros2_ws/install/turtlesim/include/turtlesim/turtlesim/action/detail/rotate_absolute__type_support.hpp
[102.836s] -- Installing: /home/meta/ros2_ws/install/turtlesim/include/turtlesim/turtlesim/action/detail/rotate_absolute__builder.hpp
[102.836s] -- Installing: /home/meta/ros2_ws/install/turtlesim/include/turtlesim/turtlesim/action/detail/rotate_absolute__struct.hpp
[102.836s] -- Installing: /home/meta/ros2_ws/install/turtlesim/include/turtlesim/turtlesim/action/rotate_absolute.hpp
[102.837s] -- Up-to-date: /home/meta/ros2_ws/install/turtlesim/include/turtlesim/turtlesim/msg
[102.837s] -- Installing: /home/meta/ros2_ws/install/turtlesim/include/turtlesim/turtlesim/msg/pose.hpp
[102.837s] -- Installing: /home/meta/ros2_ws/install/turtlesim/include/turtlesim/turtlesim/msg/rosidl_generator_cpp__visibility_control.hpp
[102.837s] -- Installing: /home/meta/ros2_ws/install/turtlesim/include/turtlesim/turtlesim/msg/color.hpp
[102.838s] -- Up-to-date: /home/meta/ros2_ws/install/turtlesim/include/turtlesim/turtlesim/msg/detail
[102.838s] -- Installing: /home/meta/ros2_ws/install/turtlesim/include/turtlesim/turtlesim/msg/detail/pose__builder.hpp
[102.838s] -- Installing: /home/meta/ros2_ws/install/turtlesim/include/turtlesim/turtlesim/msg/detail/pose__struct.hpp
[102.838s] -- Installing: /home/meta/ros2_ws/install/turtlesim/include/turtlesim/turtlesim/msg/detail/pose__type_support.hpp
[102.839s] -- Installing: /home/meta/ros2_ws/install/turtlesim/include/turtlesim/turtlesim/msg/detail/color__type_support.hpp
[102.839s] -- Installing: /home/meta/ros2_ws/install/turtlesim/include/turtlesim/turtlesim/msg/detail/pose__traits.hpp
[102.839s] -- Installing: /home/meta/ros2_ws/install/turtlesim/include/turtlesim/turtlesim/msg/detail/color__struct.hpp
[102.839s] -- Installing: /home/meta/ros2_ws/install/turtlesim/include/turtlesim/turtlesim/msg/detail/color__builder.hpp
[102.839s] -- Installing: /home/meta/ros2_ws/install/turtlesim/include/turtlesim/turtlesim/msg/detail/color__traits.hpp
[102.840s] -- Up-to-date: /home/meta/ros2_ws/install/turtlesim/include/turtlesim/turtlesim
[102.840s] -- Up-to-date: /home/meta/ros2_ws/install/turtlesim/include/turtlesim/turtlesim/srv
[102.840s] -- Up-to-date: /home/meta/ros2_ws/install/turtlesim/include/turtlesim/turtlesim/srv/detail
[102.840s] -- Installing: /home/meta/ros2_ws/install/turtlesim/include/turtlesim/turtlesim/srv/detail/kill__rosidl_typesupport_fastrtps_cpp.hpp
[102.840s] -- Installing: /home/meta/ros2_ws/install/turtlesim/include/turtlesim/turtlesim/srv/detail/teleport_relative__rosidl_typesupport_fastrtps_cpp.hpp
[102.841s] -- Installing: /home/meta/ros2_ws/install/turtlesim/include/turtlesim/turtlesim/srv/detail/set_pen__rosidl_typesupport_fastrtps_cpp.hpp
[102.841s] -- Installing: /home/meta/ros2_ws/install/turtlesim/include/turtlesim/turtlesim/srv/detail/spawn__rosidl_typesupport_fastrtps_cpp.hpp
[102.841s] -- Installing: /home/meta/ros2_ws/install/turtlesim/include/turtlesim/turtlesim/srv/detail/dds_fastrtps
[102.841s] -- Installing: /home/meta/ros2_ws/install/turtlesim/include/turtlesim/turtlesim/srv/detail/teleport_absolute__rosidl_typesupport_fastrtps_cpp.hpp
[102.841s] -- Up-to-date: /home/meta/ros2_ws/install/turtlesim/include/turtlesim/turtlesim/action
[102.842s] -- Up-to-date: /home/meta/ros2_ws/install/turtlesim/include/turtlesim/turtlesim/action/detail
[102.842s] -- Installing: /home/meta/ros2_ws/install/turtlesim/include/turtlesim/turtlesim/action/detail/rotate_absolute__rosidl_typesupport_fastrtps_cpp.hpp
[102.842s] -- Installing: /home/meta/ros2_ws/install/turtlesim/include/turtlesim/turtlesim/action/detail/dds_fastrtps
[102.842s] -- Up-to-date: /home/meta/ros2_ws/install/turtlesim/include/turtlesim/turtlesim/msg
[102.842s] -- Installing: /home/meta/ros2_ws/install/turtlesim/include/turtlesim/turtlesim/msg/rosidl_typesupport_fastrtps_cpp__visibility_control.h
[102.842s] -- Up-to-date: /home/meta/ros2_ws/install/turtlesim/include/turtlesim/turtlesim/msg/detail
[102.843s] -- Installing: /home/meta/ros2_ws/install/turtlesim/include/turtlesim/turtlesim/msg/detail/color__rosidl_typesupport_fastrtps_cpp.hpp
[102.843s] -- Installing: /home/meta/ros2_ws/install/turtlesim/include/turtlesim/turtlesim/msg/detail/dds_fastrtps
[102.843s] -- Installing: /home/meta/ros2_ws/install/turtlesim/include/turtlesim/turtlesim/msg/detail/pose__rosidl_typesupport_fastrtps_cpp.hpp
[102.843s] -- Installing: /home/meta/ros2_ws/install/turtlesim/lib/libturtlesim__rosidl_typesupport_fastrtps_cpp.so
[102.861s] -- Set non-toolchain portion of runtime path of "/home/meta/ros2_ws/install/turtlesim/lib/libturtlesim__rosidl_typesupport_fastrtps_cpp.so" to ""
[102.861s] -- Up-to-date: /home/meta/ros2_ws/install/turtlesim/include/turtlesim/turtlesim
[102.862s] -- Up-to-date: /home/meta/ros2_ws/install/turtlesim/include/turtlesim/turtlesim/srv
[102.863s] -- Up-to-date: /home/meta/ros2_ws/install/turtlesim/include/turtlesim/turtlesim/srv/detail
[102.863s] -- Installing: /home/meta/ros2_ws/install/turtlesim/include/turtlesim/turtlesim/srv/detail/teleport_relative__type_support.c
[102.864s] -- Installing: /home/meta/ros2_ws/install/turtlesim/include/turtlesim/turtlesim/srv/detail/spawn__rosidl_typesupport_introspection_c.h
[102.864s] -- Installing: /home/meta/ros2_ws/install/turtlesim/include/turtlesim/turtlesim/srv/detail/kill__rosidl_typesupport_introspection_c.h
[102.865s] -- Installing: /home/meta/ros2_ws/install/turtlesim/include/turtlesim/turtlesim/srv/detail/set_pen__rosidl_typesupport_introspection_c.h
[102.865s] -- Installing: /home/meta/ros2_ws/install/turtlesim/include/turtlesim/turtlesim/srv/detail/spawn__type_support.c
[102.866s] -- Installing: /home/meta/ros2_ws/install/turtlesim/include/turtlesim/turtlesim/srv/detail/teleport_relative__rosidl_typesupport_introspection_c.h
[102.866s] -- Installing: /home/meta/ros2_ws/install/turtlesim/include/turtlesim/turtlesim/srv/detail/set_pen__type_support.c
[102.866s] -- Installing: /home/meta/ros2_ws/install/turtlesim/include/turtlesim/turtlesim/srv/detail/teleport_absolute__type_support.c
[102.867s] -- Installing: /home/meta/ros2_ws/install/turtlesim/include/turtlesim/turtlesim/srv/detail/kill__type_support.c
[102.867s] -- Installing: /home/meta/ros2_ws/install/turtlesim/include/turtlesim/turtlesim/srv/detail/teleport_absolute__rosidl_typesupport_introspection_c.h
[102.868s] -- Up-to-date: /home/meta/ros2_ws/install/turtlesim/include/turtlesim/turtlesim/action
[102.868s] -- Up-to-date: /home/meta/ros2_ws/install/turtlesim/include/turtlesim/turtlesim/action/detail
[102.868s] -- Installing: /home/meta/ros2_ws/install/turtlesim/include/turtlesim/turtlesim/action/detail/rotate_absolute__rosidl_typesupport_introspection_c.h
[102.868s] -- Installing: /home/meta/ros2_ws/install/turtlesim/include/turtlesim/turtlesim/action/detail/rotate_absolute__type_support.c
[102.869s] -- Up-to-date: /home/meta/ros2_ws/install/turtlesim/include/turtlesim/turtlesim/msg
[102.869s] -- Up-to-date: /home/meta/ros2_ws/install/turtlesim/include/turtlesim/turtlesim/msg/detail
[102.869s] -- Installing: /home/meta/ros2_ws/install/turtlesim/include/turtlesim/turtlesim/msg/detail/pose__type_support.c
[102.869s] -- Installing: /home/meta/ros2_ws/install/turtlesim/include/turtlesim/turtlesim/msg/detail/color__rosidl_typesupport_introspection_c.h
[102.870s] -- Installing: /home/meta/ros2_ws/install/turtlesim/include/turtlesim/turtlesim/msg/detail/pose__rosidl_typesupport_introspection_c.h
[102.870s] -- Installing: /home/meta/ros2_ws/install/turtlesim/include/turtlesim/turtlesim/msg/detail/color__type_support.c
[102.870s] -- Installing: /home/meta/ros2_ws/install/turtlesim/include/turtlesim/turtlesim/msg/rosidl_typesupport_introspection_c__visibility_control.h
[102.870s] -- Installing: /home/meta/ros2_ws/install/turtlesim/lib/libturtlesim__rosidl_typesupport_introspection_c.so
[102.878s] -- Set non-toolchain portion of runtime path of "/home/meta/ros2_ws/install/turtlesim/lib/libturtlesim__rosidl_typesupport_introspection_c.so" to ""
[102.878s] -- Installing: /home/meta/ros2_ws/install/turtlesim/lib/libturtlesim__rosidl_typesupport_c.so
[102.888s] -- Set non-toolchain portion of runtime path of "/home/meta/ros2_ws/install/turtlesim/lib/libturtlesim__rosidl_typesupport_c.so" to ""
[102.888s] -- Up-to-date: /home/meta/ros2_ws/install/turtlesim/include/turtlesim/turtlesim
[102.888s] -- Up-to-date: /home/meta/ros2_ws/install/turtlesim/include/turtlesim/turtlesim/srv
[102.889s] -- Up-to-date: /home/meta/ros2_ws/install/turtlesim/include/turtlesim/turtlesim/srv/detail
[102.889s] -- Installing: /home/meta/ros2_ws/install/turtlesim/include/turtlesim/turtlesim/srv/detail/teleport_absolute__rosidl_typesupport_introspection_cpp.hpp
[102.894s] -- Installing: /home/meta/ros2_ws/install/turtlesim/include/turtlesim/turtlesim/srv/detail/teleport_relative__type_support.cpp
[102.908s] -- Installing: /home/meta/ros2_ws/install/turtlesim/include/turtlesim/turtlesim/srv/detail/teleport_relative__rosidl_typesupport_introspection_cpp.hpp
[102.909s] -- Installing: /home/meta/ros2_ws/install/turtlesim/include/turtlesim/turtlesim/srv/detail/spawn__rosidl_typesupport_introspection_cpp.hpp
[102.916s] -- Installing: /home/meta/ros2_ws/install/turtlesim/include/turtlesim/turtlesim/srv/detail/set_pen__rosidl_typesupport_introspection_cpp.hpp
[102.917s] -- Installing: /home/meta/ros2_ws/install/turtlesim/include/turtlesim/turtlesim/srv/detail/spawn__type_support.cpp
[102.917s] -- Installing: /home/meta/ros2_ws/install/turtlesim/include/turtlesim/turtlesim/srv/detail/set_pen__type_support.cpp
[102.918s] -- Installing: /home/meta/ros2_ws/install/turtlesim/include/turtlesim/turtlesim/srv/detail/kill__type_support.cpp
[102.919s] -- Installing: /home/meta/ros2_ws/install/turtlesim/include/turtlesim/turtlesim/srv/detail/kill__rosidl_typesupport_introspection_cpp.hpp
[102.919s] -- Installing: /home/meta/ros2_ws/install/turtlesim/include/turtlesim/turtlesim/srv/detail/teleport_absolute__type_support.cpp
[102.920s] -- Up-to-date: /home/meta/ros2_ws/install/turtlesim/include/turtlesim/turtlesim/action
[102.920s] -- Up-to-date: /home/meta/ros2_ws/install/turtlesim/include/turtlesim/turtlesim/action/detail
[102.920s] -- Installing: /home/meta/ros2_ws/install/turtlesim/include/turtlesim/turtlesim/action/detail/rotate_absolute__type_support.cpp
[102.938s] -- Installing: /home/meta/ros2_ws/install/turtlesim/include/turtlesim/turtlesim/action/detail/rotate_absolute__rosidl_typesupport_introspection_cpp.hpp
[102.949s] -- Up-to-date: /home/meta/ros2_ws/install/turtlesim/include/turtlesim/turtlesim/msg
[102.950s] -- Up-to-date: /home/meta/ros2_ws/install/turtlesim/include/turtlesim/turtlesim/msg/detail
[102.950s] -- Installing: /home/meta/ros2_ws/install/turtlesim/include/turtlesim/turtlesim/msg/detail/pose__type_support.cpp
[102.951s] -- Installing: /home/meta/ros2_ws/install/turtlesim/include/turtlesim/turtlesim/msg/detail/color__rosidl_typesupport_introspection_cpp.hpp
[102.952s] -- Installing: /home/meta/ros2_ws/install/turtlesim/include/turtlesim/turtlesim/msg/detail/pose__rosidl_typesupport_introspection_cpp.hpp
[102.952s] -- Installing: /home/meta/ros2_ws/install/turtlesim/include/turtlesim/turtlesim/msg/detail/color__type_support.cpp
[102.953s] -- Installing: /home/meta/ros2_ws/install/turtlesim/lib/libturtlesim__rosidl_typesupport_introspection_cpp.so
[102.956s] -- Set non-toolchain portion of runtime path of "/home/meta/ros2_ws/install/turtlesim/lib/libturtlesim__rosidl_typesupport_introspection_cpp.so" to ""
[102.956s] -- Installing: /home/meta/ros2_ws/install/turtlesim/lib/libturtlesim__rosidl_typesupport_cpp.so
[102.972s] -- Set non-toolchain portion of runtime path of "/home/meta/ros2_ws/install/turtlesim/lib/libturtlesim__rosidl_typesupport_cpp.so" to ""
[102.973s] -- Installing: /home/meta/ros2_ws/install/turtlesim/share/turtlesim/environment/pythonpath.sh
[102.989s] -- Installing: /home/meta/ros2_ws/install/turtlesim/share/turtlesim/environment/pythonpath.dsv
[102.990s] -- Installing: /home/meta/ros2_ws/install/turtlesim/lib/python3.12/site-packages/turtlesim-1.8.3-py3.12.egg-info
[102.991s] -- Installing: /home/meta/ros2_ws/install/turtlesim/lib/python3.12/site-packages/turtlesim-1.8.3-py3.12.egg-info/dependency_links.txt
[103.002s] -- Installing: /home/meta/ros2_ws/install/turtlesim/lib/python3.12/site-packages/turtlesim-1.8.3-py3.12.egg-info/SOURCES.txt
[103.028s] -- Installing: /home/meta/ros2_ws/install/turtlesim/lib/python3.12/site-packages/turtlesim-1.8.3-py3.12.egg-info/PKG-INFO
[103.029s] -- Installing: /home/meta/ros2_ws/install/turtlesim/lib/python3.12/site-packages/turtlesim-1.8.3-py3.12.egg-info/top_level.txt
[103.029s] -- Installing: /home/meta/ros2_ws/install/turtlesim/lib/python3.12/site-packages/turtlesim
[103.031s] -- Installing: /home/meta/ros2_ws/install/turtlesim/lib/python3.12/site-packages/turtlesim/_turtlesim_s.ep.rosidl_typesupport_introspection_c.c
[103.031s] -- Installing: /home/meta/ros2_ws/install/turtlesim/lib/python3.12/site-packages/turtlesim/srv
[103.032s] -- Installing: /home/meta/ros2_ws/install/turtlesim/lib/python3.12/site-packages/turtlesim/srv/_set_pen.py
[103.032s] -- Installing: /home/meta/ros2_ws/install/turtlesim/lib/python3.12/site-packages/turtlesim/srv/_kill_s.c
[103.033s] -- Installing: /home/meta/ros2_ws/install/turtlesim/lib/python3.12/site-packages/turtlesim/srv/_teleport_absolute.py
[103.034s] -- Installing: /home/meta/ros2_ws/install/turtlesim/lib/python3.12/site-packages/turtlesim/srv/_spawn.py
[103.034s] -- Installing: /home/meta/ros2_ws/install/turtlesim/lib/python3.12/site-packages/turtlesim/srv/_teleport_absolute_s.c
[103.035s] -- Installing: /home/meta/ros2_ws/install/turtlesim/lib/python3.12/site-packages/turtlesim/srv/__init__.py
[103.035s] -- Installing: /home/meta/ros2_ws/install/turtlesim/lib/python3.12/site-packages/turtlesim/srv/_set_pen_s.c
[103.036s] -- Installing: /home/meta/ros2_ws/install/turtlesim/lib/python3.12/site-packages/turtlesim/srv/_kill.py
[103.036s] -- Installing: /home/meta/ros2_ws/install/turtlesim/lib/python3.12/site-packages/turtlesim/srv/_spawn_s.c
[103.037s] -- Installing: /home/meta/ros2_ws/install/turtlesim/lib/python3.12/site-packages/turtlesim/srv/_teleport_relative.py
[103.038s] -- Installing: /home/meta/ros2_ws/install/turtlesim/lib/python3.12/site-packages/turtlesim/srv/_teleport_relative_s.c
[103.038s] -- Installing: /home/meta/ros2_ws/install/turtlesim/lib/python3.12/site-packages/turtlesim/action
[103.038s] -- Installing: /home/meta/ros2_ws/install/turtlesim/lib/python3.12/site-packages/turtlesim/action/_rotate_absolute_s.c
[103.039s] -- Installing: /home/meta/ros2_ws/install/turtlesim/lib/python3.12/site-packages/turtlesim/action/_rotate_absolute.py
[103.040s] -- Installing: /home/meta/ros2_ws/install/turtlesim/lib/python3.12/site-packages/turtlesim/action/__init__.py
[103.040s] -- Installing: /home/meta/ros2_ws/install/turtlesim/lib/python3.12/site-packages/turtlesim/msg
[103.041s] -- Installing: /home/meta/ros2_ws/install/turtlesim/lib/python3.12/site-packages/turtlesim/msg/_color_s.c
[103.041s] -- Installing: /home/meta/ros2_ws/install/turtlesim/lib/python3.12/site-packages/turtlesim/msg/_pose.py
[103.042s] -- Installing: /home/meta/ros2_ws/install/turtlesim/lib/python3.12/site-packages/turtlesim/msg/_color.py
[103.042s] -- Installing: /home/meta/ros2_ws/install/turtlesim/lib/python3.12/site-packages/turtlesim/msg/__init__.py
[103.042s] -- Installing: /home/meta/ros2_ws/install/turtlesim/lib/python3.12/site-packages/turtlesim/msg/_pose_s.c
[103.043s] -- Installing: /home/meta/ros2_ws/install/turtlesim/lib/python3.12/site-packages/turtlesim/_turtlesim_s.ep.rosidl_typesupport_fastrtps_c.c
[103.043s] -- Installing: /home/meta/ros2_ws/install/turtlesim/lib/python3.12/site-packages/turtlesim/turtlesim_s__rosidl_typesupport_c.so
[103.044s] -- Installing: /home/meta/ros2_ws/install/turtlesim/lib/python3.12/site-packages/turtlesim/_turtlesim_s.ep.rosidl_typesupport_c.c
[103.045s] -- Installing: /home/meta/ros2_ws/install/turtlesim/lib/python3.12/site-packages/turtlesim/__init__.py
[103.045s] -- Installing: /home/meta/ros2_ws/install/turtlesim/lib/python3.12/site-packages/turtlesim/turtlesim_s__rosidl_typesupport_introspection_c.so
[103.046s] -- Installing: /home/meta/ros2_ws/install/turtlesim/lib/python3.12/site-packages/turtlesim/turtlesim_s__rosidl_typesupport_fastrtps_c.so
[103.235s] Listing '/home/meta/ros2_ws/install/turtlesim/lib/python3.12/site-packages/turtlesim'...
[103.235s] Compiling '/home/meta/ros2_ws/install/turtlesim/lib/python3.12/site-packages/turtlesim/__init__.py'...
[103.235s] Listing '/home/meta/ros2_ws/install/turtlesim/lib/python3.12/site-packages/turtlesim/action'...
[103.235s] Compiling '/home/meta/ros2_ws/install/turtlesim/lib/python3.12/site-packages/turtlesim/action/__init__.py'...
[103.235s] Compiling '/home/meta/ros2_ws/install/turtlesim/lib/python3.12/site-packages/turtlesim/action/_rotate_absolute.py'...
[103.236s] Listing '/home/meta/ros2_ws/install/turtlesim/lib/python3.12/site-packages/turtlesim/msg'...
[103.236s] Compiling '/home/meta/ros2_ws/install/turtlesim/lib/python3.12/site-packages/turtlesim/msg/__init__.py'...
[103.236s] Compiling '/home/meta/ros2_ws/install/turtlesim/lib/python3.12/site-packages/turtlesim/msg/_color.py'...
[103.236s] Compiling '/home/meta/ros2_ws/install/turtlesim/lib/python3.12/site-packages/turtlesim/msg/_pose.py'...
[103.236s] Listing '/home/meta/ros2_ws/install/turtlesim/lib/python3.12/site-packages/turtlesim/srv'...
[103.236s] Compiling '/home/meta/ros2_ws/install/turtlesim/lib/python3.12/site-packages/turtlesim/srv/__init__.py'...
[103.236s] Compiling '/home/meta/ros2_ws/install/turtlesim/lib/python3.12/site-packages/turtlesim/srv/_kill.py'...
[103.236s] Compiling '/home/meta/ros2_ws/install/turtlesim/lib/python3.12/site-packages/turtlesim/srv/_set_pen.py'...
[103.237s] Compiling '/home/meta/ros2_ws/install/turtlesim/lib/python3.12/site-packages/turtlesim/srv/_spawn.py'...
[103.237s] Compiling '/home/meta/ros2_ws/install/turtlesim/lib/python3.12/site-packages/turtlesim/srv/_teleport_absolute.py'...
[103.237s] Compiling '/home/meta/ros2_ws/install/turtlesim/lib/python3.12/site-packages/turtlesim/srv/_teleport_relative.py'...
[103.247s] -- Installing: /home/meta/ros2_ws/install/turtlesim/lib/python3.12/site-packages/turtlesim/turtlesim_s__rosidl_typesupport_fastrtps_c.so
[103.247s] -- Set non-toolchain portion of runtime path of "/home/meta/ros2_ws/install/turtlesim/lib/python3.12/site-packages/turtlesim/turtlesim_s__rosidl_typesupport_fastrtps_c.so" to ""
[103.248s] -- Installing: /home/meta/ros2_ws/install/turtlesim/lib/python3.12/site-packages/turtlesim/turtlesim_s__rosidl_typesupport_introspection_c.so
[103.248s] -- Set non-toolchain portion of runtime path of "/home/meta/ros2_ws/install/turtlesim/lib/python3.12/site-packages/turtlesim/turtlesim_s__rosidl_typesupport_introspection_c.so" to ""
[103.249s] -- Installing: /home/meta/ros2_ws/install/turtlesim/lib/python3.12/site-packages/turtlesim/turtlesim_s__rosidl_typesupport_c.so
[103.250s] -- Set non-toolchain portion of runtime path of "/home/meta/ros2_ws/install/turtlesim/lib/python3.12/site-packages/turtlesim/turtlesim_s__rosidl_typesupport_c.so" to ""
[103.250s] -- Installing: /home/meta/ros2_ws/install/turtlesim/lib/libturtlesim__rosidl_generator_py.so
[103.251s] -- Set non-toolchain portion of runtime path of "/home/meta/ros2_ws/install/turtlesim/lib/libturtlesim__rosidl_generator_py.so" to ""
[103.251s] -- Installing: /home/meta/ros2_ws/install/turtlesim/share/turtlesim/action/RotateAbsolute.idl
[103.251s] -- Installing: /home/meta/ros2_ws/install/turtlesim/share/turtlesim/msg/Color.idl
[103.251s] -- Installing: /home/meta/ros2_ws/install/turtlesim/share/turtlesim/msg/Pose.idl
[103.252s] -- Installing: /home/meta/ros2_ws/install/turtlesim/share/turtlesim/srv/Kill.idl
[103.252s] -- Installing: /home/meta/ros2_ws/install/turtlesim/share/turtlesim/srv/SetPen.idl
[103.252s] -- Installing: /home/meta/ros2_ws/install/turtlesim/share/turtlesim/srv/Spawn.idl
[103.252s] -- Installing: /home/meta/ros2_ws/install/turtlesim/share/turtlesim/srv/TeleportAbsolute.idl
[103.252s] -- Installing: /home/meta/ros2_ws/install/turtlesim/share/turtlesim/srv/TeleportRelative.idl
[103.253s] -- Installing: /home/meta/ros2_ws/install/turtlesim/share/turtlesim/action/RotateAbsolute.action
[103.253s] -- Installing: /home/meta/ros2_ws/install/turtlesim/share/turtlesim/msg/Color.msg
[103.253s] -- Installing: /home/meta/ros2_ws/install/turtlesim/share/turtlesim/msg/Pose.msg
[103.253s] -- Installing: /home/meta/ros2_ws/install/turtlesim/share/turtlesim/srv/Kill.srv
[103.254s] -- Installing: /home/meta/ros2_ws/install/turtlesim/share/turtlesim/srv/SetPen.srv
[103.254s] -- Installing: /home/meta/ros2_ws/install/turtlesim/share/turtlesim/srv/Spawn.srv
[103.254s] -- Installing: /home/meta/ros2_ws/install/turtlesim/share/turtlesim/srv/TeleportAbsolute.srv
[103.254s] -- Installing: /home/meta/ros2_ws/install/turtlesim/share/turtlesim/srv/TeleportRelative.srv
[103.254s] -- Installing: /home/meta/ros2_ws/install/turtlesim/lib/turtlesim/turtlesim_node
[103.277s] -- Set non-toolchain portion of runtime path of "/home/meta/ros2_ws/install/turtlesim/lib/turtlesim/turtlesim_node" to ""
[103.277s] -- Installing: /home/meta/ros2_ws/install/turtlesim/lib/turtlesim/turtle_teleop_key
[103.282s] -- Set non-toolchain portion of runtime path of "/home/meta/ros2_ws/install/turtlesim/lib/turtlesim/turtle_teleop_key" to ""
[103.283s] -- Installing: /home/meta/ros2_ws/install/turtlesim/lib/turtlesim/draw_square
[103.294s] -- Set non-toolchain portion of runtime path of "/home/meta/ros2_ws/install/turtlesim/lib/turtlesim/draw_square" to ""
[103.294s] -- Installing: /home/meta/ros2_ws/install/turtlesim/lib/turtlesim/mimic
[103.303s] -- Set non-toolchain portion of runtime path of "/home/meta/ros2_ws/install/turtlesim/lib/turtlesim/mimic" to ""
[103.303s] -- Installing: /home/meta/ros2_ws/install/turtlesim/share/turtlesim/images
[103.303s] -- Installing: /home/meta/ros2_ws/install/turtlesim/share/turtlesim/images/ardent.png
[103.327s] -- Installing: /home/meta/ros2_ws/install/turtlesim/share/turtlesim/images/rolling.png
[103.328s] -- Installing: /home/meta/ros2_ws/install/turtlesim/share/turtlesim/images/humble.png
[103.328s] -- Installing: /home/meta/ros2_ws/install/turtlesim/share/turtlesim/images/foxy.png
[103.328s] -- Installing: /home/meta/ros2_ws/install/turtlesim/share/turtlesim/images/crystal.png
[103.329s] -- Installing: /home/meta/ros2_ws/install/turtlesim/share/turtlesim/images/dashing.png
[103.329s] -- Installing: /home/meta/ros2_ws/install/turtlesim/share/turtlesim/images/iron.png
[103.329s] -- Installing: /home/meta/ros2_ws/install/turtlesim/share/turtlesim/images/jazzy.png
[103.329s] -- Installing: /home/meta/ros2_ws/install/turtlesim/share/turtlesim/images/bouncy.png
[103.330s] -- Installing: /home/meta/ros2_ws/install/turtlesim/share/turtlesim/images/eloquent.png
[103.330s] -- Installing: /home/meta/ros2_ws/install/turtlesim/share/turtlesim/images/galactic.png
[103.331s] -- Installing: /home/meta/ros2_ws/install/turtlesim/share/turtlesim/launch
[103.331s] -- Installing: /home/meta/ros2_ws/install/turtlesim/share/turtlesim/launch/multisim.launch.py
[103.331s] -- Installing: /home/meta/ros2_ws/install/turtlesim/share/ament_index/resource_index/package_run_dependencies/turtlesim
[103.332s] -- Installing: /home/meta/ros2_ws/install/turtlesim/share/ament_index/resource_index/parent_prefix_path/turtlesim
[103.332s] -- Installing: /home/meta/ros2_ws/install/turtlesim/share/turtlesim/environment/ament_prefix_path.sh
[103.333s] -- Installing: /home/meta/ros2_ws/install/turtlesim/share/turtlesim/environment/ament_prefix_path.dsv
[103.333s] -- Installing: /home/meta/ros2_ws/install/turtlesim/share/turtlesim/environment/path.sh
[103.333s] -- Installing: /home/meta/ros2_ws/install/turtlesim/share/turtlesim/environment/path.dsv
[103.334s] -- Installing: /home/meta/ros2_ws/install/turtlesim/share/turtlesim/local_setup.bash
[103.334s] -- Installing: /home/meta/ros2_ws/install/turtlesim/share/turtlesim/local_setup.sh
[103.334s] -- Installing: /home/meta/ros2_ws/install/turtlesim/share/turtlesim/local_setup.zsh
[103.335s] -- Installing: /home/meta/ros2_ws/install/turtlesim/share/turtlesim/local_setup.dsv
[103.335s] -- Installing: /home/meta/ros2_ws/install/turtlesim/share/turtlesim/package.dsv
[103.335s] -- Installing: /home/meta/ros2_ws/install/turtlesim/share/ament_index/resource_index/packages/turtlesim
[103.336s] -- Installing: /home/meta/ros2_ws/install/turtlesim/share/turtlesim/cmake/export_turtlesim__rosidl_generator_cExport.cmake
[103.336s] -- Installing: /home/meta/ros2_ws/install/turtlesim/share/turtlesim/cmake/export_turtlesim__rosidl_generator_cExport-noconfig.cmake
[103.336s] -- Installing: /home/meta/ros2_ws/install/turtlesim/share/turtlesim/cmake/export_turtlesim__rosidl_typesupport_fastrtps_cExport.cmake
[103.337s] -- Installing: /home/meta/ros2_ws/install/turtlesim/share/turtlesim/cmake/export_turtlesim__rosidl_typesupport_fastrtps_cExport-noconfig.cmake
[103.337s] -- Installing: /home/meta/ros2_ws/install/turtlesim/share/turtlesim/cmake/export_turtlesim__rosidl_generator_cppExport.cmake
[103.338s] -- Installing: /home/meta/ros2_ws/install/turtlesim/share/turtlesim/cmake/export_turtlesim__rosidl_typesupport_fastrtps_cppExport.cmake
[103.338s] -- Installing: /home/meta/ros2_ws/install/turtlesim/share/turtlesim/cmake/export_turtlesim__rosidl_typesupport_fastrtps_cppExport-noconfig.cmake
[103.338s] -- Installing: /home/meta/ros2_ws/install/turtlesim/share/turtlesim/cmake/turtlesim__rosidl_typesupport_introspection_cExport.cmake
[103.339s] -- Installing: /home/meta/ros2_ws/install/turtlesim/share/turtlesim/cmake/turtlesim__rosidl_typesupport_introspection_cExport-noconfig.cmake
[103.339s] -- Installing: /home/meta/ros2_ws/install/turtlesim/share/turtlesim/cmake/turtlesim__rosidl_typesupport_cExport.cmake
[103.339s] -- Installing: /home/meta/ros2_ws/install/turtlesim/share/turtlesim/cmake/turtlesim__rosidl_typesupport_cExport-noconfig.cmake
[103.340s] -- Installing: /home/meta/ros2_ws/install/turtlesim/share/turtlesim/cmake/turtlesim__rosidl_typesupport_introspection_cppExport.cmake
[103.340s] -- Installing: /home/meta/ros2_ws/install/turtlesim/share/turtlesim/cmake/turtlesim__rosidl_typesupport_introspection_cppExport-noconfig.cmake
[103.340s] -- Installing: /home/meta/ros2_ws/install/turtlesim/share/turtlesim/cmake/turtlesim__rosidl_typesupport_cppExport.cmake
[103.341s] -- Installing: /home/meta/ros2_ws/install/turtlesim/share/turtlesim/cmake/turtlesim__rosidl_typesupport_cppExport-noconfig.cmake
[103.341s] -- Installing: /home/meta/ros2_ws/install/turtlesim/share/turtlesim/cmake/export_turtlesim__rosidl_generator_pyExport.cmake
[103.342s] -- Installing: /home/meta/ros2_ws/install/turtlesim/share/turtlesim/cmake/export_turtlesim__rosidl_generator_pyExport-noconfig.cmake
[103.342s] -- Installing: /home/meta/ros2_ws/install/turtlesim/share/turtlesim/cmake/rosidl_cmake-extras.cmake
[103.342s] -- Installing: /home/meta/ros2_ws/install/turtlesim/share/turtlesim/cmake/ament_cmake_export_dependencies-extras.cmake
[103.343s] -- Installing: /home/meta/ros2_ws/install/turtlesim/share/turtlesim/cmake/ament_cmake_export_include_directories-extras.cmake
[103.343s] -- Installing: /home/meta/ros2_ws/install/turtlesim/share/turtlesim/cmake/ament_cmake_export_libraries-extras.cmake
[103.343s] -- Installing: /home/meta/ros2_ws/install/turtlesim/share/turtlesim/cmake/ament_cmake_export_targets-extras.cmake
[103.344s] -- Installing: /home/meta/ros2_ws/install/turtlesim/share/turtlesim/cmake/rosidl_cmake_export_typesupport_targets-extras.cmake
[103.344s] -- Installing: /home/meta/ros2_ws/install/turtlesim/share/turtlesim/cmake/rosidl_cmake_export_typesupport_libraries-extras.cmake
[103.344s] -- Installing: /home/meta/ros2_ws/install/turtlesim/share/turtlesim/cmake/turtlesimConfig.cmake
[103.345s] -- Installing: /home/meta/ros2_ws/install/turtlesim/share/turtlesim/cmake/turtlesimConfig-version.cmake
[103.345s] -- Installing: /home/meta/ros2_ws/install/turtlesim/share/turtlesim/package.xml
[103.349s] Invoked command in '/home/meta/ros2_ws/build/turtlesim' returned '0': CMAKE_PREFIX_PATH=${CMAKE_PREFIX_PATH}:/opt/ros/jazzy DEBUGINFOD_URLS=https://debuginfod.ubuntu.com /usr/bin/cmake --install /home/meta/ros2_ws/build/turtlesim
