[0.718s] DEBUG:colcon:Command line arguments: ['/usr/bin/colcon', 'build', '--packages-select', 'tutorial_interfaces']
[0.718s] DEBUG:colcon:Parsed command line arguments: Namespace(log_base=None, log_level=None, verb_name='build', build_base='build', install_base='install', merge_install=False, symlink_install=False, test_result_base=None, continue_on_error=False, executor='parallel', parallel_workers=4, event_handlers=None, ignore_user_meta=False, metas=['./colcon.meta'], base_paths=['.'], packages_ignore=None, packages_ignore_regex=None, paths=None, packages_up_to=None, packages_up_to_regex=None, packages_above=None, packages_above_and_dependencies=None, packages_above_depth=None, packages_select_by_dep=None, packages_skip_by_dep=None, packages_skip_up_to=None, packages_select_build_failed=False, packages_skip_build_finished=False, packages_select_test_failures=False, packages_skip_test_passed=False, packages_select=['tutorial_interfaces'], packages_skip=None, packages_select_regex=None, packages_skip_regex=None, packages_start=None, packages_end=None, allow_overriding=[], cmake_args=None, cmake_target=None, cmake_target_skip_unavailable=False, cmake_clean_cache=False, cmake_clean_first=False, cmake_force_configure=False, ament_cmake_args=None, catkin_cmake_args=None, catkin_skip_building_tests=False, mixin_files=None, mixin=None, verb_parser=<colcon_mixin.mixin.mixin_argument.MixinArgumentDecorator object at 0x79617a3872f0>, verb_extension=<colcon_core.verb.build.BuildVerb object at 0x79617a386e70>, main=<bound method BuildVerb.main of <colcon_core.verb.build.BuildVerb object at 0x79617a386e70>>, mixin_verb=('build',))
[0.786s] Level 1:colcon.colcon_core.package_discovery:discover_packages(colcon_meta) check parameters
[0.787s] Level 1:colcon.colcon_core.package_discovery:discover_packages(recursive) check parameters
[0.787s] Level 1:colcon.colcon_core.package_discovery:discover_packages(ignore) check parameters
[0.787s] Level 1:colcon.colcon_core.package_discovery:discover_packages(path) check parameters
[0.787s] Level 1:colcon.colcon_core.package_discovery:discover_packages(colcon_meta) discover
[0.787s] Level 1:colcon.colcon_core.package_discovery:discover_packages(recursive) discover
[0.787s] INFO:colcon.colcon_core.package_discovery:Crawling recursively for packages in '/home/meta/ros2_ws'
[0.787s] Level 1:colcon.colcon_core.package_identification:_identify(.) by extensions ['ignore', 'ignore_ament_install']
[0.788s] Level 1:colcon.colcon_core.package_identification:_identify(.) by extension 'ignore'
[0.788s] Level 1:colcon.colcon_core.package_identification:_identify(.) by extension 'ignore_ament_install'
[0.788s] Level 1:colcon.colcon_core.package_identification:_identify(.) by extensions ['colcon_pkg']
[0.788s] Level 1:colcon.colcon_core.package_identification:_identify(.) by extension 'colcon_pkg'
[0.788s] Level 1:colcon.colcon_core.package_identification:_identify(.) by extensions ['colcon_meta']
[0.788s] Level 1:colcon.colcon_core.package_identification:_identify(.) by extension 'colcon_meta'
[0.788s] Level 1:colcon.colcon_core.package_identification:_identify(.) by extensions ['ros']
[0.788s] Level 1:colcon.colcon_core.package_identification:_identify(.) by extension 'ros'
[0.845s] Level 1:colcon.colcon_core.package_identification:_identify(.) by extensions ['cmake', 'python']
[0.845s] Level 1:colcon.colcon_core.package_identification:_identify(.) by extension 'cmake'
[0.845s] Level 1:colcon.colcon_core.package_identification:_identify(.) by extension 'python'
[0.845s] Level 1:colcon.colcon_core.package_identification:_identify(.) by extensions ['python_setup_py']
[0.845s] Level 1:colcon.colcon_core.package_identification:_identify(.) by extension 'python_setup_py'
[0.845s] Level 1:colcon.colcon_core.package_identification:_identify(build) by extensions ['ignore', 'ignore_ament_install']
[0.846s] Level 1:colcon.colcon_core.package_identification:_identify(build) by extension 'ignore'
[0.846s] Level 1:colcon.colcon_core.package_identification:_identify(build) ignored
[0.846s] Level 1:colcon.colcon_core.package_identification:_identify(install) by extensions ['ignore', 'ignore_ament_install']
[0.846s] Level 1:colcon.colcon_core.package_identification:_identify(install) by extension 'ignore'
[0.846s] Level 1:colcon.colcon_core.package_identification:_identify(install) ignored
[0.846s] Level 1:colcon.colcon_core.package_identification:_identify(log) by extensions ['ignore', 'ignore_ament_install']
[0.847s] Level 1:colcon.colcon_core.package_identification:_identify(log) by extension 'ignore'
[0.847s] Level 1:colcon.colcon_core.package_identification:_identify(log) ignored
[0.847s] Level 1:colcon.colcon_core.package_identification:_identify(src) by extensions ['ignore', 'ignore_ament_install']
[0.847s] Level 1:colcon.colcon_core.package_identification:_identify(src) by extension 'ignore'
[0.847s] Level 1:colcon.colcon_core.package_identification:_identify(src) by extension 'ignore_ament_install'
[0.847s] Level 1:colcon.colcon_core.package_identification:_identify(src) by extensions ['colcon_pkg']
[0.847s] Level 1:colcon.colcon_core.package_identification:_identify(src) by extension 'colcon_pkg'
[0.847s] Level 1:colcon.colcon_core.package_identification:_identify(src) by extensions ['colcon_meta']
[0.847s] Level 1:colcon.colcon_core.package_identification:_identify(src) by extension 'colcon_meta'
[0.847s] Level 1:colcon.colcon_core.package_identification:_identify(src) by extensions ['ros']
[0.848s] Level 1:colcon.colcon_core.package_identification:_identify(src) by extension 'ros'
[0.848s] Level 1:colcon.colcon_core.package_identification:_identify(src) by extensions ['cmake', 'python']
[0.848s] Level 1:colcon.colcon_core.package_identification:_identify(src) by extension 'cmake'
[0.848s] Level 1:colcon.colcon_core.package_identification:_identify(src) by extension 'python'
[0.848s] Level 1:colcon.colcon_core.package_identification:_identify(src) by extensions ['python_setup_py']
[0.848s] Level 1:colcon.colcon_core.package_identification:_identify(src) by extension 'python_setup_py'
[0.848s] Level 1:colcon.colcon_core.package_identification:_identify(src/my_package) by extensions ['ignore', 'ignore_ament_install']
[0.848s] Level 1:colcon.colcon_core.package_identification:_identify(src/my_package) by extension 'ignore'
[0.848s] Level 1:colcon.colcon_core.package_identification:_identify(src/my_package) by extension 'ignore_ament_install'
[0.849s] Level 1:colcon.colcon_core.package_identification:_identify(src/my_package) by extensions ['colcon_pkg']
[0.849s] Level 1:colcon.colcon_core.package_identification:_identify(src/my_package) by extension 'colcon_pkg'
[0.849s] Level 1:colcon.colcon_core.package_identification:_identify(src/my_package) by extensions ['colcon_meta']
[0.849s] Level 1:colcon.colcon_core.package_identification:_identify(src/my_package) by extension 'colcon_meta'
[0.849s] Level 1:colcon.colcon_core.package_identification:_identify(src/my_package) by extensions ['ros']
[0.849s] Level 1:colcon.colcon_core.package_identification:_identify(src/my_package) by extension 'ros'
[0.853s] DEBUG:colcon.colcon_core.package_identification:Package 'src/my_package' with type 'ros.ament_python' and name 'my_package'
[0.853s] Level 1:colcon.colcon_core.package_identification:_identify(src/py_pubsub) by extensions ['ignore', 'ignore_ament_install']
[0.853s] Level 1:colcon.colcon_core.package_identification:_identify(src/py_pubsub) by extension 'ignore'
[0.853s] Level 1:colcon.colcon_core.package_identification:_identify(src/py_pubsub) by extension 'ignore_ament_install'
[0.854s] Level 1:colcon.colcon_core.package_identification:_identify(src/py_pubsub) by extensions ['colcon_pkg']
[0.854s] Level 1:colcon.colcon_core.package_identification:_identify(src/py_pubsub) by extension 'colcon_pkg'
[0.854s] Level 1:colcon.colcon_core.package_identification:_identify(src/py_pubsub) by extensions ['colcon_meta']
[0.854s] Level 1:colcon.colcon_core.package_identification:_identify(src/py_pubsub) by extension 'colcon_meta'
[0.854s] Level 1:colcon.colcon_core.package_identification:_identify(src/py_pubsub) by extensions ['ros']
[0.854s] Level 1:colcon.colcon_core.package_identification:_identify(src/py_pubsub) by extension 'ros'
[0.855s] DEBUG:colcon.colcon_core.package_identification:Package 'src/py_pubsub' with type 'ros.ament_python' and name 'py_pubsub'
[0.855s] Level 1:colcon.colcon_core.package_identification:_identify(src/py_srvcli) by extensions ['ignore', 'ignore_ament_install']
[0.855s] Level 1:colcon.colcon_core.package_identification:_identify(src/py_srvcli) by extension 'ignore'
[0.855s] Level 1:colcon.colcon_core.package_identification:_identify(src/py_srvcli) by extension 'ignore_ament_install'
[0.855s] Level 1:colcon.colcon_core.package_identification:_identify(src/py_srvcli) by extensions ['colcon_pkg']
[0.855s] Level 1:colcon.colcon_core.package_identification:_identify(src/py_srvcli) by extension 'colcon_pkg'
[0.855s] Level 1:colcon.colcon_core.package_identification:_identify(src/py_srvcli) by extensions ['colcon_meta']
[0.856s] Level 1:colcon.colcon_core.package_identification:_identify(src/py_srvcli) by extension 'colcon_meta'
[0.856s] Level 1:colcon.colcon_core.package_identification:_identify(src/py_srvcli) by extensions ['ros']
[0.856s] Level 1:colcon.colcon_core.package_identification:_identify(src/py_srvcli) by extension 'ros'
[0.857s] DEBUG:colcon.colcon_core.package_identification:Package 'src/py_srvcli' with type 'ros.ament_python' and name 'py_srvcli'
[0.857s] Level 1:colcon.colcon_core.package_identification:_identify(src/ros_tutorials) by extensions ['ignore', 'ignore_ament_install']
[0.857s] Level 1:colcon.colcon_core.package_identification:_identify(src/ros_tutorials) by extension 'ignore'
[0.858s] Level 1:colcon.colcon_core.package_identification:_identify(src/ros_tutorials) by extension 'ignore_ament_install'
[0.858s] Level 1:colcon.colcon_core.package_identification:_identify(src/ros_tutorials) by extensions ['colcon_pkg']
[0.858s] Level 1:colcon.colcon_core.package_identification:_identify(src/ros_tutorials) by extension 'colcon_pkg'
[0.858s] Level 1:colcon.colcon_core.package_identification:_identify(src/ros_tutorials) by extensions ['colcon_meta']
[0.858s] Level 1:colcon.colcon_core.package_identification:_identify(src/ros_tutorials) by extension 'colcon_meta'
[0.858s] Level 1:colcon.colcon_core.package_identification:_identify(src/ros_tutorials) by extensions ['ros']
[0.858s] Level 1:colcon.colcon_core.package_identification:_identify(src/ros_tutorials) by extension 'ros'
[0.858s] Level 1:colcon.colcon_core.package_identification:_identify(src/ros_tutorials) by extensions ['cmake', 'python']
[0.858s] Level 1:colcon.colcon_core.package_identification:_identify(src/ros_tutorials) by extension 'cmake'
[0.858s] Level 1:colcon.colcon_core.package_identification:_identify(src/ros_tutorials) by extension 'python'
[0.858s] Level 1:colcon.colcon_core.package_identification:_identify(src/ros_tutorials) by extensions ['python_setup_py']
[0.859s] Level 1:colcon.colcon_core.package_identification:_identify(src/ros_tutorials) by extension 'python_setup_py'
[0.859s] Level 1:colcon.colcon_core.package_identification:_identify(src/ros_tutorials/turtlesim) by extensions ['ignore', 'ignore_ament_install']
[0.859s] Level 1:colcon.colcon_core.package_identification:_identify(src/ros_tutorials/turtlesim) by extension 'ignore'
[0.859s] Level 1:colcon.colcon_core.package_identification:_identify(src/ros_tutorials/turtlesim) by extension 'ignore_ament_install'
[0.859s] Level 1:colcon.colcon_core.package_identification:_identify(src/ros_tutorials/turtlesim) by extensions ['colcon_pkg']
[0.859s] Level 1:colcon.colcon_core.package_identification:_identify(src/ros_tutorials/turtlesim) by extension 'colcon_pkg'
[0.859s] Level 1:colcon.colcon_core.package_identification:_identify(src/ros_tutorials/turtlesim) by extensions ['colcon_meta']
[0.859s] Level 1:colcon.colcon_core.package_identification:_identify(src/ros_tutorials/turtlesim) by extension 'colcon_meta'
[0.859s] Level 1:colcon.colcon_core.package_identification:_identify(src/ros_tutorials/turtlesim) by extensions ['ros']
[0.859s] Level 1:colcon.colcon_core.package_identification:_identify(src/ros_tutorials/turtlesim) by extension 'ros'
[0.861s] DEBUG:colcon.colcon_core.package_identification:Package 'src/ros_tutorials/turtlesim' with type 'ros.ament_cmake' and name 'turtlesim'
[0.862s] Level 1:colcon.colcon_core.package_identification:_identify(src/tutorial_interfaces) by extensions ['ignore', 'ignore_ament_install']
[0.862s] Level 1:colcon.colcon_core.package_identification:_identify(src/tutorial_interfaces) by extension 'ignore'
[0.862s] Level 1:colcon.colcon_core.package_identification:_identify(src/tutorial_interfaces) by extension 'ignore_ament_install'
[0.862s] Level 1:colcon.colcon_core.package_identification:_identify(src/tutorial_interfaces) by extensions ['colcon_pkg']
[0.862s] Level 1:colcon.colcon_core.package_identification:_identify(src/tutorial_interfaces) by extension 'colcon_pkg'
[0.862s] Level 1:colcon.colcon_core.package_identification:_identify(src/tutorial_interfaces) by extensions ['colcon_meta']
[0.862s] Level 1:colcon.colcon_core.package_identification:_identify(src/tutorial_interfaces) by extension 'colcon_meta'
[0.862s] Level 1:colcon.colcon_core.package_identification:_identify(src/tutorial_interfaces) by extensions ['ros']
[0.862s] Level 1:colcon.colcon_core.package_identification:_identify(src/tutorial_interfaces) by extension 'ros'
[0.863s] DEBUG:colcon.colcon_core.package_identification:Package 'src/tutorial_interfaces' with type 'ros.ament_cmake' and name 'tutorial_interfaces'
[0.863s] Level 1:colcon.colcon_core.package_discovery:discover_packages(recursive) using defaults
[0.863s] Level 1:colcon.colcon_core.package_discovery:discover_packages(ignore) discover
[0.864s] Level 1:colcon.colcon_core.package_discovery:discover_packages(ignore) using defaults
[0.864s] Level 1:colcon.colcon_core.package_discovery:discover_packages(path) discover
[0.864s] Level 1:colcon.colcon_core.package_discovery:discover_packages(path) using defaults
[0.896s] INFO:colcon.colcon_core.package_selection:Skipping not selected package 'my_package' in 'src/my_package'
[0.896s] INFO:colcon.colcon_core.package_selection:Skipping not selected package 'py_pubsub' in 'src/py_pubsub'
[0.896s] INFO:colcon.colcon_core.package_selection:Skipping not selected package 'py_srvcli' in 'src/py_srvcli'
[0.896s] INFO:colcon.colcon_core.package_selection:Skipping not selected package 'turtlesim' in 'src/ros_tutorials/turtlesim'
[0.897s] Level 1:colcon.colcon_core.package_discovery:discover_packages(prefix_path) check parameters
[0.897s] Level 1:colcon.colcon_core.package_discovery:discover_packages(prefix_path) discover
[0.902s] DEBUG:colcon.colcon_installed_package_information.package_discovery:Found 308 installed packages in /opt/ros/jazzy
[0.905s] Level 1:colcon.colcon_core.package_discovery:discover_packages(prefix_path) using defaults
[1.000s] Level 5:colcon.colcon_core.verb:set package 'tutorial_interfaces' build argument 'cmake_args' from command line to 'None'
[1.000s] Level 5:colcon.colcon_core.verb:set package 'tutorial_interfaces' build argument 'cmake_target' from command line to 'None'
[1.000s] Level 5:colcon.colcon_core.verb:set package 'tutorial_interfaces' build argument 'cmake_target_skip_unavailable' from command line to 'False'
[1.000s] Level 5:colcon.colcon_core.verb:set package 'tutorial_interfaces' build argument 'cmake_clean_cache' from command line to 'False'
[1.000s] Level 5:colcon.colcon_core.verb:set package 'tutorial_interfaces' build argument 'cmake_clean_first' from command line to 'False'
[1.000s] Level 5:colcon.colcon_core.verb:set package 'tutorial_interfaces' build argument 'cmake_force_configure' from command line to 'False'
[1.001s] Level 5:colcon.colcon_core.verb:set package 'tutorial_interfaces' build argument 'ament_cmake_args' from command line to 'None'
[1.001s] Level 5:colcon.colcon_core.verb:set package 'tutorial_interfaces' build argument 'catkin_cmake_args' from command line to 'None'
[1.001s] Level 5:colcon.colcon_core.verb:set package 'tutorial_interfaces' build argument 'catkin_skip_building_tests' from command line to 'False'
[1.001s] DEBUG:colcon.colcon_core.verb:Building package 'tutorial_interfaces' with the following arguments: {'ament_cmake_args': None, 'build_base': '/home/meta/ros2_ws/build/tutorial_interfaces', 'catkin_cmake_args': None, 'catkin_skip_building_tests': False, 'cmake_args': None, 'cmake_clean_cache': False, 'cmake_clean_first': False, 'cmake_force_configure': False, 'cmake_target': None, 'cmake_target_skip_unavailable': False, 'install_base': '/home/meta/ros2_ws/install/tutorial_interfaces', 'merge_install': False, 'path': '/home/meta/ros2_ws/src/tutorial_interfaces', 'symlink_install': False, 'test_result_base': None}
[1.001s] INFO:colcon.colcon_core.executor:Executing jobs using 'parallel' executor
[1.002s] DEBUG:colcon.colcon_parallel_executor.executor.parallel:run_until_complete
[1.003s] INFO:colcon.colcon_ros.task.ament_cmake.build:Building ROS package in '/home/meta/ros2_ws/src/tutorial_interfaces' with build type 'ament_cmake'
[1.003s] INFO:colcon.colcon_cmake.task.cmake.build:Building CMake package in '/home/meta/ros2_ws/src/tutorial_interfaces'
[1.008s] INFO:colcon.colcon_core.plugin_system:Skipping extension 'colcon_core.shell.bat': Not used on non-Windows systems
[1.008s] INFO:colcon.colcon_core.shell:Skip shell extension 'powershell' for command environment: Not usable outside of PowerShell
[1.008s] DEBUG:colcon.colcon_core.shell:Skip shell extension 'dsv' for command environment
[1.022s] DEBUG:colcon.colcon_core.event_handler.log_command:Invoking command in '/home/meta/ros2_ws/build/tutorial_interfaces': CMAKE_PREFIX_PATH=${CMAKE_PREFIX_PATH}:/opt/ros/jazzy DEBUGINFOD_URLS=https://debuginfod.ubuntu.com /usr/bin/cmake /home/meta/ros2_ws/src/tutorial_interfaces -DCMAKE_INSTALL_PREFIX=/home/meta/ros2_ws/install/tutorial_interfaces
[1.714s] DEBUG:colcon.colcon_core.event_handler.log_command:Invoked command in '/home/meta/ros2_ws/build/tutorial_interfaces' returned '1': CMAKE_PREFIX_PATH=${CMAKE_PREFIX_PATH}:/opt/ros/jazzy DEBUGINFOD_URLS=https://debuginfod.ubuntu.com /usr/bin/cmake /home/meta/ros2_ws/src/tutorial_interfaces -DCMAKE_INSTALL_PREFIX=/home/meta/ros2_ws/install/tutorial_interfaces
[1.733s] Level 1:colcon.colcon_core.environment:create_environment_scripts_only(tutorial_interfaces)
[1.738s] Level 1:colcon.colcon_core.environment:checking '/home/meta/ros2_ws/install/tutorial_interfaces' for CMake module files
[1.738s] Level 1:colcon.colcon_core.environment:checking '/home/meta/ros2_ws/install/tutorial_interfaces' for CMake config files
[1.739s] Level 1:colcon.colcon_core.environment:checking '/home/meta/ros2_ws/install/tutorial_interfaces/bin'
[1.739s] Level 1:colcon.colcon_core.environment:checking '/home/meta/ros2_ws/install/tutorial_interfaces/lib/pkgconfig/tutorial_interfaces.pc'
[1.740s] Level 1:colcon.colcon_core.environment:checking '/home/meta/ros2_ws/install/tutorial_interfaces/lib/python3.12/site-packages'
[1.740s] Level 1:colcon.colcon_core.environment:checking '/home/meta/ros2_ws/install/tutorial_interfaces/bin'
[1.740s] INFO:colcon.colcon_core.shell:Creating package script '/home/meta/ros2_ws/install/tutorial_interfaces/share/tutorial_interfaces/package.ps1'
[1.741s] INFO:colcon.colcon_core.shell:Creating package descriptor '/home/meta/ros2_ws/install/tutorial_interfaces/share/tutorial_interfaces/package.dsv'
[1.742s] INFO:colcon.colcon_core.shell:Creating package script '/home/meta/ros2_ws/install/tutorial_interfaces/share/tutorial_interfaces/package.sh'
[1.743s] INFO:colcon.colcon_core.shell:Creating package script '/home/meta/ros2_ws/install/tutorial_interfaces/share/tutorial_interfaces/package.bash'
[1.744s] INFO:colcon.colcon_core.shell:Creating package script '/home/meta/ros2_ws/install/tutorial_interfaces/share/tutorial_interfaces/package.zsh'
[1.745s] Level 1:colcon.colcon_core.environment:create_file_with_runtime_dependencies(/home/meta/ros2_ws/install/tutorial_interfaces/share/colcon-core/packages/tutorial_interfaces)
[1.756s] DEBUG:colcon.colcon_parallel_executor.executor.parallel:closing loop
[1.756s] DEBUG:colcon.colcon_parallel_executor.executor.parallel:loop closed
[1.756s] DEBUG:colcon.colcon_parallel_executor.executor.parallel:run_until_complete finished with '1'
[1.756s] DEBUG:colcon.colcon_core.event_reactor:joining thread
[1.765s] INFO:colcon.colcon_core.plugin_system:Skipping extension 'colcon_notification.desktop_notification.terminal_notifier': Not used on non-Darwin systems
[1.765s] INFO:colcon.colcon_core.plugin_system:Skipping extension 'colcon_notification.desktop_notification.win32': Not used on non-Windows systems
[1.765s] INFO:colcon.colcon_notification.desktop_notification:Sending desktop notification using 'notify2'
[1.796s] DEBUG:colcon.colcon_core.event_reactor:joined thread
[1.797s] INFO:colcon.colcon_core.shell:Creating prefix script '/home/meta/ros2_ws/install/local_setup.ps1'
[1.802s] INFO:colcon.colcon_core.shell:Creating prefix util module '/home/meta/ros2_ws/install/_local_setup_util_ps1.py'
[1.807s] INFO:colcon.colcon_core.shell:Creating prefix chain script '/home/meta/ros2_ws/install/setup.ps1'
[1.809s] INFO:colcon.colcon_core.shell:Creating prefix script '/home/meta/ros2_ws/install/local_setup.sh'
[1.811s] INFO:colcon.colcon_core.shell:Creating prefix util module '/home/meta/ros2_ws/install/_local_setup_util_sh.py'
[1.812s] INFO:colcon.colcon_core.shell:Creating prefix chain script '/home/meta/ros2_ws/install/setup.sh'
[1.815s] INFO:colcon.colcon_core.shell:Creating prefix script '/home/meta/ros2_ws/install/local_setup.bash'
[1.818s] INFO:colcon.colcon_core.shell:Creating prefix chain script '/home/meta/ros2_ws/install/setup.bash'
[1.820s] INFO:colcon.colcon_core.shell:Creating prefix script '/home/meta/ros2_ws/install/local_setup.zsh'
[1.821s] INFO:colcon.colcon_core.shell:Creating prefix chain script '/home/meta/ros2_ws/install/setup.zsh'
