[9.385s] Invoking command in '/home/meta/ros2_ws/src/my_package': DEBUGINFOD_URLS=https://debuginfod.ubuntu.com PYTHONPATH=/home/meta/ros2_ws/build/my_package/prefix_override:/usr/lib/python3/dist-packages/colcon_core/task/python/colcon_distutils_commands:/home/meta/ros2_ws/install/my_package/lib/python3.12/site-packages:${PYTHONPATH} /usr/bin/python3 -W ignore:setup.py install is deprecated setup.py egg_info --egg-base ../../build/my_package build --build-base /home/meta/ros2_ws/build/my_package/build install --record /home/meta/ros2_ws/build/my_package/install.log --single-version-externally-managed install_data
[10.038s] running egg_info
[10.039s] creating ../../build/my_package/my_package.egg-info
[10.086s] writing ../../build/my_package/my_package.egg-info/PKG-INFO
[10.086s] writing dependency_links to ../../build/my_package/my_package.egg-info/dependency_links.txt
[10.087s] writing entry points to ../../build/my_package/my_package.egg-info/entry_points.txt
[10.087s] writing requirements to ../../build/my_package/my_package.egg-info/requires.txt
[10.087s] writing top-level names to ../../build/my_package/my_package.egg-info/top_level.txt
[10.088s] writing manifest file '../../build/my_package/my_package.egg-info/SOURCES.txt'
[10.181s] reading manifest file '../../build/my_package/my_package.egg-info/SOURCES.txt'
[10.182s] adding license file 'LICENSE'
[10.183s] writing manifest file '../../build/my_package/my_package.egg-info/SOURCES.txt'
[10.183s] running build
[10.183s] running build_py
[10.184s] creating /home/meta/ros2_ws/build/my_package/build
[10.184s] creating /home/meta/ros2_ws/build/my_package/build/lib
[10.184s] creating /home/meta/ros2_ws/build/my_package/build/lib/my_package
[10.185s] copying my_package/my_node.py -> /home/meta/ros2_ws/build/my_package/build/lib/my_package
[10.185s] copying my_package/__init__.py -> /home/meta/ros2_ws/build/my_package/build/lib/my_package
[10.185s] running install
[10.198s] running install_lib
[10.242s] creating /home/meta/ros2_ws/install/my_package/lib/python3.12/site-packages/my_package
[10.242s] copying /home/meta/ros2_ws/build/my_package/build/lib/my_package/my_node.py -> /home/meta/ros2_ws/install/my_package/lib/python3.12/site-packages/my_package
[10.242s] copying /home/meta/ros2_ws/build/my_package/build/lib/my_package/__init__.py -> /home/meta/ros2_ws/install/my_package/lib/python3.12/site-packages/my_package
[10.243s] byte-compiling /home/meta/ros2_ws/install/my_package/lib/python3.12/site-packages/my_package/my_node.py to my_node.cpython-312.pyc
[10.244s] byte-compiling /home/meta/ros2_ws/install/my_package/lib/python3.12/site-packages/my_package/__init__.py to __init__.cpython-312.pyc
[10.244s] running install_data
[10.245s] creating /home/meta/ros2_ws/install/my_package/share/ament_index
[10.245s] creating /home/meta/ros2_ws/install/my_package/share/ament_index/resource_index
[10.246s] creating /home/meta/ros2_ws/install/my_package/share/ament_index/resource_index/packages
[10.246s] copying resource/my_package -> /home/meta/ros2_ws/install/my_package/share/ament_index/resource_index/packages
[10.246s] copying package.xml -> /home/meta/ros2_ws/install/my_package/share/my_package
[10.247s] running install_egg_info
[10.296s] Copying ../../build/my_package/my_package.egg-info to /home/meta/ros2_ws/install/my_package/lib/python3.12/site-packages/my_package-0.0.0-py3.12.egg-info
[10.297s] running install_scripts
[10.633s] Installing my_node script to /home/meta/ros2_ws/install/my_package/lib/my_package
[10.634s] writing list of installed files to '/home/meta/ros2_ws/build/my_package/install.log'
[10.716s] Invoked command in '/home/meta/ros2_ws/src/my_package' returned '0': DEBUGINFOD_URLS=https://debuginfod.ubuntu.com PYTHONPATH=/home/meta/ros2_ws/build/my_package/prefix_override:/usr/lib/python3/dist-packages/colcon_core/task/python/colcon_distutils_commands:/home/meta/ros2_ws/install/my_package/lib/python3.12/site-packages:${PYTHONPATH} /usr/bin/python3 -W ignore:setup.py install is deprecated setup.py egg_info --egg-base ../../build/my_package build --build-base /home/meta/ros2_ws/build/my_package/build install --record /home/meta/ros2_ws/build/my_package/install.log --single-version-externally-managed install_data
