[2.725s] Invoking command in '/home/meta/ros2_ws/src/learning_tf2_py': AMENT_PREFIX_PATH=/home/meta/ros2_ws/install/turtlesim:${AMENT_PREFIX_PATH} CMAKE_PREFIX_PATH=/home/meta/ros2_ws/install/turtlesim:${CMAKE_PREFIX_PATH} DEBUGINFOD_URLS=https://debuginfod.ubuntu.com LD_LIBRARY_PATH=/home/meta/ros2_ws/install/turtlesim/lib:${LD_LIBRARY_PATH} PYTHONPATH=/home/meta/ros2_ws/build/learning_tf2_py/prefix_override:/usr/lib/python3/dist-packages/colcon_core/task/python/colcon_distutils_commands:/home/meta/ros2_ws/install/learning_tf2_py/lib/python3.12/site-packages:/home/meta/ros2_ws/install/turtlesim/lib/python3.12/site-packages:${PYTHONPATH} /usr/bin/python3 -W ignore:setup.py install is deprecated setup.py egg_info --egg-base ../../build/learning_tf2_py build --build-base /home/meta/ros2_ws/build/learning_tf2_py/build install --record /home/meta/ros2_ws/build/learning_tf2_py/install.log --single-version-externally-managed install_data
[3.321s] running egg_info
[3.368s] writing ../../build/learning_tf2_py/learning_tf2_py.egg-info/PKG-INFO
[3.368s] writing dependency_links to ../../build/learning_tf2_py/learning_tf2_py.egg-info/dependency_links.txt
[3.369s] writing entry points to ../../build/learning_tf2_py/learning_tf2_py.egg-info/entry_points.txt
[3.369s] writing requirements to ../../build/learning_tf2_py/learning_tf2_py.egg-info/requires.txt
[3.370s] writing top-level names to ../../build/learning_tf2_py/learning_tf2_py.egg-info/top_level.txt
[3.464s] reading manifest file '../../build/learning_tf2_py/learning_tf2_py.egg-info/SOURCES.txt'
[3.474s] adding license file 'LICENSE'
[3.476s] writing manifest file '../../build/learning_tf2_py/learning_tf2_py.egg-info/SOURCES.txt'
[3.476s] running build
[3.477s] running build_py
[3.477s] copying learning_tf2_py/my_tf2_broadcaster.py -> /home/meta/ros2_ws/build/learning_tf2_py/build/lib/learning_tf2_py
[3.477s] copying learning_tf2_py/dynamic_frame_tf2_broadcaster.py -> /home/meta/ros2_ws/build/learning_tf2_py/build/lib/learning_tf2_py
[3.478s] running install
[3.490s] running install_lib
[3.537s] copying /home/meta/ros2_ws/build/learning_tf2_py/build/lib/learning_tf2_py/my_tf2_broadcaster.py -> /home/meta/ros2_ws/install/learning_tf2_py/lib/python3.12/site-packages/learning_tf2_py
[3.538s] copying /home/meta/ros2_ws/build/learning_tf2_py/build/lib/learning_tf2_py/dynamic_frame_tf2_broadcaster.py -> /home/meta/ros2_ws/install/learning_tf2_py/lib/python3.12/site-packages/learning_tf2_py
[3.540s] byte-compiling /home/meta/ros2_ws/install/learning_tf2_py/lib/python3.12/site-packages/learning_tf2_py/my_tf2_broadcaster.py to my_tf2_broadcaster.cpython-312.pyc
[3.541s] byte-compiling /home/meta/ros2_ws/install/learning_tf2_py/lib/python3.12/site-packages/learning_tf2_py/dynamic_frame_tf2_broadcaster.py to dynamic_frame_tf2_broadcaster.cpython-312.pyc
[3.543s] running install_data
[3.543s] running install_egg_info
[3.590s] removing '/home/meta/ros2_ws/install/learning_tf2_py/lib/python3.12/site-packages/learning_tf2_py-0.0.0-py3.12.egg-info' (and everything under it)
[3.591s] Copying ../../build/learning_tf2_py/learning_tf2_py.egg-info to /home/meta/ros2_ws/install/learning_tf2_py/lib/python3.12/site-packages/learning_tf2_py-0.0.0-py3.12.egg-info
[3.603s] running install_scripts
[3.928s] Installing dynamic_frame_tf2_broadcaster script to /home/meta/ros2_ws/install/learning_tf2_py/lib/learning_tf2_py
[3.929s] Installing fixed_frame_tf2_broadcaster script to /home/meta/ros2_ws/install/learning_tf2_py/lib/learning_tf2_py
[3.930s] Installing my_tf2_broadcaster script to /home/meta/ros2_ws/install/learning_tf2_py/lib/learning_tf2_py
[3.930s] Installing static_turtle_tf2_broadcaster script to /home/meta/ros2_ws/install/learning_tf2_py/lib/learning_tf2_py
[3.930s] Installing turtle_tf2_broadcaster script to /home/meta/ros2_ws/install/learning_tf2_py/lib/learning_tf2_py
[3.931s] Installing turtle_tf2_listener script to /home/meta/ros2_ws/install/learning_tf2_py/lib/learning_tf2_py
[3.931s] Installing turtle_tf2_listener_debug script to /home/meta/ros2_ws/install/learning_tf2_py/lib/learning_tf2_py
[3.932s] writing list of installed files to '/home/meta/ros2_ws/build/learning_tf2_py/install.log'
[3.993s] Invoked command in '/home/meta/ros2_ws/src/learning_tf2_py' returned '0': AMENT_PREFIX_PATH=/home/meta/ros2_ws/install/turtlesim:${AMENT_PREFIX_PATH} CMAKE_PREFIX_PATH=/home/meta/ros2_ws/install/turtlesim:${CMAKE_PREFIX_PATH} DEBUGINFOD_URLS=https://debuginfod.ubuntu.com LD_LIBRARY_PATH=/home/meta/ros2_ws/install/turtlesim/lib:${LD_LIBRARY_PATH} PYTHONPATH=/home/meta/ros2_ws/build/learning_tf2_py/prefix_override:/usr/lib/python3/dist-packages/colcon_core/task/python/colcon_distutils_commands:/home/meta/ros2_ws/install/learning_tf2_py/lib/python3.12/site-packages:/home/meta/ros2_ws/install/turtlesim/lib/python3.12/site-packages:${PYTHONPATH} /usr/bin/python3 -W ignore:setup.py install is deprecated setup.py egg_info --egg-base ../../build/learning_tf2_py build --build-base /home/meta/ros2_ws/build/learning_tf2_py/build install --record /home/meta/ros2_ws/build/learning_tf2_py/install.log --single-version-externally-managed install_data
