/home/meta/ros2_ws/install/learning_tf2_py/lib/python3.12/site-packages/learning_tf2_py/fixed_frame_tf2_broadcaster.py
/home/meta/ros2_ws/install/learning_tf2_py/lib/python3.12/site-packages/learning_tf2_py/turtle_tf2_listener.py
/home/meta/ros2_ws/install/learning_tf2_py/lib/python3.12/site-packages/learning_tf2_py/turtle_tf2_listener_debug.py
/home/meta/ros2_ws/install/learning_tf2_py/lib/python3.12/site-packages/learning_tf2_py/my_tf2_broadcaster.py
/home/meta/ros2_ws/install/learning_tf2_py/lib/python3.12/site-packages/learning_tf2_py/turtle_tf2_broadcaster.py
/home/meta/ros2_ws/install/learning_tf2_py/lib/python3.12/site-packages/learning_tf2_py/dynamic_frame_tf2_broadcaster.py
/home/meta/ros2_ws/install/learning_tf2_py/lib/python3.12/site-packages/learning_tf2_py/static_turtle_tf2_broadcaster.py
/home/meta/ros2_ws/install/learning_tf2_py/lib/python3.12/site-packages/learning_tf2_py/__init__.py
/home/meta/ros2_ws/install/learning_tf2_py/lib/python3.12/site-packages/learning_tf2_py/__pycache__/fixed_frame_tf2_broadcaster.cpython-312.pyc
/home/meta/ros2_ws/install/learning_tf2_py/lib/python3.12/site-packages/learning_tf2_py/__pycache__/turtle_tf2_listener.cpython-312.pyc
/home/meta/ros2_ws/install/learning_tf2_py/lib/python3.12/site-packages/learning_tf2_py/__pycache__/turtle_tf2_listener_debug.cpython-312.pyc
/home/meta/ros2_ws/install/learning_tf2_py/lib/python3.12/site-packages/learning_tf2_py/__pycache__/my_tf2_broadcaster.cpython-312.pyc
/home/meta/ros2_ws/install/learning_tf2_py/lib/python3.12/site-packages/learning_tf2_py/__pycache__/turtle_tf2_broadcaster.cpython-312.pyc
/home/meta/ros2_ws/install/learning_tf2_py/lib/python3.12/site-packages/learning_tf2_py/__pycache__/dynamic_frame_tf2_broadcaster.cpython-312.pyc
/home/meta/ros2_ws/install/learning_tf2_py/lib/python3.12/site-packages/learning_tf2_py/__pycache__/static_turtle_tf2_broadcaster.cpython-312.pyc
/home/meta/ros2_ws/install/learning_tf2_py/lib/python3.12/site-packages/learning_tf2_py/__pycache__/__init__.cpython-312.pyc
/home/meta/ros2_ws/install/learning_tf2_py/share/ament_index/resource_index/packages/learning_tf2_py
/home/meta/ros2_ws/install/learning_tf2_py/share/learning_tf2_py/package.xml
/home/meta/ros2_ws/install/learning_tf2_py/share/learning_tf2_py/launch
/home/meta/ros2_ws/install/learning_tf2_py/lib/python3.12/site-packages/learning_tf2_py-0.0.0-py3.12.egg-info/dependency_links.txt
/home/meta/ros2_ws/install/learning_tf2_py/lib/python3.12/site-packages/learning_tf2_py-0.0.0-py3.12.egg-info/requires.txt
/home/meta/ros2_ws/install/learning_tf2_py/lib/python3.12/site-packages/learning_tf2_py-0.0.0-py3.12.egg-info/SOURCES.txt
/home/meta/ros2_ws/install/learning_tf2_py/lib/python3.12/site-packages/learning_tf2_py-0.0.0-py3.12.egg-info/PKG-INFO
/home/meta/ros2_ws/install/learning_tf2_py/lib/python3.12/site-packages/learning_tf2_py-0.0.0-py3.12.egg-info/zip-safe
/home/meta/ros2_ws/install/learning_tf2_py/lib/python3.12/site-packages/learning_tf2_py-0.0.0-py3.12.egg-info/top_level.txt
/home/meta/ros2_ws/install/learning_tf2_py/lib/python3.12/site-packages/learning_tf2_py-0.0.0-py3.12.egg-info/entry_points.txt
/home/meta/ros2_ws/install/learning_tf2_py/lib/learning_tf2_py/dynamic_frame_tf2_broadcaster
/home/meta/ros2_ws/install/learning_tf2_py/lib/learning_tf2_py/fixed_frame_tf2_broadcaster
/home/meta/ros2_ws/install/learning_tf2_py/lib/learning_tf2_py/my_tf2_broadcaster
/home/meta/ros2_ws/install/learning_tf2_py/lib/learning_tf2_py/static_turtle_tf2_broadcaster
/home/meta/ros2_ws/install/learning_tf2_py/lib/learning_tf2_py/turtle_tf2_broadcaster
/home/meta/ros2_ws/install/learning_tf2_py/lib/learning_tf2_py/turtle_tf2_listener
/home/meta/ros2_ws/install/learning_tf2_py/lib/learning_tf2_py/turtle_tf2_listener_debug
