[7.508s] Invoking command in '/home/meta/ros2_ws/src/py_srvcli': DEBUGINFOD_URLS=https://debuginfod.ubuntu.com PYTHONPATH=/home/meta/ros2_ws/build/py_srvcli/prefix_override:/usr/lib/python3/dist-packages/colcon_core/task/python/colcon_distutils_commands:/home/meta/ros2_ws/install/py_srvcli/lib/python3.12/site-packages:${PYTHONPATH} /usr/bin/python3 -W ignore:setup.py install is deprecated setup.py egg_info --egg-base ../../build/py_srvcli build --build-base /home/meta/ros2_ws/build/py_srvcli/build install --record /home/meta/ros2_ws/build/py_srvcli/install.log --single-version-externally-managed install_data
[8.148s] running egg_info
[8.149s] creating ../../build/py_srvcli/py_srvcli.egg-info
[8.196s] writing ../../build/py_srvcli/py_srvcli.egg-info/PKG-INFO
[8.197s] writing dependency_links to ../../build/py_srvcli/py_srvcli.egg-info/dependency_links.txt
[8.197s] writing entry points to ../../build/py_srvcli/py_srvcli.egg-info/entry_points.txt
[8.197s] writing requirements to ../../build/py_srvcli/py_srvcli.egg-info/requires.txt
[8.198s] writing top-level names to ../../build/py_srvcli/py_srvcli.egg-info/top_level.txt
[8.198s] writing manifest file '../../build/py_srvcli/py_srvcli.egg-info/SOURCES.txt'
[8.292s] reading manifest file '../../build/py_srvcli/py_srvcli.egg-info/SOURCES.txt'
[8.293s] adding license file 'LICENSE'
[8.294s] writing manifest file '../../build/py_srvcli/py_srvcli.egg-info/SOURCES.txt'
[8.295s] running build
[8.295s] running build_py
[8.295s] creating /home/meta/ros2_ws/build/py_srvcli/build
[8.296s] creating /home/meta/ros2_ws/build/py_srvcli/build/lib
[8.296s] creating /home/meta/ros2_ws/build/py_srvcli/build/lib/py_srvcli
[8.296s] copying py_srvcli/client_member_function.py -> /home/meta/ros2_ws/build/py_srvcli/build/lib/py_srvcli
[8.297s] copying py_srvcli/service_member_function.py -> /home/meta/ros2_ws/build/py_srvcli/build/lib/py_srvcli
[8.297s] copying py_srvcli/__init__.py -> /home/meta/ros2_ws/build/py_srvcli/build/lib/py_srvcli
[8.297s] running install
[8.310s] running install_lib
[8.358s] creating /home/meta/ros2_ws/install/py_srvcli/lib/python3.12/site-packages/py_srvcli
[8.358s] copying /home/meta/ros2_ws/build/py_srvcli/build/lib/py_srvcli/client_member_function.py -> /home/meta/ros2_ws/install/py_srvcli/lib/python3.12/site-packages/py_srvcli
[8.359s] copying /home/meta/ros2_ws/build/py_srvcli/build/lib/py_srvcli/service_member_function.py -> /home/meta/ros2_ws/install/py_srvcli/lib/python3.12/site-packages/py_srvcli
[8.359s] copying /home/meta/ros2_ws/build/py_srvcli/build/lib/py_srvcli/__init__.py -> /home/meta/ros2_ws/install/py_srvcli/lib/python3.12/site-packages/py_srvcli
[8.360s] byte-compiling /home/meta/ros2_ws/install/py_srvcli/lib/python3.12/site-packages/py_srvcli/client_member_function.py to client_member_function.cpython-312.pyc
[8.361s] byte-compiling /home/meta/ros2_ws/install/py_srvcli/lib/python3.12/site-packages/py_srvcli/service_member_function.py to service_member_function.cpython-312.pyc
[8.362s] byte-compiling /home/meta/ros2_ws/install/py_srvcli/lib/python3.12/site-packages/py_srvcli/__init__.py to __init__.cpython-312.pyc
[8.363s] running install_data
[8.363s] creating /home/meta/ros2_ws/install/py_srvcli/share/ament_index
[8.364s] creating /home/meta/ros2_ws/install/py_srvcli/share/ament_index/resource_index
[8.364s] creating /home/meta/ros2_ws/install/py_srvcli/share/ament_index/resource_index/packages
[8.364s] copying resource/py_srvcli -> /home/meta/ros2_ws/install/py_srvcli/share/ament_index/resource_index/packages
[8.365s] copying package.xml -> /home/meta/ros2_ws/install/py_srvcli/share/py_srvcli
[8.365s] running install_egg_info
[8.415s] Copying ../../build/py_srvcli/py_srvcli.egg-info to /home/meta/ros2_ws/install/py_srvcli/lib/python3.12/site-packages/py_srvcli-0.0.0-py3.12.egg-info
[8.417s] running install_scripts
[8.722s] Installing client script to /home/meta/ros2_ws/install/py_srvcli/lib/py_srvcli
[8.723s] Installing service script to /home/meta/ros2_ws/install/py_srvcli/lib/py_srvcli
[8.723s] writing list of installed files to '/home/meta/ros2_ws/build/py_srvcli/install.log'
[8.783s] Invoked command in '/home/meta/ros2_ws/src/py_srvcli' returned '0': DEBUGINFOD_URLS=https://debuginfod.ubuntu.com PYTHONPATH=/home/meta/ros2_ws/build/py_srvcli/prefix_override:/usr/lib/python3/dist-packages/colcon_core/task/python/colcon_distutils_commands:/home/meta/ros2_ws/install/py_srvcli/lib/python3.12/site-packages:${PYTHONPATH} /usr/bin/python3 -W ignore:setup.py install is deprecated setup.py egg_info --egg-base ../../build/py_srvcli build --build-base /home/meta/ros2_ws/build/py_srvcli/build install --record /home/meta/ros2_ws/build/py_srvcli/install.log --single-version-externally-managed install_data
