running egg_info
writing ../../build/nodic_launcher/nodic_launcher.egg-info/PKG-INFO
writing dependency_links to ../../build/nodic_launcher/nodic_launcher.egg-info/dependency_links.txt
writing requirements to ../../build/nodic_launcher/nodic_launcher.egg-info/requires.txt
writing top-level names to ../../build/nodic_launcher/nodic_launcher.egg-info/top_level.txt
reading manifest file '../../build/nodic_launcher/nodic_launcher.egg-info/SOURCES.txt'
adding license file 'LICENSE'
writing manifest file '../../build/nodic_launcher/nodic_launcher.egg-info/SOURCES.txt'
running build
running build_py
running install
running install_lib
running install_data
copying package.xml -> /home/meta/ros2_ws/install/nodic_launcher/share/nodic_launcher
copying launch/_launch.xml -> /home/meta/ros2_ws/install/nodic_launcher/share/nodic_launcher/launch
running install_egg_info
removing '/home/meta/ros2_ws/install/nodic_launcher/lib/python3.12/site-packages/nodic_launcher-0.0.0-py3.12.egg-info' (and everything under it)
Copying ../../build/nodic_launcher/nodic_launcher.egg-info to /home/meta/ros2_ws/install/nodic_launcher/lib/python3.12/site-packages/nodic_launcher-0.0.0-py3.12.egg-info
running install_scripts
writing list of installed files to '/home/meta/ros2_ws/build/nodic_launcher/install.log'
