[0.048s] Invoking command in '/home/meta/ros2_ws/build/more_interfaces': CMAKE_PREFIX_PATH=${CMAKE_PREFIX_PATH}:/opt/ros/jazzy DEBUGINFOD_URLS=https://debuginfod.ubuntu.com /usr/bin/cmake --build /home/meta/ros2_ws/build/more_interfaces -- -j4 -l4
[0.882s] [  2%] Built target more_interfaces__rosidl_generator_type_description
[0.907s] [  2%] Built target ament_cmake_python_copy_more_interfaces
[0.922s] [  5%] Built target more_interfaces__cpp
[0.934s] [ 20%] Built target more_interfaces__rosidl_generator_c
[1.006s] [ 29%] Built target more_interfaces__rosidl_typesupport_fastrtps_cpp
[1.013s] [ 38%] Built target more_interfaces__rosidl_typesupport_fastrtps_c
[1.031s] [ 47%] Built target more_interfaces__rosidl_typesupport_cpp
[1.094s] [ 55%] Built target more_interfaces__rosidl_typesupport_introspection_c
[1.097s] [ 64%] Built target more_interfaces__rosidl_typesupport_c
[1.103s] [ 73%] Built target more_interfaces__rosidl_typesupport_introspection_cpp
[1.141s] [ 73%] Built target more_interfaces
[1.180s] [ 76%] Built target more_interfaces__py
[1.222s] [ 82%] Built target more_interfaces__rosidl_generator_py
[1.283s] [ 88%] Built target more_interfaces_s__rosidl_typesupport_fastrtps_c
[1.285s] [ 94%] Built target more_interfaces_s__rosidl_typesupport_introspection_c
[1.304s] [100%] Built target more_interfaces_s__rosidl_typesupport_c
[1.547s] running egg_info
[1.593s] writing more_interfaces.egg-info/PKG-INFO
[1.594s] writing dependency_links to more_interfaces.egg-info/dependency_links.txt
[1.594s] writing top-level names to more_interfaces.egg-info/top_level.txt
[1.736s] reading manifest file 'more_interfaces.egg-info/SOURCES.txt'
[1.738s] writing manifest file 'more_interfaces.egg-info/SOURCES.txt'
[1.795s] [100%] Built target ament_cmake_python_build_more_interfaces_egg
[1.814s] Invoked command in '/home/meta/ros2_ws/build/more_interfaces' returned '0': CMAKE_PREFIX_PATH=${CMAKE_PREFIX_PATH}:/opt/ros/jazzy DEBUGINFOD_URLS=https://debuginfod.ubuntu.com /usr/bin/cmake --build /home/meta/ros2_ws/build/more_interfaces -- -j4 -l4
[1.926s] Invoking command in '/home/meta/ros2_ws/build/more_interfaces': CMAKE_PREFIX_PATH=${CMAKE_PREFIX_PATH}:/opt/ros/jazzy DEBUGINFOD_URLS=https://debuginfod.ubuntu.com /usr/bin/cmake --install /home/meta/ros2_ws/build/more_interfaces
[1.941s] -- Install configuration: ""
[1.941s] -- Up-to-date: /home/meta/ros2_ws/install/more_interfaces/share/ament_index/resource_index/rosidl_interfaces/more_interfaces
[1.942s] -- Up-to-date: /home/meta/ros2_ws/install/more_interfaces/share/more_interfaces/msg/AddressBook.json
[1.942s] -- Up-to-date: /home/meta/ros2_ws/install/more_interfaces/include/more_interfaces/more_interfaces
[1.943s] -- Up-to-date: /home/meta/ros2_ws/install/more_interfaces/include/more_interfaces/more_interfaces/msg
[1.943s] -- Up-to-date: /home/meta/ros2_ws/install/more_interfaces/include/more_interfaces/more_interfaces/msg/address_book.h
[1.943s] -- Up-to-date: /home/meta/ros2_ws/install/more_interfaces/include/more_interfaces/more_interfaces/msg/detail
[1.944s] -- Up-to-date: /home/meta/ros2_ws/install/more_interfaces/include/more_interfaces/more_interfaces/msg/detail/address_book__description.c
[1.944s] -- Up-to-date: /home/meta/ros2_ws/install/more_interfaces/include/more_interfaces/more_interfaces/msg/detail/address_book__functions.h
[1.944s] -- Installing: /home/meta/ros2_ws/install/more_interfaces/include/more_interfaces/more_interfaces/msg/detail/address_book__type_support.c
[1.945s] -- Up-to-date: /home/meta/ros2_ws/install/more_interfaces/include/more_interfaces/more_interfaces/msg/detail/address_book__type_support.h
[1.945s] -- Up-to-date: /home/meta/ros2_ws/install/more_interfaces/include/more_interfaces/more_interfaces/msg/detail/address_book__struct.h
[1.945s] -- Up-to-date: /home/meta/ros2_ws/install/more_interfaces/include/more_interfaces/more_interfaces/msg/detail/address_book__functions.c
[1.946s] -- Up-to-date: /home/meta/ros2_ws/install/more_interfaces/include/more_interfaces/more_interfaces/msg/rosidl_generator_c__visibility_control.h
[1.947s] -- Up-to-date: /home/meta/ros2_ws/install/more_interfaces/share/more_interfaces/environment/library_path.sh
[1.947s] -- Up-to-date: /home/meta/ros2_ws/install/more_interfaces/share/more_interfaces/environment/library_path.dsv
[1.947s] -- Up-to-date: /home/meta/ros2_ws/install/more_interfaces/lib/libmore_interfaces__rosidl_generator_c.so
[1.948s] -- Up-to-date: /home/meta/ros2_ws/install/more_interfaces/include/more_interfaces/more_interfaces
[1.948s] -- Up-to-date: /home/meta/ros2_ws/install/more_interfaces/include/more_interfaces/more_interfaces/msg
[1.949s] -- Up-to-date: /home/meta/ros2_ws/install/more_interfaces/include/more_interfaces/more_interfaces/msg/detail
[1.949s] -- Up-to-date: /home/meta/ros2_ws/install/more_interfaces/include/more_interfaces/more_interfaces/msg/detail/address_book__rosidl_typesupport_fastrtps_c.h
[1.949s] -- Up-to-date: /home/meta/ros2_ws/install/more_interfaces/include/more_interfaces/more_interfaces/msg/rosidl_typesupport_fastrtps_c__visibility_control.h
[1.950s] -- Up-to-date: /home/meta/ros2_ws/install/more_interfaces/lib/libmore_interfaces__rosidl_typesupport_fastrtps_c.so
[1.950s] -- Up-to-date: /home/meta/ros2_ws/install/more_interfaces/include/more_interfaces/more_interfaces
[1.951s] -- Up-to-date: /home/meta/ros2_ws/install/more_interfaces/include/more_interfaces/more_interfaces/msg
[1.951s] -- Up-to-date: /home/meta/ros2_ws/install/more_interfaces/include/more_interfaces/more_interfaces/msg/rosidl_generator_cpp__visibility_control.hpp
[1.951s] -- Up-to-date: /home/meta/ros2_ws/install/more_interfaces/include/more_interfaces/more_interfaces/msg/address_book.hpp
[1.952s] -- Up-to-date: /home/meta/ros2_ws/install/more_interfaces/include/more_interfaces/more_interfaces/msg/detail
[1.952s] -- Up-to-date: /home/meta/ros2_ws/install/more_interfaces/include/more_interfaces/more_interfaces/msg/detail/address_book__traits.hpp
[1.953s] -- Up-to-date: /home/meta/ros2_ws/install/more_interfaces/include/more_interfaces/more_interfaces/msg/detail/address_book__struct.hpp
[1.953s] -- Up-to-date: /home/meta/ros2_ws/install/more_interfaces/include/more_interfaces/more_interfaces/msg/detail/address_book__type_support.hpp
[1.953s] -- Up-to-date: /home/meta/ros2_ws/install/more_interfaces/include/more_interfaces/more_interfaces/msg/detail/address_book__builder.hpp
[1.954s] -- Up-to-date: /home/meta/ros2_ws/install/more_interfaces/include/more_interfaces/more_interfaces
[1.954s] -- Up-to-date: /home/meta/ros2_ws/install/more_interfaces/include/more_interfaces/more_interfaces/msg
[1.954s] -- Up-to-date: /home/meta/ros2_ws/install/more_interfaces/include/more_interfaces/more_interfaces/msg/rosidl_typesupport_fastrtps_cpp__visibility_control.h
[1.955s] -- Up-to-date: /home/meta/ros2_ws/install/more_interfaces/include/more_interfaces/more_interfaces/msg/detail
[1.955s] -- Up-to-date: /home/meta/ros2_ws/install/more_interfaces/include/more_interfaces/more_interfaces/msg/detail/address_book__rosidl_typesupport_fastrtps_cpp.hpp
[1.956s] -- Up-to-date: /home/meta/ros2_ws/install/more_interfaces/include/more_interfaces/more_interfaces/msg/detail/dds_fastrtps
[1.956s] -- Up-to-date: /home/meta/ros2_ws/install/more_interfaces/lib/libmore_interfaces__rosidl_typesupport_fastrtps_cpp.so
[1.956s] -- Up-to-date: /home/meta/ros2_ws/install/more_interfaces/include/more_interfaces/more_interfaces
[1.956s] -- Up-to-date: /home/meta/ros2_ws/install/more_interfaces/include/more_interfaces/more_interfaces/msg
[1.956s] -- Up-to-date: /home/meta/ros2_ws/install/more_interfaces/include/more_interfaces/more_interfaces/msg/detail
[1.957s] -- Installing: /home/meta/ros2_ws/install/more_interfaces/include/more_interfaces/more_interfaces/msg/detail/address_book__type_support.c
[1.957s] -- Up-to-date: /home/meta/ros2_ws/install/more_interfaces/include/more_interfaces/more_interfaces/msg/detail/address_book__rosidl_typesupport_introspection_c.h
[1.957s] -- Up-to-date: /home/meta/ros2_ws/install/more_interfaces/include/more_interfaces/more_interfaces/msg/rosidl_typesupport_introspection_c__visibility_control.h
[1.957s] -- Up-to-date: /home/meta/ros2_ws/install/more_interfaces/lib/libmore_interfaces__rosidl_typesupport_introspection_c.so
[1.957s] -- Up-to-date: /home/meta/ros2_ws/install/more_interfaces/lib/libmore_interfaces__rosidl_typesupport_c.so
[1.957s] -- Up-to-date: /home/meta/ros2_ws/install/more_interfaces/include/more_interfaces/more_interfaces
[1.957s] -- Up-to-date: /home/meta/ros2_ws/install/more_interfaces/include/more_interfaces/more_interfaces/msg
[1.958s] -- Up-to-date: /home/meta/ros2_ws/install/more_interfaces/include/more_interfaces/more_interfaces/msg/detail
[1.958s] -- Up-to-date: /home/meta/ros2_ws/install/more_interfaces/include/more_interfaces/more_interfaces/msg/detail/address_book__type_support.cpp
[1.958s] -- Up-to-date: /home/meta/ros2_ws/install/more_interfaces/include/more_interfaces/more_interfaces/msg/detail/address_book__rosidl_typesupport_introspection_cpp.hpp
[1.958s] -- Up-to-date: /home/meta/ros2_ws/install/more_interfaces/lib/libmore_interfaces__rosidl_typesupport_introspection_cpp.so
[1.958s] -- Up-to-date: /home/meta/ros2_ws/install/more_interfaces/lib/libmore_interfaces__rosidl_typesupport_cpp.so
[1.958s] -- Up-to-date: /home/meta/ros2_ws/install/more_interfaces/share/more_interfaces/environment/pythonpath.sh
[1.958s] -- Up-to-date: /home/meta/ros2_ws/install/more_interfaces/share/more_interfaces/environment/pythonpath.dsv
[1.959s] -- Up-to-date: /home/meta/ros2_ws/install/more_interfaces/lib/python3.12/site-packages/more_interfaces-0.0.0-py3.12.egg-info
[1.959s] -- Installing: /home/meta/ros2_ws/install/more_interfaces/lib/python3.12/site-packages/more_interfaces-0.0.0-py3.12.egg-info/dependency_links.txt
[1.959s] -- Installing: /home/meta/ros2_ws/install/more_interfaces/lib/python3.12/site-packages/more_interfaces-0.0.0-py3.12.egg-info/SOURCES.txt
[1.959s] -- Installing: /home/meta/ros2_ws/install/more_interfaces/lib/python3.12/site-packages/more_interfaces-0.0.0-py3.12.egg-info/PKG-INFO
[1.959s] -- Installing: /home/meta/ros2_ws/install/more_interfaces/lib/python3.12/site-packages/more_interfaces-0.0.0-py3.12.egg-info/top_level.txt
[1.959s] -- Up-to-date: /home/meta/ros2_ws/install/more_interfaces/lib/python3.12/site-packages/more_interfaces
[1.959s] -- Up-to-date: /home/meta/ros2_ws/install/more_interfaces/lib/python3.12/site-packages/more_interfaces/_more_interfaces_s.ep.rosidl_typesupport_c.c
[1.960s] -- Up-to-date: /home/meta/ros2_ws/install/more_interfaces/lib/python3.12/site-packages/more_interfaces/more_interfaces_s__rosidl_typesupport_c.so
[1.960s] -- Up-to-date: /home/meta/ros2_ws/install/more_interfaces/lib/python3.12/site-packages/more_interfaces/more_interfaces_s__rosidl_typesupport_introspection_c.so
[1.960s] -- Up-to-date: /home/meta/ros2_ws/install/more_interfaces/lib/python3.12/site-packages/more_interfaces/msg
[1.960s] -- Up-to-date: /home/meta/ros2_ws/install/more_interfaces/lib/python3.12/site-packages/more_interfaces/msg/_address_book.py
[1.960s] -- Up-to-date: /home/meta/ros2_ws/install/more_interfaces/lib/python3.12/site-packages/more_interfaces/msg/_address_book_s.c
[1.960s] -- Up-to-date: /home/meta/ros2_ws/install/more_interfaces/lib/python3.12/site-packages/more_interfaces/msg/__init__.py
[1.961s] -- Up-to-date: /home/meta/ros2_ws/install/more_interfaces/lib/python3.12/site-packages/more_interfaces/_more_interfaces_s.ep.rosidl_typesupport_fastrtps_c.c
[1.961s] -- Up-to-date: /home/meta/ros2_ws/install/more_interfaces/lib/python3.12/site-packages/more_interfaces/__init__.py
[1.961s] -- Up-to-date: /home/meta/ros2_ws/install/more_interfaces/lib/python3.12/site-packages/more_interfaces/_more_interfaces_s.ep.rosidl_typesupport_introspection_c.c
[1.961s] -- Up-to-date: /home/meta/ros2_ws/install/more_interfaces/lib/python3.12/site-packages/more_interfaces/more_interfaces_s__rosidl_typesupport_fastrtps_c.so
[2.030s] Listing '/home/meta/ros2_ws/install/more_interfaces/lib/python3.12/site-packages/more_interfaces'...
[2.031s] Listing '/home/meta/ros2_ws/install/more_interfaces/lib/python3.12/site-packages/more_interfaces/msg'...
[2.041s] -- Up-to-date: /home/meta/ros2_ws/install/more_interfaces/lib/python3.12/site-packages/more_interfaces/more_interfaces_s__rosidl_typesupport_fastrtps_c.so
[2.042s] -- Up-to-date: /home/meta/ros2_ws/install/more_interfaces/lib/python3.12/site-packages/more_interfaces/more_interfaces_s__rosidl_typesupport_introspection_c.so
[2.042s] -- Up-to-date: /home/meta/ros2_ws/install/more_interfaces/lib/python3.12/site-packages/more_interfaces/more_interfaces_s__rosidl_typesupport_c.so
[2.043s] -- Up-to-date: /home/meta/ros2_ws/install/more_interfaces/lib/libmore_interfaces__rosidl_generator_py.so
[2.044s] -- Up-to-date: /home/meta/ros2_ws/install/more_interfaces/share/more_interfaces/msg/AddressBook.idl
[2.044s] -- Up-to-date: /home/meta/ros2_ws/install/more_interfaces/share/more_interfaces/msg/AddressBook.msg
[2.045s] -- Up-to-date: /home/meta/ros2_ws/install/more_interfaces/share/ament_index/resource_index/package_run_dependencies/more_interfaces
[2.045s] -- Up-to-date: /home/meta/ros2_ws/install/more_interfaces/share/ament_index/resource_index/parent_prefix_path/more_interfaces
[2.045s] -- Up-to-date: /home/meta/ros2_ws/install/more_interfaces/share/more_interfaces/environment/ament_prefix_path.sh
[2.046s] -- Up-to-date: /home/meta/ros2_ws/install/more_interfaces/share/more_interfaces/environment/ament_prefix_path.dsv
[2.046s] -- Up-to-date: /home/meta/ros2_ws/install/more_interfaces/share/more_interfaces/environment/path.sh
[2.046s] -- Up-to-date: /home/meta/ros2_ws/install/more_interfaces/share/more_interfaces/environment/path.dsv
[2.047s] -- Up-to-date: /home/meta/ros2_ws/install/more_interfaces/share/more_interfaces/local_setup.bash
[2.047s] -- Up-to-date: /home/meta/ros2_ws/install/more_interfaces/share/more_interfaces/local_setup.sh
[2.048s] -- Up-to-date: /home/meta/ros2_ws/install/more_interfaces/share/more_interfaces/local_setup.zsh
[2.048s] -- Up-to-date: /home/meta/ros2_ws/install/more_interfaces/share/more_interfaces/local_setup.dsv
[2.048s] -- Installing: /home/meta/ros2_ws/install/more_interfaces/share/more_interfaces/package.dsv
[2.049s] -- Up-to-date: /home/meta/ros2_ws/install/more_interfaces/share/ament_index/resource_index/packages/more_interfaces
[2.049s] -- Up-to-date: /home/meta/ros2_ws/install/more_interfaces/share/more_interfaces/cmake/export_more_interfaces__rosidl_generator_cExport.cmake
[2.050s] -- Up-to-date: /home/meta/ros2_ws/install/more_interfaces/share/more_interfaces/cmake/export_more_interfaces__rosidl_generator_cExport-noconfig.cmake
[2.050s] -- Up-to-date: /home/meta/ros2_ws/install/more_interfaces/share/more_interfaces/cmake/export_more_interfaces__rosidl_typesupport_fastrtps_cExport.cmake
[2.050s] -- Up-to-date: /home/meta/ros2_ws/install/more_interfaces/share/more_interfaces/cmake/export_more_interfaces__rosidl_typesupport_fastrtps_cExport-noconfig.cmake
[2.051s] -- Up-to-date: /home/meta/ros2_ws/install/more_interfaces/share/more_interfaces/cmake/export_more_interfaces__rosidl_generator_cppExport.cmake
[2.051s] -- Up-to-date: /home/meta/ros2_ws/install/more_interfaces/share/more_interfaces/cmake/export_more_interfaces__rosidl_typesupport_fastrtps_cppExport.cmake
[2.051s] -- Up-to-date: /home/meta/ros2_ws/install/more_interfaces/share/more_interfaces/cmake/export_more_interfaces__rosidl_typesupport_fastrtps_cppExport-noconfig.cmake
[2.052s] -- Up-to-date: /home/meta/ros2_ws/install/more_interfaces/share/more_interfaces/cmake/more_interfaces__rosidl_typesupport_introspection_cExport.cmake
[2.052s] -- Up-to-date: /home/meta/ros2_ws/install/more_interfaces/share/more_interfaces/cmake/more_interfaces__rosidl_typesupport_introspection_cExport-noconfig.cmake
[2.052s] -- Up-to-date: /home/meta/ros2_ws/install/more_interfaces/share/more_interfaces/cmake/more_interfaces__rosidl_typesupport_cExport.cmake
[2.052s] -- Up-to-date: /home/meta/ros2_ws/install/more_interfaces/share/more_interfaces/cmake/more_interfaces__rosidl_typesupport_cExport-noconfig.cmake
[2.053s] -- Up-to-date: /home/meta/ros2_ws/install/more_interfaces/share/more_interfaces/cmake/more_interfaces__rosidl_typesupport_introspection_cppExport.cmake
[2.053s] -- Up-to-date: /home/meta/ros2_ws/install/more_interfaces/share/more_interfaces/cmake/more_interfaces__rosidl_typesupport_introspection_cppExport-noconfig.cmake
[2.053s] -- Up-to-date: /home/meta/ros2_ws/install/more_interfaces/share/more_interfaces/cmake/more_interfaces__rosidl_typesupport_cppExport.cmake
[2.053s] -- Up-to-date: /home/meta/ros2_ws/install/more_interfaces/share/more_interfaces/cmake/more_interfaces__rosidl_typesupport_cppExport-noconfig.cmake
[2.054s] -- Up-to-date: /home/meta/ros2_ws/install/more_interfaces/share/more_interfaces/cmake/export_more_interfaces__rosidl_generator_pyExport.cmake
[2.054s] -- Up-to-date: /home/meta/ros2_ws/install/more_interfaces/share/more_interfaces/cmake/export_more_interfaces__rosidl_generator_pyExport-noconfig.cmake
[2.054s] -- Up-to-date: /home/meta/ros2_ws/install/more_interfaces/share/more_interfaces/cmake/rosidl_cmake-extras.cmake
[2.054s] -- Up-to-date: /home/meta/ros2_ws/install/more_interfaces/share/more_interfaces/cmake/ament_cmake_export_include_directories-extras.cmake
[2.054s] -- Up-to-date: /home/meta/ros2_ws/install/more_interfaces/share/more_interfaces/cmake/ament_cmake_export_libraries-extras.cmake
[2.055s] -- Up-to-date: /home/meta/ros2_ws/install/more_interfaces/share/more_interfaces/cmake/ament_cmake_export_targets-extras.cmake
[2.055s] -- Up-to-date: /home/meta/ros2_ws/install/more_interfaces/share/more_interfaces/cmake/rosidl_cmake_export_typesupport_targets-extras.cmake
[2.055s] -- Up-to-date: /home/meta/ros2_ws/install/more_interfaces/share/more_interfaces/cmake/ament_cmake_export_dependencies-extras.cmake
[2.055s] -- Up-to-date: /home/meta/ros2_ws/install/more_interfaces/share/more_interfaces/cmake/rosidl_cmake_export_typesupport_libraries-extras.cmake
[2.055s] -- Up-to-date: /home/meta/ros2_ws/install/more_interfaces/share/more_interfaces/cmake/more_interfacesConfig.cmake
[2.057s] -- Up-to-date: /home/meta/ros2_ws/install/more_interfaces/share/more_interfaces/cmake/more_interfacesConfig-version.cmake
[2.057s] -- Up-to-date: /home/meta/ros2_ws/install/more_interfaces/share/more_interfaces/package.xml
[2.057s] Invoked command in '/home/meta/ros2_ws/build/more_interfaces' returned '0': CMAKE_PREFIX_PATH=${CMAKE_PREFIX_PATH}:/opt/ros/jazzy DEBUGINFOD_URLS=https://debuginfod.ubuntu.com /usr/bin/cmake --install /home/meta/ros2_ws/build/more_interfaces
