[1.902s] Invoking command in '/home/meta/ros2_ws/src/learning_tf2_py': CMAKE_PREFIX_PATH=/home/meta/ros2_ws/install/turtlesim:/home/meta/ros2_ws/install/tutorial_interfaces:/home/meta/ros2_ws/install/more_interfaces:/home/meta/ros2_ws/install/custom_action_interfaces:/opt/ros/jazzy/opt/gz_math_vendor:/opt/ros/jazzy/opt/gz_utils_vendor:/opt/ros/jazzy/opt/gz_cmake_vendor DEBUGINFOD_URLS=https://debuginfod.ubuntu.com LD_LIBRARY_PATH=/home/meta/ros2_ws/install/turtlesim/lib:/home/meta/ros2_ws/install/tutorial_interfaces/lib:/home/meta/ros2_ws/install/more_interfaces/lib:/home/meta/ros2_ws/install/custom_action_interfaces/lib:/opt/ros/jazzy/opt/rviz_ogre_vendor/lib:/opt/ros/jazzy/lib/x86_64-linux-gnu:/opt/ros/jazzy/opt/gz_math_vendor/lib:/opt/ros/jazzy/opt/gz_utils_vendor/lib:/opt/ros/jazzy/opt/gz_cmake_vendor/lib:/opt/ros/jazzy/lib PYTHONPATH=/home/meta/ros2_ws/build/learning_tf2_py/prefix_override:/usr/lib/python3/dist-packages/colcon_core/task/python/colcon_distutils_commands:/home/meta/ros2_ws/install/learning_tf2_py/lib/python3.12/site-packages:/home/meta/ros2_ws/install/turtlesim/lib/python3.12/site-packages:/home/meta/ros2_ws/install/py_srvcli/lib/python3.12/site-packages:/home/meta/ros2_ws/install/py_pubsub/lib/python3.12/site-packages:/home/meta/ros2_ws/install/tutorial_interfaces/lib/python3.12/site-packages:/home/meta/ros2_ws/install/learning_tf2_py/lib/python3.12/site-packages:/home/meta/ros2_ws/install/python_parameters/lib/python3.12/site-packages:/home/meta/ros2_ws/install/python_parameter_event_handler/lib/python3.12/site-packages:/home/meta/ros2_ws/install/py_publisher_subscriber/lib/python3.12/site-packages:/home/meta/ros2_ws/install/nodic_launcher/lib/python3.12/site-packages:/home/meta/ros2_ws/install/my_package/lib/python3.12/site-packages:/home/meta/ros2_ws/install/more_interfaces/lib/python3.12/site-packages:/home/meta/ros2_ws/install/custom_action_interfaces/lib/python3.12/site-packages:/opt/ros/jazzy/lib/python3.12/site-packages /usr/bin/python3 -W ignore:setup.py install is deprecated setup.py egg_info --egg-base ../../build/learning_tf2_py build --build-base /home/meta/ros2_ws/build/learning_tf2_py/build install --record /home/meta/ros2_ws/build/learning_tf2_py/install.log --single-version-externally-managed install_data
[2.533s] running egg_info
[2.580s] writing ../../build/learning_tf2_py/learning_tf2_py.egg-info/PKG-INFO
[2.580s] writing dependency_links to ../../build/learning_tf2_py/learning_tf2_py.egg-info/dependency_links.txt
[2.581s] writing entry points to ../../build/learning_tf2_py/learning_tf2_py.egg-info/entry_points.txt
[2.582s] writing requirements to ../../build/learning_tf2_py/learning_tf2_py.egg-info/requires.txt
[2.582s] writing top-level names to ../../build/learning_tf2_py/learning_tf2_py.egg-info/top_level.txt
[2.683s] reading manifest file '../../build/learning_tf2_py/learning_tf2_py.egg-info/SOURCES.txt'
[2.684s] adding license file 'LICENSE'
[2.685s] writing manifest file '../../build/learning_tf2_py/learning_tf2_py.egg-info/SOURCES.txt'
[2.686s] running build
[2.686s] running build_py
[2.687s] copying learning_tf2_py/my_tf2_broadcaster.py -> /home/meta/ros2_ws/build/learning_tf2_py/build/lib/learning_tf2_py
[2.688s] running install
[2.702s] running install_lib
[2.752s] copying /home/meta/ros2_ws/build/learning_tf2_py/build/lib/learning_tf2_py/my_tf2_broadcaster.py -> /home/meta/ros2_ws/install/learning_tf2_py/lib/python3.12/site-packages/learning_tf2_py
[2.753s] byte-compiling /home/meta/ros2_ws/install/learning_tf2_py/lib/python3.12/site-packages/learning_tf2_py/my_tf2_broadcaster.py to my_tf2_broadcaster.cpython-312.pyc
[2.755s] running install_data
[2.755s] running install_egg_info
[2.806s] removing '/home/meta/ros2_ws/install/learning_tf2_py/lib/python3.12/site-packages/learning_tf2_py-0.0.0-py3.12.egg-info' (and everything under it)
[2.807s] Copying ../../build/learning_tf2_py/learning_tf2_py.egg-info to /home/meta/ros2_ws/install/learning_tf2_py/lib/python3.12/site-packages/learning_tf2_py-0.0.0-py3.12.egg-info
[2.810s] running install_scripts
[3.123s] Installing dynamic_frame_tf2_broadcaster script to /home/meta/ros2_ws/install/learning_tf2_py/lib/learning_tf2_py
[3.124s] Installing fixed_frame_tf2_broadcaster script to /home/meta/ros2_ws/install/learning_tf2_py/lib/learning_tf2_py
[3.124s] Installing my_tf2_broadcaster script to /home/meta/ros2_ws/install/learning_tf2_py/lib/learning_tf2_py
[3.125s] Installing static_turtle_tf2_broadcaster script to /home/meta/ros2_ws/install/learning_tf2_py/lib/learning_tf2_py
[3.125s] Installing turtle_tf2_broadcaster script to /home/meta/ros2_ws/install/learning_tf2_py/lib/learning_tf2_py
[3.126s] Installing turtle_tf2_listener script to /home/meta/ros2_ws/install/learning_tf2_py/lib/learning_tf2_py
[3.126s] Installing turtle_tf2_listener_debug script to /home/meta/ros2_ws/install/learning_tf2_py/lib/learning_tf2_py
[3.127s] writing list of installed files to '/home/meta/ros2_ws/build/learning_tf2_py/install.log'
[3.187s] Invoked command in '/home/meta/ros2_ws/src/learning_tf2_py' returned '0': CMAKE_PREFIX_PATH=/home/meta/ros2_ws/install/turtlesim:/home/meta/ros2_ws/install/tutorial_interfaces:/home/meta/ros2_ws/install/more_interfaces:/home/meta/ros2_ws/install/custom_action_interfaces:/opt/ros/jazzy/opt/gz_math_vendor:/opt/ros/jazzy/opt/gz_utils_vendor:/opt/ros/jazzy/opt/gz_cmake_vendor DEBUGINFOD_URLS=https://debuginfod.ubuntu.com LD_LIBRARY_PATH=/home/meta/ros2_ws/install/turtlesim/lib:/home/meta/ros2_ws/install/tutorial_interfaces/lib:/home/meta/ros2_ws/install/more_interfaces/lib:/home/meta/ros2_ws/install/custom_action_interfaces/lib:/opt/ros/jazzy/opt/rviz_ogre_vendor/lib:/opt/ros/jazzy/lib/x86_64-linux-gnu:/opt/ros/jazzy/opt/gz_math_vendor/lib:/opt/ros/jazzy/opt/gz_utils_vendor/lib:/opt/ros/jazzy/opt/gz_cmake_vendor/lib:/opt/ros/jazzy/lib PYTHONPATH=/home/meta/ros2_ws/build/learning_tf2_py/prefix_override:/usr/lib/python3/dist-packages/colcon_core/task/python/colcon_distutils_commands:/home/meta/ros2_ws/install/learning_tf2_py/lib/python3.12/site-packages:/home/meta/ros2_ws/install/turtlesim/lib/python3.12/site-packages:/home/meta/ros2_ws/install/py_srvcli/lib/python3.12/site-packages:/home/meta/ros2_ws/install/py_pubsub/lib/python3.12/site-packages:/home/meta/ros2_ws/install/tutorial_interfaces/lib/python3.12/site-packages:/home/meta/ros2_ws/install/learning_tf2_py/lib/python3.12/site-packages:/home/meta/ros2_ws/install/python_parameters/lib/python3.12/site-packages:/home/meta/ros2_ws/install/python_parameter_event_handler/lib/python3.12/site-packages:/home/meta/ros2_ws/install/py_publisher_subscriber/lib/python3.12/site-packages:/home/meta/ros2_ws/install/nodic_launcher/lib/python3.12/site-packages:/home/meta/ros2_ws/install/my_package/lib/python3.12/site-packages:/home/meta/ros2_ws/install/more_interfaces/lib/python3.12/site-packages:/home/meta/ros2_ws/install/custom_action_interfaces/lib/python3.12/site-packages:/opt/ros/jazzy/lib/python3.12/site-packages /usr/bin/python3 -W ignore:setup.py install is deprecated setup.py egg_info --egg-base ../../build/learning_tf2_py build --build-base /home/meta/ros2_ws/build/learning_tf2_py/build install --record /home/meta/ros2_ws/build/learning_tf2_py/install.log --single-version-externally-managed install_data
