[6.897s] Invoking command in '/home/meta/ros2_ws/src/learning_tf2_py': CMAKE_PREFIX_PATH=/home/meta/ros2_ws/install/turtlesim:/home/meta/ros2_ws/install/tutorial_interfaces:/home/meta/ros2_ws/install/more_interfaces:/home/meta/ros2_ws/install/custom_action_interfaces:/opt/ros/jazzy/opt/gz_math_vendor:/opt/ros/jazzy/opt/gz_utils_vendor:/opt/ros/jazzy/opt/gz_cmake_vendor DEBUGINFOD_URLS=https://debuginfod.ubuntu.com LD_LIBRARY_PATH=/home/meta/ros2_ws/install/turtlesim/lib:/home/meta/ros2_ws/install/tutorial_interfaces/lib:/home/meta/ros2_ws/install/more_interfaces/lib:/home/meta/ros2_ws/install/custom_action_interfaces/lib:/opt/ros/jazzy/opt/rviz_ogre_vendor/lib:/opt/ros/jazzy/lib/x86_64-linux-gnu:/opt/ros/jazzy/opt/gz_math_vendor/lib:/opt/ros/jazzy/opt/gz_utils_vendor/lib:/opt/ros/jazzy/opt/gz_cmake_vendor/lib:/opt/ros/jazzy/lib PYTHONPATH=/home/meta/ros2_ws/build/learning_tf2_py/prefix_override:/usr/lib/python3/dist-packages/colcon_core/task/python/colcon_distutils_commands:/home/meta/ros2_ws/install/learning_tf2_py/lib/python3.12/site-packages:/home/meta/ros2_ws/install/turtlesim/lib/python3.12/site-packages:/home/meta/ros2_ws/install/py_srvcli/lib/python3.12/site-packages:/home/meta/ros2_ws/install/py_pubsub/lib/python3.12/site-packages:/home/meta/ros2_ws/install/tutorial_interfaces/lib/python3.12/site-packages:/home/meta/ros2_ws/install/python_parameters/lib/python3.12/site-packages:/home/meta/ros2_ws/install/python_parameter_event_handler/lib/python3.12/site-packages:/home/meta/ros2_ws/install/py_publisher_subscriber/lib/python3.12/site-packages:/home/meta/ros2_ws/install/nodic_launcher/lib/python3.12/site-packages:/home/meta/ros2_ws/install/my_package/lib/python3.12/site-packages:/home/meta/ros2_ws/install/more_interfaces/lib/python3.12/site-packages:/home/meta/ros2_ws/install/custom_action_interfaces/lib/python3.12/site-packages:/opt/ros/jazzy/lib/python3.12/site-packages /usr/bin/python3 -W ignore:setup.py install is deprecated setup.py egg_info --egg-base ../../build/learning_tf2_py build --build-base /home/meta/ros2_ws/build/learning_tf2_py/build install --record /home/meta/ros2_ws/build/learning_tf2_py/install.log --single-version-externally-managed install_data
[7.520s] running egg_info
[7.521s] creating ../../build/learning_tf2_py/learning_tf2_py.egg-info
[7.569s] writing ../../build/learning_tf2_py/learning_tf2_py.egg-info/PKG-INFO
[7.570s] writing dependency_links to ../../build/learning_tf2_py/learning_tf2_py.egg-info/dependency_links.txt
[7.570s] writing entry points to ../../build/learning_tf2_py/learning_tf2_py.egg-info/entry_points.txt
[7.571s] writing requirements to ../../build/learning_tf2_py/learning_tf2_py.egg-info/requires.txt
[7.571s] writing top-level names to ../../build/learning_tf2_py/learning_tf2_py.egg-info/top_level.txt
[7.572s] writing manifest file '../../build/learning_tf2_py/learning_tf2_py.egg-info/SOURCES.txt'
[7.666s] reading manifest file '../../build/learning_tf2_py/learning_tf2_py.egg-info/SOURCES.txt'
[7.666s] adding license file 'LICENSE'
[7.668s] writing manifest file '../../build/learning_tf2_py/learning_tf2_py.egg-info/SOURCES.txt'
[7.668s] running build
[7.668s] running build_py
[7.669s] creating /home/meta/ros2_ws/build/learning_tf2_py/build
[7.670s] creating /home/meta/ros2_ws/build/learning_tf2_py/build/lib
[7.670s] creating /home/meta/ros2_ws/build/learning_tf2_py/build/lib/learning_tf2_py
[7.670s] copying learning_tf2_py/static_turtle_tf2_broadcaster.py -> /home/meta/ros2_ws/build/learning_tf2_py/build/lib/learning_tf2_py
[7.671s] copying learning_tf2_py/__init__.py -> /home/meta/ros2_ws/build/learning_tf2_py/build/lib/learning_tf2_py
[7.671s] running install
[7.684s] running install_lib
[7.732s] creating /home/meta/ros2_ws/install/learning_tf2_py/lib/python3.12/site-packages/learning_tf2_py
[7.733s] copying /home/meta/ros2_ws/build/learning_tf2_py/build/lib/learning_tf2_py/static_turtle_tf2_broadcaster.py -> /home/meta/ros2_ws/install/learning_tf2_py/lib/python3.12/site-packages/learning_tf2_py
[7.733s] copying /home/meta/ros2_ws/build/learning_tf2_py/build/lib/learning_tf2_py/__init__.py -> /home/meta/ros2_ws/install/learning_tf2_py/lib/python3.12/site-packages/learning_tf2_py
[7.734s] byte-compiling /home/meta/ros2_ws/install/learning_tf2_py/lib/python3.12/site-packages/learning_tf2_py/static_turtle_tf2_broadcaster.py to static_turtle_tf2_broadcaster.cpython-312.pyc
[7.737s] byte-compiling /home/meta/ros2_ws/install/learning_tf2_py/lib/python3.12/site-packages/learning_tf2_py/__init__.py to __init__.cpython-312.pyc
[7.737s] running install_data
[7.738s] creating /home/meta/ros2_ws/install/learning_tf2_py/share/ament_index
[7.738s] creating /home/meta/ros2_ws/install/learning_tf2_py/share/ament_index/resource_index
[7.767s] creating /home/meta/ros2_ws/install/learning_tf2_py/share/ament_index/resource_index/packages
[7.767s] copying resource/learning_tf2_py -> /home/meta/ros2_ws/install/learning_tf2_py/share/ament_index/resource_index/packages
[7.768s] copying package.xml -> /home/meta/ros2_ws/install/learning_tf2_py/share/learning_tf2_py
[7.768s] running install_egg_info
[7.819s] Copying ../../build/learning_tf2_py/learning_tf2_py.egg-info to /home/meta/ros2_ws/install/learning_tf2_py/lib/python3.12/site-packages/learning_tf2_py-0.0.0-py3.12.egg-info
[7.821s] running install_scripts
[8.127s] Installing static_turtle_tf2_broadcaster script to /home/meta/ros2_ws/install/learning_tf2_py/lib/learning_tf2_py
[8.128s] writing list of installed files to '/home/meta/ros2_ws/build/learning_tf2_py/install.log'
[8.191s] Invoked command in '/home/meta/ros2_ws/src/learning_tf2_py' returned '0': CMAKE_PREFIX_PATH=/home/meta/ros2_ws/install/turtlesim:/home/meta/ros2_ws/install/tutorial_interfaces:/home/meta/ros2_ws/install/more_interfaces:/home/meta/ros2_ws/install/custom_action_interfaces:/opt/ros/jazzy/opt/gz_math_vendor:/opt/ros/jazzy/opt/gz_utils_vendor:/opt/ros/jazzy/opt/gz_cmake_vendor DEBUGINFOD_URLS=https://debuginfod.ubuntu.com LD_LIBRARY_PATH=/home/meta/ros2_ws/install/turtlesim/lib:/home/meta/ros2_ws/install/tutorial_interfaces/lib:/home/meta/ros2_ws/install/more_interfaces/lib:/home/meta/ros2_ws/install/custom_action_interfaces/lib:/opt/ros/jazzy/opt/rviz_ogre_vendor/lib:/opt/ros/jazzy/lib/x86_64-linux-gnu:/opt/ros/jazzy/opt/gz_math_vendor/lib:/opt/ros/jazzy/opt/gz_utils_vendor/lib:/opt/ros/jazzy/opt/gz_cmake_vendor/lib:/opt/ros/jazzy/lib PYTHONPATH=/home/meta/ros2_ws/build/learning_tf2_py/prefix_override:/usr/lib/python3/dist-packages/colcon_core/task/python/colcon_distutils_commands:/home/meta/ros2_ws/install/learning_tf2_py/lib/python3.12/site-packages:/home/meta/ros2_ws/install/turtlesim/lib/python3.12/site-packages:/home/meta/ros2_ws/install/py_srvcli/lib/python3.12/site-packages:/home/meta/ros2_ws/install/py_pubsub/lib/python3.12/site-packages:/home/meta/ros2_ws/install/tutorial_interfaces/lib/python3.12/site-packages:/home/meta/ros2_ws/install/python_parameters/lib/python3.12/site-packages:/home/meta/ros2_ws/install/python_parameter_event_handler/lib/python3.12/site-packages:/home/meta/ros2_ws/install/py_publisher_subscriber/lib/python3.12/site-packages:/home/meta/ros2_ws/install/nodic_launcher/lib/python3.12/site-packages:/home/meta/ros2_ws/install/my_package/lib/python3.12/site-packages:/home/meta/ros2_ws/install/more_interfaces/lib/python3.12/site-packages:/home/meta/ros2_ws/install/custom_action_interfaces/lib/python3.12/site-packages:/opt/ros/jazzy/lib/python3.12/site-packages /usr/bin/python3 -W ignore:setup.py install is deprecated setup.py egg_info --egg-base ../../build/learning_tf2_py build --build-base /home/meta/ros2_ws/build/learning_tf2_py/build install --record /home/meta/ros2_ws/build/learning_tf2_py/install.log --single-version-externally-managed install_data
