[0.016s] Invoking command in '/home/meta/ros2_ws/build/tutorial_interfaces': CMAKE_PREFIX_PATH=${CMAKE_PREFIX_PATH}:/opt/ros/jazzy DEBUGINFOD_URLS=https://debuginfod.ubuntu.com /usr/bin/cmake /home/meta/ros2_ws/src/tutorial_interfaces -DCMAKE_INSTALL_PREFIX=/home/meta/ros2_ws/install/tutorial_interfaces
[0.042s] -- Found ament_cmake: 2.5.0 (/opt/ros/jazzy/share/ament_cmake/cmake)
[0.448s] -- Found geometry_msgs: 5.3.5 (/opt/ros/jazzy/share/geometry_msgs/cmake)
[0.501s] -- Found rosidl_generator_c: 4.6.2 (/opt/ros/jazzy/share/rosidl_generator_c/cmake)
[0.522s] -- Found rosidl_generator_cpp: 4.6.2 (/opt/ros/jazzy/share/rosidl_generator_cpp/cmake)
[0.546s] -- Using all available rosidl_typesupport_c: rosidl_typesupport_fastrtps_c;rosidl_typesupport_introspection_c
[0.577s] -- Using all available rosidl_typesupport_cpp: rosidl_typesupport_fastrtps_cpp;rosidl_typesupport_introspection_cpp
[0.670s] -- Found rosidl_default_generators: 1.6.0 (/opt/ros/jazzy/share/rosidl_default_generators/cmake)
[0.687s] -- Found rosidl_adapter: 4.6.2 (/opt/ros/jazzy/share/rosidl_adapter/cmake)
[1.246s] [31mCMake Error at /opt/ros/jazzy/share/rosidl_cmake/cmake/rosidl_generate_interfaces.cmake:207 (add_custom_target):
[1.246s]   add_custom_target called with invalid target name "msg/Num.msg".  Target
[1.247s]   names may not contain a slash.  Use ADD_CUSTOM_COMMAND to generate files.
[1.247s] Call Stack (most recent call first):
[1.247s]   CMakeLists.txt:15 (rosidl_generate_interfaces)
[1.247s] 
[1.248s] [0m
[1.267s] -- Found ament_lint_auto: 0.17.0 (/opt/ros/jazzy/share/ament_lint_auto/cmake)
[1.678s] -- Added test 'lint_cmake' to check CMake code style
[1.686s] -- Added test 'xmllint' to check XML markup files
[1.695s] -- Configuring incomplete, errors occurred!
[1.715s] Invoked command in '/home/meta/ros2_ws/build/tutorial_interfaces' returned '1': CMAKE_PREFIX_PATH=${CMAKE_PREFIX_PATH}:/opt/ros/jazzy DEBUGINFOD_URLS=https://debuginfod.ubuntu.com /usr/bin/cmake /home/meta/ros2_ws/src/tutorial_interfaces -DCMAKE_INSTALL_PREFIX=/home/meta/ros2_ws/install/tutorial_interfaces
