[7.474s] Invoking command in '/home/meta/ros2_ws/src/py_pubsub': AMENT_PREFIX_PATH=/home/meta/ros2_ws/install/tutorial_interfaces:${AMENT_PREFIX_PATH} CMAKE_PREFIX_PATH=/home/meta/ros2_ws/install/tutorial_interfaces:${CMAKE_PREFIX_PATH} DEBUGINFOD_URLS=https://debuginfod.ubuntu.com LD_LIBRARY_PATH=/home/meta/ros2_ws/install/tutorial_interfaces/lib:${LD_LIBRARY_PATH} PYTHONPATH=/home/meta/ros2_ws/build/py_pubsub/prefix_override:/usr/lib/python3/dist-packages/colcon_core/task/python/colcon_distutils_commands:/home/meta/ros2_ws/install/py_pubsub/lib/python3.12/site-packages:/home/meta/ros2_ws/install/tutorial_interfaces/lib/python3.12/site-packages:${PYTHONPATH} /usr/bin/python3 -W ignore:setup.py install is deprecated setup.py egg_info --egg-base ../../build/py_pubsub build --build-base /home/meta/ros2_ws/build/py_pubsub/build install --record /home/meta/ros2_ws/build/py_pubsub/install.log --single-version-externally-managed install_data
[8.047s] running egg_info
[8.092s] writing ../../build/py_pubsub/py_pubsub.egg-info/PKG-INFO
[8.116s] writing dependency_links to ../../build/py_pubsub/py_pubsub.egg-info/dependency_links.txt
[8.116s] writing entry points to ../../build/py_pubsub/py_pubsub.egg-info/entry_points.txt
[8.116s] writing requirements to ../../build/py_pubsub/py_pubsub.egg-info/requires.txt
[8.117s] writing top-level names to ../../build/py_pubsub/py_pubsub.egg-info/top_level.txt
[8.207s] reading manifest file '../../build/py_pubsub/py_pubsub.egg-info/SOURCES.txt'
[8.296s] adding license file 'LICENSE'
[8.297s] writing manifest file '../../build/py_pubsub/py_pubsub.egg-info/SOURCES.txt'
[8.298s] running build
[8.298s] running build_py
[8.298s] copying py_pubsub/subscriber_member_function.py -> /home/meta/ros2_ws/build/py_pubsub/build/lib/py_pubsub
[8.323s] copying py_pubsub/publisher_member_function.py -> /home/meta/ros2_ws/build/py_pubsub/build/lib/py_pubsub
[8.323s] running install
[8.338s] running install_lib
[8.390s] copying /home/meta/ros2_ws/build/py_pubsub/build/lib/py_pubsub/subscriber_member_function.py -> /home/meta/ros2_ws/install/py_pubsub/lib/python3.12/site-packages/py_pubsub
[8.390s] copying /home/meta/ros2_ws/build/py_pubsub/build/lib/py_pubsub/publisher_member_function.py -> /home/meta/ros2_ws/install/py_pubsub/lib/python3.12/site-packages/py_pubsub
[8.391s] byte-compiling /home/meta/ros2_ws/install/py_pubsub/lib/python3.12/site-packages/py_pubsub/subscriber_member_function.py to subscriber_member_function.cpython-312.pyc
[8.393s] byte-compiling /home/meta/ros2_ws/install/py_pubsub/lib/python3.12/site-packages/py_pubsub/publisher_member_function.py to publisher_member_function.cpython-312.pyc
[8.394s] running install_data
[8.394s] copying package.xml -> /home/meta/ros2_ws/install/py_pubsub/share/py_pubsub
[8.394s] running install_egg_info
[8.441s] removing '/home/meta/ros2_ws/install/py_pubsub/lib/python3.12/site-packages/py_pubsub-0.0.0-py3.12.egg-info' (and everything under it)
[8.442s] Copying ../../build/py_pubsub/py_pubsub.egg-info to /home/meta/ros2_ws/install/py_pubsub/lib/python3.12/site-packages/py_pubsub-0.0.0-py3.12.egg-info
[8.467s] running install_scripts
[8.757s] Installing listener script to /home/meta/ros2_ws/install/py_pubsub/lib/py_pubsub
[8.757s] Installing talker script to /home/meta/ros2_ws/install/py_pubsub/lib/py_pubsub
[8.758s] writing list of installed files to '/home/meta/ros2_ws/build/py_pubsub/install.log'
[8.814s] Invoked command in '/home/meta/ros2_ws/src/py_pubsub' returned '0': AMENT_PREFIX_PATH=/home/meta/ros2_ws/install/tutorial_interfaces:${AMENT_PREFIX_PATH} CMAKE_PREFIX_PATH=/home/meta/ros2_ws/install/tutorial_interfaces:${CMAKE_PREFIX_PATH} DEBUGINFOD_URLS=https://debuginfod.ubuntu.com LD_LIBRARY_PATH=/home/meta/ros2_ws/install/tutorial_interfaces/lib:${LD_LIBRARY_PATH} PYTHONPATH=/home/meta/ros2_ws/build/py_pubsub/prefix_override:/usr/lib/python3/dist-packages/colcon_core/task/python/colcon_distutils_commands:/home/meta/ros2_ws/install/py_pubsub/lib/python3.12/site-packages:/home/meta/ros2_ws/install/tutorial_interfaces/lib/python3.12/site-packages:${PYTHONPATH} /usr/bin/python3 -W ignore:setup.py install is deprecated setup.py egg_info --egg-base ../../build/py_pubsub build --build-base /home/meta/ros2_ws/build/py_pubsub/build install --record /home/meta/ros2_ws/build/py_pubsub/install.log --single-version-externally-managed install_data
