[8.208s] Invoking command in '/home/meta/ros2_ws/src/python_parameters': DEBUGINFOD_URLS=https://debuginfod.ubuntu.com PYTHONPATH=/home/meta/ros2_ws/build/python_parameters/prefix_override:/usr/lib/python3/dist-packages/colcon_core/task/python/colcon_distutils_commands:/home/meta/ros2_ws/install/python_parameters/lib/python3.12/site-packages:${PYTHONPATH} /usr/bin/python3 -W ignore:setup.py install is deprecated setup.py egg_info --egg-base ../../build/python_parameters build --build-base /home/meta/ros2_ws/build/python_parameters/build install --record /home/meta/ros2_ws/build/python_parameters/install.log --single-version-externally-managed install_data
[8.841s] running egg_info
[8.889s] writing ../../build/python_parameters/python_parameters.egg-info/PKG-INFO
[8.963s] writing dependency_links to ../../build/python_parameters/python_parameters.egg-info/dependency_links.txt
[8.964s] writing entry points to ../../build/python_parameters/python_parameters.egg-info/entry_points.txt
[8.964s] writing requirements to ../../build/python_parameters/python_parameters.egg-info/requires.txt
[8.965s] writing top-level names to ../../build/python_parameters/python_parameters.egg-info/top_level.txt
[9.057s] reading manifest file '../../build/python_parameters/python_parameters.egg-info/SOURCES.txt'
[9.068s] adding license file 'LICENSE'
[9.070s] writing manifest file '../../build/python_parameters/python_parameters.egg-info/SOURCES.txt'
[9.070s] running build
[9.070s] running build_py
[9.079s] copying python_parameters/python_parameters_node.py -> /home/meta/ros2_ws/build/python_parameters/build/lib/python_parameters
[9.080s] running install
[9.094s] running install_lib
[9.141s] copying /home/meta/ros2_ws/build/python_parameters/build/lib/python_parameters/python_parameters_node.py -> /home/meta/ros2_ws/install/python_parameters/lib/python3.12/site-packages/python_parameters
[9.142s] byte-compiling /home/meta/ros2_ws/install/python_parameters/lib/python3.12/site-packages/python_parameters/python_parameters_node.py to python_parameters_node.cpython-312.pyc
[9.143s] running install_data
[9.144s] running install_egg_info
[9.194s] removing '/home/meta/ros2_ws/install/python_parameters/lib/python3.12/site-packages/python_parameters-0.0.0-py3.12.egg-info' (and everything under it)
[9.194s] Copying ../../build/python_parameters/python_parameters.egg-info to /home/meta/ros2_ws/install/python_parameters/lib/python3.12/site-packages/python_parameters-0.0.0-py3.12.egg-info
[9.213s] running install_scripts
[9.513s] Installing param_node script to /home/meta/ros2_ws/install/python_parameters/lib/python_parameters
[9.514s] writing list of installed files to '/home/meta/ros2_ws/build/python_parameters/install.log'
[9.572s] Invoked command in '/home/meta/ros2_ws/src/python_parameters' returned '0': DEBUGINFOD_URLS=https://debuginfod.ubuntu.com PYTHONPATH=/home/meta/ros2_ws/build/python_parameters/prefix_override:/usr/lib/python3/dist-packages/colcon_core/task/python/colcon_distutils_commands:/home/meta/ros2_ws/install/python_parameters/lib/python3.12/site-packages:${PYTHONPATH} /usr/bin/python3 -W ignore:setup.py install is deprecated setup.py egg_info --egg-base ../../build/python_parameters build --build-base /home/meta/ros2_ws/build/python_parameters/build install --record /home/meta/ros2_ws/build/python_parameters/install.log --single-version-externally-managed install_data
