[0.025s] Invoking command in '/home/meta/ros2_ws/build/urdf_tutorial': DEBUGINFOD_URLS=https://debuginfod.ubuntu.com /usr/bin/cmake /home/meta/ros2_ws/src/urdf_tutorial -DCATKIN_INSTALL_INTO_PREFIX_ROOT=0 -DCMAKE_INSTALL_PREFIX=/home/meta/ros2_ws/install/urdf_tutorial
[0.040s] [0mCMake Deprecation Warning at CMakeLists.txt:1 (cmake_minimum_required):
[0.040s]   Compatibility with CMake < 3.5 will be removed from a future version of
[0.040s]   CMake.
[0.041s] 
[0.041s]   Update the VERSION argument <min> value or use a ...<max> suffix to tell
[0.041s]   CMake that the project does not need compatibility with older versions.
[0.041s] 
[0.041s] [0m
[0.066s] [31mCMake Error at CMakeLists.txt:4 (find_package):
[0.066s]   By not providing "Findcatkin.cmake" in CMAKE_MODULE_PATH this project has
[0.067s]   asked CMake to find a package configuration file provided by "catkin", but
[0.067s]   CMake did not find one.
[0.067s] 
[0.068s]   Could not find a package configuration file provided by "catkin" with any
[0.068s]   of the following names:
[0.068s] 
[0.068s]     catkinConfig.cmake
[0.068s]     catkin-config.cmake
[0.069s] 
[0.069s]   Add the installation prefix of "catkin" to CMAKE_PREFIX_PATH or set
[0.069s]   "catkin_DIR" to a directory containing one of the above files.  If "catkin"
[0.069s]   provides a separate development package or SDK, be sure it has been
[0.069s]   installed.
[0.070s] 
[0.070s] [0m
[0.070s] -- Configuring incomplete, errors occurred!
[0.071s] Invoked command in '/home/meta/ros2_ws/build/urdf_tutorial' returned '1': DEBUGINFOD_URLS=https://debuginfod.ubuntu.com /usr/bin/cmake /home/meta/ros2_ws/src/urdf_tutorial -DCATKIN_INSTALL_INTO_PREFIX_ROOT=0 -DCMAKE_INSTALL_PREFIX=/home/meta/ros2_ws/install/urdf_tutorial
