[0.018s] Invoking command in '/home/meta/ros2_ws/build/more_interfaces': CMAKE_PREFIX_PATH=${CMAKE_PREFIX_PATH}:/opt/ros/jazzy DEBUGINFOD_URLS=https://debuginfod.ubuntu.com /usr/bin/cmake --build /home/meta/ros2_ws/build/more_interfaces -- -j4 -l4
[0.063s] -- Found ament_cmake: 2.5.0 (/opt/ros/jazzy/share/ament_cmake/cmake)
[0.274s] -- Found geometry_msgs: 5.3.5 (/opt/ros/jazzy/share/geometry_msgs/cmake)
[0.357s] -- Found rosidl_generator_c: 4.6.2 (/opt/ros/jazzy/share/rosidl_generator_c/cmake)
[0.379s] -- Found rosidl_generator_cpp: 4.6.2 (/opt/ros/jazzy/share/rosidl_generator_cpp/cmake)
[0.406s] -- Using all available rosidl_typesupport_c: rosidl_typesupport_fastrtps_c;rosidl_typesupport_introspection_c
[0.438s] -- Using all available rosidl_typesupport_cpp: rosidl_typesupport_fastrtps_cpp;rosidl_typesupport_introspection_cpp
[0.529s] -- Found rosidl_default_generators: 1.6.0 (/opt/ros/jazzy/share/rosidl_default_generators/cmake)
[0.545s] -- Found rosidl_adapter: 4.6.2 (/opt/ros/jazzy/share/rosidl_adapter/cmake)
[1.013s] -- Found ament_cmake_ros: 0.12.0 (/opt/ros/jazzy/share/ament_cmake_ros/cmake)
[1.327s] -- Using all available rosidl_typesupport_c: rosidl_typesupport_fastrtps_c;rosidl_typesupport_introspection_c
[1.442s] -- Using all available rosidl_typesupport_cpp: rosidl_typesupport_fastrtps_cpp;rosidl_typesupport_introspection_cpp
[1.444s] -- Found python_cmake_module: 0.11.1 (/opt/ros/jazzy/share/python_cmake_module/cmake)
[1.988s] -- Found Python3: /usr/bin/python3 (found version "3.12.3") found components: Interpreter Development NumPy Development.Module Development.Embed 
[2.018s] -- Found ament_lint_auto: 0.17.0 (/opt/ros/jazzy/share/ament_lint_auto/cmake)
[2.057s] -- Added test 'cppcheck' to perform static code analysis on C / C++ code
[2.058s] -- Configured cppcheck include dirs: 
[2.059s] -- Configured cppcheck exclude dirs and/or files: 
[2.061s] -- Added test 'flake8' to check Python code syntax and style conventions
[2.061s] -- Configured 'flake8' exclude dirs and/or files: 
[2.065s] -- Added test 'lint_cmake' to check CMake code style
[2.067s] -- Added test 'pep257' to check Python code against some of the docstring style conventions in PEP 257
[2.078s] -- Added test 'uncrustify' to check C / C++ code style
[2.078s] -- Configured uncrustify additional arguments: 
[2.080s] -- Added test 'xmllint' to check XML markup files
[2.084s] -- Configuring done (2.0s)
[2.145s] -- Generating done (0.1s)
[2.152s] -- Build files have been written to: /home/meta/ros2_ws/build/more_interfaces
[2.219s] [  2%] Built target more_interfaces__rosidl_generator_type_description
[2.251s] [  2%] Built target ament_cmake_python_copy_more_interfaces
[2.264s] [  5%] Built target more_interfaces__cpp
[2.272s] [ 20%] Built target more_interfaces__rosidl_generator_c
[2.334s] [ 29%] Built target more_interfaces__rosidl_typesupport_introspection_c
[2.345s] [ 38%] Built target more_interfaces__rosidl_typesupport_fastrtps_cpp
[2.369s] [ 47%] Built target more_interfaces__rosidl_typesupport_c
[2.421s] [ 55%] Built target more_interfaces__rosidl_typesupport_introspection_cpp
[2.433s] [ 64%] Built target more_interfaces__rosidl_typesupport_cpp
[2.456s] [ 73%] Built target more_interfaces__rosidl_typesupport_fastrtps_c
[2.492s] [ 73%] Built target more_interfaces
[2.528s] [ 76%] Built target more_interfaces__py
[2.568s] [ 82%] Built target more_interfaces__rosidl_generator_py
[2.643s] [ 88%] Built target more_interfaces_s__rosidl_typesupport_fastrtps_c
[2.645s] [ 94%] Built target more_interfaces_s__rosidl_typesupport_introspection_c
[2.655s] [100%] Built target more_interfaces_s__rosidl_typesupport_c
[2.907s] running egg_info
[2.954s] writing more_interfaces.egg-info/PKG-INFO
[2.954s] writing dependency_links to more_interfaces.egg-info/dependency_links.txt
[2.955s] writing top-level names to more_interfaces.egg-info/top_level.txt
[3.097s] reading manifest file 'more_interfaces.egg-info/SOURCES.txt'
[3.098s] writing manifest file 'more_interfaces.egg-info/SOURCES.txt'
[3.154s] [100%] Built target ament_cmake_python_build_more_interfaces_egg
[3.181s] Invoked command in '/home/meta/ros2_ws/build/more_interfaces' returned '0': CMAKE_PREFIX_PATH=${CMAKE_PREFIX_PATH}:/opt/ros/jazzy DEBUGINFOD_URLS=https://debuginfod.ubuntu.com /usr/bin/cmake --build /home/meta/ros2_ws/build/more_interfaces -- -j4 -l4
[3.303s] Invoking command in '/home/meta/ros2_ws/build/more_interfaces': CMAKE_PREFIX_PATH=${CMAKE_PREFIX_PATH}:/opt/ros/jazzy DEBUGINFOD_URLS=https://debuginfod.ubuntu.com /usr/bin/cmake --install /home/meta/ros2_ws/build/more_interfaces
[3.319s] -- Install configuration: ""
[3.320s] -- Up-to-date: /home/meta/ros2_ws/install/more_interfaces/share/ament_index/resource_index/rosidl_interfaces/more_interfaces
[3.320s] -- Up-to-date: /home/meta/ros2_ws/install/more_interfaces/share/more_interfaces/msg/AddressBook.json
[3.321s] -- Up-to-date: /home/meta/ros2_ws/install/more_interfaces/include/more_interfaces/more_interfaces
[3.321s] -- Up-to-date: /home/meta/ros2_ws/install/more_interfaces/include/more_interfaces/more_interfaces/msg
[3.321s] -- Up-to-date: /home/meta/ros2_ws/install/more_interfaces/include/more_interfaces/more_interfaces/msg/address_book.h
[3.322s] -- Up-to-date: /home/meta/ros2_ws/install/more_interfaces/include/more_interfaces/more_interfaces/msg/detail
[3.322s] -- Up-to-date: /home/meta/ros2_ws/install/more_interfaces/include/more_interfaces/more_interfaces/msg/detail/address_book__description.c
[3.322s] -- Up-to-date: /home/meta/ros2_ws/install/more_interfaces/include/more_interfaces/more_interfaces/msg/detail/address_book__functions.h
[3.323s] -- Installing: /home/meta/ros2_ws/install/more_interfaces/include/more_interfaces/more_interfaces/msg/detail/address_book__type_support.c
[3.323s] -- Up-to-date: /home/meta/ros2_ws/install/more_interfaces/include/more_interfaces/more_interfaces/msg/detail/address_book__type_support.h
[3.324s] -- Up-to-date: /home/meta/ros2_ws/install/more_interfaces/include/more_interfaces/more_interfaces/msg/detail/address_book__struct.h
[3.324s] -- Up-to-date: /home/meta/ros2_ws/install/more_interfaces/include/more_interfaces/more_interfaces/msg/detail/address_book__functions.c
[3.325s] -- Up-to-date: /home/meta/ros2_ws/install/more_interfaces/include/more_interfaces/more_interfaces/msg/rosidl_generator_c__visibility_control.h
[3.325s] -- Up-to-date: /home/meta/ros2_ws/install/more_interfaces/share/more_interfaces/environment/library_path.sh
[3.325s] -- Up-to-date: /home/meta/ros2_ws/install/more_interfaces/share/more_interfaces/environment/library_path.dsv
[3.326s] -- Up-to-date: /home/meta/ros2_ws/install/more_interfaces/lib/libmore_interfaces__rosidl_generator_c.so
[3.326s] -- Up-to-date: /home/meta/ros2_ws/install/more_interfaces/include/more_interfaces/more_interfaces
[3.326s] -- Up-to-date: /home/meta/ros2_ws/install/more_interfaces/include/more_interfaces/more_interfaces/msg
[3.327s] -- Up-to-date: /home/meta/ros2_ws/install/more_interfaces/include/more_interfaces/more_interfaces/msg/detail
[3.327s] -- Up-to-date: /home/meta/ros2_ws/install/more_interfaces/include/more_interfaces/more_interfaces/msg/detail/address_book__rosidl_typesupport_fastrtps_c.h
[3.327s] -- Up-to-date: /home/meta/ros2_ws/install/more_interfaces/include/more_interfaces/more_interfaces/msg/rosidl_typesupport_fastrtps_c__visibility_control.h
[3.328s] -- Up-to-date: /home/meta/ros2_ws/install/more_interfaces/lib/libmore_interfaces__rosidl_typesupport_fastrtps_c.so
[3.328s] -- Up-to-date: /home/meta/ros2_ws/install/more_interfaces/include/more_interfaces/more_interfaces
[3.329s] -- Up-to-date: /home/meta/ros2_ws/install/more_interfaces/include/more_interfaces/more_interfaces/msg
[3.329s] -- Up-to-date: /home/meta/ros2_ws/install/more_interfaces/include/more_interfaces/more_interfaces/msg/rosidl_generator_cpp__visibility_control.hpp
[3.329s] -- Up-to-date: /home/meta/ros2_ws/install/more_interfaces/include/more_interfaces/more_interfaces/msg/address_book.hpp
[3.329s] -- Up-to-date: /home/meta/ros2_ws/install/more_interfaces/include/more_interfaces/more_interfaces/msg/detail
[3.330s] -- Up-to-date: /home/meta/ros2_ws/install/more_interfaces/include/more_interfaces/more_interfaces/msg/detail/address_book__traits.hpp
[3.330s] -- Up-to-date: /home/meta/ros2_ws/install/more_interfaces/include/more_interfaces/more_interfaces/msg/detail/address_book__struct.hpp
[3.331s] -- Up-to-date: /home/meta/ros2_ws/install/more_interfaces/include/more_interfaces/more_interfaces/msg/detail/address_book__type_support.hpp
[3.331s] -- Up-to-date: /home/meta/ros2_ws/install/more_interfaces/include/more_interfaces/more_interfaces/msg/detail/address_book__builder.hpp
[3.331s] -- Up-to-date: /home/meta/ros2_ws/install/more_interfaces/include/more_interfaces/more_interfaces
[3.332s] -- Up-to-date: /home/meta/ros2_ws/install/more_interfaces/include/more_interfaces/more_interfaces/msg
[3.332s] -- Up-to-date: /home/meta/ros2_ws/install/more_interfaces/include/more_interfaces/more_interfaces/msg/rosidl_typesupport_fastrtps_cpp__visibility_control.h
[3.332s] -- Up-to-date: /home/meta/ros2_ws/install/more_interfaces/include/more_interfaces/more_interfaces/msg/detail
[3.333s] -- Up-to-date: /home/meta/ros2_ws/install/more_interfaces/include/more_interfaces/more_interfaces/msg/detail/address_book__rosidl_typesupport_fastrtps_cpp.hpp
[3.333s] -- Up-to-date: /home/meta/ros2_ws/install/more_interfaces/include/more_interfaces/more_interfaces/msg/detail/dds_fastrtps
[3.333s] -- Up-to-date: /home/meta/ros2_ws/install/more_interfaces/lib/libmore_interfaces__rosidl_typesupport_fastrtps_cpp.so
[3.334s] -- Up-to-date: /home/meta/ros2_ws/install/more_interfaces/include/more_interfaces/more_interfaces
[3.334s] -- Up-to-date: /home/meta/ros2_ws/install/more_interfaces/include/more_interfaces/more_interfaces/msg
[3.334s] -- Up-to-date: /home/meta/ros2_ws/install/more_interfaces/include/more_interfaces/more_interfaces/msg/detail
[3.334s] -- Installing: /home/meta/ros2_ws/install/more_interfaces/include/more_interfaces/more_interfaces/msg/detail/address_book__type_support.c
[3.335s] -- Up-to-date: /home/meta/ros2_ws/install/more_interfaces/include/more_interfaces/more_interfaces/msg/detail/address_book__rosidl_typesupport_introspection_c.h
[3.335s] -- Up-to-date: /home/meta/ros2_ws/install/more_interfaces/include/more_interfaces/more_interfaces/msg/rosidl_typesupport_introspection_c__visibility_control.h
[3.335s] -- Up-to-date: /home/meta/ros2_ws/install/more_interfaces/lib/libmore_interfaces__rosidl_typesupport_introspection_c.so
[3.335s] -- Up-to-date: /home/meta/ros2_ws/install/more_interfaces/lib/libmore_interfaces__rosidl_typesupport_c.so
[3.336s] -- Up-to-date: /home/meta/ros2_ws/install/more_interfaces/include/more_interfaces/more_interfaces
[3.336s] -- Up-to-date: /home/meta/ros2_ws/install/more_interfaces/include/more_interfaces/more_interfaces/msg
[3.336s] -- Up-to-date: /home/meta/ros2_ws/install/more_interfaces/include/more_interfaces/more_interfaces/msg/detail
[3.337s] -- Up-to-date: /home/meta/ros2_ws/install/more_interfaces/include/more_interfaces/more_interfaces/msg/detail/address_book__type_support.cpp
[3.337s] -- Up-to-date: /home/meta/ros2_ws/install/more_interfaces/include/more_interfaces/more_interfaces/msg/detail/address_book__rosidl_typesupport_introspection_cpp.hpp
[3.337s] -- Up-to-date: /home/meta/ros2_ws/install/more_interfaces/lib/libmore_interfaces__rosidl_typesupport_introspection_cpp.so
[3.337s] -- Up-to-date: /home/meta/ros2_ws/install/more_interfaces/lib/libmore_interfaces__rosidl_typesupport_cpp.so
[3.338s] -- Up-to-date: /home/meta/ros2_ws/install/more_interfaces/share/more_interfaces/environment/pythonpath.sh
[3.338s] -- Up-to-date: /home/meta/ros2_ws/install/more_interfaces/share/more_interfaces/environment/pythonpath.dsv
[3.339s] -- Up-to-date: /home/meta/ros2_ws/install/more_interfaces/lib/python3.12/site-packages/more_interfaces-0.0.0-py3.12.egg-info
[3.339s] -- Installing: /home/meta/ros2_ws/install/more_interfaces/lib/python3.12/site-packages/more_interfaces-0.0.0-py3.12.egg-info/dependency_links.txt
[3.339s] -- Installing: /home/meta/ros2_ws/install/more_interfaces/lib/python3.12/site-packages/more_interfaces-0.0.0-py3.12.egg-info/SOURCES.txt
[3.339s] -- Installing: /home/meta/ros2_ws/install/more_interfaces/lib/python3.12/site-packages/more_interfaces-0.0.0-py3.12.egg-info/PKG-INFO
[3.340s] -- Installing: /home/meta/ros2_ws/install/more_interfaces/lib/python3.12/site-packages/more_interfaces-0.0.0-py3.12.egg-info/top_level.txt
[3.340s] -- Up-to-date: /home/meta/ros2_ws/install/more_interfaces/lib/python3.12/site-packages/more_interfaces
[3.340s] -- Up-to-date: /home/meta/ros2_ws/install/more_interfaces/lib/python3.12/site-packages/more_interfaces/_more_interfaces_s.ep.rosidl_typesupport_c.c
[3.341s] -- Up-to-date: /home/meta/ros2_ws/install/more_interfaces/lib/python3.12/site-packages/more_interfaces/more_interfaces_s__rosidl_typesupport_c.so
[3.341s] -- Up-to-date: /home/meta/ros2_ws/install/more_interfaces/lib/python3.12/site-packages/more_interfaces/more_interfaces_s__rosidl_typesupport_introspection_c.so
[3.341s] -- Up-to-date: /home/meta/ros2_ws/install/more_interfaces/lib/python3.12/site-packages/more_interfaces/msg
[3.341s] -- Up-to-date: /home/meta/ros2_ws/install/more_interfaces/lib/python3.12/site-packages/more_interfaces/msg/_address_book.py
[3.342s] -- Up-to-date: /home/meta/ros2_ws/install/more_interfaces/lib/python3.12/site-packages/more_interfaces/msg/_address_book_s.c
[3.342s] -- Up-to-date: /home/meta/ros2_ws/install/more_interfaces/lib/python3.12/site-packages/more_interfaces/msg/__init__.py
[3.342s] -- Up-to-date: /home/meta/ros2_ws/install/more_interfaces/lib/python3.12/site-packages/more_interfaces/_more_interfaces_s.ep.rosidl_typesupport_fastrtps_c.c
[3.342s] -- Installing: /home/meta/ros2_ws/install/more_interfaces/lib/python3.12/site-packages/more_interfaces/__init__.py
[3.343s] -- Up-to-date: /home/meta/ros2_ws/install/more_interfaces/lib/python3.12/site-packages/more_interfaces/_more_interfaces_s.ep.rosidl_typesupport_introspection_c.c
[3.343s] -- Up-to-date: /home/meta/ros2_ws/install/more_interfaces/lib/python3.12/site-packages/more_interfaces/more_interfaces_s__rosidl_typesupport_fastrtps_c.so
[3.404s] Listing '/home/meta/ros2_ws/install/more_interfaces/lib/python3.12/site-packages/more_interfaces'...
[3.404s] Compiling '/home/meta/ros2_ws/install/more_interfaces/lib/python3.12/site-packages/more_interfaces/__init__.py'...
[3.405s] Listing '/home/meta/ros2_ws/install/more_interfaces/lib/python3.12/site-packages/more_interfaces/msg'...
[3.417s] -- Up-to-date: /home/meta/ros2_ws/install/more_interfaces/lib/python3.12/site-packages/more_interfaces/more_interfaces_s__rosidl_typesupport_fastrtps_c.so
[3.418s] -- Up-to-date: /home/meta/ros2_ws/install/more_interfaces/lib/python3.12/site-packages/more_interfaces/more_interfaces_s__rosidl_typesupport_introspection_c.so
[3.418s] -- Up-to-date: /home/meta/ros2_ws/install/more_interfaces/lib/python3.12/site-packages/more_interfaces/more_interfaces_s__rosidl_typesupport_c.so
[3.419s] -- Up-to-date: /home/meta/ros2_ws/install/more_interfaces/lib/libmore_interfaces__rosidl_generator_py.so
[3.420s] -- Up-to-date: /home/meta/ros2_ws/install/more_interfaces/share/more_interfaces/msg/AddressBook.idl
[3.420s] -- Up-to-date: /home/meta/ros2_ws/install/more_interfaces/share/more_interfaces/msg/AddressBook.msg
[3.420s] -- Installing: /home/meta/ros2_ws/install/more_interfaces/share/ament_index/resource_index/package_run_dependencies/more_interfaces
[3.421s] -- Up-to-date: /home/meta/ros2_ws/install/more_interfaces/share/ament_index/resource_index/parent_prefix_path/more_interfaces
[3.421s] -- Up-to-date: /home/meta/ros2_ws/install/more_interfaces/share/more_interfaces/environment/ament_prefix_path.sh
[3.421s] -- Up-to-date: /home/meta/ros2_ws/install/more_interfaces/share/more_interfaces/environment/ament_prefix_path.dsv
[3.422s] -- Up-to-date: /home/meta/ros2_ws/install/more_interfaces/share/more_interfaces/environment/path.sh
[3.422s] -- Up-to-date: /home/meta/ros2_ws/install/more_interfaces/share/more_interfaces/environment/path.dsv
[3.422s] -- Up-to-date: /home/meta/ros2_ws/install/more_interfaces/share/more_interfaces/local_setup.bash
[3.423s] -- Up-to-date: /home/meta/ros2_ws/install/more_interfaces/share/more_interfaces/local_setup.sh
[3.423s] -- Up-to-date: /home/meta/ros2_ws/install/more_interfaces/share/more_interfaces/local_setup.zsh
[3.423s] -- Up-to-date: /home/meta/ros2_ws/install/more_interfaces/share/more_interfaces/local_setup.dsv
[3.424s] -- Installing: /home/meta/ros2_ws/install/more_interfaces/share/more_interfaces/package.dsv
[3.424s] -- Up-to-date: /home/meta/ros2_ws/install/more_interfaces/share/ament_index/resource_index/packages/more_interfaces
[3.425s] -- Up-to-date: /home/meta/ros2_ws/install/more_interfaces/share/more_interfaces/cmake/export_more_interfaces__rosidl_generator_cExport.cmake
[3.425s] -- Up-to-date: /home/meta/ros2_ws/install/more_interfaces/share/more_interfaces/cmake/export_more_interfaces__rosidl_generator_cExport-noconfig.cmake
[3.425s] -- Up-to-date: /home/meta/ros2_ws/install/more_interfaces/share/more_interfaces/cmake/export_more_interfaces__rosidl_typesupport_fastrtps_cExport.cmake
[3.426s] -- Up-to-date: /home/meta/ros2_ws/install/more_interfaces/share/more_interfaces/cmake/export_more_interfaces__rosidl_typesupport_fastrtps_cExport-noconfig.cmake
[3.426s] -- Up-to-date: /home/meta/ros2_ws/install/more_interfaces/share/more_interfaces/cmake/export_more_interfaces__rosidl_generator_cppExport.cmake
[3.426s] -- Up-to-date: /home/meta/ros2_ws/install/more_interfaces/share/more_interfaces/cmake/export_more_interfaces__rosidl_typesupport_fastrtps_cppExport.cmake
[3.427s] -- Up-to-date: /home/meta/ros2_ws/install/more_interfaces/share/more_interfaces/cmake/export_more_interfaces__rosidl_typesupport_fastrtps_cppExport-noconfig.cmake
[3.427s] -- Up-to-date: /home/meta/ros2_ws/install/more_interfaces/share/more_interfaces/cmake/more_interfaces__rosidl_typesupport_introspection_cExport.cmake
[3.427s] -- Up-to-date: /home/meta/ros2_ws/install/more_interfaces/share/more_interfaces/cmake/more_interfaces__rosidl_typesupport_introspection_cExport-noconfig.cmake
[3.428s] -- Up-to-date: /home/meta/ros2_ws/install/more_interfaces/share/more_interfaces/cmake/more_interfaces__rosidl_typesupport_cExport.cmake
[3.428s] -- Up-to-date: /home/meta/ros2_ws/install/more_interfaces/share/more_interfaces/cmake/more_interfaces__rosidl_typesupport_cExport-noconfig.cmake
[3.428s] -- Up-to-date: /home/meta/ros2_ws/install/more_interfaces/share/more_interfaces/cmake/more_interfaces__rosidl_typesupport_introspection_cppExport.cmake
[3.429s] -- Up-to-date: /home/meta/ros2_ws/install/more_interfaces/share/more_interfaces/cmake/more_interfaces__rosidl_typesupport_introspection_cppExport-noconfig.cmake
[3.429s] -- Up-to-date: /home/meta/ros2_ws/install/more_interfaces/share/more_interfaces/cmake/more_interfaces__rosidl_typesupport_cppExport.cmake
[3.429s] -- Up-to-date: /home/meta/ros2_ws/install/more_interfaces/share/more_interfaces/cmake/more_interfaces__rosidl_typesupport_cppExport-noconfig.cmake
[3.429s] -- Up-to-date: /home/meta/ros2_ws/install/more_interfaces/share/more_interfaces/cmake/export_more_interfaces__rosidl_generator_pyExport.cmake
[3.430s] -- Up-to-date: /home/meta/ros2_ws/install/more_interfaces/share/more_interfaces/cmake/export_more_interfaces__rosidl_generator_pyExport-noconfig.cmake
[3.430s] -- Up-to-date: /home/meta/ros2_ws/install/more_interfaces/share/more_interfaces/cmake/rosidl_cmake-extras.cmake
[3.430s] -- Up-to-date: /home/meta/ros2_ws/install/more_interfaces/share/more_interfaces/cmake/ament_cmake_export_include_directories-extras.cmake
[3.430s] -- Up-to-date: /home/meta/ros2_ws/install/more_interfaces/share/more_interfaces/cmake/ament_cmake_export_libraries-extras.cmake
[3.430s] -- Up-to-date: /home/meta/ros2_ws/install/more_interfaces/share/more_interfaces/cmake/ament_cmake_export_targets-extras.cmake
[3.431s] -- Up-to-date: /home/meta/ros2_ws/install/more_interfaces/share/more_interfaces/cmake/rosidl_cmake_export_typesupport_targets-extras.cmake
[3.431s] -- Installing: /home/meta/ros2_ws/install/more_interfaces/share/more_interfaces/cmake/ament_cmake_export_dependencies-extras.cmake
[3.431s] -- Up-to-date: /home/meta/ros2_ws/install/more_interfaces/share/more_interfaces/cmake/rosidl_cmake_export_typesupport_libraries-extras.cmake
[3.431s] -- Up-to-date: /home/meta/ros2_ws/install/more_interfaces/share/more_interfaces/cmake/more_interfacesConfig.cmake
[3.432s] -- Up-to-date: /home/meta/ros2_ws/install/more_interfaces/share/more_interfaces/cmake/more_interfacesConfig-version.cmake
[3.432s] -- Installing: /home/meta/ros2_ws/install/more_interfaces/share/more_interfaces/package.xml
[3.434s] Invoked command in '/home/meta/ros2_ws/build/more_interfaces' returned '0': CMAKE_PREFIX_PATH=${CMAKE_PREFIX_PATH}:/opt/ros/jazzy DEBUGINFOD_URLS=https://debuginfod.ubuntu.com /usr/bin/cmake --install /home/meta/ros2_ws/build/more_interfaces
