[5.138s] DEBUG:colcon:Command line arguments: ['/usr/bin/colcon', 'build', '--packages-select', 'tutorial_interfaces']
[5.138s] DEBUG:colcon:Parsed command line arguments: Namespace(log_base=None, log_level=None, verb_name='build', build_base='build', install_base='install', merge_install=False, symlink_install=False, test_result_base=None, continue_on_error=False, executor='parallel', parallel_workers=4, event_handlers=None, ignore_user_meta=False, metas=['./colcon.meta'], base_paths=['.'], packages_ignore=None, packages_ignore_regex=None, paths=None, packages_up_to=None, packages_up_to_regex=None, packages_above=None, packages_above_and_dependencies=None, packages_above_depth=None, packages_select_by_dep=None, packages_skip_by_dep=None, packages_skip_up_to=None, packages_select_build_failed=False, packages_skip_build_finished=False, packages_select_test_failures=False, packages_skip_test_passed=False, packages_select=['tutorial_interfaces'], packages_skip=None, packages_select_regex=None, packages_skip_regex=None, packages_start=None, packages_end=None, allow_overriding=[], cmake_args=None, cmake_target=None, cmake_target_skip_unavailable=False, cmake_clean_cache=False, cmake_clean_first=False, cmake_force_configure=False, ament_cmake_args=None, catkin_cmake_args=None, catkin_skip_building_tests=False, mixin_files=None, mixin=None, verb_parser=<colcon_mixin.mixin.mixin_argument.MixinArgumentDecorator object at 0x77b43c97b560>, verb_extension=<colcon_core.verb.build.BuildVerb object at 0x77b43d8ee240>, main=<bound method BuildVerb.main of <colcon_core.verb.build.BuildVerb object at 0x77b43d8ee240>>, mixin_verb=('build',))
[8.191s] Level 1:colcon.colcon_core.package_discovery:discover_packages(colcon_meta) check parameters
[8.191s] Level 1:colcon.colcon_core.package_discovery:discover_packages(recursive) check parameters
[8.191s] Level 1:colcon.colcon_core.package_discovery:discover_packages(ignore) check parameters
[8.191s] Level 1:colcon.colcon_core.package_discovery:discover_packages(path) check parameters
[8.192s] Level 1:colcon.colcon_core.package_discovery:discover_packages(colcon_meta) discover
[8.192s] Level 1:colcon.colcon_core.package_discovery:discover_packages(recursive) discover
[8.192s] INFO:colcon.colcon_core.package_discovery:Crawling recursively for packages in '/home/meta/ros2_ws'
[8.226s] Level 1:colcon.colcon_core.package_identification:_identify(.) by extensions ['ignore', 'ignore_ament_install']
[8.226s] Level 1:colcon.colcon_core.package_identification:_identify(.) by extension 'ignore'
[8.226s] Level 1:colcon.colcon_core.package_identification:_identify(.) by extension 'ignore_ament_install'
[8.226s] Level 1:colcon.colcon_core.package_identification:_identify(.) by extensions ['colcon_pkg']
[8.226s] Level 1:colcon.colcon_core.package_identification:_identify(.) by extension 'colcon_pkg'
[8.226s] Level 1:colcon.colcon_core.package_identification:_identify(.) by extensions ['colcon_meta']
[8.226s] Level 1:colcon.colcon_core.package_identification:_identify(.) by extension 'colcon_meta'
[8.226s] Level 1:colcon.colcon_core.package_identification:_identify(.) by extensions ['ros']
[8.227s] Level 1:colcon.colcon_core.package_identification:_identify(.) by extension 'ros'
[8.543s] Level 1:colcon.colcon_core.package_identification:_identify(.) by extensions ['cmake', 'python']
[8.544s] Level 1:colcon.colcon_core.package_identification:_identify(.) by extension 'cmake'
[8.544s] Level 1:colcon.colcon_core.package_identification:_identify(.) by extension 'python'
[8.544s] Level 1:colcon.colcon_core.package_identification:_identify(.) by extensions ['python_setup_py']
[8.544s] Level 1:colcon.colcon_core.package_identification:_identify(.) by extension 'python_setup_py'
[8.544s] Level 1:colcon.colcon_core.package_identification:_identify(build) by extensions ['ignore', 'ignore_ament_install']
[8.544s] Level 1:colcon.colcon_core.package_identification:_identify(build) by extension 'ignore'
[8.544s] Level 1:colcon.colcon_core.package_identification:_identify(build) ignored
[8.545s] Level 1:colcon.colcon_core.package_identification:_identify(install) by extensions ['ignore', 'ignore_ament_install']
[8.545s] Level 1:colcon.colcon_core.package_identification:_identify(install) by extension 'ignore'
[8.545s] Level 1:colcon.colcon_core.package_identification:_identify(install) ignored
[8.545s] Level 1:colcon.colcon_core.package_identification:_identify(log) by extensions ['ignore', 'ignore_ament_install']
[8.545s] Level 1:colcon.colcon_core.package_identification:_identify(log) by extension 'ignore'
[8.546s] Level 1:colcon.colcon_core.package_identification:_identify(log) ignored
[8.546s] Level 1:colcon.colcon_core.package_identification:_identify(src) by extensions ['ignore', 'ignore_ament_install']
[8.546s] Level 1:colcon.colcon_core.package_identification:_identify(src) by extension 'ignore'
[8.546s] Level 1:colcon.colcon_core.package_identification:_identify(src) by extension 'ignore_ament_install'
[8.547s] Level 1:colcon.colcon_core.package_identification:_identify(src) by extensions ['colcon_pkg']
[8.547s] Level 1:colcon.colcon_core.package_identification:_identify(src) by extension 'colcon_pkg'
[8.547s] Level 1:colcon.colcon_core.package_identification:_identify(src) by extensions ['colcon_meta']
[8.547s] Level 1:colcon.colcon_core.package_identification:_identify(src) by extension 'colcon_meta'
[8.547s] Level 1:colcon.colcon_core.package_identification:_identify(src) by extensions ['ros']
[8.547s] Level 1:colcon.colcon_core.package_identification:_identify(src) by extension 'ros'
[8.547s] Level 1:colcon.colcon_core.package_identification:_identify(src) by extensions ['cmake', 'python']
[8.547s] Level 1:colcon.colcon_core.package_identification:_identify(src) by extension 'cmake'
[8.548s] Level 1:colcon.colcon_core.package_identification:_identify(src) by extension 'python'
[8.548s] Level 1:colcon.colcon_core.package_identification:_identify(src) by extensions ['python_setup_py']
[8.548s] Level 1:colcon.colcon_core.package_identification:_identify(src) by extension 'python_setup_py'
[8.580s] Level 1:colcon.colcon_core.package_identification:_identify(src/my_package) by extensions ['ignore', 'ignore_ament_install']
[8.581s] Level 1:colcon.colcon_core.package_identification:_identify(src/my_package) by extension 'ignore'
[8.581s] Level 1:colcon.colcon_core.package_identification:_identify(src/my_package) by extension 'ignore_ament_install'
[8.581s] Level 1:colcon.colcon_core.package_identification:_identify(src/my_package) by extensions ['colcon_pkg']
[8.581s] Level 1:colcon.colcon_core.package_identification:_identify(src/my_package) by extension 'colcon_pkg'
[8.582s] Level 1:colcon.colcon_core.package_identification:_identify(src/my_package) by extensions ['colcon_meta']
[8.582s] Level 1:colcon.colcon_core.package_identification:_identify(src/my_package) by extension 'colcon_meta'
[8.582s] Level 1:colcon.colcon_core.package_identification:_identify(src/my_package) by extensions ['ros']
[8.582s] Level 1:colcon.colcon_core.package_identification:_identify(src/my_package) by extension 'ros'
[8.640s] DEBUG:colcon.colcon_core.package_identification:Package 'src/my_package' with type 'ros.ament_python' and name 'my_package'
[8.670s] Level 1:colcon.colcon_core.package_identification:_identify(src/py_pubsub) by extensions ['ignore', 'ignore_ament_install']
[8.671s] Level 1:colcon.colcon_core.package_identification:_identify(src/py_pubsub) by extension 'ignore'
[8.671s] Level 1:colcon.colcon_core.package_identification:_identify(src/py_pubsub) by extension 'ignore_ament_install'
[8.672s] Level 1:colcon.colcon_core.package_identification:_identify(src/py_pubsub) by extensions ['colcon_pkg']
[8.672s] Level 1:colcon.colcon_core.package_identification:_identify(src/py_pubsub) by extension 'colcon_pkg'
[8.672s] Level 1:colcon.colcon_core.package_identification:_identify(src/py_pubsub) by extensions ['colcon_meta']
[8.672s] Level 1:colcon.colcon_core.package_identification:_identify(src/py_pubsub) by extension 'colcon_meta'
[8.672s] Level 1:colcon.colcon_core.package_identification:_identify(src/py_pubsub) by extensions ['ros']
[8.672s] Level 1:colcon.colcon_core.package_identification:_identify(src/py_pubsub) by extension 'ros'
[8.703s] DEBUG:colcon.colcon_core.package_identification:Package 'src/py_pubsub' with type 'ros.ament_python' and name 'py_pubsub'
[8.728s] Level 1:colcon.colcon_core.package_identification:_identify(src/py_srvcli) by extensions ['ignore', 'ignore_ament_install']
[8.729s] Level 1:colcon.colcon_core.package_identification:_identify(src/py_srvcli) by extension 'ignore'
[8.729s] Level 1:colcon.colcon_core.package_identification:_identify(src/py_srvcli) by extension 'ignore_ament_install'
[8.729s] Level 1:colcon.colcon_core.package_identification:_identify(src/py_srvcli) by extensions ['colcon_pkg']
[8.729s] Level 1:colcon.colcon_core.package_identification:_identify(src/py_srvcli) by extension 'colcon_pkg'
[8.730s] Level 1:colcon.colcon_core.package_identification:_identify(src/py_srvcli) by extensions ['colcon_meta']
[8.730s] Level 1:colcon.colcon_core.package_identification:_identify(src/py_srvcli) by extension 'colcon_meta'
[8.730s] Level 1:colcon.colcon_core.package_identification:_identify(src/py_srvcli) by extensions ['ros']
[8.730s] Level 1:colcon.colcon_core.package_identification:_identify(src/py_srvcli) by extension 'ros'
[8.761s] DEBUG:colcon.colcon_core.package_identification:Package 'src/py_srvcli' with type 'ros.ament_python' and name 'py_srvcli'
[8.859s] Level 1:colcon.colcon_core.package_identification:_identify(src/ros_tutorials) by extensions ['ignore', 'ignore_ament_install']
[8.859s] Level 1:colcon.colcon_core.package_identification:_identify(src/ros_tutorials) by extension 'ignore'
[8.859s] Level 1:colcon.colcon_core.package_identification:_identify(src/ros_tutorials) by extension 'ignore_ament_install'
[8.860s] Level 1:colcon.colcon_core.package_identification:_identify(src/ros_tutorials) by extensions ['colcon_pkg']
[8.860s] Level 1:colcon.colcon_core.package_identification:_identify(src/ros_tutorials) by extension 'colcon_pkg'
[8.861s] Level 1:colcon.colcon_core.package_identification:_identify(src/ros_tutorials) by extensions ['colcon_meta']
[8.861s] Level 1:colcon.colcon_core.package_identification:_identify(src/ros_tutorials) by extension 'colcon_meta'
[8.861s] Level 1:colcon.colcon_core.package_identification:_identify(src/ros_tutorials) by extensions ['ros']
[8.861s] Level 1:colcon.colcon_core.package_identification:_identify(src/ros_tutorials) by extension 'ros'
[8.862s] Level 1:colcon.colcon_core.package_identification:_identify(src/ros_tutorials) by extensions ['cmake', 'python']
[8.862s] Level 1:colcon.colcon_core.package_identification:_identify(src/ros_tutorials) by extension 'cmake'
[8.862s] Level 1:colcon.colcon_core.package_identification:_identify(src/ros_tutorials) by extension 'python'
[8.863s] Level 1:colcon.colcon_core.package_identification:_identify(src/ros_tutorials) by extensions ['python_setup_py']
[8.863s] Level 1:colcon.colcon_core.package_identification:_identify(src/ros_tutorials) by extension 'python_setup_py'
[8.954s] Level 1:colcon.colcon_core.package_identification:_identify(src/ros_tutorials/turtlesim) by extensions ['ignore', 'ignore_ament_install']
[8.955s] Level 1:colcon.colcon_core.package_identification:_identify(src/ros_tutorials/turtlesim) by extension 'ignore'
[8.955s] Level 1:colcon.colcon_core.package_identification:_identify(src/ros_tutorials/turtlesim) by extension 'ignore_ament_install'
[8.955s] Level 1:colcon.colcon_core.package_identification:_identify(src/ros_tutorials/turtlesim) by extensions ['colcon_pkg']
[8.955s] Level 1:colcon.colcon_core.package_identification:_identify(src/ros_tutorials/turtlesim) by extension 'colcon_pkg'
[8.955s] Level 1:colcon.colcon_core.package_identification:_identify(src/ros_tutorials/turtlesim) by extensions ['colcon_meta']
[8.955s] Level 1:colcon.colcon_core.package_identification:_identify(src/ros_tutorials/turtlesim) by extension 'colcon_meta'
[8.955s] Level 1:colcon.colcon_core.package_identification:_identify(src/ros_tutorials/turtlesim) by extensions ['ros']
[8.955s] Level 1:colcon.colcon_core.package_identification:_identify(src/ros_tutorials/turtlesim) by extension 'ros'
[9.017s] DEBUG:colcon.colcon_core.package_identification:Package 'src/ros_tutorials/turtlesim' with type 'ros.ament_cmake' and name 'turtlesim'
[9.017s] Level 1:colcon.colcon_core.package_identification:_identify(src/tutorial_interfaces) by extensions ['ignore', 'ignore_ament_install']
[9.018s] Level 1:colcon.colcon_core.package_identification:_identify(src/tutorial_interfaces) by extension 'ignore'
[9.018s] Level 1:colcon.colcon_core.package_identification:_identify(src/tutorial_interfaces) by extension 'ignore_ament_install'
[9.018s] Level 1:colcon.colcon_core.package_identification:_identify(src/tutorial_interfaces) by extensions ['colcon_pkg']
[9.019s] Level 1:colcon.colcon_core.package_identification:_identify(src/tutorial_interfaces) by extension 'colcon_pkg'
[9.019s] Level 1:colcon.colcon_core.package_identification:_identify(src/tutorial_interfaces) by extensions ['colcon_meta']
[9.019s] Level 1:colcon.colcon_core.package_identification:_identify(src/tutorial_interfaces) by extension 'colcon_meta'
[9.019s] Level 1:colcon.colcon_core.package_identification:_identify(src/tutorial_interfaces) by extensions ['ros']
[9.019s] Level 1:colcon.colcon_core.package_identification:_identify(src/tutorial_interfaces) by extension 'ros'
[9.022s] DEBUG:colcon.colcon_core.package_identification:Package 'src/tutorial_interfaces' with type 'ros.ament_cmake' and name 'tutorial_interfaces'
[9.022s] Level 1:colcon.colcon_core.package_discovery:discover_packages(recursive) using defaults
[9.022s] Level 1:colcon.colcon_core.package_discovery:discover_packages(ignore) discover
[9.022s] Level 1:colcon.colcon_core.package_discovery:discover_packages(ignore) using defaults
[9.022s] Level 1:colcon.colcon_core.package_discovery:discover_packages(path) discover
[9.022s] Level 1:colcon.colcon_core.package_discovery:discover_packages(path) using defaults
[9.754s] INFO:colcon.colcon_core.package_selection:Skipping not selected package 'my_package' in 'src/my_package'
[9.755s] INFO:colcon.colcon_core.package_selection:Skipping not selected package 'py_pubsub' in 'src/py_pubsub'
[9.755s] INFO:colcon.colcon_core.package_selection:Skipping not selected package 'py_srvcli' in 'src/py_srvcli'
[9.755s] INFO:colcon.colcon_core.package_selection:Skipping not selected package 'turtlesim' in 'src/ros_tutorials/turtlesim'
[9.766s] Level 1:colcon.colcon_core.package_discovery:discover_packages(prefix_path) check parameters
[9.766s] Level 1:colcon.colcon_core.package_discovery:discover_packages(prefix_path) discover
[9.998s] DEBUG:colcon.colcon_installed_package_information.package_discovery:Found 308 installed packages in /opt/ros/jazzy
[10.006s] Level 1:colcon.colcon_core.package_discovery:discover_packages(prefix_path) using defaults
[17.736s] Level 5:colcon.colcon_core.verb:set package 'tutorial_interfaces' build argument 'cmake_args' from command line to 'None'
[17.736s] Level 5:colcon.colcon_core.verb:set package 'tutorial_interfaces' build argument 'cmake_target' from command line to 'None'
[17.771s] Level 5:colcon.colcon_core.verb:set package 'tutorial_interfaces' build argument 'cmake_target_skip_unavailable' from command line to 'False'
[17.771s] Level 5:colcon.colcon_core.verb:set package 'tutorial_interfaces' build argument 'cmake_clean_cache' from command line to 'False'
[17.771s] Level 5:colcon.colcon_core.verb:set package 'tutorial_interfaces' build argument 'cmake_clean_first' from command line to 'False'
[17.771s] Level 5:colcon.colcon_core.verb:set package 'tutorial_interfaces' build argument 'cmake_force_configure' from command line to 'False'
[17.772s] Level 5:colcon.colcon_core.verb:set package 'tutorial_interfaces' build argument 'ament_cmake_args' from command line to 'None'
[17.772s] Level 5:colcon.colcon_core.verb:set package 'tutorial_interfaces' build argument 'catkin_cmake_args' from command line to 'None'
[17.772s] Level 5:colcon.colcon_core.verb:set package 'tutorial_interfaces' build argument 'catkin_skip_building_tests' from command line to 'False'
[17.772s] DEBUG:colcon.colcon_core.verb:Building package 'tutorial_interfaces' with the following arguments: {'ament_cmake_args': None, 'build_base': '/home/meta/ros2_ws/build/tutorial_interfaces', 'catkin_cmake_args': None, 'catkin_skip_building_tests': False, 'cmake_args': None, 'cmake_clean_cache': False, 'cmake_clean_first': False, 'cmake_force_configure': False, 'cmake_target': None, 'cmake_target_skip_unavailable': False, 'install_base': '/home/meta/ros2_ws/install/tutorial_interfaces', 'merge_install': False, 'path': '/home/meta/ros2_ws/src/tutorial_interfaces', 'symlink_install': False, 'test_result_base': None}
[17.773s] INFO:colcon.colcon_core.executor:Executing jobs using 'parallel' executor
[17.776s] DEBUG:colcon.colcon_parallel_executor.executor.parallel:run_until_complete
[17.777s] INFO:colcon.colcon_ros.task.ament_cmake.build:Building ROS package in '/home/meta/ros2_ws/src/tutorial_interfaces' with build type 'ament_cmake'
[17.777s] INFO:colcon.colcon_cmake.task.cmake.build:Building CMake package in '/home/meta/ros2_ws/src/tutorial_interfaces'
[18.084s] INFO:colcon.colcon_core.plugin_system:Skipping extension 'colcon_core.shell.bat': Not used on non-Windows systems
[18.085s] INFO:colcon.colcon_core.shell:Skip shell extension 'powershell' for command environment: Not usable outside of PowerShell
[18.085s] DEBUG:colcon.colcon_core.shell:Skip shell extension 'dsv' for command environment
[18.126s] DEBUG:colcon.colcon_core.event_handler.log_command:Invoking command in '/home/meta/ros2_ws/build/tutorial_interfaces': CMAKE_PREFIX_PATH=${CMAKE_PREFIX_PATH}:/opt/ros/jazzy DEBUGINFOD_URLS=https://debuginfod.ubuntu.com /usr/bin/cmake /home/meta/ros2_ws/src/tutorial_interfaces -DCMAKE_INSTALL_PREFIX=/home/meta/ros2_ws/install/tutorial_interfaces
[40.177s] DEBUG:colcon.colcon_core.event_handler.log_command:Invoked command in '/home/meta/ros2_ws/build/tutorial_interfaces' returned '1': CMAKE_PREFIX_PATH=${CMAKE_PREFIX_PATH}:/opt/ros/jazzy DEBUGINFOD_URLS=https://debuginfod.ubuntu.com /usr/bin/cmake /home/meta/ros2_ws/src/tutorial_interfaces -DCMAKE_INSTALL_PREFIX=/home/meta/ros2_ws/install/tutorial_interfaces
[40.206s] Level 1:colcon.colcon_core.environment:create_environment_scripts_only(tutorial_interfaces)
[40.312s] Level 1:colcon.colcon_core.environment:checking '/home/meta/ros2_ws/install/tutorial_interfaces' for CMake module files
[40.313s] Level 1:colcon.colcon_core.environment:checking '/home/meta/ros2_ws/install/tutorial_interfaces' for CMake config files
[40.314s] Level 1:colcon.colcon_core.environment:checking '/home/meta/ros2_ws/install/tutorial_interfaces/bin'
[40.315s] Level 1:colcon.colcon_core.environment:checking '/home/meta/ros2_ws/install/tutorial_interfaces/lib/pkgconfig/tutorial_interfaces.pc'
[40.316s] Level 1:colcon.colcon_core.environment:checking '/home/meta/ros2_ws/install/tutorial_interfaces/lib/python3.12/site-packages'
[40.316s] Level 1:colcon.colcon_core.environment:checking '/home/meta/ros2_ws/install/tutorial_interfaces/bin'
[40.317s] INFO:colcon.colcon_core.shell:Creating package script '/home/meta/ros2_ws/install/tutorial_interfaces/share/tutorial_interfaces/package.ps1'
[40.328s] INFO:colcon.colcon_core.shell:Creating package descriptor '/home/meta/ros2_ws/install/tutorial_interfaces/share/tutorial_interfaces/package.dsv'
[40.348s] INFO:colcon.colcon_core.shell:Creating package script '/home/meta/ros2_ws/install/tutorial_interfaces/share/tutorial_interfaces/package.sh'
[40.393s] INFO:colcon.colcon_core.shell:Creating package script '/home/meta/ros2_ws/install/tutorial_interfaces/share/tutorial_interfaces/package.bash'
[40.403s] INFO:colcon.colcon_core.shell:Creating package script '/home/meta/ros2_ws/install/tutorial_interfaces/share/tutorial_interfaces/package.zsh'
[40.448s] Level 1:colcon.colcon_core.environment:create_file_with_runtime_dependencies(/home/meta/ros2_ws/install/tutorial_interfaces/share/colcon-core/packages/tutorial_interfaces)
[40.451s] DEBUG:colcon.colcon_parallel_executor.executor.parallel:closing loop
[40.453s] DEBUG:colcon.colcon_parallel_executor.executor.parallel:loop closed
[40.453s] DEBUG:colcon.colcon_parallel_executor.executor.parallel:run_until_complete finished with '1'
[40.454s] DEBUG:colcon.colcon_core.event_reactor:joining thread
[40.914s] INFO:colcon.colcon_core.plugin_system:Skipping extension 'colcon_notification.desktop_notification.terminal_notifier': Not used on non-Darwin systems
[40.915s] INFO:colcon.colcon_core.plugin_system:Skipping extension 'colcon_notification.desktop_notification.win32': Not used on non-Windows systems
[40.915s] INFO:colcon.colcon_notification.desktop_notification:Sending desktop notification using 'notify2'
[40.988s] DEBUG:colcon.colcon_core.event_reactor:joined thread
[40.989s] INFO:colcon.colcon_core.shell:Creating prefix script '/home/meta/ros2_ws/install/local_setup.ps1'
[41.017s] INFO:colcon.colcon_core.shell:Creating prefix util module '/home/meta/ros2_ws/install/_local_setup_util_ps1.py'
[41.061s] INFO:colcon.colcon_core.shell:Creating prefix chain script '/home/meta/ros2_ws/install/setup.ps1'
[41.793s] INFO:colcon.colcon_core.shell:Creating prefix script '/home/meta/ros2_ws/install/local_setup.sh'
[41.872s] INFO:colcon.colcon_core.shell:Creating prefix util module '/home/meta/ros2_ws/install/_local_setup_util_sh.py'
[41.874s] INFO:colcon.colcon_core.shell:Creating prefix chain script '/home/meta/ros2_ws/install/setup.sh'
[41.899s] INFO:colcon.colcon_core.shell:Creating prefix script '/home/meta/ros2_ws/install/local_setup.bash'
[41.923s] INFO:colcon.colcon_core.shell:Creating prefix chain script '/home/meta/ros2_ws/install/setup.bash'
[41.942s] INFO:colcon.colcon_core.shell:Creating prefix script '/home/meta/ros2_ws/install/local_setup.zsh'
[41.988s] INFO:colcon.colcon_core.shell:Creating prefix chain script '/home/meta/ros2_ws/install/setup.zsh'
