[0.622s] DEBUG:colcon:Command line arguments: ['/usr/bin/colcon', 'build', '--packages-select', 'learning_tf2_py']
[0.622s] DEBUG:colcon:Parsed command line arguments: Namespace(log_base=None, log_level=None, verb_name='build', build_base='build', install_base='install', merge_install=False, symlink_install=False, test_result_base=None, continue_on_error=False, executor='parallel', parallel_workers=4, event_handlers=None, ignore_user_meta=False, metas=['./colcon.meta'], base_paths=['.'], packages_ignore=None, packages_ignore_regex=None, paths=None, packages_up_to=None, packages_up_to_regex=None, packages_above=None, packages_above_and_dependencies=None, packages_above_depth=None, packages_select_by_dep=None, packages_skip_by_dep=None, packages_skip_up_to=None, packages_select_build_failed=False, packages_skip_build_finished=False, packages_select_test_failures=False, packages_skip_test_passed=False, packages_select=['learning_tf2_py'], packages_skip=None, packages_select_regex=None, packages_skip_regex=None, packages_start=None, packages_end=None, allow_overriding=[], cmake_args=None, cmake_target=None, cmake_target_skip_unavailable=False, cmake_clean_cache=False, cmake_clean_first=False, cmake_force_configure=False, ament_cmake_args=None, catkin_cmake_args=None, catkin_skip_building_tests=False, mixin_files=None, mixin=None, verb_parser=<colcon_mixin.mixin.mixin_argument.MixinArgumentDecorator object at 0x7ac303b6f650>, verb_extension=<colcon_core.verb.build.BuildVerb object at 0x7ac303b6f320>, main=<bound method BuildVerb.main of <colcon_core.verb.build.BuildVerb object at 0x7ac303b6f320>>, mixin_verb=('build',))
[1.039s] Level 1:colcon.colcon_core.package_discovery:discover_packages(colcon_meta) check parameters
[1.039s] Level 1:colcon.colcon_core.package_discovery:discover_packages(recursive) check parameters
[1.040s] Level 1:colcon.colcon_core.package_discovery:discover_packages(ignore) check parameters
[1.040s] Level 1:colcon.colcon_core.package_discovery:discover_packages(path) check parameters
[1.040s] Level 1:colcon.colcon_core.package_discovery:discover_packages(colcon_meta) discover
[1.041s] Level 1:colcon.colcon_core.package_discovery:discover_packages(recursive) discover
[1.041s] INFO:colcon.colcon_core.package_discovery:Crawling recursively for packages in '/home/meta/ros2_ws'
[1.041s] Level 1:colcon.colcon_core.package_identification:_identify(.) by extensions ['ignore', 'ignore_ament_install']
[1.042s] Level 1:colcon.colcon_core.package_identification:_identify(.) by extension 'ignore'
[1.042s] Level 1:colcon.colcon_core.package_identification:_identify(.) by extension 'ignore_ament_install'
[1.043s] Level 1:colcon.colcon_core.package_identification:_identify(.) by extensions ['colcon_pkg']
[1.043s] Level 1:colcon.colcon_core.package_identification:_identify(.) by extension 'colcon_pkg'
[1.043s] Level 1:colcon.colcon_core.package_identification:_identify(.) by extensions ['colcon_meta']
[1.043s] Level 1:colcon.colcon_core.package_identification:_identify(.) by extension 'colcon_meta'
[1.043s] Level 1:colcon.colcon_core.package_identification:_identify(.) by extensions ['ros']
[1.043s] Level 1:colcon.colcon_core.package_identification:_identify(.) by extension 'ros'
[1.219s] Level 1:colcon.colcon_core.package_identification:_identify(.) by extensions ['cmake', 'python']
[1.220s] Level 1:colcon.colcon_core.package_identification:_identify(.) by extension 'cmake'
[1.220s] Level 1:colcon.colcon_core.package_identification:_identify(.) by extension 'python'
[1.220s] Level 1:colcon.colcon_core.package_identification:_identify(.) by extensions ['python_setup_py']
[1.220s] Level 1:colcon.colcon_core.package_identification:_identify(.) by extension 'python_setup_py'
[1.221s] Level 1:colcon.colcon_core.package_identification:_identify(build) by extensions ['ignore', 'ignore_ament_install']
[1.221s] Level 1:colcon.colcon_core.package_identification:_identify(build) by extension 'ignore'
[1.221s] Level 1:colcon.colcon_core.package_identification:_identify(build) ignored
[1.222s] Level 1:colcon.colcon_core.package_identification:_identify(install) by extensions ['ignore', 'ignore_ament_install']
[1.222s] Level 1:colcon.colcon_core.package_identification:_identify(install) by extension 'ignore'
[1.222s] Level 1:colcon.colcon_core.package_identification:_identify(install) ignored
[1.223s] Level 1:colcon.colcon_core.package_identification:_identify(launch) by extensions ['ignore', 'ignore_ament_install']
[1.223s] Level 1:colcon.colcon_core.package_identification:_identify(launch) by extension 'ignore'
[1.223s] Level 1:colcon.colcon_core.package_identification:_identify(launch) by extension 'ignore_ament_install'
[1.224s] Level 1:colcon.colcon_core.package_identification:_identify(launch) by extensions ['colcon_pkg']
[1.224s] Level 1:colcon.colcon_core.package_identification:_identify(launch) by extension 'colcon_pkg'
[1.224s] Level 1:colcon.colcon_core.package_identification:_identify(launch) by extensions ['colcon_meta']
[1.224s] Level 1:colcon.colcon_core.package_identification:_identify(launch) by extension 'colcon_meta'
[1.224s] Level 1:colcon.colcon_core.package_identification:_identify(launch) by extensions ['ros']
[1.224s] Level 1:colcon.colcon_core.package_identification:_identify(launch) by extension 'ros'
[1.225s] Level 1:colcon.colcon_core.package_identification:_identify(launch) by extensions ['cmake', 'python']
[1.225s] Level 1:colcon.colcon_core.package_identification:_identify(launch) by extension 'cmake'
[1.225s] Level 1:colcon.colcon_core.package_identification:_identify(launch) by extension 'python'
[1.225s] Level 1:colcon.colcon_core.package_identification:_identify(launch) by extensions ['python_setup_py']
[1.225s] Level 1:colcon.colcon_core.package_identification:_identify(launch) by extension 'python_setup_py'
[1.226s] Level 1:colcon.colcon_core.package_identification:_identify(log) by extensions ['ignore', 'ignore_ament_install']
[1.226s] Level 1:colcon.colcon_core.package_identification:_identify(log) by extension 'ignore'
[1.226s] Level 1:colcon.colcon_core.package_identification:_identify(log) ignored
[1.227s] Level 1:colcon.colcon_core.package_identification:_identify(src) by extensions ['ignore', 'ignore_ament_install']
[1.227s] Level 1:colcon.colcon_core.package_identification:_identify(src) by extension 'ignore'
[1.227s] Level 1:colcon.colcon_core.package_identification:_identify(src) by extension 'ignore_ament_install'
[1.228s] Level 1:colcon.colcon_core.package_identification:_identify(src) by extensions ['colcon_pkg']
[1.228s] Level 1:colcon.colcon_core.package_identification:_identify(src) by extension 'colcon_pkg'
[1.228s] Level 1:colcon.colcon_core.package_identification:_identify(src) by extensions ['colcon_meta']
[1.228s] Level 1:colcon.colcon_core.package_identification:_identify(src) by extension 'colcon_meta'
[1.228s] Level 1:colcon.colcon_core.package_identification:_identify(src) by extensions ['ros']
[1.228s] Level 1:colcon.colcon_core.package_identification:_identify(src) by extension 'ros'
[1.229s] Level 1:colcon.colcon_core.package_identification:_identify(src) by extensions ['cmake', 'python']
[1.229s] Level 1:colcon.colcon_core.package_identification:_identify(src) by extension 'cmake'
[1.229s] Level 1:colcon.colcon_core.package_identification:_identify(src) by extension 'python'
[1.229s] Level 1:colcon.colcon_core.package_identification:_identify(src) by extensions ['python_setup_py']
[1.229s] Level 1:colcon.colcon_core.package_identification:_identify(src) by extension 'python_setup_py'
[1.229s] Level 1:colcon.colcon_core.package_identification:_identify(src/custom_action_interfaces) by extensions ['ignore', 'ignore_ament_install']
[1.230s] Level 1:colcon.colcon_core.package_identification:_identify(src/custom_action_interfaces) by extension 'ignore'
[1.230s] Level 1:colcon.colcon_core.package_identification:_identify(src/custom_action_interfaces) by extension 'ignore_ament_install'
[1.230s] Level 1:colcon.colcon_core.package_identification:_identify(src/custom_action_interfaces) by extensions ['colcon_pkg']
[1.230s] Level 1:colcon.colcon_core.package_identification:_identify(src/custom_action_interfaces) by extension 'colcon_pkg'
[1.231s] Level 1:colcon.colcon_core.package_identification:_identify(src/custom_action_interfaces) by extensions ['colcon_meta']
[1.231s] Level 1:colcon.colcon_core.package_identification:_identify(src/custom_action_interfaces) by extension 'colcon_meta'
[1.231s] Level 1:colcon.colcon_core.package_identification:_identify(src/custom_action_interfaces) by extensions ['ros']
[1.231s] Level 1:colcon.colcon_core.package_identification:_identify(src/custom_action_interfaces) by extension 'ros'
[1.295s] DEBUG:colcon.colcon_core.package_identification:Package 'src/custom_action_interfaces' with type 'ros.ament_cmake' and name 'custom_action_interfaces'
[1.296s] Level 1:colcon.colcon_core.package_identification:_identify(src/learning_tf2_py) by extensions ['ignore', 'ignore_ament_install']
[1.296s] Level 1:colcon.colcon_core.package_identification:_identify(src/learning_tf2_py) by extension 'ignore'
[1.296s] Level 1:colcon.colcon_core.package_identification:_identify(src/learning_tf2_py) by extension 'ignore_ament_install'
[1.297s] Level 1:colcon.colcon_core.package_identification:_identify(src/learning_tf2_py) by extensions ['colcon_pkg']
[1.297s] Level 1:colcon.colcon_core.package_identification:_identify(src/learning_tf2_py) by extension 'colcon_pkg'
[1.297s] Level 1:colcon.colcon_core.package_identification:_identify(src/learning_tf2_py) by extensions ['colcon_meta']
[1.297s] Level 1:colcon.colcon_core.package_identification:_identify(src/learning_tf2_py) by extension 'colcon_meta'
[1.297s] Level 1:colcon.colcon_core.package_identification:_identify(src/learning_tf2_py) by extensions ['ros']
[1.297s] Level 1:colcon.colcon_core.package_identification:_identify(src/learning_tf2_py) by extension 'ros'
[1.330s] DEBUG:colcon.colcon_core.package_identification:Package 'src/learning_tf2_py' with type 'ros.ament_python' and name 'learning_tf2_py'
[1.331s] Level 1:colcon.colcon_core.package_identification:_identify(src/more_interfaces) by extensions ['ignore', 'ignore_ament_install']
[1.331s] Level 1:colcon.colcon_core.package_identification:_identify(src/more_interfaces) by extension 'ignore'
[1.331s] Level 1:colcon.colcon_core.package_identification:_identify(src/more_interfaces) by extension 'ignore_ament_install'
[1.331s] Level 1:colcon.colcon_core.package_identification:_identify(src/more_interfaces) by extensions ['colcon_pkg']
[1.331s] Level 1:colcon.colcon_core.package_identification:_identify(src/more_interfaces) by extension 'colcon_pkg'
[1.332s] Level 1:colcon.colcon_core.package_identification:_identify(src/more_interfaces) by extensions ['colcon_meta']
[1.332s] Level 1:colcon.colcon_core.package_identification:_identify(src/more_interfaces) by extension 'colcon_meta'
[1.332s] Level 1:colcon.colcon_core.package_identification:_identify(src/more_interfaces) by extensions ['ros']
[1.332s] Level 1:colcon.colcon_core.package_identification:_identify(src/more_interfaces) by extension 'ros'
[1.340s] DEBUG:colcon.colcon_core.package_identification:Package 'src/more_interfaces' with type 'ros.ament_cmake' and name 'more_interfaces'
[1.340s] Level 1:colcon.colcon_core.package_identification:_identify(src/my_package) by extensions ['ignore', 'ignore_ament_install']
[1.340s] Level 1:colcon.colcon_core.package_identification:_identify(src/my_package) by extension 'ignore'
[1.340s] Level 1:colcon.colcon_core.package_identification:_identify(src/my_package) by extension 'ignore_ament_install'
[1.341s] Level 1:colcon.colcon_core.package_identification:_identify(src/my_package) by extensions ['colcon_pkg']
[1.341s] Level 1:colcon.colcon_core.package_identification:_identify(src/my_package) by extension 'colcon_pkg'
[1.341s] Level 1:colcon.colcon_core.package_identification:_identify(src/my_package) by extensions ['colcon_meta']
[1.341s] Level 1:colcon.colcon_core.package_identification:_identify(src/my_package) by extension 'colcon_meta'
[1.341s] Level 1:colcon.colcon_core.package_identification:_identify(src/my_package) by extensions ['ros']
[1.341s] Level 1:colcon.colcon_core.package_identification:_identify(src/my_package) by extension 'ros'
[1.370s] DEBUG:colcon.colcon_core.package_identification:Package 'src/my_package' with type 'ros.ament_python' and name 'my_package'
[1.370s] Level 1:colcon.colcon_core.package_identification:_identify(src/nodic_launcher) by extensions ['ignore', 'ignore_ament_install']
[1.371s] Level 1:colcon.colcon_core.package_identification:_identify(src/nodic_launcher) by extension 'ignore'
[1.372s] Level 1:colcon.colcon_core.package_identification:_identify(src/nodic_launcher) by extension 'ignore_ament_install'
[1.372s] Level 1:colcon.colcon_core.package_identification:_identify(src/nodic_launcher) by extensions ['colcon_pkg']
[1.372s] Level 1:colcon.colcon_core.package_identification:_identify(src/nodic_launcher) by extension 'colcon_pkg'
[1.372s] Level 1:colcon.colcon_core.package_identification:_identify(src/nodic_launcher) by extensions ['colcon_meta']
[1.372s] Level 1:colcon.colcon_core.package_identification:_identify(src/nodic_launcher) by extension 'colcon_meta'
[1.373s] Level 1:colcon.colcon_core.package_identification:_identify(src/nodic_launcher) by extensions ['ros']
[1.373s] Level 1:colcon.colcon_core.package_identification:_identify(src/nodic_launcher) by extension 'ros'
[1.397s] DEBUG:colcon.colcon_core.package_identification:Package 'src/nodic_launcher' with type 'ros.ament_python' and name 'nodic_launcher'
[1.397s] Level 1:colcon.colcon_core.package_identification:_identify(src/py_publisher_subscriber) by extensions ['ignore', 'ignore_ament_install']
[1.398s] Level 1:colcon.colcon_core.package_identification:_identify(src/py_publisher_subscriber) by extension 'ignore'
[1.399s] Level 1:colcon.colcon_core.package_identification:_identify(src/py_publisher_subscriber) by extension 'ignore_ament_install'
[1.399s] Level 1:colcon.colcon_core.package_identification:_identify(src/py_publisher_subscriber) by extensions ['colcon_pkg']
[1.399s] Level 1:colcon.colcon_core.package_identification:_identify(src/py_publisher_subscriber) by extension 'colcon_pkg'
[1.400s] Level 1:colcon.colcon_core.package_identification:_identify(src/py_publisher_subscriber) by extensions ['colcon_meta']
[1.400s] Level 1:colcon.colcon_core.package_identification:_identify(src/py_publisher_subscriber) by extension 'colcon_meta'
[1.400s] Level 1:colcon.colcon_core.package_identification:_identify(src/py_publisher_subscriber) by extensions ['ros']
[1.401s] Level 1:colcon.colcon_core.package_identification:_identify(src/py_publisher_subscriber) by extension 'ros'
[1.422s] DEBUG:colcon.colcon_core.package_identification:Package 'src/py_publisher_subscriber' with type 'ros.ament_python' and name 'py_publisher_subscriber'
[1.422s] Level 1:colcon.colcon_core.package_identification:_identify(src/py_pubsub) by extensions ['ignore', 'ignore_ament_install']
[1.423s] Level 1:colcon.colcon_core.package_identification:_identify(src/py_pubsub) by extension 'ignore'
[1.423s] Level 1:colcon.colcon_core.package_identification:_identify(src/py_pubsub) by extension 'ignore_ament_install'
[1.424s] Level 1:colcon.colcon_core.package_identification:_identify(src/py_pubsub) by extensions ['colcon_pkg']
[1.424s] Level 1:colcon.colcon_core.package_identification:_identify(src/py_pubsub) by extension 'colcon_pkg'
[1.424s] Level 1:colcon.colcon_core.package_identification:_identify(src/py_pubsub) by extensions ['colcon_meta']
[1.424s] Level 1:colcon.colcon_core.package_identification:_identify(src/py_pubsub) by extension 'colcon_meta'
[1.424s] Level 1:colcon.colcon_core.package_identification:_identify(src/py_pubsub) by extensions ['ros']
[1.425s] Level 1:colcon.colcon_core.package_identification:_identify(src/py_pubsub) by extension 'ros'
[1.441s] DEBUG:colcon.colcon_core.package_identification:Package 'src/py_pubsub' with type 'ros.ament_python' and name 'py_pubsub'
[1.441s] Level 1:colcon.colcon_core.package_identification:_identify(src/py_srvcli) by extensions ['ignore', 'ignore_ament_install']
[1.442s] Level 1:colcon.colcon_core.package_identification:_identify(src/py_srvcli) by extension 'ignore'
[1.442s] Level 1:colcon.colcon_core.package_identification:_identify(src/py_srvcli) by extension 'ignore_ament_install'
[1.443s] Level 1:colcon.colcon_core.package_identification:_identify(src/py_srvcli) by extensions ['colcon_pkg']
[1.443s] Level 1:colcon.colcon_core.package_identification:_identify(src/py_srvcli) by extension 'colcon_pkg'
[1.443s] Level 1:colcon.colcon_core.package_identification:_identify(src/py_srvcli) by extensions ['colcon_meta']
[1.443s] Level 1:colcon.colcon_core.package_identification:_identify(src/py_srvcli) by extension 'colcon_meta'
[1.443s] Level 1:colcon.colcon_core.package_identification:_identify(src/py_srvcli) by extensions ['ros']
[1.443s] Level 1:colcon.colcon_core.package_identification:_identify(src/py_srvcli) by extension 'ros'
[1.461s] DEBUG:colcon.colcon_core.package_identification:Package 'src/py_srvcli' with type 'ros.ament_python' and name 'py_srvcli'
[1.462s] Level 1:colcon.colcon_core.package_identification:_identify(src/python_parameter_event_handler) by extensions ['ignore', 'ignore_ament_install']
[1.462s] Level 1:colcon.colcon_core.package_identification:_identify(src/python_parameter_event_handler) by extension 'ignore'
[1.462s] Level 1:colcon.colcon_core.package_identification:_identify(src/python_parameter_event_handler) by extension 'ignore_ament_install'
[1.463s] Level 1:colcon.colcon_core.package_identification:_identify(src/python_parameter_event_handler) by extensions ['colcon_pkg']
[1.463s] Level 1:colcon.colcon_core.package_identification:_identify(src/python_parameter_event_handler) by extension 'colcon_pkg'
[1.463s] Level 1:colcon.colcon_core.package_identification:_identify(src/python_parameter_event_handler) by extensions ['colcon_meta']
[1.463s] Level 1:colcon.colcon_core.package_identification:_identify(src/python_parameter_event_handler) by extension 'colcon_meta'
[1.464s] Level 1:colcon.colcon_core.package_identification:_identify(src/python_parameter_event_handler) by extensions ['ros']
[1.464s] Level 1:colcon.colcon_core.package_identification:_identify(src/python_parameter_event_handler) by extension 'ros'
[1.477s] DEBUG:colcon.colcon_core.package_identification:Package 'src/python_parameter_event_handler' with type 'ros.ament_python' and name 'python_parameter_event_handler'
[1.478s] Level 1:colcon.colcon_core.package_identification:_identify(src/python_parameters) by extensions ['ignore', 'ignore_ament_install']
[1.478s] Level 1:colcon.colcon_core.package_identification:_identify(src/python_parameters) by extension 'ignore'
[1.478s] Level 1:colcon.colcon_core.package_identification:_identify(src/python_parameters) by extension 'ignore_ament_install'
[1.479s] Level 1:colcon.colcon_core.package_identification:_identify(src/python_parameters) by extensions ['colcon_pkg']
[1.479s] Level 1:colcon.colcon_core.package_identification:_identify(src/python_parameters) by extension 'colcon_pkg'
[1.479s] Level 1:colcon.colcon_core.package_identification:_identify(src/python_parameters) by extensions ['colcon_meta']
[1.479s] Level 1:colcon.colcon_core.package_identification:_identify(src/python_parameters) by extension 'colcon_meta'
[1.480s] Level 1:colcon.colcon_core.package_identification:_identify(src/python_parameters) by extensions ['ros']
[1.480s] Level 1:colcon.colcon_core.package_identification:_identify(src/python_parameters) by extension 'ros'
[1.495s] DEBUG:colcon.colcon_core.package_identification:Package 'src/python_parameters' with type 'ros.ament_python' and name 'python_parameters'
[1.495s] Level 1:colcon.colcon_core.package_identification:_identify(src/ros_tutorials) by extensions ['ignore', 'ignore_ament_install']
[1.496s] Level 1:colcon.colcon_core.package_identification:_identify(src/ros_tutorials) by extension 'ignore'
[1.496s] Level 1:colcon.colcon_core.package_identification:_identify(src/ros_tutorials) by extension 'ignore_ament_install'
[1.496s] Level 1:colcon.colcon_core.package_identification:_identify(src/ros_tutorials) by extensions ['colcon_pkg']
[1.496s] Level 1:colcon.colcon_core.package_identification:_identify(src/ros_tutorials) by extension 'colcon_pkg'
[1.497s] Level 1:colcon.colcon_core.package_identification:_identify(src/ros_tutorials) by extensions ['colcon_meta']
[1.497s] Level 1:colcon.colcon_core.package_identification:_identify(src/ros_tutorials) by extension 'colcon_meta'
[1.497s] Level 1:colcon.colcon_core.package_identification:_identify(src/ros_tutorials) by extensions ['ros']
[1.497s] Level 1:colcon.colcon_core.package_identification:_identify(src/ros_tutorials) by extension 'ros'
[1.498s] Level 1:colcon.colcon_core.package_identification:_identify(src/ros_tutorials) by extensions ['cmake', 'python']
[1.498s] Level 1:colcon.colcon_core.package_identification:_identify(src/ros_tutorials) by extension 'cmake'
[1.498s] Level 1:colcon.colcon_core.package_identification:_identify(src/ros_tutorials) by extension 'python'
[1.498s] Level 1:colcon.colcon_core.package_identification:_identify(src/ros_tutorials) by extensions ['python_setup_py']
[1.498s] Level 1:colcon.colcon_core.package_identification:_identify(src/ros_tutorials) by extension 'python_setup_py'
[1.499s] Level 1:colcon.colcon_core.package_identification:_identify(src/ros_tutorials/turtlesim) by extensions ['ignore', 'ignore_ament_install']
[1.499s] Level 1:colcon.colcon_core.package_identification:_identify(src/ros_tutorials/turtlesim) by extension 'ignore'
[1.500s] Level 1:colcon.colcon_core.package_identification:_identify(src/ros_tutorials/turtlesim) by extension 'ignore_ament_install'
[1.500s] Level 1:colcon.colcon_core.package_identification:_identify(src/ros_tutorials/turtlesim) by extensions ['colcon_pkg']
[1.500s] Level 1:colcon.colcon_core.package_identification:_identify(src/ros_tutorials/turtlesim) by extension 'colcon_pkg'
[1.500s] Level 1:colcon.colcon_core.package_identification:_identify(src/ros_tutorials/turtlesim) by extensions ['colcon_meta']
[1.500s] Level 1:colcon.colcon_core.package_identification:_identify(src/ros_tutorials/turtlesim) by extension 'colcon_meta'
[1.501s] Level 1:colcon.colcon_core.package_identification:_identify(src/ros_tutorials/turtlesim) by extensions ['ros']
[1.501s] Level 1:colcon.colcon_core.package_identification:_identify(src/ros_tutorials/turtlesim) by extension 'ros'
[1.532s] DEBUG:colcon.colcon_core.package_identification:Package 'src/ros_tutorials/turtlesim' with type 'ros.ament_cmake' and name 'turtlesim'
[1.532s] Level 1:colcon.colcon_core.package_identification:_identify(src/tutorial_interfaces) by extensions ['ignore', 'ignore_ament_install']
[1.532s] Level 1:colcon.colcon_core.package_identification:_identify(src/tutorial_interfaces) by extension 'ignore'
[1.533s] Level 1:colcon.colcon_core.package_identification:_identify(src/tutorial_interfaces) by extension 'ignore_ament_install'
[1.533s] Level 1:colcon.colcon_core.package_identification:_identify(src/tutorial_interfaces) by extensions ['colcon_pkg']
[1.533s] Level 1:colcon.colcon_core.package_identification:_identify(src/tutorial_interfaces) by extension 'colcon_pkg'
[1.534s] Level 1:colcon.colcon_core.package_identification:_identify(src/tutorial_interfaces) by extensions ['colcon_meta']
[1.534s] Level 1:colcon.colcon_core.package_identification:_identify(src/tutorial_interfaces) by extension 'colcon_meta'
[1.534s] Level 1:colcon.colcon_core.package_identification:_identify(src/tutorial_interfaces) by extensions ['ros']
[1.534s] Level 1:colcon.colcon_core.package_identification:_identify(src/tutorial_interfaces) by extension 'ros'
[1.559s] DEBUG:colcon.colcon_core.package_identification:Package 'src/tutorial_interfaces' with type 'ros.ament_cmake' and name 'tutorial_interfaces'
[1.560s] Level 1:colcon.colcon_core.package_discovery:discover_packages(recursive) using defaults
[1.560s] Level 1:colcon.colcon_core.package_discovery:discover_packages(ignore) discover
[1.560s] Level 1:colcon.colcon_core.package_discovery:discover_packages(ignore) using defaults
[1.560s] Level 1:colcon.colcon_core.package_discovery:discover_packages(path) discover
[1.560s] Level 1:colcon.colcon_core.package_discovery:discover_packages(path) using defaults
[1.780s] INFO:colcon.colcon_core.package_selection:Skipping not selected package 'custom_action_interfaces' in 'src/custom_action_interfaces'
[1.781s] INFO:colcon.colcon_core.package_selection:Skipping not selected package 'more_interfaces' in 'src/more_interfaces'
[1.781s] INFO:colcon.colcon_core.package_selection:Skipping not selected package 'my_package' in 'src/my_package'
[1.781s] INFO:colcon.colcon_core.package_selection:Skipping not selected package 'nodic_launcher' in 'src/nodic_launcher'
[1.781s] INFO:colcon.colcon_core.package_selection:Skipping not selected package 'python_parameter_event_handler' in 'src/python_parameter_event_handler'
[1.781s] INFO:colcon.colcon_core.package_selection:Skipping not selected package 'python_parameters' in 'src/python_parameters'
[1.781s] INFO:colcon.colcon_core.package_selection:Skipping not selected package 'turtlesim' in 'src/ros_tutorials/turtlesim'
[1.782s] INFO:colcon.colcon_core.package_selection:Skipping not selected package 'tutorial_interfaces' in 'src/tutorial_interfaces'
[1.782s] INFO:colcon.colcon_core.package_selection:Skipping not selected package 'py_publisher_subscriber' in 'src/py_publisher_subscriber'
[1.782s] INFO:colcon.colcon_core.package_selection:Skipping not selected package 'py_pubsub' in 'src/py_pubsub'
[1.782s] INFO:colcon.colcon_core.package_selection:Skipping not selected package 'py_srvcli' in 'src/py_srvcli'
[1.784s] Level 1:colcon.colcon_core.package_discovery:discover_packages(prefix_path) check parameters
[1.784s] Level 1:colcon.colcon_core.package_discovery:discover_packages(prefix_path) discover
[1.800s] DEBUG:colcon.colcon_installed_package_information.package_discovery:Found 309 installed packages in /opt/ros/jazzy
[1.803s] Level 1:colcon.colcon_core.package_discovery:discover_packages(prefix_path) using defaults
[1.922s] Level 5:colcon.colcon_core.verb:set package 'learning_tf2_py' build argument 'cmake_args' from command line to 'None'
[1.922s] Level 5:colcon.colcon_core.verb:set package 'learning_tf2_py' build argument 'cmake_target' from command line to 'None'
[1.922s] Level 5:colcon.colcon_core.verb:set package 'learning_tf2_py' build argument 'cmake_target_skip_unavailable' from command line to 'False'
[1.922s] Level 5:colcon.colcon_core.verb:set package 'learning_tf2_py' build argument 'cmake_clean_cache' from command line to 'False'
[1.922s] Level 5:colcon.colcon_core.verb:set package 'learning_tf2_py' build argument 'cmake_clean_first' from command line to 'False'
[1.922s] Level 5:colcon.colcon_core.verb:set package 'learning_tf2_py' build argument 'cmake_force_configure' from command line to 'False'
[1.922s] Level 5:colcon.colcon_core.verb:set package 'learning_tf2_py' build argument 'ament_cmake_args' from command line to 'None'
[1.922s] Level 5:colcon.colcon_core.verb:set package 'learning_tf2_py' build argument 'catkin_cmake_args' from command line to 'None'
[1.923s] Level 5:colcon.colcon_core.verb:set package 'learning_tf2_py' build argument 'catkin_skip_building_tests' from command line to 'False'
[1.923s] DEBUG:colcon.colcon_core.verb:Building package 'learning_tf2_py' with the following arguments: {'ament_cmake_args': None, 'build_base': '/home/meta/ros2_ws/build/learning_tf2_py', 'catkin_cmake_args': None, 'catkin_skip_building_tests': False, 'cmake_args': None, 'cmake_clean_cache': False, 'cmake_clean_first': False, 'cmake_force_configure': False, 'cmake_target': None, 'cmake_target_skip_unavailable': False, 'install_base': '/home/meta/ros2_ws/install/learning_tf2_py', 'merge_install': False, 'path': '/home/meta/ros2_ws/src/learning_tf2_py', 'symlink_install': False, 'test_result_base': None}
[1.923s] INFO:colcon.colcon_core.executor:Executing jobs using 'parallel' executor
[1.925s] DEBUG:colcon.colcon_parallel_executor.executor.parallel:run_until_complete
[1.925s] INFO:colcon.colcon_ros.task.ament_python.build:Building ROS package in '/home/meta/ros2_ws/src/learning_tf2_py' with build type 'ament_python'
[1.925s] Level 1:colcon.colcon_core.shell:create_environment_hook('learning_tf2_py', 'ament_prefix_path')
[1.947s] INFO:colcon.colcon_core.plugin_system:Skipping extension 'colcon_core.shell.bat': Not used on non-Windows systems
[1.947s] INFO:colcon.colcon_core.shell:Creating environment hook '/home/meta/ros2_ws/install/learning_tf2_py/share/learning_tf2_py/hook/ament_prefix_path.ps1'
[1.956s] INFO:colcon.colcon_core.shell:Creating environment descriptor '/home/meta/ros2_ws/install/learning_tf2_py/share/learning_tf2_py/hook/ament_prefix_path.dsv'
[1.976s] INFO:colcon.colcon_core.shell:Creating environment hook '/home/meta/ros2_ws/install/learning_tf2_py/share/learning_tf2_py/hook/ament_prefix_path.sh'
[1.978s] INFO:colcon.colcon_core.shell:Skip shell extension 'powershell' for command environment: Not usable outside of PowerShell
[1.978s] DEBUG:colcon.colcon_core.shell:Skip shell extension 'dsv' for command environment
[2.548s] INFO:colcon.colcon_core.task.python.build:Building Python package in '/home/meta/ros2_ws/src/learning_tf2_py'
[2.548s] INFO:colcon.colcon_core.shell:Skip shell extension 'powershell' for command environment: Not usable outside of PowerShell
[2.548s] DEBUG:colcon.colcon_core.shell:Skip shell extension 'dsv' for command environment
[8.073s] DEBUG:colcon.colcon_core.event_handler.log_command:Invoking command in '/home/meta/ros2_ws/src/learning_tf2_py': AMENT_PREFIX_PATH=/home/meta/ros2_ws/install/turtlesim:${AMENT_PREFIX_PATH} CMAKE_PREFIX_PATH=/home/meta/ros2_ws/install/turtlesim:${CMAKE_PREFIX_PATH} DEBUGINFOD_URLS=https://debuginfod.ubuntu.com LD_LIBRARY_PATH=/home/meta/ros2_ws/install/turtlesim/lib:${LD_LIBRARY_PATH} PYTHONPATH=/home/meta/ros2_ws/build/learning_tf2_py/prefix_override:/usr/lib/python3/dist-packages/colcon_core/task/python/colcon_distutils_commands:/home/meta/ros2_ws/install/learning_tf2_py/lib/python3.12/site-packages:/home/meta/ros2_ws/install/turtlesim/lib/python3.12/site-packages:${PYTHONPATH} /usr/bin/python3 -W ignore:setup.py install is deprecated setup.py egg_info --egg-base ../../build/learning_tf2_py build --build-base /home/meta/ros2_ws/build/learning_tf2_py/build install --record /home/meta/ros2_ws/build/learning_tf2_py/install.log --single-version-externally-managed install_data
[9.290s] DEBUG:colcon.colcon_core.event_handler.log_command:Invoked command in '/home/meta/ros2_ws/src/learning_tf2_py' returned '0': AMENT_PREFIX_PATH=/home/meta/ros2_ws/install/turtlesim:${AMENT_PREFIX_PATH} CMAKE_PREFIX_PATH=/home/meta/ros2_ws/install/turtlesim:${CMAKE_PREFIX_PATH} DEBUGINFOD_URLS=https://debuginfod.ubuntu.com LD_LIBRARY_PATH=/home/meta/ros2_ws/install/turtlesim/lib:${LD_LIBRARY_PATH} PYTHONPATH=/home/meta/ros2_ws/build/learning_tf2_py/prefix_override:/usr/lib/python3/dist-packages/colcon_core/task/python/colcon_distutils_commands:/home/meta/ros2_ws/install/learning_tf2_py/lib/python3.12/site-packages:/home/meta/ros2_ws/install/turtlesim/lib/python3.12/site-packages:${PYTHONPATH} /usr/bin/python3 -W ignore:setup.py install is deprecated setup.py egg_info --egg-base ../../build/learning_tf2_py build --build-base /home/meta/ros2_ws/build/learning_tf2_py/build install --record /home/meta/ros2_ws/build/learning_tf2_py/install.log --single-version-externally-managed install_data
[9.351s] Level 1:colcon.colcon_core.environment:checking '/home/meta/ros2_ws/install/learning_tf2_py' for CMake module files
[9.354s] Level 1:colcon.colcon_core.environment:checking '/home/meta/ros2_ws/install/learning_tf2_py' for CMake config files
[9.357s] Level 1:colcon.colcon_core.environment:checking '/home/meta/ros2_ws/install/learning_tf2_py/lib'
[9.358s] Level 1:colcon.colcon_core.environment:checking '/home/meta/ros2_ws/install/learning_tf2_py/bin'
[9.358s] Level 1:colcon.colcon_core.environment:checking '/home/meta/ros2_ws/install/learning_tf2_py/lib/pkgconfig/learning_tf2_py.pc'
[9.360s] Level 1:colcon.colcon_core.environment:checking '/home/meta/ros2_ws/install/learning_tf2_py/lib/python3.12/site-packages'
[9.360s] Level 1:colcon.colcon_core.shell:create_environment_hook('learning_tf2_py', 'pythonpath')
[9.361s] INFO:colcon.colcon_core.shell:Creating environment hook '/home/meta/ros2_ws/install/learning_tf2_py/share/learning_tf2_py/hook/pythonpath.ps1'
[9.363s] INFO:colcon.colcon_core.shell:Creating environment descriptor '/home/meta/ros2_ws/install/learning_tf2_py/share/learning_tf2_py/hook/pythonpath.dsv'
[9.366s] INFO:colcon.colcon_core.shell:Creating environment hook '/home/meta/ros2_ws/install/learning_tf2_py/share/learning_tf2_py/hook/pythonpath.sh'
[9.370s] Level 1:colcon.colcon_core.environment:checking '/home/meta/ros2_ws/install/learning_tf2_py/bin'
[9.370s] Level 1:colcon.colcon_core.environment:create_environment_scripts_only(learning_tf2_py)
[9.371s] INFO:colcon.colcon_core.shell:Creating package script '/home/meta/ros2_ws/install/learning_tf2_py/share/learning_tf2_py/package.ps1'
[9.381s] INFO:colcon.colcon_core.shell:Creating package descriptor '/home/meta/ros2_ws/install/learning_tf2_py/share/learning_tf2_py/package.dsv'
[9.412s] INFO:colcon.colcon_core.shell:Creating package script '/home/meta/ros2_ws/install/learning_tf2_py/share/learning_tf2_py/package.sh'
[9.415s] INFO:colcon.colcon_core.shell:Creating package script '/home/meta/ros2_ws/install/learning_tf2_py/share/learning_tf2_py/package.bash'
[9.422s] INFO:colcon.colcon_core.shell:Creating package script '/home/meta/ros2_ws/install/learning_tf2_py/share/learning_tf2_py/package.zsh'
[9.443s] Level 1:colcon.colcon_core.environment:create_file_with_runtime_dependencies(/home/meta/ros2_ws/install/learning_tf2_py/share/colcon-core/packages/learning_tf2_py)
[9.445s] DEBUG:colcon.colcon_parallel_executor.executor.parallel:closing loop
[9.447s] DEBUG:colcon.colcon_parallel_executor.executor.parallel:loop closed
[9.447s] DEBUG:colcon.colcon_parallel_executor.executor.parallel:run_until_complete finished with '0'
[9.447s] DEBUG:colcon.colcon_core.event_reactor:joining thread
[9.527s] INFO:colcon.colcon_core.plugin_system:Skipping extension 'colcon_notification.desktop_notification.terminal_notifier': Not used on non-Darwin systems
[9.527s] INFO:colcon.colcon_core.plugin_system:Skipping extension 'colcon_notification.desktop_notification.win32': Not used on non-Windows systems
[9.528s] INFO:colcon.colcon_notification.desktop_notification:Sending desktop notification using 'notify2'
[9.590s] DEBUG:colcon.colcon_core.event_reactor:joined thread
[9.592s] INFO:colcon.colcon_core.shell:Creating prefix script '/home/meta/ros2_ws/install/local_setup.ps1'
[9.624s] INFO:colcon.colcon_core.shell:Creating prefix util module '/home/meta/ros2_ws/install/_local_setup_util_ps1.py'
[9.663s] INFO:colcon.colcon_core.shell:Creating prefix chain script '/home/meta/ros2_ws/install/setup.ps1'
[9.669s] INFO:colcon.colcon_core.shell:Creating prefix script '/home/meta/ros2_ws/install/local_setup.sh'
[9.697s] INFO:colcon.colcon_core.shell:Creating prefix util module '/home/meta/ros2_ws/install/_local_setup_util_sh.py'
[9.700s] INFO:colcon.colcon_core.shell:Creating prefix chain script '/home/meta/ros2_ws/install/setup.sh'
[9.710s] INFO:colcon.colcon_core.shell:Creating prefix script '/home/meta/ros2_ws/install/local_setup.bash'
[9.724s] INFO:colcon.colcon_core.shell:Creating prefix chain script '/home/meta/ros2_ws/install/setup.bash'
[9.752s] INFO:colcon.colcon_core.shell:Creating prefix script '/home/meta/ros2_ws/install/local_setup.zsh'
[9.756s] INFO:colcon.colcon_core.shell:Creating prefix chain script '/home/meta/ros2_ws/install/setup.zsh'
