[0.249s] DEBUG:colcon:Command line arguments: ['/usr/bin/colcon', 'build', '--packages-select', 'nodic_launcher']
[0.249s] DEBUG:colcon:Parsed command line arguments: Namespace(log_base=None, log_level=None, verb_name='build', build_base='build', install_base='install', merge_install=False, symlink_install=False, test_result_base=None, continue_on_error=False, executor='parallel', parallel_workers=4, event_handlers=None, ignore_user_meta=False, metas=['./colcon.meta'], base_paths=['.'], packages_ignore=None, packages_ignore_regex=None, paths=None, packages_up_to=None, packages_up_to_regex=None, packages_above=None, packages_above_and_dependencies=None, packages_above_depth=None, packages_select_by_dep=None, packages_skip_by_dep=None, packages_skip_up_to=None, packages_select_build_failed=False, packages_skip_build_finished=False, packages_select_test_failures=False, packages_skip_test_passed=False, packages_select=['nodic_launcher'], packages_skip=None, packages_select_regex=None, packages_skip_regex=None, packages_start=None, packages_end=None, allow_overriding=[], cmake_args=None, cmake_target=None, cmake_target_skip_unavailable=False, cmake_clean_cache=False, cmake_clean_first=False, cmake_force_configure=False, ament_cmake_args=None, catkin_cmake_args=None, catkin_skip_building_tests=False, mixin_files=None, mixin=None, verb_parser=<colcon_mixin.mixin.mixin_argument.MixinArgumentDecorator object at 0x782af3eac950>, verb_extension=<colcon_core.verb.build.BuildVerb object at 0x782af48aeb70>, main=<bound method BuildVerb.main of <colcon_core.verb.build.BuildVerb object at 0x782af48aeb70>>, mixin_verb=('build',))
[0.327s] Level 1:colcon.colcon_core.package_discovery:discover_packages(colcon_meta) check parameters
[0.327s] Level 1:colcon.colcon_core.package_discovery:discover_packages(recursive) check parameters
[0.327s] Level 1:colcon.colcon_core.package_discovery:discover_packages(ignore) check parameters
[0.327s] Level 1:colcon.colcon_core.package_discovery:discover_packages(path) check parameters
[0.328s] Level 1:colcon.colcon_core.package_discovery:discover_packages(colcon_meta) discover
[0.328s] Level 1:colcon.colcon_core.package_discovery:discover_packages(recursive) discover
[0.328s] INFO:colcon.colcon_core.package_discovery:Crawling recursively for packages in '/home/meta/ros2_ws'
[0.328s] Level 1:colcon.colcon_core.package_identification:_identify(.) by extensions ['ignore', 'ignore_ament_install']
[0.328s] Level 1:colcon.colcon_core.package_identification:_identify(.) by extension 'ignore'
[0.328s] Level 1:colcon.colcon_core.package_identification:_identify(.) by extension 'ignore_ament_install'
[0.329s] Level 1:colcon.colcon_core.package_identification:_identify(.) by extensions ['colcon_pkg']
[0.329s] Level 1:colcon.colcon_core.package_identification:_identify(.) by extension 'colcon_pkg'
[0.329s] Level 1:colcon.colcon_core.package_identification:_identify(.) by extensions ['colcon_meta']
[0.329s] Level 1:colcon.colcon_core.package_identification:_identify(.) by extension 'colcon_meta'
[0.329s] Level 1:colcon.colcon_core.package_identification:_identify(.) by extensions ['ros']
[0.329s] Level 1:colcon.colcon_core.package_identification:_identify(.) by extension 'ros'
[0.385s] Level 1:colcon.colcon_core.package_identification:_identify(.) by extensions ['cmake', 'python']
[0.385s] Level 1:colcon.colcon_core.package_identification:_identify(.) by extension 'cmake'
[0.385s] Level 1:colcon.colcon_core.package_identification:_identify(.) by extension 'python'
[0.385s] Level 1:colcon.colcon_core.package_identification:_identify(.) by extensions ['python_setup_py']
[0.385s] Level 1:colcon.colcon_core.package_identification:_identify(.) by extension 'python_setup_py'
[0.385s] Level 1:colcon.colcon_core.package_identification:_identify(build) by extensions ['ignore', 'ignore_ament_install']
[0.386s] Level 1:colcon.colcon_core.package_identification:_identify(build) by extension 'ignore'
[0.386s] Level 1:colcon.colcon_core.package_identification:_identify(build) ignored
[0.386s] Level 1:colcon.colcon_core.package_identification:_identify(install) by extensions ['ignore', 'ignore_ament_install']
[0.386s] Level 1:colcon.colcon_core.package_identification:_identify(install) by extension 'ignore'
[0.386s] Level 1:colcon.colcon_core.package_identification:_identify(install) ignored
[0.386s] Level 1:colcon.colcon_core.package_identification:_identify(launch) by extensions ['ignore', 'ignore_ament_install']
[0.387s] Level 1:colcon.colcon_core.package_identification:_identify(launch) by extension 'ignore'
[0.387s] Level 1:colcon.colcon_core.package_identification:_identify(launch) by extension 'ignore_ament_install'
[0.387s] Level 1:colcon.colcon_core.package_identification:_identify(launch) by extensions ['colcon_pkg']
[0.387s] Level 1:colcon.colcon_core.package_identification:_identify(launch) by extension 'colcon_pkg'
[0.387s] Level 1:colcon.colcon_core.package_identification:_identify(launch) by extensions ['colcon_meta']
[0.387s] Level 1:colcon.colcon_core.package_identification:_identify(launch) by extension 'colcon_meta'
[0.387s] Level 1:colcon.colcon_core.package_identification:_identify(launch) by extensions ['ros']
[0.387s] Level 1:colcon.colcon_core.package_identification:_identify(launch) by extension 'ros'
[0.387s] Level 1:colcon.colcon_core.package_identification:_identify(launch) by extensions ['cmake', 'python']
[0.387s] Level 1:colcon.colcon_core.package_identification:_identify(launch) by extension 'cmake'
[0.388s] Level 1:colcon.colcon_core.package_identification:_identify(launch) by extension 'python'
[0.388s] Level 1:colcon.colcon_core.package_identification:_identify(launch) by extensions ['python_setup_py']
[0.388s] Level 1:colcon.colcon_core.package_identification:_identify(launch) by extension 'python_setup_py'
[0.388s] Level 1:colcon.colcon_core.package_identification:_identify(log) by extensions ['ignore', 'ignore_ament_install']
[0.388s] Level 1:colcon.colcon_core.package_identification:_identify(log) by extension 'ignore'
[0.388s] Level 1:colcon.colcon_core.package_identification:_identify(log) ignored
[0.388s] Level 1:colcon.colcon_core.package_identification:_identify(src) by extensions ['ignore', 'ignore_ament_install']
[0.389s] Level 1:colcon.colcon_core.package_identification:_identify(src) by extension 'ignore'
[0.389s] Level 1:colcon.colcon_core.package_identification:_identify(src) by extension 'ignore_ament_install'
[0.389s] Level 1:colcon.colcon_core.package_identification:_identify(src) by extensions ['colcon_pkg']
[0.389s] Level 1:colcon.colcon_core.package_identification:_identify(src) by extension 'colcon_pkg'
[0.389s] Level 1:colcon.colcon_core.package_identification:_identify(src) by extensions ['colcon_meta']
[0.389s] Level 1:colcon.colcon_core.package_identification:_identify(src) by extension 'colcon_meta'
[0.389s] Level 1:colcon.colcon_core.package_identification:_identify(src) by extensions ['ros']
[0.389s] Level 1:colcon.colcon_core.package_identification:_identify(src) by extension 'ros'
[0.389s] Level 1:colcon.colcon_core.package_identification:_identify(src) by extensions ['cmake', 'python']
[0.389s] Level 1:colcon.colcon_core.package_identification:_identify(src) by extension 'cmake'
[0.389s] Level 1:colcon.colcon_core.package_identification:_identify(src) by extension 'python'
[0.390s] Level 1:colcon.colcon_core.package_identification:_identify(src) by extensions ['python_setup_py']
[0.390s] Level 1:colcon.colcon_core.package_identification:_identify(src) by extension 'python_setup_py'
[0.390s] Level 1:colcon.colcon_core.package_identification:_identify(src/custom_action_interfaces) by extensions ['ignore', 'ignore_ament_install']
[0.390s] Level 1:colcon.colcon_core.package_identification:_identify(src/custom_action_interfaces) by extension 'ignore'
[0.390s] Level 1:colcon.colcon_core.package_identification:_identify(src/custom_action_interfaces) by extension 'ignore_ament_install'
[0.390s] Level 1:colcon.colcon_core.package_identification:_identify(src/custom_action_interfaces) by extensions ['colcon_pkg']
[0.390s] Level 1:colcon.colcon_core.package_identification:_identify(src/custom_action_interfaces) by extension 'colcon_pkg'
[0.390s] Level 1:colcon.colcon_core.package_identification:_identify(src/custom_action_interfaces) by extensions ['colcon_meta']
[0.390s] Level 1:colcon.colcon_core.package_identification:_identify(src/custom_action_interfaces) by extension 'colcon_meta'
[0.390s] Level 1:colcon.colcon_core.package_identification:_identify(src/custom_action_interfaces) by extensions ['ros']
[0.391s] Level 1:colcon.colcon_core.package_identification:_identify(src/custom_action_interfaces) by extension 'ros'
[0.395s] DEBUG:colcon.colcon_core.package_identification:Package 'src/custom_action_interfaces' with type 'ros.ament_cmake' and name 'custom_action_interfaces'
[0.395s] Level 1:colcon.colcon_core.package_identification:_identify(src/more_interfaces) by extensions ['ignore', 'ignore_ament_install']
[0.395s] Level 1:colcon.colcon_core.package_identification:_identify(src/more_interfaces) by extension 'ignore'
[0.395s] Level 1:colcon.colcon_core.package_identification:_identify(src/more_interfaces) by extension 'ignore_ament_install'
[0.395s] Level 1:colcon.colcon_core.package_identification:_identify(src/more_interfaces) by extensions ['colcon_pkg']
[0.395s] Level 1:colcon.colcon_core.package_identification:_identify(src/more_interfaces) by extension 'colcon_pkg'
[0.396s] Level 1:colcon.colcon_core.package_identification:_identify(src/more_interfaces) by extensions ['colcon_meta']
[0.396s] Level 1:colcon.colcon_core.package_identification:_identify(src/more_interfaces) by extension 'colcon_meta'
[0.396s] Level 1:colcon.colcon_core.package_identification:_identify(src/more_interfaces) by extensions ['ros']
[0.396s] Level 1:colcon.colcon_core.package_identification:_identify(src/more_interfaces) by extension 'ros'
[0.397s] DEBUG:colcon.colcon_core.package_identification:Package 'src/more_interfaces' with type 'ros.ament_cmake' and name 'more_interfaces'
[0.397s] Level 1:colcon.colcon_core.package_identification:_identify(src/my_package) by extensions ['ignore', 'ignore_ament_install']
[0.397s] Level 1:colcon.colcon_core.package_identification:_identify(src/my_package) by extension 'ignore'
[0.397s] Level 1:colcon.colcon_core.package_identification:_identify(src/my_package) by extension 'ignore_ament_install'
[0.398s] Level 1:colcon.colcon_core.package_identification:_identify(src/my_package) by extensions ['colcon_pkg']
[0.398s] Level 1:colcon.colcon_core.package_identification:_identify(src/my_package) by extension 'colcon_pkg'
[0.398s] Level 1:colcon.colcon_core.package_identification:_identify(src/my_package) by extensions ['colcon_meta']
[0.398s] Level 1:colcon.colcon_core.package_identification:_identify(src/my_package) by extension 'colcon_meta'
[0.398s] Level 1:colcon.colcon_core.package_identification:_identify(src/my_package) by extensions ['ros']
[0.398s] Level 1:colcon.colcon_core.package_identification:_identify(src/my_package) by extension 'ros'
[0.399s] DEBUG:colcon.colcon_core.package_identification:Package 'src/my_package' with type 'ros.ament_python' and name 'my_package'
[0.400s] Level 1:colcon.colcon_core.package_identification:_identify(src/nodic_launcher) by extensions ['ignore', 'ignore_ament_install']
[0.400s] Level 1:colcon.colcon_core.package_identification:_identify(src/nodic_launcher) by extension 'ignore'
[0.400s] Level 1:colcon.colcon_core.package_identification:_identify(src/nodic_launcher) by extension 'ignore_ament_install'
[0.400s] Level 1:colcon.colcon_core.package_identification:_identify(src/nodic_launcher) by extensions ['colcon_pkg']
[0.400s] Level 1:colcon.colcon_core.package_identification:_identify(src/nodic_launcher) by extension 'colcon_pkg'
[0.401s] Level 1:colcon.colcon_core.package_identification:_identify(src/nodic_launcher) by extensions ['colcon_meta']
[0.401s] Level 1:colcon.colcon_core.package_identification:_identify(src/nodic_launcher) by extension 'colcon_meta'
[0.401s] Level 1:colcon.colcon_core.package_identification:_identify(src/nodic_launcher) by extensions ['ros']
[0.401s] Level 1:colcon.colcon_core.package_identification:_identify(src/nodic_launcher) by extension 'ros'
[0.402s] DEBUG:colcon.colcon_core.package_identification:Package 'src/nodic_launcher' with type 'ros.ament_python' and name 'nodic_launcher'
[0.402s] Level 1:colcon.colcon_core.package_identification:_identify(src/py_publisher_subscriber) by extensions ['ignore', 'ignore_ament_install']
[0.402s] Level 1:colcon.colcon_core.package_identification:_identify(src/py_publisher_subscriber) by extension 'ignore'
[0.402s] Level 1:colcon.colcon_core.package_identification:_identify(src/py_publisher_subscriber) by extension 'ignore_ament_install'
[0.402s] Level 1:colcon.colcon_core.package_identification:_identify(src/py_publisher_subscriber) by extensions ['colcon_pkg']
[0.403s] Level 1:colcon.colcon_core.package_identification:_identify(src/py_publisher_subscriber) by extension 'colcon_pkg'
[0.403s] Level 1:colcon.colcon_core.package_identification:_identify(src/py_publisher_subscriber) by extensions ['colcon_meta']
[0.403s] Level 1:colcon.colcon_core.package_identification:_identify(src/py_publisher_subscriber) by extension 'colcon_meta'
[0.403s] Level 1:colcon.colcon_core.package_identification:_identify(src/py_publisher_subscriber) by extensions ['ros']
[0.403s] Level 1:colcon.colcon_core.package_identification:_identify(src/py_publisher_subscriber) by extension 'ros'
[0.404s] DEBUG:colcon.colcon_core.package_identification:Package 'src/py_publisher_subscriber' with type 'ros.ament_python' and name 'py_publisher_subscriber'
[0.404s] Level 1:colcon.colcon_core.package_identification:_identify(src/py_pubsub) by extensions ['ignore', 'ignore_ament_install']
[0.404s] Level 1:colcon.colcon_core.package_identification:_identify(src/py_pubsub) by extension 'ignore'
[0.404s] Level 1:colcon.colcon_core.package_identification:_identify(src/py_pubsub) by extension 'ignore_ament_install'
[0.405s] Level 1:colcon.colcon_core.package_identification:_identify(src/py_pubsub) by extensions ['colcon_pkg']
[0.405s] Level 1:colcon.colcon_core.package_identification:_identify(src/py_pubsub) by extension 'colcon_pkg'
[0.405s] Level 1:colcon.colcon_core.package_identification:_identify(src/py_pubsub) by extensions ['colcon_meta']
[0.405s] Level 1:colcon.colcon_core.package_identification:_identify(src/py_pubsub) by extension 'colcon_meta'
[0.405s] Level 1:colcon.colcon_core.package_identification:_identify(src/py_pubsub) by extensions ['ros']
[0.405s] Level 1:colcon.colcon_core.package_identification:_identify(src/py_pubsub) by extension 'ros'
[0.406s] DEBUG:colcon.colcon_core.package_identification:Package 'src/py_pubsub' with type 'ros.ament_python' and name 'py_pubsub'
[0.406s] Level 1:colcon.colcon_core.package_identification:_identify(src/py_srvcli) by extensions ['ignore', 'ignore_ament_install']
[0.406s] Level 1:colcon.colcon_core.package_identification:_identify(src/py_srvcli) by extension 'ignore'
[0.406s] Level 1:colcon.colcon_core.package_identification:_identify(src/py_srvcli) by extension 'ignore_ament_install'
[0.406s] Level 1:colcon.colcon_core.package_identification:_identify(src/py_srvcli) by extensions ['colcon_pkg']
[0.406s] Level 1:colcon.colcon_core.package_identification:_identify(src/py_srvcli) by extension 'colcon_pkg'
[0.406s] Level 1:colcon.colcon_core.package_identification:_identify(src/py_srvcli) by extensions ['colcon_meta']
[0.407s] Level 1:colcon.colcon_core.package_identification:_identify(src/py_srvcli) by extension 'colcon_meta'
[0.407s] Level 1:colcon.colcon_core.package_identification:_identify(src/py_srvcli) by extensions ['ros']
[0.407s] Level 1:colcon.colcon_core.package_identification:_identify(src/py_srvcli) by extension 'ros'
[0.408s] DEBUG:colcon.colcon_core.package_identification:Package 'src/py_srvcli' with type 'ros.ament_python' and name 'py_srvcli'
[0.408s] Level 1:colcon.colcon_core.package_identification:_identify(src/python_parameter_event_handler) by extensions ['ignore', 'ignore_ament_install']
[0.408s] Level 1:colcon.colcon_core.package_identification:_identify(src/python_parameter_event_handler) by extension 'ignore'
[0.408s] Level 1:colcon.colcon_core.package_identification:_identify(src/python_parameter_event_handler) by extension 'ignore_ament_install'
[0.408s] Level 1:colcon.colcon_core.package_identification:_identify(src/python_parameter_event_handler) by extensions ['colcon_pkg']
[0.408s] Level 1:colcon.colcon_core.package_identification:_identify(src/python_parameter_event_handler) by extension 'colcon_pkg'
[0.408s] Level 1:colcon.colcon_core.package_identification:_identify(src/python_parameter_event_handler) by extensions ['colcon_meta']
[0.409s] Level 1:colcon.colcon_core.package_identification:_identify(src/python_parameter_event_handler) by extension 'colcon_meta'
[0.409s] Level 1:colcon.colcon_core.package_identification:_identify(src/python_parameter_event_handler) by extensions ['ros']
[0.409s] Level 1:colcon.colcon_core.package_identification:_identify(src/python_parameter_event_handler) by extension 'ros'
[0.410s] DEBUG:colcon.colcon_core.package_identification:Package 'src/python_parameter_event_handler' with type 'ros.ament_python' and name 'python_parameter_event_handler'
[0.410s] Level 1:colcon.colcon_core.package_identification:_identify(src/python_parameters) by extensions ['ignore', 'ignore_ament_install']
[0.410s] Level 1:colcon.colcon_core.package_identification:_identify(src/python_parameters) by extension 'ignore'
[0.410s] Level 1:colcon.colcon_core.package_identification:_identify(src/python_parameters) by extension 'ignore_ament_install'
[0.410s] Level 1:colcon.colcon_core.package_identification:_identify(src/python_parameters) by extensions ['colcon_pkg']
[0.410s] Level 1:colcon.colcon_core.package_identification:_identify(src/python_parameters) by extension 'colcon_pkg'
[0.410s] Level 1:colcon.colcon_core.package_identification:_identify(src/python_parameters) by extensions ['colcon_meta']
[0.410s] Level 1:colcon.colcon_core.package_identification:_identify(src/python_parameters) by extension 'colcon_meta'
[0.410s] Level 1:colcon.colcon_core.package_identification:_identify(src/python_parameters) by extensions ['ros']
[0.411s] Level 1:colcon.colcon_core.package_identification:_identify(src/python_parameters) by extension 'ros'
[0.411s] DEBUG:colcon.colcon_core.package_identification:Package 'src/python_parameters' with type 'ros.ament_python' and name 'python_parameters'
[0.412s] Level 1:colcon.colcon_core.package_identification:_identify(src/ros_tutorials) by extensions ['ignore', 'ignore_ament_install']
[0.412s] Level 1:colcon.colcon_core.package_identification:_identify(src/ros_tutorials) by extension 'ignore'
[0.412s] Level 1:colcon.colcon_core.package_identification:_identify(src/ros_tutorials) by extension 'ignore_ament_install'
[0.412s] Level 1:colcon.colcon_core.package_identification:_identify(src/ros_tutorials) by extensions ['colcon_pkg']
[0.412s] Level 1:colcon.colcon_core.package_identification:_identify(src/ros_tutorials) by extension 'colcon_pkg'
[0.412s] Level 1:colcon.colcon_core.package_identification:_identify(src/ros_tutorials) by extensions ['colcon_meta']
[0.412s] Level 1:colcon.colcon_core.package_identification:_identify(src/ros_tutorials) by extension 'colcon_meta'
[0.412s] Level 1:colcon.colcon_core.package_identification:_identify(src/ros_tutorials) by extensions ['ros']
[0.412s] Level 1:colcon.colcon_core.package_identification:_identify(src/ros_tutorials) by extension 'ros'
[0.412s] Level 1:colcon.colcon_core.package_identification:_identify(src/ros_tutorials) by extensions ['cmake', 'python']
[0.413s] Level 1:colcon.colcon_core.package_identification:_identify(src/ros_tutorials) by extension 'cmake'
[0.413s] Level 1:colcon.colcon_core.package_identification:_identify(src/ros_tutorials) by extension 'python'
[0.413s] Level 1:colcon.colcon_core.package_identification:_identify(src/ros_tutorials) by extensions ['python_setup_py']
[0.413s] Level 1:colcon.colcon_core.package_identification:_identify(src/ros_tutorials) by extension 'python_setup_py'
[0.413s] Level 1:colcon.colcon_core.package_identification:_identify(src/ros_tutorials/turtlesim) by extensions ['ignore', 'ignore_ament_install']
[0.413s] Level 1:colcon.colcon_core.package_identification:_identify(src/ros_tutorials/turtlesim) by extension 'ignore'
[0.413s] Level 1:colcon.colcon_core.package_identification:_identify(src/ros_tutorials/turtlesim) by extension 'ignore_ament_install'
[0.413s] Level 1:colcon.colcon_core.package_identification:_identify(src/ros_tutorials/turtlesim) by extensions ['colcon_pkg']
[0.413s] Level 1:colcon.colcon_core.package_identification:_identify(src/ros_tutorials/turtlesim) by extension 'colcon_pkg'
[0.414s] Level 1:colcon.colcon_core.package_identification:_identify(src/ros_tutorials/turtlesim) by extensions ['colcon_meta']
[0.414s] Level 1:colcon.colcon_core.package_identification:_identify(src/ros_tutorials/turtlesim) by extension 'colcon_meta'
[0.414s] Level 1:colcon.colcon_core.package_identification:_identify(src/ros_tutorials/turtlesim) by extensions ['ros']
[0.414s] Level 1:colcon.colcon_core.package_identification:_identify(src/ros_tutorials/turtlesim) by extension 'ros'
[0.417s] DEBUG:colcon.colcon_core.package_identification:Package 'src/ros_tutorials/turtlesim' with type 'ros.ament_cmake' and name 'turtlesim'
[0.418s] Level 1:colcon.colcon_core.package_identification:_identify(src/tutorial_interfaces) by extensions ['ignore', 'ignore_ament_install']
[0.418s] Level 1:colcon.colcon_core.package_identification:_identify(src/tutorial_interfaces) by extension 'ignore'
[0.418s] Level 1:colcon.colcon_core.package_identification:_identify(src/tutorial_interfaces) by extension 'ignore_ament_install'
[0.418s] Level 1:colcon.colcon_core.package_identification:_identify(src/tutorial_interfaces) by extensions ['colcon_pkg']
[0.418s] Level 1:colcon.colcon_core.package_identification:_identify(src/tutorial_interfaces) by extension 'colcon_pkg'
[0.418s] Level 1:colcon.colcon_core.package_identification:_identify(src/tutorial_interfaces) by extensions ['colcon_meta']
[0.418s] Level 1:colcon.colcon_core.package_identification:_identify(src/tutorial_interfaces) by extension 'colcon_meta'
[0.418s] Level 1:colcon.colcon_core.package_identification:_identify(src/tutorial_interfaces) by extensions ['ros']
[0.418s] Level 1:colcon.colcon_core.package_identification:_identify(src/tutorial_interfaces) by extension 'ros'
[0.419s] DEBUG:colcon.colcon_core.package_identification:Package 'src/tutorial_interfaces' with type 'ros.ament_cmake' and name 'tutorial_interfaces'
[0.419s] Level 1:colcon.colcon_core.package_discovery:discover_packages(recursive) using defaults
[0.420s] Level 1:colcon.colcon_core.package_discovery:discover_packages(ignore) discover
[0.420s] Level 1:colcon.colcon_core.package_discovery:discover_packages(ignore) using defaults
[0.420s] Level 1:colcon.colcon_core.package_discovery:discover_packages(path) discover
[0.420s] Level 1:colcon.colcon_core.package_discovery:discover_packages(path) using defaults
[0.460s] INFO:colcon.colcon_core.package_selection:Skipping not selected package 'custom_action_interfaces' in 'src/custom_action_interfaces'
[0.460s] INFO:colcon.colcon_core.package_selection:Skipping not selected package 'more_interfaces' in 'src/more_interfaces'
[0.460s] INFO:colcon.colcon_core.package_selection:Skipping not selected package 'my_package' in 'src/my_package'
[0.460s] INFO:colcon.colcon_core.package_selection:Skipping not selected package 'python_parameter_event_handler' in 'src/python_parameter_event_handler'
[0.460s] INFO:colcon.colcon_core.package_selection:Skipping not selected package 'python_parameters' in 'src/python_parameters'
[0.460s] INFO:colcon.colcon_core.package_selection:Skipping not selected package 'turtlesim' in 'src/ros_tutorials/turtlesim'
[0.460s] INFO:colcon.colcon_core.package_selection:Skipping not selected package 'tutorial_interfaces' in 'src/tutorial_interfaces'
[0.460s] INFO:colcon.colcon_core.package_selection:Skipping not selected package 'py_publisher_subscriber' in 'src/py_publisher_subscriber'
[0.461s] INFO:colcon.colcon_core.package_selection:Skipping not selected package 'py_pubsub' in 'src/py_pubsub'
[0.461s] INFO:colcon.colcon_core.package_selection:Skipping not selected package 'py_srvcli' in 'src/py_srvcli'
[0.461s] Level 1:colcon.colcon_core.package_discovery:discover_packages(prefix_path) check parameters
[0.461s] Level 1:colcon.colcon_core.package_discovery:discover_packages(prefix_path) discover
[0.467s] DEBUG:colcon.colcon_installed_package_information.package_discovery:Found 11 installed packages in /home/meta/ros2_ws/install
[0.471s] DEBUG:colcon.colcon_installed_package_information.package_discovery:Found 308 installed packages in /opt/ros/jazzy
[0.473s] Level 1:colcon.colcon_core.package_discovery:discover_packages(prefix_path) using defaults
[0.587s] Level 5:colcon.colcon_core.verb:set package 'nodic_launcher' build argument 'cmake_args' from command line to 'None'
[0.587s] Level 5:colcon.colcon_core.verb:set package 'nodic_launcher' build argument 'cmake_target' from command line to 'None'
[0.587s] Level 5:colcon.colcon_core.verb:set package 'nodic_launcher' build argument 'cmake_target_skip_unavailable' from command line to 'False'
[0.587s] Level 5:colcon.colcon_core.verb:set package 'nodic_launcher' build argument 'cmake_clean_cache' from command line to 'False'
[0.587s] Level 5:colcon.colcon_core.verb:set package 'nodic_launcher' build argument 'cmake_clean_first' from command line to 'False'
[0.587s] Level 5:colcon.colcon_core.verb:set package 'nodic_launcher' build argument 'cmake_force_configure' from command line to 'False'
[0.587s] Level 5:colcon.colcon_core.verb:set package 'nodic_launcher' build argument 'ament_cmake_args' from command line to 'None'
[0.587s] Level 5:colcon.colcon_core.verb:set package 'nodic_launcher' build argument 'catkin_cmake_args' from command line to 'None'
[0.587s] Level 5:colcon.colcon_core.verb:set package 'nodic_launcher' build argument 'catkin_skip_building_tests' from command line to 'False'
[0.588s] DEBUG:colcon.colcon_core.verb:Building package 'nodic_launcher' with the following arguments: {'ament_cmake_args': None, 'build_base': '/home/meta/ros2_ws/build/nodic_launcher', 'catkin_cmake_args': None, 'catkin_skip_building_tests': False, 'cmake_args': None, 'cmake_clean_cache': False, 'cmake_clean_first': False, 'cmake_force_configure': False, 'cmake_target': None, 'cmake_target_skip_unavailable': False, 'install_base': '/home/meta/ros2_ws/install/nodic_launcher', 'merge_install': False, 'path': '/home/meta/ros2_ws/src/nodic_launcher', 'symlink_install': False, 'test_result_base': None}
[0.588s] INFO:colcon.colcon_core.executor:Executing jobs using 'parallel' executor
[0.589s] DEBUG:colcon.colcon_parallel_executor.executor.parallel:run_until_complete
[0.590s] INFO:colcon.colcon_ros.task.ament_python.build:Building ROS package in '/home/meta/ros2_ws/src/nodic_launcher' with build type 'ament_python'
[0.590s] Level 1:colcon.colcon_core.shell:create_environment_hook('nodic_launcher', 'ament_prefix_path')
[0.595s] INFO:colcon.colcon_core.plugin_system:Skipping extension 'colcon_core.shell.bat': Not used on non-Windows systems
[0.595s] INFO:colcon.colcon_core.shell:Creating environment hook '/home/meta/ros2_ws/install/nodic_launcher/share/nodic_launcher/hook/ament_prefix_path.ps1'
[0.596s] INFO:colcon.colcon_core.shell:Creating environment descriptor '/home/meta/ros2_ws/install/nodic_launcher/share/nodic_launcher/hook/ament_prefix_path.dsv'
[0.597s] INFO:colcon.colcon_core.shell:Creating environment hook '/home/meta/ros2_ws/install/nodic_launcher/share/nodic_launcher/hook/ament_prefix_path.sh'
[0.598s] INFO:colcon.colcon_core.shell:Skip shell extension 'powershell' for command environment: Not usable outside of PowerShell
[0.598s] DEBUG:colcon.colcon_core.shell:Skip shell extension 'dsv' for command environment
[1.234s] INFO:colcon.colcon_core.task.python.build:Building Python package in '/home/meta/ros2_ws/src/nodic_launcher'
[1.235s] INFO:colcon.colcon_core.shell:Skip shell extension 'powershell' for command environment: Not usable outside of PowerShell
[1.235s] DEBUG:colcon.colcon_core.shell:Skip shell extension 'dsv' for command environment
[2.692s] DEBUG:colcon.colcon_core.event_handler.log_command:Invoking command in '/home/meta/ros2_ws/src/nodic_launcher': DEBUGINFOD_URLS=https://debuginfod.ubuntu.com PYTHONPATH=/home/meta/ros2_ws/build/nodic_launcher/prefix_override:/usr/lib/python3/dist-packages/colcon_core/task/python/colcon_distutils_commands:/home/meta/ros2_ws/install/nodic_launcher/lib/python3.12/site-packages:${PYTHONPATH} /usr/bin/python3 -W ignore:setup.py install is deprecated setup.py egg_info --egg-base ../../build/nodic_launcher build --build-base /home/meta/ros2_ws/build/nodic_launcher/build install --record /home/meta/ros2_ws/build/nodic_launcher/install.log --single-version-externally-managed install_data
[4.006s] DEBUG:colcon.colcon_core.event_handler.log_command:Invoked command in '/home/meta/ros2_ws/src/nodic_launcher' returned '0': DEBUGINFOD_URLS=https://debuginfod.ubuntu.com PYTHONPATH=/home/meta/ros2_ws/build/nodic_launcher/prefix_override:/usr/lib/python3/dist-packages/colcon_core/task/python/colcon_distutils_commands:/home/meta/ros2_ws/install/nodic_launcher/lib/python3.12/site-packages:${PYTHONPATH} /usr/bin/python3 -W ignore:setup.py install is deprecated setup.py egg_info --egg-base ../../build/nodic_launcher build --build-base /home/meta/ros2_ws/build/nodic_launcher/build install --record /home/meta/ros2_ws/build/nodic_launcher/install.log --single-version-externally-managed install_data
[4.010s] Level 1:colcon.colcon_core.environment:checking '/home/meta/ros2_ws/install/nodic_launcher' for CMake module files
[4.010s] Level 1:colcon.colcon_core.environment:checking '/home/meta/ros2_ws/install/nodic_launcher' for CMake config files
[4.012s] Level 1:colcon.colcon_core.environment:checking '/home/meta/ros2_ws/install/nodic_launcher/lib'
[4.012s] Level 1:colcon.colcon_core.environment:checking '/home/meta/ros2_ws/install/nodic_launcher/bin'
[4.012s] Level 1:colcon.colcon_core.environment:checking '/home/meta/ros2_ws/install/nodic_launcher/lib/pkgconfig/nodic_launcher.pc'
[4.012s] Level 1:colcon.colcon_core.environment:checking '/home/meta/ros2_ws/install/nodic_launcher/lib/python3.12/site-packages'
[4.013s] Level 1:colcon.colcon_core.shell:create_environment_hook('nodic_launcher', 'pythonpath')
[4.013s] INFO:colcon.colcon_core.shell:Creating environment hook '/home/meta/ros2_ws/install/nodic_launcher/share/nodic_launcher/hook/pythonpath.ps1'
[4.014s] INFO:colcon.colcon_core.shell:Creating environment descriptor '/home/meta/ros2_ws/install/nodic_launcher/share/nodic_launcher/hook/pythonpath.dsv'
[4.015s] INFO:colcon.colcon_core.shell:Creating environment hook '/home/meta/ros2_ws/install/nodic_launcher/share/nodic_launcher/hook/pythonpath.sh'
[4.017s] Level 1:colcon.colcon_core.environment:checking '/home/meta/ros2_ws/install/nodic_launcher/bin'
[4.017s] Level 1:colcon.colcon_core.environment:create_environment_scripts_only(nodic_launcher)
[4.018s] INFO:colcon.colcon_core.shell:Creating package script '/home/meta/ros2_ws/install/nodic_launcher/share/nodic_launcher/package.ps1'
[4.019s] INFO:colcon.colcon_core.shell:Creating package descriptor '/home/meta/ros2_ws/install/nodic_launcher/share/nodic_launcher/package.dsv'
[4.020s] INFO:colcon.colcon_core.shell:Creating package script '/home/meta/ros2_ws/install/nodic_launcher/share/nodic_launcher/package.sh'
[4.021s] INFO:colcon.colcon_core.shell:Creating package script '/home/meta/ros2_ws/install/nodic_launcher/share/nodic_launcher/package.bash'
[4.024s] INFO:colcon.colcon_core.shell:Creating package script '/home/meta/ros2_ws/install/nodic_launcher/share/nodic_launcher/package.zsh'
[4.025s] Level 1:colcon.colcon_core.environment:create_file_with_runtime_dependencies(/home/meta/ros2_ws/install/nodic_launcher/share/colcon-core/packages/nodic_launcher)
[4.026s] DEBUG:colcon.colcon_parallel_executor.executor.parallel:closing loop
[4.027s] DEBUG:colcon.colcon_parallel_executor.executor.parallel:loop closed
[4.027s] DEBUG:colcon.colcon_parallel_executor.executor.parallel:run_until_complete finished with '0'
[4.027s] DEBUG:colcon.colcon_core.event_reactor:joining thread
[4.040s] INFO:colcon.colcon_core.plugin_system:Skipping extension 'colcon_notification.desktop_notification.terminal_notifier': Not used on non-Darwin systems
[4.040s] INFO:colcon.colcon_core.plugin_system:Skipping extension 'colcon_notification.desktop_notification.win32': Not used on non-Windows systems
[4.041s] INFO:colcon.colcon_notification.desktop_notification:Sending desktop notification using 'notify2'
[4.063s] DEBUG:colcon.colcon_core.event_reactor:joined thread
[4.064s] INFO:colcon.colcon_core.shell:Creating prefix script '/home/meta/ros2_ws/install/local_setup.ps1'
[4.067s] INFO:colcon.colcon_core.shell:Creating prefix util module '/home/meta/ros2_ws/install/_local_setup_util_ps1.py'
[4.072s] INFO:colcon.colcon_core.shell:Creating prefix chain script '/home/meta/ros2_ws/install/setup.ps1'
[4.077s] INFO:colcon.colcon_core.shell:Creating prefix script '/home/meta/ros2_ws/install/local_setup.sh'
[4.078s] INFO:colcon.colcon_core.shell:Creating prefix util module '/home/meta/ros2_ws/install/_local_setup_util_sh.py'
[4.080s] INFO:colcon.colcon_core.shell:Creating prefix chain script '/home/meta/ros2_ws/install/setup.sh'
[4.085s] INFO:colcon.colcon_core.shell:Creating prefix script '/home/meta/ros2_ws/install/local_setup.bash'
[4.086s] INFO:colcon.colcon_core.shell:Creating prefix chain script '/home/meta/ros2_ws/install/setup.bash'
[4.091s] INFO:colcon.colcon_core.shell:Creating prefix script '/home/meta/ros2_ws/install/local_setup.zsh'
[4.091s] INFO:colcon.colcon_core.shell:Creating prefix chain script '/home/meta/ros2_ws/install/setup.zsh'
